--------------- Build Started: 05/22/2020 18:22:30 Project: FIORANI_GARGIULO_IANNUZZI_Project, Configuration: ARM GCC 5.4-2016-q2-update Debug ---------------
cydsfit.exe -.appdatapath "C:\Users\aless\AppData\Local\Cypress Semiconductor\PSoC Creator\4.3" -.fdsnotice -.fdswarpdepfile=warp_dependencies.txt -.fdselabdepfile=elab_dependencies.txt -.fdsbldfile=generated_files.txt -.fdsreffile=referenced_files.txt -p "C:\Users\aless\Documents\PSoC Creator\PsoC_Final_Project_1_03\FIORANI_GARGIULO_IANNUZZI_Project.cydsn\FIORANI_GARGIULO_IANNUZZI_Project.cyprj" -d CY8C5888LTI-LP097 -s "C:\Users\aless\Documents\PSoC Creator\PsoC_Final_Project_1_03\FIORANI_GARGIULO_IANNUZZI_Project.cydsn\Generated_Source\PSoC5" -- -yv2 -q10 -ygs -o2 -v3 -.fftcfgtype=LE
Elaborating Design...
HDL Generation...
Synthesis...
Tech Mapping...
Analog Placement...
Info: apr.M0002: Analog signal "\ADC_DelSig:Net_35\" is connected to one terminal only. (App=cydsfit)
Analog Routing...
Analog Code Generation...
Digital Placement...
Digital Routing...
Bitstream Generation...
Bitstream Verification...
Static timing analysis...
API Generation...
Dependency Generation...
Cleanup...
arm-none-eabi-gcc.exe -mcpu=cortex-m3 -mthumb -I. -IGenerated_Source\PSoC5 -Wa,-alh=.\CortexM3\ARM_GCC_541\Debug/LIS3DH_Registers.lst -g -D DEBUG -D CY_CORE_ID=0 -Wall -ffunction-sections -ffat-lto-objects -Og -c LIS3DH_Registers.c -o .\CortexM3\ARM_GCC_541\Debug\LIS3DH_Registers.o
arm-none-eabi-gcc.exe -mcpu=cortex-m3 -mthumb -I. -IGenerated_Source\PSoC5 -Wa,-alh=.\CortexM3\ARM_GCC_541\Debug/MISO_2.lst -g -D DEBUG -D CY_CORE_ID=0 -Wall -ffunction-sections -ffat-lto-objects -Og -c Generated_Source\PSoC5\MISO_2.c -o .\CortexM3\ARM_GCC_541\Debug\MISO_2.o
arm-none-eabi-gcc.exe -mcpu=cortex-m3 -mthumb -I. -IGenerated_Source\PSoC5 -Wa,-alh=.\CortexM3\ARM_GCC_541\Debug/SPIM_2.lst -g -D DEBUG -D CY_CORE_ID=0 -Wall -ffunction-sections -ffat-lto-objects -Og -c Generated_Source\PSoC5\SPIM_2.c -o .\CortexM3\ARM_GCC_541\Debug\SPIM_2.o
arm-none-eabi-gcc.exe -mcpu=cortex-m3 -mthumb -I. -IGenerated_Source\PSoC5 -Wa,-alh=.\CortexM3\ARM_GCC_541\Debug/SPIM_2_PM.lst -g -D DEBUG -D CY_CORE_ID=0 -Wall -ffunction-sections -ffat-lto-objects -Og -c Generated_Source\PSoC5\SPIM_2_PM.c -o .\CortexM3\ARM_GCC_541\Debug\SPIM_2_PM.o
arm-none-eabi-gcc.exe -mcpu=cortex-m3 -mthumb -I. -IGenerated_Source\PSoC5 -Wa,-alh=.\CortexM3\ARM_GCC_541\Debug/SPIM_2_INT.lst -g -D DEBUG -D CY_CORE_ID=0 -Wall -ffunction-sections -ffat-lto-objects -Og -c Generated_Source\PSoC5\SPIM_2_INT.c -o .\CortexM3\ARM_GCC_541\Debug\SPIM_2_INT.o
arm-none-eabi-gcc.exe -mcpu=cortex-m3 -mthumb -I. -IGenerated_Source\PSoC5 -Wa,-alh=.\CortexM3\ARM_GCC_541\Debug/MOSI_2.lst -g -D DEBUG -D CY_CORE_ID=0 -Wall -ffunction-sections -ffat-lto-objects -Og -c Generated_Source\PSoC5\MOSI_2.c -o .\CortexM3\ARM_GCC_541\Debug\MOSI_2.o
arm-none-eabi-gcc.exe -mcpu=cortex-m3 -mthumb -I. -IGenerated_Source\PSoC5 -Wa,-alh=.\CortexM3\ARM_GCC_541\Debug/SPIM_2_IntClock.lst -g -D DEBUG -D CY_CORE_ID=0 -Wall -ffunction-sections -ffat-lto-objects -Og -c Generated_Source\PSoC5\SPIM_2_IntClock.c -o .\CortexM3\ARM_GCC_541\Debug\SPIM_2_IntClock.o
arm-none-eabi-ar.exe -rs .\CortexM3\ARM_GCC_541\Debug\FIORANI_GARGIULO_IANNUZZI_Project.a .\CortexM3\ARM_GCC_541\Debug\UART.o .\CortexM3\ARM_GCC_541\Debug\UART_PM.o .\CortexM3\ARM_GCC_541\Debug\UART_INT.o .\CortexM3\ARM_GCC_541\Debug\UART_BOOT.o .\CortexM3\ARM_GCC_541\Debug\MISO_1.o .\CortexM3\ARM_GCC_541\Debug\MOSI_1.o .\CortexM3\ARM_GCC_541\Debug\SCLK_1.o .\CortexM3\ARM_GCC_541\Debug\SPIM_1.o .\CortexM3\ARM_GCC_541\Debug\SPIM_1_PM.o .\CortexM3\ARM_GCC_541\Debug\SPIM_1_INT.o .\CortexM3\ARM_GCC_541\Debug\CS_2.o .\CortexM3\ARM_GCC_541\Debug\CS_1.o .\CortexM3\ARM_GCC_541\Debug\isr_MENU.o .\CortexM3\ARM_GCC_541\Debug\Pin_LED.o .\CortexM3\ARM_GCC_541\Debug\Pin_TEMP.o .\CortexM3\ARM_GCC_541\Debug\ADC_DelSig.o .\CortexM3\ARM_GCC_541\Debug\ADC_DelSig_PM.o .\CortexM3\ARM_GCC_541\Debug\ADC_DelSig_INT.o .\CortexM3\ARM_GCC_541\Debug\timer_clock.o .\CortexM3\ARM_GCC_541\Debug\Timer.o .\CortexM3\ARM_GCC_541\Debug\Timer_PM.o .\CortexM3\ARM_GCC_541\Debug\isr_ADC.o .\CortexM3\ARM_GCC_541\Debug\BUTTON.o .\CortexM3\ARM_GCC_541\Debug\PWM_Led.o .\CortexM3\ARM_GCC_541\Debug\PWM_Led_PM.o .\CortexM3\ARM_GCC_541\Debug\Clock_PWM.o .\CortexM3\ARM_GCC_541\Debug\Clock_Button.o .\CortexM3\ARM_GCC_541\Debug\isr_Button.o .\CortexM3\ARM_GCC_541\Debug\SCLK_2.o .\CortexM3\ARM_GCC_541\Debug\UART_IntClock.o .\CortexM3\ARM_GCC_541\Debug\SPIM_1_IntClock.o .\CortexM3\ARM_GCC_541\Debug\ADC_DelSig_AMux.o .\CortexM3\ARM_GCC_541\Debug\ADC_DelSig_Ext_CP_Clk.o .\CortexM3\ARM_GCC_541\Debug\ADC_DelSig_IRQ.o .\CortexM3\ARM_GCC_541\Debug\ADC_DelSig_theACLK.o .\CortexM3\ARM_GCC_541\Debug\CyDmac.o .\CortexM3\ARM_GCC_541\Debug\CyFlash.o .\CortexM3\ARM_GCC_541\Debug\CyLib.o .\CortexM3\ARM_GCC_541\Debug\cyPm.o .\CortexM3\ARM_GCC_541\Debug\CySpc.o .\CortexM3\ARM_GCC_541\Debug\cyutils.o .\CortexM3\ARM_GCC_541\Debug\cy_em_eeprom.o .\CortexM3\ARM_GCC_541\Debug\MISO_2.o .\CortexM3\ARM_GCC_541\Debug\SPIM_2.o .\CortexM3\ARM_GCC_541\Debug\SPIM_2_PM.o .\CortexM3\ARM_GCC_541\Debug\SPIM_2_INT.o .\CortexM3\ARM_GCC_541\Debug\MOSI_2.o .\CortexM3\ARM_GCC_541\Debug\SPIM_2_IntClock.o .\CortexM3\ARM_GCC_541\Debug\CyBootAsmGnu.o
arm-none-eabi-ar.exe: creating .\CortexM3\ARM_GCC_541\Debug\FIORANI_GARGIULO_IANNUZZI_Project.a
arm-none-eabi-gcc.exe -Wl,--start-group -o "C:\Users\aless\Documents\PSoC Creator\PsoC_Final_Project_1_03\FIORANI_GARGIULO_IANNUZZI_Project.cydsn\CortexM3\ARM_GCC_541\Debug\FIORANI_GARGIULO_IANNUZZI_Project.elf" .\CortexM3\ARM_GCC_541\Debug\Menu_Functions.o .\CortexM3\ARM_GCC_541\Debug\InterruptRoutines.o .\CortexM3\ARM_GCC_541\Debug\LIS3DH_Registers.o .\CortexM3\ARM_GCC_541\Debug\SPI_Interface.o .\CortexM3\ARM_GCC_541\Debug\25LC256.o .\CortexM3\ARM_GCC_541\Debug\main.o .\CortexM3\ARM_GCC_541\Debug\cyfitter_cfg.o .\CortexM3\ARM_GCC_541\Debug\cymetadata.o .\CortexM3\ARM_GCC_541\Debug\Cm3Start.o .\CortexM3\ARM_GCC_541\Debug\FIORANI_GARGIULO_IANNUZZI_Project.a "C:\Program Files (x86)\Cypress\PSoC Creator\4.3\PSoC Creator\psoc\content\cycomponentlibrary\CyComponentLibrary.cylib\CortexM3\ARM_GCC_541\Debug\CyComponentLibrary.a" -mcpu=cortex-m3 -mthumb -L Generated_Source\PSoC5 -Wl,-Map,.\CortexM3\ARM_GCC_541\Debug/FIORANI_GARGIULO_IANNUZZI_Project.map -T Generated_Source\PSoC5\cm3gcc.ld -specs=nano.specs -Wl,--gc-sections -g -ffunction-sections -Og -ffat-lto-objects -Wl,--end-group
cyelftool.exe -C "C:\Users\aless\Documents\PSoC Creator\PsoC_Final_Project_1_03\FIORANI_GARGIULO_IANNUZZI_Project.cydsn\CortexM3\ARM_GCC_541\Debug\FIORANI_GARGIULO_IANNUZZI_Project.elf" --flash_row_size 256 --flash_size 262144 --flash_offset 0x00000000
No ELF section .cychecksum found, creating one
Application checksum calculated and stored in ELF section .cychecksum
Checksum calculated and stored in ELF section .cymeta
cyelftool.exe -S "C:\Users\aless\Documents\PSoC Creator\PsoC_Final_Project_1_03\FIORANI_GARGIULO_IANNUZZI_Project.cydsn\CortexM3\ARM_GCC_541\Debug\FIORANI_GARGIULO_IANNUZZI_Project.elf"
Flash used: 7640 of 262144 bytes (2,9%).
SRAM used: 2697 of 65536 bytes (4,1%). Stack: 2048 bytes. Heap: 128 bytes.
--------------- Build Succeeded: 05/22/2020 18:23:00 ---------------
