--------------- Build Started: 06/01/2020 12:25:49 Project: FIORANI_GARGIULO_IANNUZZI_Project, Configuration: ARM GCC 5.4-2016-q2-update Debug ---------------
cydsfit.exe -.appdatapath "C:\Users\simon\AppData\Local\Cypress Semiconductor\PSoC Creator\4.3" -.fdsnotice -.fdswarpdepfile=warp_dependencies.txt -.fdselabdepfile=elab_dependencies.txt -.fdsbldfile=generated_files.txt -.fdsreffile=referenced_files.txt -p C:\Users\simon\Desktop\PsoC_Final_Project_1_03\FIORANI_GARGIULO_IANNUZZI_Project.cydsn\FIORANI_GARGIULO_IANNUZZI_Project.cyprj -d CY8C5888LTI-LP097 -s C:\Users\simon\Desktop\PsoC_Final_Project_1_03\FIORANI_GARGIULO_IANNUZZI_Project.cydsn\Generated_Source\PSoC5 -- -yv2 -q10 -ygs -o2 -v3 -.fftcfgtype=LE
Elaborating Design...
HDL Generation...
Synthesis...
Tech Mapping...
ADD: pft.M0040: information: The following 1 pin(s) will be assigned a location by the fitter: Pin_provatasto(0)
Analog Placement...
Info: apr.M0002: Analog signal "\ADC_DelSig:Net_35\" is connected to one terminal only. (App=cydsfit)
Analog Routing...
Analog Code Generation...
Digital Placement...
Digital Routing...
Bitstream Generation...
Bitstream Verification...
Static timing analysis...
API Generation...
Dependency Generation...
Cleanup...
--------------- Build Succeeded: 06/01/2020 12:26:04 ---------------
