ARM GAS  C:\Users\gaeta\AppData\Local\Temp\ccfO19fW.s 			page 1


   1              		.syntax unified
   2              		.cpu cortex-m3
   3              		.fpu softvfp
   4              		.eabi_attribute 20, 1
   5              		.eabi_attribute 21, 1
   6              		.eabi_attribute 23, 3
   7              		.eabi_attribute 24, 1
   8              		.eabi_attribute 25, 1
   9              		.eabi_attribute 26, 1
  10              		.eabi_attribute 30, 1
  11              		.eabi_attribute 34, 1
  12              		.eabi_attribute 18, 4
  13              		.thumb
  14              		.syntax unified
  15              		.file	"cymetadata.c"
  16              		.text
  17              	.Ltext0:
  18              		.cfi_sections	.debug_frame
  19              		.global	cy_metadata
  20              		.global	cy_meta_flashprotect
  21              		.global	cy_meta_wonvl
  22              		.global	cy_meta_custnvl
  23              		.global	cy_meta_configecc
  24              		.section	.cyconfigecc,"a",%progbits
  25              		.align	2
  26              		.type	cy_meta_configecc, %object
  27              		.size	cy_meta_configecc, 2432
  28              	cy_meta_configecc:
  29 0000 02       		.byte	2
  30 0001 4F       		.byte	79
  31 0002 00       		.byte	0
  32 0003 40       		.byte	64
  33 0004 03       		.byte	3
  34 0005 52       		.byte	82
  35 0006 00       		.byte	0
  36 0007 40       		.byte	64
  37 0008 03       		.byte	3
  38 0009 64       		.byte	100
  39 000a 00       		.byte	0
  40 000b 40       		.byte	64
  41 000c 03       		.byte	3
  42 000d 65       		.byte	101
  43 000e 00       		.byte	0
  44 000f 40       		.byte	64
  45 0010 03       		.byte	3
  46 0011 05       		.byte	5
  47 0012 01       		.byte	1
  48 0013 40       		.byte	64
  49 0014 18       		.byte	24
  50 0015 06       		.byte	6
  51 0016 01       		.byte	1
  52 0017 40       		.byte	64
  53 0018 43       		.byte	67
  54 0019 07       		.byte	7
  55 001a 01       		.byte	1
  56 001b 40       		.byte	64
  57 001c 58       		.byte	88
ARM GAS  C:\Users\gaeta\AppData\Local\Temp\ccfO19fW.s 			page 2


  58 001d 08       		.byte	8
  59 001e 01       		.byte	1
  60 001f 40       		.byte	64
  61 0020 4F       		.byte	79
  62 0021 09       		.byte	9
  63 0022 01       		.byte	1
  64 0023 40       		.byte	64
  65 0024 1F       		.byte	31
  66 0025 0A       		.byte	10
  67 0026 01       		.byte	1
  68 0027 40       		.byte	64
  69 0028 40       		.byte	64
  70 0029 0B       		.byte	11
  71 002a 01       		.byte	1
  72 002b 40       		.byte	64
  73 002c 01       		.byte	1
  74 002d 0D       		.byte	13
  75 002e 01       		.byte	1
  76 002f 40       		.byte	64
  77 0030 07       		.byte	7
  78 0031 15       		.byte	21
  79 0032 01       		.byte	1
  80 0033 40       		.byte	64
  81 0034 60       		.byte	96
  82 0035 16       		.byte	22
  83 0036 01       		.byte	1
  84 0037 40       		.byte	64
  85 0038 4C       		.byte	76
  86 0039 17       		.byte	23
  87 003a 01       		.byte	1
  88 003b 40       		.byte	64
  89 003c 5F       		.byte	95
  90 003d 18       		.byte	24
  91 003e 01       		.byte	1
  92 003f 40       		.byte	64
  93 0040 53       		.byte	83
  94 0041 19       		.byte	25
  95 0042 01       		.byte	1
  96 0043 40       		.byte	64
  97 0044 55       		.byte	85
  98 0045 1A       		.byte	26
  99 0046 01       		.byte	1
 100 0047 40       		.byte	64
 101 0048 57       		.byte	87
 102 0049 1B       		.byte	27
 103 004a 01       		.byte	1
 104 004b 40       		.byte	64
 105 004c 05       		.byte	5
 106 004d 40       		.byte	64
 107 004e 01       		.byte	1
 108 004f 40       		.byte	64
 109 0050 08       		.byte	8
 110 0051 41       		.byte	65
 111 0052 01       		.byte	1
 112 0053 40       		.byte	64
 113 0054 0F       		.byte	15
 114 0055 42       		.byte	66
ARM GAS  C:\Users\gaeta\AppData\Local\Temp\ccfO19fW.s 			page 3


 115 0056 01       		.byte	1
 116 0057 40       		.byte	64
 117 0058 0A       		.byte	10
 118 0059 43       		.byte	67
 119 005a 01       		.byte	1
 120 005b 40       		.byte	64
 121 005c 02       		.byte	2
 122 005d 44       		.byte	68
 123 005e 01       		.byte	1
 124 005f 40       		.byte	64
 125 0060 08       		.byte	8
 126 0061 45       		.byte	69
 127 0062 01       		.byte	1
 128 0063 40       		.byte	64
 129 0064 06       		.byte	6
 130 0065 46       		.byte	70
 131 0066 01       		.byte	1
 132 0067 40       		.byte	64
 133 0068 06       		.byte	6
 134 0069 47       		.byte	71
 135 006a 01       		.byte	1
 136 006b 40       		.byte	64
 137 006c 07       		.byte	7
 138 006d 48       		.byte	72
 139 006e 01       		.byte	1
 140 006f 40       		.byte	64
 141 0070 03       		.byte	3
 142 0071 49       		.byte	73
 143 0072 01       		.byte	1
 144 0073 40       		.byte	64
 145 0074 04       		.byte	4
 146 0075 4C       		.byte	76
 147 0076 01       		.byte	1
 148 0077 40       		.byte	64
 149 0078 0A       		.byte	10
 150 0079 4D       		.byte	77
 151 007a 01       		.byte	1
 152 007b 40       		.byte	64
 153 007c 06       		.byte	6
 154 007d 50       		.byte	80
 155 007e 01       		.byte	1
 156 007f 40       		.byte	64
 157 0080 02       		.byte	2
 158 0081 51       		.byte	81
 159 0082 01       		.byte	1
 160 0083 40       		.byte	64
 161 0084 01       		.byte	1
 162 0085 40       		.byte	64
 163 0086 0A       		.byte	10
 164 0087 4B       		.byte	75
 165 0088 00       		.byte	0
 166 0089 20       		.byte	32
 167 008a 10       		.byte	16
 168 008b 02       		.byte	2
 169 008c 11       		.byte	17
 170 008d 02       		.byte	2
 171 008e 89       		.byte	-119
ARM GAS  C:\Users\gaeta\AppData\Local\Temp\ccfO19fW.s 			page 4


 172 008f 38       		.byte	56
 173 0090 8A       		.byte	-118
 174 0091 0F       		.byte	15
 175 0092 8B       		.byte	-117
 176 0093 0F       		.byte	15
 177 0094 86       		.byte	-122
 178 0095 0F       		.byte	15
 179 0096 88       		.byte	-120
 180 0097 0D       		.byte	13
 181 0098 8A       		.byte	-118
 182 0099 72       		.byte	114
 183 009a 8E       		.byte	-114
 184 009b 01       		.byte	1
 185 009c E2       		.byte	-30
 186 009d 40       		.byte	64
 187 009e E6       		.byte	-26
 188 009f 52       		.byte	82
 189 00a0 84       		.byte	-124
 190 00a1 01       		.byte	1
 191 00a2 87       		.byte	-121
 192 00a3 10       		.byte	16
 193 00a4 8A       		.byte	-118
 194 00a5 01       		.byte	1
 195 00a6 95       		.byte	-107
 196 00a7 0E       		.byte	14
 197 00a8 99       		.byte	-103
 198 00a9 05       		.byte	5
 199 00aa 9B       		.byte	-101
 200 00ab 3A       		.byte	58
 201 00ac A9       		.byte	-87
 202 00ad 23       		.byte	35
 203 00ae AB       		.byte	-85
 204 00af 04       		.byte	4
 205 00b0 AD       		.byte	-83
 206 00b1 04       		.byte	4
 207 00b2 AE       		.byte	-82
 208 00b3 01       		.byte	1
 209 00b4 AF       		.byte	-81
 210 00b5 39       		.byte	57
 211 00b6 B3       		.byte	-77
 212 00b7 0F       		.byte	15
 213 00b8 B5       		.byte	-75
 214 00b9 30       		.byte	48
 215 00ba B6       		.byte	-74
 216 00bb 01       		.byte	1
 217 00bc B9       		.byte	-71
 218 00bd 08       		.byte	8
 219 00be BE       		.byte	-66
 220 00bf 40       		.byte	64
 221 00c0 D4       		.byte	-44
 222 00c1 40       		.byte	64
 223 00c2 D6       		.byte	-42
 224 00c3 04       		.byte	4
 225 00c4 D8       		.byte	-40
 226 00c5 04       		.byte	4
 227 00c6 D9       		.byte	-39
 228 00c7 04       		.byte	4
ARM GAS  C:\Users\gaeta\AppData\Local\Temp\ccfO19fW.s 			page 5


 229 00c8 DB       		.byte	-37
 230 00c9 04       		.byte	4
 231 00ca DC       		.byte	-36
 232 00cb 10       		.byte	16
 233 00cc DD       		.byte	-35
 234 00cd 20       		.byte	32
 235 00ce DF       		.byte	-33
 236 00cf 01       		.byte	1
 237 00d0 01       		.byte	1
 238 00d1 28       		.byte	40
 239 00d2 03       		.byte	3
 240 00d3 10       		.byte	16
 241 00d4 04       		.byte	4
 242 00d5 20       		.byte	32
 243 00d6 07       		.byte	7
 244 00d7 40       		.byte	64
 245 00d8 0C       		.byte	12
 246 00d9 08       		.byte	8
 247 00da 0D       		.byte	13
 248 00db 20       		.byte	32
 249 00dc 0E       		.byte	14
 250 00dd 40       		.byte	64
 251 00de 10       		.byte	16
 252 00df 03       		.byte	3
 253 00e0 15       		.byte	21
 254 00e1 10       		.byte	16
 255 00e2 16       		.byte	22
 256 00e3 82       		.byte	-126
 257 00e4 17       		.byte	23
 258 00e5 04       		.byte	4
 259 00e6 19       		.byte	25
 260 00e7 80       		.byte	-128
 261 00e8 1D       		.byte	29
 262 00e9 03       		.byte	3
 263 00ea 1F       		.byte	31
 264 00eb 20       		.byte	32
 265 00ec 20       		.byte	32
 266 00ed 04       		.byte	4
 267 00ee 22       		.byte	34
 268 00ef 04       		.byte	4
 269 00f0 26       		.byte	38
 270 00f1 54       		.byte	84
 271 00f2 28       		.byte	40
 272 00f3 01       		.byte	1
 273 00f4 29       		.byte	41
 274 00f5 20       		.byte	32
 275 00f6 2D       		.byte	45
 276 00f7 10       		.byte	16
 277 00f8 2F       		.byte	47
 278 00f9 0A       		.byte	10
 279 00fa 32       		.byte	50
 280 00fb 04       		.byte	4
 281 00fc 33       		.byte	51
 282 00fd 10       		.byte	16
 283 00fe 35       		.byte	53
 284 00ff 01       		.byte	1
 285 0100 36       		.byte	54
ARM GAS  C:\Users\gaeta\AppData\Local\Temp\ccfO19fW.s 			page 6


 286 0101 18       		.byte	24
 287 0102 37       		.byte	55
 288 0103 04       		.byte	4
 289 0104 38       		.byte	56
 290 0105 04       		.byte	4
 291 0106 44       		.byte	68
 292 0107 08       		.byte	8
 293 0108 45       		.byte	69
 294 0109 02       		.byte	2
 295 010a 46       		.byte	70
 296 010b 80       		.byte	-128
 297 010c 47       		.byte	71
 298 010d 08       		.byte	8
 299 010e 4D       		.byte	77
 300 010f 05       		.byte	5
 301 0110 4E       		.byte	78
 302 0111 08       		.byte	8
 303 0112 4F       		.byte	79
 304 0113 42       		.byte	66
 305 0114 55       		.byte	85
 306 0115 20       		.byte	32
 307 0116 57       		.byte	87
 308 0117 06       		.byte	6
 309 0118 5C       		.byte	92
 310 0119 40       		.byte	64
 311 011a 5D       		.byte	93
 312 011b 04       		.byte	4
 313 011c 5E       		.byte	94
 314 011d 01       		.byte	1
 315 011e 5F       		.byte	95
 316 011f 10       		.byte	16
 317 0120 62       		.byte	98
 318 0121 01       		.byte	1
 319 0122 63       		.byte	99
 320 0123 2A       		.byte	42
 321 0124 64       		.byte	100
 322 0125 02       		.byte	2
 323 0126 67       		.byte	103
 324 0127 80       		.byte	-128
 325 0128 78       		.byte	120
 326 0129 02       		.byte	2
 327 012a 7A       		.byte	122
 328 012b 40       		.byte	64
 329 012c 86       		.byte	-122
 330 012d 10       		.byte	16
 331 012e 87       		.byte	-121
 332 012f 40       		.byte	64
 333 0130 8B       		.byte	-117
 334 0131 48       		.byte	72
 335 0132 8C       		.byte	-116
 336 0133 0C       		.byte	12
 337 0134 9E       		.byte	-98
 338 0135 01       		.byte	1
 339 0136 A0       		.byte	-96
 340 0137 02       		.byte	2
 341 0138 A8       		.byte	-88
 342 0139 02       		.byte	2
ARM GAS  C:\Users\gaeta\AppData\Local\Temp\ccfO19fW.s 			page 7


 343 013a C0       		.byte	-64
 344 013b 56       		.byte	86
 345 013c C2       		.byte	-62
 346 013d 70       		.byte	112
 347 013e C4       		.byte	-60
 348 013f F1       		.byte	-15
 349 0140 CA       		.byte	-54
 350 0141 3C       		.byte	60
 351 0142 CC       		.byte	-52
 352 0143 E6       		.byte	-26
 353 0144 CE       		.byte	-50
 354 0145 02       		.byte	2
 355 0146 D0       		.byte	-48
 356 0147 E0       		.byte	-32
 357 0148 D2       		.byte	-46
 358 0149 30       		.byte	48
 359 014a D6       		.byte	-42
 360 014b F0       		.byte	-16
 361 014c D8       		.byte	-40
 362 014d 9F       		.byte	-97
 363 014e E2       		.byte	-30
 364 014f 01       		.byte	1
 365 0150 E4       		.byte	-28
 366 0151 10       		.byte	16
 367 0152 E6       		.byte	-26
 368 0153 40       		.byte	64
 369 0154 EA       		.byte	-22
 370 0155 04       		.byte	4
 371 0156 00       		.byte	0
 372 0157 0C       		.byte	12
 373 0158 02       		.byte	2
 374 0159 71       		.byte	113
 375 015a 03       		.byte	3
 376 015b 13       		.byte	19
 377 015c 04       		.byte	4
 378 015d 10       		.byte	16
 379 015e 06       		.byte	6
 380 015f 40       		.byte	64
 381 0160 07       		.byte	7
 382 0161 0C       		.byte	12
 383 0162 09       		.byte	9
 384 0163 31       		.byte	49
 385 0164 0A       		.byte	10
 386 0165 03       		.byte	3
 387 0166 0B       		.byte	11
 388 0167 06       		.byte	6
 389 0168 0C       		.byte	12
 390 0169 14       		.byte	20
 391 016a 14       		.byte	20
 392 016b 10       		.byte	16
 393 016c 15       		.byte	21
 394 016d 2C       		.byte	44
 395 016e 16       		.byte	22
 396 016f AC       		.byte	-84
 397 0170 17       		.byte	23
 398 0171 03       		.byte	3
 399 0172 1E       		.byte	30
ARM GAS  C:\Users\gaeta\AppData\Local\Temp\ccfO19fW.s 			page 8


 400 0173 20       		.byte	32
 401 0174 21       		.byte	33
 402 0175 31       		.byte	49
 403 0176 23       		.byte	35
 404 0177 0E       		.byte	14
 405 0178 24       		.byte	36
 406 0179 DC       		.byte	-36
 407 017a 26       		.byte	38
 408 017b 22       		.byte	34
 409 017c 27       		.byte	39
 410 017d 08       		.byte	8
 411 017e 28       		.byte	40
 412 017f 09       		.byte	9
 413 0180 2A       		.byte	42
 414 0181 D0       		.byte	-48
 415 0182 33       		.byte	51
 416 0183 30       		.byte	48
 417 0184 34       		.byte	52
 418 0185 1F       		.byte	31
 419 0186 35       		.byte	53
 420 0187 0F       		.byte	15
 421 0188 36       		.byte	54
 422 0189 E0       		.byte	-32
 423 018a 39       		.byte	57
 424 018b 08       		.byte	8
 425 018c 3A       		.byte	58
 426 018d 80       		.byte	-128
 427 018e 3B       		.byte	59
 428 018f 20       		.byte	32
 429 0190 3F       		.byte	63
 430 0191 04       		.byte	4
 431 0192 40       		.byte	64
 432 0193 02       		.byte	2
 433 0194 46       		.byte	70
 434 0195 40       		.byte	64
 435 0196 49       		.byte	73
 436 0197 FF       		.byte	-1
 437 0198 4A       		.byte	74
 438 0199 07       		.byte	7
 439 019a 4B       		.byte	75
 440 019b FF       		.byte	-1
 441 019c 4C       		.byte	76
 442 019d 40       		.byte	64
 443 019e 4D       		.byte	77
 444 019f 20       		.byte	32
 445 01a0 4E       		.byte	78
 446 01a1 F0       		.byte	-16
 447 01a2 4F       		.byte	79
 448 01a3 05       		.byte	5
 449 01a4 50       		.byte	80
 450 01a5 08       		.byte	8
 451 01a6 54       		.byte	84
 452 01a7 09       		.byte	9
 453 01a8 56       		.byte	86
 454 01a9 04       		.byte	4
 455 01aa 58       		.byte	88
 456 01ab 04       		.byte	4
ARM GAS  C:\Users\gaeta\AppData\Local\Temp\ccfO19fW.s 			page 9


 457 01ac 59       		.byte	89
 458 01ad 04       		.byte	4
 459 01ae 5A       		.byte	90
 460 01af 04       		.byte	4
 461 01b0 5B       		.byte	91
 462 01b1 04       		.byte	4
 463 01b2 5C       		.byte	92
 464 01b3 33       		.byte	51
 465 01b4 5D       		.byte	93
 466 01b5 13       		.byte	19
 467 01b6 5F       		.byte	95
 468 01b7 01       		.byte	1
 469 01b8 60       		.byte	96
 470 01b9 40       		.byte	64
 471 01ba 61       		.byte	97
 472 01bb A8       		.byte	-88
 473 01bc 62       		.byte	98
 474 01bd 40       		.byte	64
 475 01be 63       		.byte	99
 476 01bf 20       		.byte	32
 477 01c0 87       		.byte	-121
 478 01c1 08       		.byte	8
 479 01c2 88       		.byte	-120
 480 01c3 02       		.byte	2
 481 01c4 89       		.byte	-119
 482 01c5 03       		.byte	3
 483 01c6 8B       		.byte	-117
 484 01c7 14       		.byte	20
 485 01c8 8D       		.byte	-115
 486 01c9 33       		.byte	51
 487 01ca 8F       		.byte	-113
 488 01cb 04       		.byte	4
 489 01cc 90       		.byte	-112
 490 01cd 02       		.byte	2
 491 01ce 95       		.byte	-107
 492 01cf 33       		.byte	51
 493 01d0 97       		.byte	-105
 494 01d1 0C       		.byte	12
 495 01d2 99       		.byte	-103
 496 01d3 0A       		.byte	10
 497 01d4 9B       		.byte	-101
 498 01d5 34       		.byte	52
 499 01d6 9F       		.byte	-97
 500 01d7 80       		.byte	-128
 501 01d8 A4       		.byte	-92
 502 01d9 02       		.byte	2
 503 01da A7       		.byte	-89
 504 01db 80       		.byte	-128
 505 01dc A8       		.byte	-88
 506 01dd 01       		.byte	1
 507 01de AD       		.byte	-83
 508 01df 40       		.byte	64
 509 01e0 AF       		.byte	-81
 510 01e1 15       		.byte	21
 511 01e2 B1       		.byte	-79
 512 01e3 10       		.byte	16
 513 01e4 B2       		.byte	-78
ARM GAS  C:\Users\gaeta\AppData\Local\Temp\ccfO19fW.s 			page 10


 514 01e5 01       		.byte	1
 515 01e6 B3       		.byte	-77
 516 01e7 0F       		.byte	15
 517 01e8 B5       		.byte	-75
 518 01e9 60       		.byte	96
 519 01ea B6       		.byte	-74
 520 01eb 02       		.byte	2
 521 01ec B7       		.byte	-73
 522 01ed 80       		.byte	-128
 523 01ee B9       		.byte	-71
 524 01ef 20       		.byte	32
 525 01f0 BB       		.byte	-69
 526 01f1 08       		.byte	8
 527 01f2 BE       		.byte	-66
 528 01f3 04       		.byte	4
 529 01f4 BF       		.byte	-65
 530 01f5 41       		.byte	65
 531 01f6 D4       		.byte	-44
 532 01f7 18       		.byte	24
 533 01f8 D6       		.byte	-42
 534 01f9 04       		.byte	4
 535 01fa D8       		.byte	-40
 536 01fb 04       		.byte	4
 537 01fc D9       		.byte	-39
 538 01fd 04       		.byte	4
 539 01fe DB       		.byte	-37
 540 01ff 04       		.byte	4
 541 0200 DC       		.byte	-36
 542 0201 33       		.byte	51
 543 0202 DD       		.byte	-35
 544 0203 30       		.byte	48
 545 0204 DF       		.byte	-33
 546 0205 01       		.byte	1
 547 0206 03       		.byte	3
 548 0207 04       		.byte	4
 549 0208 04       		.byte	4
 550 0209 80       		.byte	-128
 551 020a 05       		.byte	5
 552 020b 10       		.byte	16
 553 020c 06       		.byte	6
 554 020d 50       		.byte	80
 555 020e 0A       		.byte	10
 556 020f 80       		.byte	-128
 557 0210 0F       		.byte	15
 558 0211 12       		.byte	18
 559 0212 11       		.byte	17
 560 0213 04       		.byte	4
 561 0214 12       		.byte	18
 562 0215 04       		.byte	4
 563 0216 16       		.byte	22
 564 0217 08       		.byte	8
 565 0218 17       		.byte	23
 566 0219 08       		.byte	8
 567 021a 19       		.byte	25
 568 021b 84       		.byte	-124
 569 021c 1D       		.byte	29
 570 021d 10       		.byte	16
ARM GAS  C:\Users\gaeta\AppData\Local\Temp\ccfO19fW.s 			page 11


 571 021e 1F       		.byte	31
 572 021f 40       		.byte	64
 573 0220 20       		.byte	32
 574 0221 08       		.byte	8
 575 0222 21       		.byte	33
 576 0223 08       		.byte	8
 577 0224 22       		.byte	34
 578 0225 80       		.byte	-128
 579 0226 23       		.byte	35
 580 0227 90       		.byte	-112
 581 0228 25       		.byte	37
 582 0229 20       		.byte	32
 583 022a 27       		.byte	39
 584 022b 28       		.byte	40
 585 022c 29       		.byte	41
 586 022d 08       		.byte	8
 587 022e 2A       		.byte	42
 588 022f 80       		.byte	-128
 589 0230 2B       		.byte	43
 590 0231 01       		.byte	1
 591 0232 2F       		.byte	47
 592 0233 60       		.byte	96
 593 0234 30       		.byte	48
 594 0235 80       		.byte	-128
 595 0236 31       		.byte	49
 596 0237 28       		.byte	40
 597 0238 37       		.byte	55
 598 0239 08       		.byte	8
 599 023a 39       		.byte	57
 600 023b 20       		.byte	32
 601 023c 3A       		.byte	58
 602 023d 48       		.byte	72
 603 023e 3B       		.byte	59
 604 023f 80       		.byte	-128
 605 0240 3C       		.byte	60
 606 0241 08       		.byte	8
 607 0242 3E       		.byte	62
 608 0243 08       		.byte	8
 609 0244 3F       		.byte	63
 610 0245 12       		.byte	18
 611 0246 47       		.byte	71
 612 0247 20       		.byte	32
 613 0248 4F       		.byte	79
 614 0249 02       		.byte	2
 615 024a 56       		.byte	86
 616 024b 10       		.byte	16
 617 024c 57       		.byte	87
 618 024d 20       		.byte	32
 619 024e 5A       		.byte	90
 620 024f 02       		.byte	2
 621 0250 5E       		.byte	94
 622 0251 62       		.byte	98
 623 0252 5F       		.byte	95
 624 0253 04       		.byte	4
 625 0254 60       		.byte	96
 626 0255 04       		.byte	4
 627 0256 62       		.byte	98
ARM GAS  C:\Users\gaeta\AppData\Local\Temp\ccfO19fW.s 			page 12


 628 0257 82       		.byte	-126
 629 0258 64       		.byte	100
 630 0259 80       		.byte	-128
 631 025a 67       		.byte	103
 632 025b 02       		.byte	2
 633 025c 7A       		.byte	122
 634 025d 10       		.byte	16
 635 025e 7B       		.byte	123
 636 025f 10       		.byte	16
 637 0260 82       		.byte	-126
 638 0261 02       		.byte	2
 639 0262 90       		.byte	-112
 640 0263 A8       		.byte	-88
 641 0264 91       		.byte	-111
 642 0265 20       		.byte	32
 643 0266 92       		.byte	-110
 644 0267 05       		.byte	5
 645 0268 93       		.byte	-109
 646 0269 06       		.byte	6
 647 026a 97       		.byte	-105
 648 026b 80       		.byte	-128
 649 026c 98       		.byte	-104
 650 026d 04       		.byte	4
 651 026e 9A       		.byte	-102
 652 026f 04       		.byte	4
 653 0270 9B       		.byte	-101
 654 0271 13       		.byte	19
 655 0272 9C       		.byte	-100
 656 0273 50       		.byte	80
 657 0274 9D       		.byte	-99
 658 0275 04       		.byte	4
 659 0276 9E       		.byte	-98
 660 0277 80       		.byte	-128
 661 0278 9F       		.byte	-97
 662 0279 80       		.byte	-128
 663 027a A0       		.byte	-96
 664 027b 40       		.byte	64
 665 027c A1       		.byte	-95
 666 027d 10       		.byte	16
 667 027e A2       		.byte	-94
 668 027f 01       		.byte	1
 669 0280 A3       		.byte	-93
 670 0281 12       		.byte	18
 671 0282 A5       		.byte	-91
 672 0283 08       		.byte	8
 673 0284 A6       		.byte	-90
 674 0285 40       		.byte	64
 675 0286 AA       		.byte	-86
 676 0287 08       		.byte	8
 677 0288 AC       		.byte	-84
 678 0289 84       		.byte	-124
 679 028a B1       		.byte	-79
 680 028b 10       		.byte	16
 681 028c B3       		.byte	-77
 682 028d 20       		.byte	32
 683 028e C0       		.byte	-64
 684 028f F2       		.byte	-14
ARM GAS  C:\Users\gaeta\AppData\Local\Temp\ccfO19fW.s 			page 13


 685 0290 C2       		.byte	-62
 686 0291 A8       		.byte	-88
 687 0292 C4       		.byte	-60
 688 0293 66       		.byte	102
 689 0294 CA       		.byte	-54
 690 0295 CA       		.byte	-54
 691 0296 CC       		.byte	-52
 692 0297 4E       		.byte	78
 693 0298 CE       		.byte	-50
 694 0299 EE       		.byte	-18
 695 029a D0       		.byte	-48
 696 029b 20       		.byte	32
 697 029c D6       		.byte	-42
 698 029d F1       		.byte	-15
 699 029e D8       		.byte	-40
 700 029f 9D       		.byte	-99
 701 02a0 E2       		.byte	-30
 702 02a1 40       		.byte	64
 703 02a2 E4       		.byte	-28
 704 02a3 10       		.byte	16
 705 02a4 03       		.byte	3
 706 02a5 02       		.byte	2
 707 02a6 17       		.byte	23
 708 02a7 04       		.byte	4
 709 02a8 19       		.byte	25
 710 02a9 04       		.byte	4
 711 02aa 1B       		.byte	27
 712 02ab 01       		.byte	1
 713 02ac 33       		.byte	51
 714 02ad 01       		.byte	1
 715 02ae 35       		.byte	53
 716 02af 02       		.byte	2
 717 02b0 37       		.byte	55
 718 02b1 04       		.byte	4
 719 02b2 39       		.byte	57
 720 02b3 02       		.byte	2
 721 02b4 3F       		.byte	63
 722 02b5 01       		.byte	1
 723 02b6 40       		.byte	64
 724 02b7 34       		.byte	52
 725 02b8 41       		.byte	65
 726 02b9 05       		.byte	5
 727 02ba 45       		.byte	69
 728 02bb E0       		.byte	-32
 729 02bc 46       		.byte	70
 730 02bd CB       		.byte	-53
 731 02be 47       		.byte	71
 732 02bf 0E       		.byte	14
 733 02c0 48       		.byte	72
 734 02c1 1E       		.byte	30
 735 02c2 49       		.byte	73
 736 02c3 FF       		.byte	-1
 737 02c4 4A       		.byte	74
 738 02c5 FF       		.byte	-1
 739 02c6 4B       		.byte	75
 740 02c7 FF       		.byte	-1
 741 02c8 4E       		.byte	78
ARM GAS  C:\Users\gaeta\AppData\Local\Temp\ccfO19fW.s 			page 14


 742 02c9 F0       		.byte	-16
 743 02ca 4F       		.byte	79
 744 02cb 44       		.byte	68
 745 02cc 50       		.byte	80
 746 02cd 0C       		.byte	12
 747 02ce 54       		.byte	84
 748 02cf 01       		.byte	1
 749 02d0 59       		.byte	89
 750 02d1 04       		.byte	4
 751 02d2 5A       		.byte	90
 752 02d3 04       		.byte	4
 753 02d4 5B       		.byte	91
 754 02d5 04       		.byte	4
 755 02d6 5C       		.byte	92
 756 02d7 60       		.byte	96
 757 02d8 5D       		.byte	93
 758 02d9 33       		.byte	51
 759 02da 5F       		.byte	95
 760 02db 01       		.byte	1
 761 02dc 66       		.byte	102
 762 02dd C0       		.byte	-64
 763 02de 6A       		.byte	106
 764 02df 40       		.byte	64
 765 02e0 6B       		.byte	107
 766 02e1 02       		.byte	2
 767 02e2 04       		.byte	4
 768 02e3 28       		.byte	40
 769 02e4 07       		.byte	7
 770 02e5 42       		.byte	66
 771 02e6 0C       		.byte	12
 772 02e7 40       		.byte	64
 773 02e8 0E       		.byte	14
 774 02e9 90       		.byte	-112
 775 02ea 0F       		.byte	15
 776 02eb 08       		.byte	8
 777 02ec 14       		.byte	20
 778 02ed 10       		.byte	16
 779 02ee 17       		.byte	23
 780 02ef 11       		.byte	17
 781 02f0 1E       		.byte	30
 782 02f1 12       		.byte	18
 783 02f2 1F       		.byte	31
 784 02f3 01       		.byte	1
 785 02f4 21       		.byte	33
 786 02f5 21       		.byte	33
 787 02f6 22       		.byte	34
 788 02f7 84       		.byte	-124
 789 02f8 24       		.byte	36
 790 02f9 20       		.byte	32
 791 02fa 26       		.byte	38
 792 02fb 18       		.byte	24
 793 02fc 2C       		.byte	44
 794 02fd 10       		.byte	16
 795 02fe 31       		.byte	49
 796 02ff 20       		.byte	32
 797 0300 32       		.byte	50
 798 0301 04       		.byte	4
ARM GAS  C:\Users\gaeta\AppData\Local\Temp\ccfO19fW.s 			page 15


 799 0302 36       		.byte	54
 800 0303 1B       		.byte	27
 801 0304 3B       		.byte	59
 802 0305 01       		.byte	1
 803 0306 3D       		.byte	61
 804 0307 02       		.byte	2
 805 0308 3F       		.byte	63
 806 0309 20       		.byte	32
 807 030a 41       		.byte	65
 808 030b 08       		.byte	8
 809 030c 42       		.byte	66
 810 030d 80       		.byte	-128
 811 030e 44       		.byte	68
 812 030f 58       		.byte	88
 813 0310 45       		.byte	69
 814 0311 01       		.byte	1
 815 0312 49       		.byte	73
 816 0313 01       		.byte	1
 817 0314 4B       		.byte	75
 818 0315 80       		.byte	-128
 819 0316 4C       		.byte	76
 820 0317 80       		.byte	-128
 821 0318 4E       		.byte	78
 822 0319 0A       		.byte	10
 823 031a 4F       		.byte	79
 824 031b 04       		.byte	4
 825 031c 50       		.byte	80
 826 031d 40       		.byte	64
 827 031e 51       		.byte	81
 828 031f 10       		.byte	16
 829 0320 52       		.byte	82
 830 0321 04       		.byte	4
 831 0322 57       		.byte	87
 832 0323 16       		.byte	22
 833 0324 59       		.byte	89
 834 0325 05       		.byte	5
 835 0326 5B       		.byte	91
 836 0327 A0       		.byte	-96
 837 0328 5D       		.byte	93
 838 0329 20       		.byte	32
 839 032a 5E       		.byte	94
 840 032b 20       		.byte	32
 841 032c 65       		.byte	101
 842 032d 20       		.byte	32
 843 032e 6C       		.byte	108
 844 032f 04       		.byte	4
 845 0330 6D       		.byte	109
 846 0331 20       		.byte	32
 847 0332 6E       		.byte	110
 848 0333 05       		.byte	5
 849 0334 6F       		.byte	111
 850 0335 51       		.byte	81
 851 0336 74       		.byte	116
 852 0337 40       		.byte	64
 853 0338 77       		.byte	119
 854 0339 02       		.byte	2
 855 033a 85       		.byte	-123
ARM GAS  C:\Users\gaeta\AppData\Local\Temp\ccfO19fW.s 			page 16


 856 033b 01       		.byte	1
 857 033c 8E       		.byte	-114
 858 033d 90       		.byte	-112
 859 033e 93       		.byte	-109
 860 033f 01       		.byte	1
 861 0340 95       		.byte	-107
 862 0341 02       		.byte	2
 863 0342 98       		.byte	-104
 864 0343 08       		.byte	8
 865 0344 AB       		.byte	-85
 866 0345 01       		.byte	1
 867 0346 B4       		.byte	-76
 868 0347 08       		.byte	8
 869 0348 C0       		.byte	-64
 870 0349 F0       		.byte	-16
 871 034a C2       		.byte	-62
 872 034b F0       		.byte	-16
 873 034c C4       		.byte	-60
 874 034d 70       		.byte	112
 875 034e CA       		.byte	-54
 876 034f 40       		.byte	64
 877 0350 CC       		.byte	-52
 878 0351 66       		.byte	102
 879 0352 CE       		.byte	-50
 880 0353 A1       		.byte	-95
 881 0354 D0       		.byte	-48
 882 0355 E3       		.byte	-29
 883 0356 D2       		.byte	-46
 884 0357 38       		.byte	56
 885 0358 D6       		.byte	-42
 886 0359 0F       		.byte	15
 887 035a D8       		.byte	-40
 888 035b 20       		.byte	32
 889 035c E2       		.byte	-30
 890 035d 40       		.byte	64
 891 035e E6       		.byte	-26
 892 035f 10       		.byte	16
 893 0360 EA       		.byte	-22
 894 0361 01       		.byte	1
 895 0362 89       		.byte	-119
 896 0363 01       		.byte	1
 897 0364 85       		.byte	-123
 898 0365 40       		.byte	64
 899 0366 9D       		.byte	-99
 900 0367 40       		.byte	64
 901 0368 A9       		.byte	-87
 902 0369 84       		.byte	-124
 903 036a AD       		.byte	-83
 904 036b 20       		.byte	32
 905 036c B6       		.byte	-74
 906 036d 20       		.byte	32
 907 036e E6       		.byte	-26
 908 036f 0C       		.byte	12
 909 0370 EE       		.byte	-18
 910 0371 02       		.byte	2
 911 0372 00       		.byte	0
 912 0373 70       		.byte	112
ARM GAS  C:\Users\gaeta\AppData\Local\Temp\ccfO19fW.s 			page 17


 913 0374 04       		.byte	4
 914 0375 21       		.byte	33
 915 0376 05       		.byte	5
 916 0377 19       		.byte	25
 917 0378 06       		.byte	6
 918 0379 5A       		.byte	90
 919 037a 08       		.byte	8
 920 037b 02       		.byte	2
 921 037c 0A       		.byte	10
 922 037d 1D       		.byte	29
 923 037e 0C       		.byte	12
 924 037f 70       		.byte	112
 925 0380 0D       		.byte	13
 926 0381 08       		.byte	8
 927 0382 0F       		.byte	15
 928 0383 11       		.byte	17
 929 0384 10       		.byte	16
 930 0385 20       		.byte	32
 931 0386 12       		.byte	18
 932 0387 50       		.byte	80
 933 0388 14       		.byte	20
 934 0389 63       		.byte	99
 935 038a 15       		.byte	21
 936 038b 11       		.byte	17
 937 038c 16       		.byte	22
 938 038d 0C       		.byte	12
 939 038e 17       		.byte	23
 940 038f 08       		.byte	8
 941 0390 18       		.byte	24
 942 0391 20       		.byte	32
 943 0392 19       		.byte	25
 944 0393 0E       		.byte	14
 945 0394 1B       		.byte	27
 946 0395 01       		.byte	1
 947 0396 1D       		.byte	29
 948 0397 19       		.byte	25
 949 0398 20       		.byte	32
 950 0399 03       		.byte	3
 951 039a 21       		.byte	33
 952 039b 04       		.byte	4
 953 039c 22       		.byte	34
 954 039d 74       		.byte	116
 955 039e 23       		.byte	35
 956 039f 09       		.byte	9
 957 03a0 24       		.byte	36
 958 03a1 50       		.byte	80
 959 03a2 25       		.byte	37
 960 03a3 08       		.byte	8
 961 03a4 26       		.byte	38
 962 03a5 20       		.byte	32
 963 03a6 27       		.byte	39
 964 03a7 04       		.byte	4
 965 03a8 28       		.byte	40
 966 03a9 70       		.byte	112
 967 03aa 29       		.byte	41
 968 03ab 01       		.byte	1
 969 03ac 2B       		.byte	43
ARM GAS  C:\Users\gaeta\AppData\Local\Temp\ccfO19fW.s 			page 18


 970 03ad 02       		.byte	2
 971 03ae 2D       		.byte	45
 972 03af 19       		.byte	25
 973 03b0 32       		.byte	50
 974 03b1 60       		.byte	96
 975 03b2 33       		.byte	51
 976 03b3 0F       		.byte	15
 977 03b4 34       		.byte	52
 978 03b5 1F       		.byte	31
 979 03b6 35       		.byte	53
 980 03b7 10       		.byte	16
 981 03b8 3A       		.byte	58
 982 03b9 20       		.byte	32
 983 03ba 3B       		.byte	59
 984 03bb 0C       		.byte	12
 985 03bc 3F       		.byte	63
 986 03bd 10       		.byte	16
 987 03be 56       		.byte	86
 988 03bf 02       		.byte	2
 989 03c0 57       		.byte	87
 990 03c1 28       		.byte	40
 991 03c2 58       		.byte	88
 992 03c3 04       		.byte	4
 993 03c4 59       		.byte	89
 994 03c5 04       		.byte	4
 995 03c6 5B       		.byte	91
 996 03c7 04       		.byte	4
 997 03c8 5C       		.byte	92
 998 03c9 22       		.byte	34
 999 03ca 5D       		.byte	93
 1000 03cb 20       		.byte	32
 1001 03cc 5F       		.byte	95
 1002 03cd 01       		.byte	1
 1003 03ce 80       		.byte	-128
 1004 03cf 02       		.byte	2
 1005 03d0 82       		.byte	-126
 1006 03d1 0D       		.byte	13
 1007 03d2 88       		.byte	-120
 1008 03d3 02       		.byte	2
 1009 03d4 8A       		.byte	-118
 1010 03d5 18       		.byte	24
 1011 03d6 8C       		.byte	-116
 1012 03d7 60       		.byte	96
 1013 03d8 90       		.byte	-112
 1014 03d9 8D       		.byte	-115
 1015 03da 93       		.byte	-109
 1016 03db 01       		.byte	1
 1017 03dc 94       		.byte	-108
 1018 03dd 8D       		.byte	-115
 1019 03de 98       		.byte	-104
 1020 03df 31       		.byte	49
 1021 03e0 9A       		.byte	-102
 1022 03e1 42       		.byte	66
 1023 03e2 9C       		.byte	-100
 1024 03e3 52       		.byte	82
 1025 03e4 9E       		.byte	-98
 1026 03e5 24       		.byte	36
ARM GAS  C:\Users\gaeta\AppData\Local\Temp\ccfO19fW.s 			page 19


 1027 03e6 A2       		.byte	-94
 1028 03e7 80       		.byte	-128
 1029 03e8 A4       		.byte	-92
 1030 03e9 8D       		.byte	-115
 1031 03ea A8       		.byte	-88
 1032 03eb 8D       		.byte	-115
 1033 03ec AC       		.byte	-84
 1034 03ed 0D       		.byte	13
 1035 03ee AE       		.byte	-82
 1036 03ef 80       		.byte	-128
 1037 03f0 AF       		.byte	-81
 1038 03f1 01       		.byte	1
 1039 03f2 B0       		.byte	-80
 1040 03f3 70       		.byte	112
 1041 03f4 B3       		.byte	-77
 1042 03f5 01       		.byte	1
 1043 03f6 B4       		.byte	-76
 1044 03f7 80       		.byte	-128
 1045 03f8 B6       		.byte	-74
 1046 03f9 0F       		.byte	15
 1047 03fa B8       		.byte	-72
 1048 03fb 02       		.byte	2
 1049 03fc BA       		.byte	-70
 1050 03fd 80       		.byte	-128
 1051 03fe BB       		.byte	-69
 1052 03ff 20       		.byte	32
 1053 0400 BE       		.byte	-66
 1054 0401 10       		.byte	16
 1055 0402 BF       		.byte	-65
 1056 0403 04       		.byte	4
 1057 0404 C0       		.byte	-64
 1058 0405 50       		.byte	80
 1059 0406 C1       		.byte	-63
 1060 0407 04       		.byte	4
 1061 0408 C9       		.byte	-55
 1062 0409 FF       		.byte	-1
 1063 040a CA       		.byte	-54
 1064 040b FF       		.byte	-1
 1065 040c CB       		.byte	-53
 1066 040d FF       		.byte	-1
 1067 040e CD       		.byte	-51
 1068 040f A0       		.byte	-96
 1069 0410 CF       		.byte	-49
 1070 0411 04       		.byte	4
 1071 0412 D0       		.byte	-48
 1072 0413 18       		.byte	24
 1073 0414 D8       		.byte	-40
 1074 0415 04       		.byte	4
 1075 0416 D9       		.byte	-39
 1076 0417 04       		.byte	4
 1077 0418 DA       		.byte	-38
 1078 0419 04       		.byte	4
 1079 041a DC       		.byte	-36
 1080 041b 32       		.byte	50
 1081 041c DD       		.byte	-35
 1082 041d 05       		.byte	5
 1083 041e DF       		.byte	-33
ARM GAS  C:\Users\gaeta\AppData\Local\Temp\ccfO19fW.s 			page 20


 1084 041f 01       		.byte	1
 1085 0420 E0       		.byte	-32
 1086 0421 40       		.byte	64
 1087 0422 E2       		.byte	-30
 1088 0423 C0       		.byte	-64
 1089 0424 E4       		.byte	-28
 1090 0425 40       		.byte	64
 1091 0426 E5       		.byte	-27
 1092 0427 40       		.byte	64
 1093 0428 E6       		.byte	-26
 1094 0429 C0       		.byte	-64
 1095 042a E8       		.byte	-24
 1096 042b C0       		.byte	-64
 1097 042c EA       		.byte	-22
 1098 042d C0       		.byte	-64
 1099 042e EC       		.byte	-20
 1100 042f C0       		.byte	-64
 1101 0430 EE       		.byte	-18
 1102 0431 C0       		.byte	-64
 1103 0432 00       		.byte	0
 1104 0433 40       		.byte	64
 1105 0434 02       		.byte	2
 1106 0435 08       		.byte	8
 1107 0436 03       		.byte	3
 1108 0437 80       		.byte	-128
 1109 0438 05       		.byte	5
 1110 0439 10       		.byte	16
 1111 043a 06       		.byte	6
 1112 043b 02       		.byte	2
 1113 043c 07       		.byte	7
 1114 043d 60       		.byte	96
 1115 043e 08       		.byte	8
 1116 043f 40       		.byte	64
 1117 0440 09       		.byte	9
 1118 0441 05       		.byte	5
 1119 0442 0B       		.byte	11
 1120 0443 08       		.byte	8
 1121 0444 0C       		.byte	12
 1122 0445 10       		.byte	16
 1123 0446 0D       		.byte	13
 1124 0447 20       		.byte	32
 1125 0448 0E       		.byte	14
 1126 0449 60       		.byte	96
 1127 044a 10       		.byte	16
 1128 044b 2A       		.byte	42
 1129 044c 11       		.byte	17
 1130 044d 01       		.byte	1
 1131 044e 14       		.byte	20
 1132 044f 40       		.byte	64
 1133 0450 16       		.byte	22
 1134 0451 80       		.byte	-128
 1135 0452 17       		.byte	23
 1136 0453 14       		.byte	20
 1137 0454 18       		.byte	24
 1138 0455 40       		.byte	64
 1139 0456 1B       		.byte	27
 1140 0457 90       		.byte	-112
ARM GAS  C:\Users\gaeta\AppData\Local\Temp\ccfO19fW.s 			page 21


 1141 0458 1D       		.byte	29
 1142 0459 10       		.byte	16
 1143 045a 1E       		.byte	30
 1144 045b 20       		.byte	32
 1145 045c 1F       		.byte	31
 1146 045d 1C       		.byte	28
 1147 045e 22       		.byte	34
 1148 045f 20       		.byte	32
 1149 0460 23       		.byte	35
 1150 0461 10       		.byte	16
 1151 0462 26       		.byte	38
 1152 0463 08       		.byte	8
 1153 0464 27       		.byte	39
 1154 0465 28       		.byte	40
 1155 0466 29       		.byte	41
 1156 0467 40       		.byte	64
 1157 0468 2C       		.byte	44
 1158 0469 50       		.byte	80
 1159 046a 2D       		.byte	45
 1160 046b 80       		.byte	-128
 1161 046c 2F       		.byte	47
 1162 046d 08       		.byte	8
 1163 046e 33       		.byte	51
 1164 046f 02       		.byte	2
 1165 0470 37       		.byte	55
 1166 0471 64       		.byte	100
 1167 0472 3E       		.byte	62
 1168 0473 44       		.byte	68
 1169 0474 43       		.byte	67
 1170 0475 02       		.byte	2
 1171 0476 49       		.byte	73
 1172 0477 40       		.byte	64
 1173 0478 67       		.byte	103
 1174 0479 20       		.byte	32
 1175 047a 6C       		.byte	108
 1176 047b 3A       		.byte	58
 1177 047c 6D       		.byte	109
 1178 047d 02       		.byte	2
 1179 047e 6E       		.byte	110
 1180 047f 44       		.byte	68
 1181 0480 6F       		.byte	111
 1182 0481 54       		.byte	84
 1183 0482 75       		.byte	117
 1184 0483 80       		.byte	-128
 1185 0484 76       		.byte	118
 1186 0485 02       		.byte	2
 1187 0486 83       		.byte	-125
 1188 0487 02       		.byte	2
 1189 0488 87       		.byte	-121
 1190 0489 10       		.byte	16
 1191 048a 8D       		.byte	-115
 1192 048b 08       		.byte	8
 1193 048c 91       		.byte	-111
 1194 048d 01       		.byte	1
 1195 048e 94       		.byte	-108
 1196 048f 20       		.byte	32
 1197 0490 96       		.byte	-106
ARM GAS  C:\Users\gaeta\AppData\Local\Temp\ccfO19fW.s 			page 22


 1198 0491 40       		.byte	64
 1199 0492 9A       		.byte	-102
 1200 0493 80       		.byte	-128
 1201 0494 9D       		.byte	-99
 1202 0495 28       		.byte	40
 1203 0496 9E       		.byte	-98
 1204 0497 02       		.byte	2
 1205 0498 9F       		.byte	-97
 1206 0499 48       		.byte	72
 1207 049a A1       		.byte	-95
 1208 049b 20       		.byte	32
 1209 049c A4       		.byte	-92
 1210 049d 08       		.byte	8
 1211 049e A6       		.byte	-90
 1212 049f 08       		.byte	8
 1213 04a0 A7       		.byte	-89
 1214 04a1 18       		.byte	24
 1215 04a2 A8       		.byte	-88
 1216 04a3 40       		.byte	64
 1217 04a4 AA       		.byte	-86
 1218 04a5 04       		.byte	4
 1219 04a6 AD       		.byte	-83
 1220 04a7 20       		.byte	32
 1221 04a8 AF       		.byte	-81
 1222 04a9 30       		.byte	48
 1223 04aa B1       		.byte	-79
 1224 04ab 08       		.byte	8
 1225 04ac B2       		.byte	-78
 1226 04ad 01       		.byte	1
 1227 04ae B3       		.byte	-77
 1228 04af 08       		.byte	8
 1229 04b0 B5       		.byte	-75
 1230 04b1 80       		.byte	-128
 1231 04b2 C0       		.byte	-64
 1232 04b3 FB       		.byte	-5
 1233 04b4 C2       		.byte	-62
 1234 04b5 7F       		.byte	127
 1235 04b6 C4       		.byte	-60
 1236 04b7 7F       		.byte	127
 1237 04b8 CA       		.byte	-54
 1238 04b9 F8       		.byte	-8
 1239 04ba CC       		.byte	-52
 1240 04bb 71       		.byte	113
 1241 04bc CE       		.byte	-50
 1242 04bd 50       		.byte	80
 1243 04be D0       		.byte	-48
 1244 04bf 01       		.byte	1
 1245 04c0 D2       		.byte	-46
 1246 04c1 08       		.byte	8
 1247 04c2 D8       		.byte	-40
 1248 04c3 40       		.byte	64
 1249 04c4 E0       		.byte	-32
 1250 04c5 08       		.byte	8
 1251 04c6 E2       		.byte	-30
 1252 04c7 04       		.byte	4
 1253 04c8 EE       		.byte	-18
 1254 04c9 02       		.byte	2
ARM GAS  C:\Users\gaeta\AppData\Local\Temp\ccfO19fW.s 			page 23


 1255 04ca 00       		.byte	0
 1256 04cb 21       		.byte	33
 1257 04cc 02       		.byte	2
 1258 04cd D8       		.byte	-40
 1259 04ce 04       		.byte	4
 1260 04cf 02       		.byte	2
 1261 04d0 06       		.byte	6
 1262 04d1 98       		.byte	-104
 1263 04d2 08       		.byte	8
 1264 04d3 FC       		.byte	-4
 1265 04d4 0A       		.byte	10
 1266 04d5 03       		.byte	3
 1267 04d6 0C       		.byte	12
 1268 04d7 9A       		.byte	-102
 1269 04d8 10       		.byte	16
 1270 04d9 38       		.byte	56
 1271 04da 12       		.byte	18
 1272 04db C0       		.byte	-64
 1273 04dc 14       		.byte	20
 1274 04dd 02       		.byte	2
 1275 04de 18       		.byte	24
 1276 04df 13       		.byte	19
 1277 04e0 1A       		.byte	26
 1278 04e1 64       		.byte	100
 1279 04e2 1C       		.byte	28
 1280 04e3 9A       		.byte	-102
 1281 04e4 20       		.byte	32
 1282 04e5 98       		.byte	-104
 1283 04e6 22       		.byte	34
 1284 04e7 02       		.byte	2
 1285 04e8 28       		.byte	40
 1286 04e9 98       		.byte	-104
 1287 04ea 2A       		.byte	42
 1288 04eb 02       		.byte	2
 1289 04ec 30       		.byte	48
 1290 04ed E0       		.byte	-32
 1291 04ee 32       		.byte	50
 1292 04ef 13       		.byte	19
 1293 04f0 34       		.byte	52
 1294 04f1 0F       		.byte	15
 1295 04f2 3A       		.byte	58
 1296 04f3 22       		.byte	34
 1297 04f4 40       		.byte	64
 1298 04f5 60       		.byte	96
 1299 04f6 41       		.byte	65
 1300 04f7 03       		.byte	3
 1301 04f8 45       		.byte	69
 1302 04f9 D0       		.byte	-48
 1303 04fa 47       		.byte	71
 1304 04fb 12       		.byte	18
 1305 04fc 48       		.byte	72
 1306 04fd 33       		.byte	51
 1307 04fe 49       		.byte	73
 1308 04ff FF       		.byte	-1
 1309 0500 4A       		.byte	74
 1310 0501 FF       		.byte	-1
 1311 0502 4B       		.byte	75
ARM GAS  C:\Users\gaeta\AppData\Local\Temp\ccfO19fW.s 			page 24


 1312 0503 FF       		.byte	-1
 1313 0504 4D       		.byte	77
 1314 0505 AF       		.byte	-81
 1315 0506 4E       		.byte	78
 1316 0507 0F       		.byte	15
 1317 0508 4F       		.byte	79
 1318 0509 04       		.byte	4
 1319 050a 50       		.byte	80
 1320 050b 18       		.byte	24
 1321 050c 52       		.byte	82
 1322 050d 80       		.byte	-128
 1323 050e 54       		.byte	84
 1324 050f 05       		.byte	5
 1325 0510 58       		.byte	88
 1326 0511 04       		.byte	4
 1327 0512 5A       		.byte	90
 1328 0513 04       		.byte	4
 1329 0514 5B       		.byte	91
 1330 0515 04       		.byte	4
 1331 0516 5C       		.byte	92
 1332 0517 01       		.byte	1
 1333 0518 5D       		.byte	93
 1334 0519 55       		.byte	85
 1335 051a 5F       		.byte	95
 1336 051b 01       		.byte	1
 1337 051c 60       		.byte	96
 1338 051d 40       		.byte	64
 1339 051e 62       		.byte	98
 1340 051f C0       		.byte	-64
 1341 0520 64       		.byte	100
 1342 0521 40       		.byte	64
 1343 0522 65       		.byte	101
 1344 0523 40       		.byte	64
 1345 0524 66       		.byte	102
 1346 0525 C0       		.byte	-64
 1347 0526 68       		.byte	104
 1348 0527 C0       		.byte	-64
 1349 0528 6A       		.byte	106
 1350 0529 C0       		.byte	-64
 1351 052a 6C       		.byte	108
 1352 052b C0       		.byte	-64
 1353 052c 6E       		.byte	110
 1354 052d C0       		.byte	-64
 1355 052e 80       		.byte	-128
 1356 052f 3C       		.byte	60
 1357 0530 81       		.byte	-127
 1358 0531 11       		.byte	17
 1359 0532 82       		.byte	-126
 1360 0533 C1       		.byte	-63
 1361 0534 84       		.byte	-124
 1362 0535 7C       		.byte	124
 1363 0536 85       		.byte	-123
 1364 0537 BF       		.byte	-65
 1365 0538 86       		.byte	-122
 1366 0539 82       		.byte	-126
 1367 053a 89       		.byte	-119
 1368 053b B3       		.byte	-77
ARM GAS  C:\Users\gaeta\AppData\Local\Temp\ccfO19fW.s 			page 25


 1369 053c 8B       		.byte	-117
 1370 053d 0C       		.byte	12
 1371 053e 8D       		.byte	-115
 1372 053f 40       		.byte	64
 1373 0540 8E       		.byte	-114
 1374 0541 C3       		.byte	-61
 1375 0542 92       		.byte	-110
 1376 0543 04       		.byte	4
 1377 0544 93       		.byte	-109
 1378 0545 33       		.byte	51
 1379 0546 94       		.byte	-108
 1380 0547 04       		.byte	4
 1381 0548 95       		.byte	-107
 1382 0549 22       		.byte	34
 1383 054a 98       		.byte	-104
 1384 054b 18       		.byte	24
 1385 054c 99       		.byte	-103
 1386 054d 04       		.byte	4
 1387 054e 9C       		.byte	-100
 1388 054f 10       		.byte	16
 1389 0550 9D       		.byte	-99
 1390 0551 08       		.byte	8
 1391 0552 A0       		.byte	-96
 1392 0553 FF       		.byte	-1
 1393 0554 A1       		.byte	-95
 1394 0555 0F       		.byte	15
 1395 0556 A3       		.byte	-93
 1396 0557 B0       		.byte	-80
 1397 0558 A4       		.byte	-92
 1398 0559 08       		.byte	8
 1399 055a A5       		.byte	-91
 1400 055b 0C       		.byte	12
 1401 055c A8       		.byte	-88
 1402 055d E7       		.byte	-25
 1403 055e A9       		.byte	-87
 1404 055f 0C       		.byte	12
 1405 0560 AA       		.byte	-86
 1406 0561 18       		.byte	24
 1407 0562 AB       		.byte	-85
 1408 0563 B3       		.byte	-77
 1409 0564 AD       		.byte	-83
 1410 0565 33       		.byte	51
 1411 0566 B0       		.byte	-80
 1412 0567 20       		.byte	32
 1413 0568 B1       		.byte	-79
 1414 0569 30       		.byte	48
 1415 056a B2       		.byte	-78
 1416 056b 58       		.byte	88
 1417 056c B3       		.byte	-77
 1418 056d 0F       		.byte	15
 1419 056e B4       		.byte	-76
 1420 056f 1F       		.byte	31
 1421 0570 B5       		.byte	-75
 1422 0571 80       		.byte	-128
 1423 0572 B6       		.byte	-74
 1424 0573 98       		.byte	-104
 1425 0574 B7       		.byte	-73
ARM GAS  C:\Users\gaeta\AppData\Local\Temp\ccfO19fW.s 			page 26


 1426 0575 40       		.byte	64
 1427 0576 B9       		.byte	-71
 1428 0577 20       		.byte	32
 1429 0578 BA       		.byte	-70
 1430 0579 A0       		.byte	-96
 1431 057a BB       		.byte	-69
 1432 057b 08       		.byte	8
 1433 057c BE       		.byte	-66
 1434 057d 01       		.byte	1
 1435 057e BF       		.byte	-65
 1436 057f 40       		.byte	64
 1437 0580 D8       		.byte	-40
 1438 0581 04       		.byte	4
 1439 0582 D9       		.byte	-39
 1440 0583 04       		.byte	4
 1441 0584 DC       		.byte	-36
 1442 0585 33       		.byte	51
 1443 0586 DF       		.byte	-33
 1444 0587 01       		.byte	1
 1445 0588 00       		.byte	0
 1446 0589 01       		.byte	1
 1447 058a 01       		.byte	1
 1448 058b 80       		.byte	-128
 1449 058c 02       		.byte	2
 1450 058d 02       		.byte	2
 1451 058e 03       		.byte	3
 1452 058f 20       		.byte	32
 1453 0590 04       		.byte	4
 1454 0591 28       		.byte	40
 1455 0592 05       		.byte	5
 1456 0593 22       		.byte	34
 1457 0594 07       		.byte	7
 1458 0595 02       		.byte	2
 1459 0596 08       		.byte	8
 1460 0597 60       		.byte	96
 1461 0598 0A       		.byte	10
 1462 0599 20       		.byte	32
 1463 059a 0B       		.byte	11
 1464 059b 40       		.byte	64
 1465 059c 0C       		.byte	12
 1466 059d 10       		.byte	16
 1467 059e 0E       		.byte	14
 1468 059f 81       		.byte	-127
 1469 05a0 0F       		.byte	15
 1470 05a1 20       		.byte	32
 1471 05a2 10       		.byte	16
 1472 05a3 20       		.byte	32
 1473 05a4 11       		.byte	17
 1474 05a5 02       		.byte	2
 1475 05a6 12       		.byte	18
 1476 05a7 08       		.byte	8
 1477 05a8 17       		.byte	23
 1478 05a9 11       		.byte	17
 1479 05aa 18       		.byte	24
 1480 05ab 01       		.byte	1
 1481 05ac 19       		.byte	25
 1482 05ad 19       		.byte	25
ARM GAS  C:\Users\gaeta\AppData\Local\Temp\ccfO19fW.s 			page 27


 1483 05ae 1B       		.byte	27
 1484 05af 60       		.byte	96
 1485 05b0 1E       		.byte	30
 1486 05b1 88       		.byte	-120
 1487 05b2 1F       		.byte	31
 1488 05b3 08       		.byte	8
 1489 05b4 21       		.byte	33
 1490 05b5 40       		.byte	64
 1491 05b6 22       		.byte	34
 1492 05b7 09       		.byte	9
 1493 05b8 23       		.byte	35
 1494 05b9 14       		.byte	20
 1495 05ba 28       		.byte	40
 1496 05bb 22       		.byte	34
 1497 05bc 29       		.byte	41
 1498 05bd 14       		.byte	20
 1499 05be 2B       		.byte	43
 1500 05bf 40       		.byte	64
 1501 05c0 30       		.byte	48
 1502 05c1 60       		.byte	96
 1503 05c2 31       		.byte	49
 1504 05c3 40       		.byte	64
 1505 05c4 32       		.byte	50
 1506 05c5 06       		.byte	6
 1507 05c6 34       		.byte	52
 1508 05c7 08       		.byte	8
 1509 05c8 35       		.byte	53
 1510 05c9 08       		.byte	8
 1511 05ca 38       		.byte	56
 1512 05cb 42       		.byte	66
 1513 05cc 3A       		.byte	58
 1514 05cd 08       		.byte	8
 1515 05ce 3B       		.byte	59
 1516 05cf 10       		.byte	16
 1517 05d0 45       		.byte	69
 1518 05d1 05       		.byte	5
 1519 05d2 46       		.byte	70
 1520 05d3 80       		.byte	-128
 1521 05d4 4D       		.byte	77
 1522 05d5 11       		.byte	17
 1523 05d6 4F       		.byte	79
 1524 05d7 08       		.byte	8
 1525 05d8 55       		.byte	85
 1526 05d9 04       		.byte	4
 1527 05da 56       		.byte	86
 1528 05db 02       		.byte	2
 1529 05dc 5D       		.byte	93
 1530 05dd 01       		.byte	1
 1531 05de 5E       		.byte	94
 1532 05df 40       		.byte	64
 1533 05e0 5F       		.byte	95
 1534 05e1 08       		.byte	8
 1535 05e2 76       		.byte	118
 1536 05e3 40       		.byte	64
 1537 05e4 81       		.byte	-127
 1538 05e5 04       		.byte	4
 1539 05e6 87       		.byte	-121
ARM GAS  C:\Users\gaeta\AppData\Local\Temp\ccfO19fW.s 			page 28


 1540 05e7 08       		.byte	8
 1541 05e8 8D       		.byte	-115
 1542 05e9 02       		.byte	2
 1543 05ea 8E       		.byte	-114
 1544 05eb 04       		.byte	4
 1545 05ec 90       		.byte	-112
 1546 05ed 68       		.byte	104
 1547 05ee 92       		.byte	-110
 1548 05ef 05       		.byte	5
 1549 05f0 94       		.byte	-108
 1550 05f1 04       		.byte	4
 1551 05f2 95       		.byte	-107
 1552 05f3 04       		.byte	4
 1553 05f4 96       		.byte	-106
 1554 05f5 82       		.byte	-126
 1555 05f6 98       		.byte	-104
 1556 05f7 04       		.byte	4
 1557 05f8 99       		.byte	-103
 1558 05f9 80       		.byte	-128
 1559 05fa 9B       		.byte	-101
 1560 05fb 13       		.byte	19
 1561 05fc 9C       		.byte	-100
 1562 05fd 10       		.byte	16
 1563 05fe 9D       		.byte	-99
 1564 05ff 08       		.byte	8
 1565 0600 9F       		.byte	-97
 1566 0601 04       		.byte	4
 1567 0602 A0       		.byte	-96
 1568 0603 40       		.byte	64
 1569 0604 A1       		.byte	-95
 1570 0605 10       		.byte	16
 1571 0606 A3       		.byte	-93
 1572 0607 12       		.byte	18
 1573 0608 A4       		.byte	-92
 1574 0609 80       		.byte	-128
 1575 060a A6       		.byte	-90
 1576 060b 40       		.byte	64
 1577 060c AC       		.byte	-84
 1578 060d 80       		.byte	-128
 1579 060e B0       		.byte	-80
 1580 060f 40       		.byte	64
 1581 0610 B4       		.byte	-76
 1582 0611 40       		.byte	64
 1583 0612 B5       		.byte	-75
 1584 0613 10       		.byte	16
 1585 0614 B6       		.byte	-74
 1586 0615 40       		.byte	64
 1587 0616 C0       		.byte	-64
 1588 0617 FD       		.byte	-3
 1589 0618 C2       		.byte	-62
 1590 0619 FF       		.byte	-1
 1591 061a C4       		.byte	-60
 1592 061b 5E       		.byte	94
 1593 061c CA       		.byte	-54
 1594 061d 0F       		.byte	15
 1595 061e CC       		.byte	-52
 1596 061f 0F       		.byte	15
ARM GAS  C:\Users\gaeta\AppData\Local\Temp\ccfO19fW.s 			page 29


 1597 0620 CE       		.byte	-50
 1598 0621 0F       		.byte	15
 1599 0622 D0       		.byte	-48
 1600 0623 40       		.byte	64
 1601 0624 D2       		.byte	-46
 1602 0625 20       		.byte	32
 1603 0626 D6       		.byte	-42
 1604 0627 D0       		.byte	-48
 1605 0628 E2       		.byte	-30
 1606 0629 40       		.byte	64
 1607 062a E8       		.byte	-24
 1608 062b 80       		.byte	-128
 1609 062c EC       		.byte	-20
 1610 062d 40       		.byte	64
 1611 062e 01       		.byte	1
 1612 062f 0A       		.byte	10
 1613 0630 02       		.byte	2
 1614 0631 01       		.byte	1
 1615 0632 03       		.byte	3
 1616 0633 B1       		.byte	-79
 1617 0634 05       		.byte	5
 1618 0635 1F       		.byte	31
 1619 0636 09       		.byte	9
 1620 0637 1F       		.byte	31
 1621 0638 15       		.byte	21
 1622 0639 14       		.byte	20
 1623 063a 17       		.byte	23
 1624 063b 89       		.byte	-119
 1625 063c 19       		.byte	25
 1626 063d 01       		.byte	1
 1627 063e 1A       		.byte	26
 1628 063f 01       		.byte	1
 1629 0640 1B       		.byte	27
 1630 0641 46       		.byte	70
 1631 0642 31       		.byte	49
 1632 0643 20       		.byte	32
 1633 0644 33       		.byte	51
 1634 0645 18       		.byte	24
 1635 0646 34       		.byte	52
 1636 0647 01       		.byte	1
 1637 0648 35       		.byte	53
 1638 0649 07       		.byte	7
 1639 064a 37       		.byte	55
 1640 064b C0       		.byte	-64
 1641 064c 3E       		.byte	62
 1642 064d 10       		.byte	16
 1643 064e 3F       		.byte	63
 1644 064f 40       		.byte	64
 1645 0650 40       		.byte	64
 1646 0651 65       		.byte	101
 1647 0652 41       		.byte	65
 1648 0653 04       		.byte	4
 1649 0654 42       		.byte	66
 1650 0655 02       		.byte	2
 1651 0656 44       		.byte	68
 1652 0657 01       		.byte	1
 1653 0658 45       		.byte	69
ARM GAS  C:\Users\gaeta\AppData\Local\Temp\ccfO19fW.s 			page 30


 1654 0659 C0       		.byte	-64
 1655 065a 46       		.byte	70
 1656 065b 0E       		.byte	14
 1657 065c 48       		.byte	72
 1658 065d 06       		.byte	6
 1659 065e 49       		.byte	73
 1660 065f FF       		.byte	-1
 1661 0660 4A       		.byte	74
 1662 0661 FF       		.byte	-1
 1663 0662 4B       		.byte	75
 1664 0663 FF       		.byte	-1
 1665 0664 4C       		.byte	76
 1666 0665 62       		.byte	98
 1667 0666 4D       		.byte	77
 1668 0667 A0       		.byte	-96
 1669 0668 4E       		.byte	78
 1670 0669 F0       		.byte	-16
 1671 066a 4F       		.byte	79
 1672 066b 41       		.byte	65
 1673 066c 50       		.byte	80
 1674 066d 0C       		.byte	12
 1675 066e 56       		.byte	86
 1676 066f 02       		.byte	2
 1677 0670 57       		.byte	87
 1678 0671 13       		.byte	19
 1679 0672 58       		.byte	88
 1680 0673 04       		.byte	4
 1681 0674 59       		.byte	89
 1682 0675 04       		.byte	4
 1683 0676 5A       		.byte	90
 1684 0677 04       		.byte	4
 1685 0678 5B       		.byte	91
 1686 0679 04       		.byte	4
 1687 067a 5C       		.byte	92
 1688 067b 30       		.byte	48
 1689 067c 5D       		.byte	93
 1690 067d 33       		.byte	51
 1691 067e 5F       		.byte	95
 1692 067f 01       		.byte	1
 1693 0680 66       		.byte	102
 1694 0681 40       		.byte	64
 1695 0682 67       		.byte	103
 1696 0683 02       		.byte	2
 1697 0684 69       		.byte	105
 1698 0685 10       		.byte	16
 1699 0686 6A       		.byte	106
 1700 0687 30       		.byte	48
 1701 0688 6B       		.byte	107
 1702 0689 10       		.byte	16
 1703 068a 6D       		.byte	109
 1704 068b 10       		.byte	16
 1705 068c 6E       		.byte	110
 1706 068d 10       		.byte	16
 1707 068e 6F       		.byte	111
 1708 068f 12       		.byte	18
 1709 0690 85       		.byte	-123
 1710 0691 1B       		.byte	27
ARM GAS  C:\Users\gaeta\AppData\Local\Temp\ccfO19fW.s 			page 31


 1711 0692 88       		.byte	-120
 1712 0693 02       		.byte	2
 1713 0694 89       		.byte	-119
 1714 0695 1B       		.byte	27
 1715 0696 8C       		.byte	-116
 1716 0697 07       		.byte	7
 1717 0698 8D       		.byte	-115
 1718 0699 1B       		.byte	27
 1719 069a 91       		.byte	-111
 1720 069b 1A       		.byte	26
 1721 069c 93       		.byte	-109
 1722 069d 01       		.byte	1
 1723 069e 95       		.byte	-107
 1724 069f 04       		.byte	4
 1725 06a0 97       		.byte	-105
 1726 06a1 08       		.byte	8
 1727 06a2 98       		.byte	-104
 1728 06a3 07       		.byte	7
 1729 06a4 99       		.byte	-103
 1730 06a5 04       		.byte	4
 1731 06a6 9B       		.byte	-101
 1732 06a7 10       		.byte	16
 1733 06a8 9D       		.byte	-99
 1734 06a9 04       		.byte	4
 1735 06aa 9F       		.byte	-97
 1736 06ab 1A       		.byte	26
 1737 06ac A1       		.byte	-95
 1738 06ad 1B       		.byte	27
 1739 06ae A2       		.byte	-94
 1740 06af 08       		.byte	8
 1741 06b0 A9       		.byte	-87
 1742 06b1 02       		.byte	2
 1743 06b2 AA       		.byte	-86
 1744 06b3 04       		.byte	4
 1745 06b4 AB       		.byte	-85
 1746 06b5 04       		.byte	4
 1747 06b6 AF       		.byte	-81
 1748 06b7 01       		.byte	1
 1749 06b8 B0       		.byte	-80
 1750 06b9 02       		.byte	2
 1751 06ba B1       		.byte	-79
 1752 06bb 1E       		.byte	30
 1753 06bc B2       		.byte	-78
 1754 06bd 01       		.byte	1
 1755 06be B4       		.byte	-76
 1756 06bf 08       		.byte	8
 1757 06c0 B5       		.byte	-75
 1758 06c1 01       		.byte	1
 1759 06c2 B6       		.byte	-74
 1760 06c3 04       		.byte	4
 1761 06c4 BB       		.byte	-69
 1762 06c5 02       		.byte	2
 1763 06c6 BF       		.byte	-65
 1764 06c7 10       		.byte	16
 1765 06c8 D4       		.byte	-44
 1766 06c9 40       		.byte	64
 1767 06ca D6       		.byte	-42
ARM GAS  C:\Users\gaeta\AppData\Local\Temp\ccfO19fW.s 			page 32


 1768 06cb 04       		.byte	4
 1769 06cc D8       		.byte	-40
 1770 06cd 04       		.byte	4
 1771 06ce D9       		.byte	-39
 1772 06cf 04       		.byte	4
 1773 06d0 DB       		.byte	-37
 1774 06d1 04       		.byte	4
 1775 06d2 DC       		.byte	-36
 1776 06d3 15       		.byte	21
 1777 06d4 DD       		.byte	-35
 1778 06d5 10       		.byte	16
 1779 06d6 DF       		.byte	-33
 1780 06d7 01       		.byte	1
 1781 06d8 03       		.byte	3
 1782 06d9 80       		.byte	-128
 1783 06da 04       		.byte	4
 1784 06db 10       		.byte	16
 1785 06dc 06       		.byte	6
 1786 06dd 02       		.byte	2
 1787 06de 0B       		.byte	11
 1788 06df 04       		.byte	4
 1789 06e0 0F       		.byte	15
 1790 06e1 08       		.byte	8
 1791 06e2 15       		.byte	21
 1792 06e3 10       		.byte	16
 1793 06e4 16       		.byte	22
 1794 06e5 40       		.byte	64
 1795 06e6 18       		.byte	24
 1796 06e7 04       		.byte	4
 1797 06e8 1C       		.byte	28
 1798 06e9 10       		.byte	16
 1799 06ea 1E       		.byte	30
 1800 06eb 40       		.byte	64
 1801 06ec 1F       		.byte	31
 1802 06ed 60       		.byte	96
 1803 06ee 20       		.byte	32
 1804 06ef 01       		.byte	1
 1805 06f0 22       		.byte	34
 1806 06f1 24       		.byte	36
 1807 06f2 23       		.byte	35
 1808 06f3 40       		.byte	64
 1809 06f4 26       		.byte	38
 1810 06f5 10       		.byte	16
 1811 06f6 27       		.byte	39
 1812 06f7 40       		.byte	64
 1813 06f8 2E       		.byte	46
 1814 06f9 01       		.byte	1
 1815 06fa 2F       		.byte	47
 1816 06fb 0B       		.byte	11
 1817 06fc 32       		.byte	50
 1818 06fd 24       		.byte	36
 1819 06fe 35       		.byte	53
 1820 06ff 20       		.byte	32
 1821 0700 36       		.byte	54
 1822 0701 04       		.byte	4
 1823 0702 37       		.byte	55
 1824 0703 41       		.byte	65
ARM GAS  C:\Users\gaeta\AppData\Local\Temp\ccfO19fW.s 			page 33


 1825 0704 38       		.byte	56
 1826 0705 02       		.byte	2
 1827 0706 39       		.byte	57
 1828 0707 24       		.byte	36
 1829 0708 3C       		.byte	60
 1830 0709 80       		.byte	-128
 1831 070a 3D       		.byte	61
 1832 070b 20       		.byte	32
 1833 070c 3E       		.byte	62
 1834 070d 04       		.byte	4
 1835 070e 40       		.byte	64
 1836 070f 09       		.byte	9
 1837 0710 42       		.byte	66
 1838 0711 80       		.byte	-128
 1839 0712 48       		.byte	72
 1840 0713 80       		.byte	-128
 1841 0714 49       		.byte	73
 1842 0715 80       		.byte	-128
 1843 0716 4A       		.byte	74
 1844 0717 08       		.byte	8
 1845 0718 53       		.byte	83
 1846 0719 80       		.byte	-128
 1847 071a 59       		.byte	89
 1848 071b 01       		.byte	1
 1849 071c 5E       		.byte	94
 1850 071d 20       		.byte	32
 1851 071e 5F       		.byte	95
 1852 071f 10       		.byte	16
 1853 0720 64       		.byte	100
 1854 0721 04       		.byte	4
 1855 0722 65       		.byte	101
 1856 0723 02       		.byte	2
 1857 0724 67       		.byte	103
 1858 0725 12       		.byte	18
 1859 0726 69       		.byte	105
 1860 0727 24       		.byte	36
 1861 0728 6A       		.byte	106
 1862 0729 80       		.byte	-128
 1863 072a 6B       		.byte	107
 1864 072b 04       		.byte	4
 1865 072c 70       		.byte	112
 1866 072d 20       		.byte	32
 1867 072e 71       		.byte	113
 1868 072f 44       		.byte	68
 1869 0730 80       		.byte	-128
 1870 0731 02       		.byte	2
 1871 0732 81       		.byte	-127
 1872 0733 42       		.byte	66
 1873 0734 82       		.byte	-126
 1874 0735 20       		.byte	32
 1875 0736 85       		.byte	-123
 1876 0737 10       		.byte	16
 1877 0738 87       		.byte	-121
 1878 0739 20       		.byte	32
 1879 073a 8B       		.byte	-117
 1880 073b 40       		.byte	64
 1881 073c 8C       		.byte	-116
ARM GAS  C:\Users\gaeta\AppData\Local\Temp\ccfO19fW.s 			page 34


 1882 073d 01       		.byte	1
 1883 073e 8E       		.byte	-114
 1884 073f 10       		.byte	16
 1885 0740 91       		.byte	-111
 1886 0741 80       		.byte	-128
 1887 0742 92       		.byte	-110
 1888 0743 05       		.byte	5
 1889 0744 93       		.byte	-109
 1890 0745 04       		.byte	4
 1891 0746 94       		.byte	-108
 1892 0747 06       		.byte	6
 1893 0748 95       		.byte	-107
 1894 0749 14       		.byte	20
 1895 074a 96       		.byte	-106
 1896 074b E8       		.byte	-24
 1897 074c 97       		.byte	-105
 1898 074d 40       		.byte	64
 1899 074e 98       		.byte	-104
 1900 074f 0C       		.byte	12
 1901 0750 99       		.byte	-103
 1902 0751 A1       		.byte	-95
 1903 0752 9A       		.byte	-102
 1904 0753 C2       		.byte	-62
 1905 0754 9B       		.byte	-101
 1906 0755 01       		.byte	1
 1907 0756 9C       		.byte	-100
 1908 0757 02       		.byte	2
 1909 0758 9D       		.byte	-99
 1910 0759 44       		.byte	68
 1911 075a 9F       		.byte	-97
 1912 075b 04       		.byte	4
 1913 075c A0       		.byte	-96
 1914 075d 40       		.byte	64
 1915 075e A1       		.byte	-95
 1916 075f 10       		.byte	16
 1917 0760 A2       		.byte	-94
 1918 0761 0C       		.byte	12
 1919 0762 A3       		.byte	-93
 1920 0763 0E       		.byte	14
 1921 0764 A4       		.byte	-92
 1922 0765 A0       		.byte	-96
 1923 0766 AC       		.byte	-84
 1924 0767 10       		.byte	16
 1925 0768 AF       		.byte	-81
 1926 0769 08       		.byte	8
 1927 076a B5       		.byte	-75
 1928 076b 01       		.byte	1
 1929 076c B6       		.byte	-74
 1930 076d 08       		.byte	8
 1931 076e C0       		.byte	-64
 1932 076f C8       		.byte	-56
 1933 0770 C2       		.byte	-62
 1934 0771 42       		.byte	66
 1935 0772 C4       		.byte	-60
 1936 0773 50       		.byte	80
 1937 0774 CA       		.byte	-54
 1938 0775 B0       		.byte	-80
ARM GAS  C:\Users\gaeta\AppData\Local\Temp\ccfO19fW.s 			page 35


 1939 0776 CC       		.byte	-52
 1940 0777 F6       		.byte	-10
 1941 0778 CE       		.byte	-50
 1942 0779 77       		.byte	119
 1943 077a D0       		.byte	-48
 1944 077b 0D       		.byte	13
 1945 077c D2       		.byte	-46
 1946 077d 0C       		.byte	12
 1947 077e D6       		.byte	-42
 1948 077f 01       		.byte	1
 1949 0780 D8       		.byte	-40
 1950 0781 F0       		.byte	-16
 1951 0782 E0       		.byte	-32
 1952 0783 01       		.byte	1
 1953 0784 E8       		.byte	-24
 1954 0785 10       		.byte	16
 1955 0786 31       		.byte	49
 1956 0787 11       		.byte	17
 1957 0788 36       		.byte	54
 1958 0789 48       		.byte	72
 1959 078a 38       		.byte	56
 1960 078b 40       		.byte	64
 1961 078c CC       		.byte	-52
 1962 078d F0       		.byte	-16
 1963 078e CE       		.byte	-50
 1964 078f 10       		.byte	16
 1965 0790 30       		.byte	48
 1966 0791 20       		.byte	32
 1967 0792 5B       		.byte	91
 1968 0793 04       		.byte	4
 1969 0794 65       		.byte	101
 1970 0795 80       		.byte	-128
 1971 0796 94       		.byte	-108
 1972 0797 40       		.byte	64
 1973 0798 9D       		.byte	-99
 1974 0799 11       		.byte	17
 1975 079a A6       		.byte	-90
 1976 079b 48       		.byte	72
 1977 079c CC       		.byte	-52
 1978 079d 10       		.byte	16
 1979 079e D6       		.byte	-42
 1980 079f C0       		.byte	-64
 1981 07a0 53       		.byte	83
 1982 07a1 80       		.byte	-128
 1983 07a2 57       		.byte	87
 1984 07a3 20       		.byte	32
 1985 07a4 5B       		.byte	91
 1986 07a5 02       		.byte	2
 1987 07a6 87       		.byte	-121
 1988 07a7 02       		.byte	2
 1989 07a8 8C       		.byte	-116
 1990 07a9 40       		.byte	64
 1991 07aa 8D       		.byte	-115
 1992 07ab 01       		.byte	1
 1993 07ac 8F       		.byte	-113
 1994 07ad 04       		.byte	4
 1995 07ae 94       		.byte	-108
ARM GAS  C:\Users\gaeta\AppData\Local\Temp\ccfO19fW.s 			page 36


 1996 07af 40       		.byte	64
 1997 07b0 9D       		.byte	-99
 1998 07b1 91       		.byte	-111
 1999 07b2 9F       		.byte	-97
 2000 07b3 04       		.byte	4
 2001 07b4 A4       		.byte	-92
 2002 07b5 20       		.byte	32
 2003 07b6 A6       		.byte	-90
 2004 07b7 48       		.byte	72
 2005 07b8 D4       		.byte	-44
 2006 07b9 60       		.byte	96
 2007 07ba D6       		.byte	-42
 2008 07bb 40       		.byte	64
 2009 07bc E6       		.byte	-26
 2010 07bd 40       		.byte	64
 2011 07be 80       		.byte	-128
 2012 07bf 20       		.byte	32
 2013 07c0 86       		.byte	-122
 2014 07c1 08       		.byte	8
 2015 07c2 87       		.byte	-121
 2016 07c3 20       		.byte	32
 2017 07c4 8D       		.byte	-115
 2018 07c5 90       		.byte	-112
 2019 07c6 9D       		.byte	-99
 2020 07c7 90       		.byte	-112
 2021 07c8 A4       		.byte	-92
 2022 07c9 20       		.byte	32
 2023 07ca A6       		.byte	-90
 2024 07cb 48       		.byte	72
 2025 07cc A7       		.byte	-89
 2026 07cd A0       		.byte	-96
 2027 07ce E2       		.byte	-30
 2028 07cf 90       		.byte	-112
 2029 07d0 E6       		.byte	-26
 2030 07d1 10       		.byte	16
 2031 07d2 7F       		.byte	127
 2032 07d3 08       		.byte	8
 2033 07d4 DE       		.byte	-34
 2034 07d5 01       		.byte	1
 2035 07d6 01       		.byte	1
 2036 07d7 08       		.byte	8
 2037 07d8 03       		.byte	3
 2038 07d9 04       		.byte	4
 2039 07da 57       		.byte	87
 2040 07db 02       		.byte	2
 2041 07dc 8B       		.byte	-117
 2042 07dd 08       		.byte	8
 2043 07de A7       		.byte	-89
 2044 07df 08       		.byte	8
 2045 07e0 C0       		.byte	-64
 2046 07e1 0A       		.byte	10
 2047 07e2 D6       		.byte	-42
 2048 07e3 04       		.byte	4
 2049 07e4 E0       		.byte	-32
 2050 07e5 04       		.byte	4
 2051 07e6 45       		.byte	69
 2052 07e7 08       		.byte	8
ARM GAS  C:\Users\gaeta\AppData\Local\Temp\ccfO19fW.s 			page 37


 2053 07e8 A7       		.byte	-89
 2054 07e9 02       		.byte	2
 2055 07ea AB       		.byte	-85
 2056 07eb 04       		.byte	4
 2057 07ec B5       		.byte	-75
 2058 07ed 08       		.byte	8
 2059 07ee D0       		.byte	-48
 2060 07ef 01       		.byte	1
 2061 07f0 EA       		.byte	-22
 2062 07f1 02       		.byte	2
 2063 07f2 8D       		.byte	-115
 2064 07f3 08       		.byte	8
 2065 07f4 8F       		.byte	-113
 2066 07f5 01       		.byte	1
 2067 07f6 A5       		.byte	-91
 2068 07f7 08       		.byte	8
 2069 07f8 A7       		.byte	-89
 2070 07f9 02       		.byte	2
 2071 07fa E2       		.byte	-30
 2072 07fb 02       		.byte	2
 2073 07fc E4       		.byte	-28
 2074 07fd 08       		.byte	8
 2075 07fe 25       		.byte	37
 2076 07ff 10       		.byte	16
 2077 0800 9D       		.byte	-99
 2078 0801 10       		.byte	16
 2079 0802 A5       		.byte	-91
 2080 0803 10       		.byte	16
 2081 0804 AE       		.byte	-82
 2082 0805 40       		.byte	64
 2083 0806 AF       		.byte	-81
 2084 0807 80       		.byte	-128
 2085 0808 C8       		.byte	-56
 2086 0809 20       		.byte	32
 2087 080a EE       		.byte	-18
 2088 080b 50       		.byte	80
 2089 080c 81       		.byte	-127
 2090 080d 10       		.byte	16
 2091 080e 9D       		.byte	-99
 2092 080f 10       		.byte	16
 2093 0810 E6       		.byte	-26
 2094 0811 20       		.byte	32
 2095 0812 0B       		.byte	11
 2096 0813 02       		.byte	2
 2097 0814 97       		.byte	-105
 2098 0815 02       		.byte	2
 2099 0816 A7       		.byte	-89
 2100 0817 02       		.byte	2
 2101 0818 C2       		.byte	-62
 2102 0819 02       		.byte	2
 2103 081a 12       		.byte	18
 2104 081b 80       		.byte	-128
 2105 081c 71       		.byte	113
 2106 081d 02       		.byte	2
 2107 081e 81       		.byte	-127
 2108 081f 02       		.byte	2
 2109 0820 8B       		.byte	-117
ARM GAS  C:\Users\gaeta\AppData\Local\Temp\ccfO19fW.s 			page 38


 2110 0821 02       		.byte	2
 2111 0822 8E       		.byte	-114
 2112 0823 80       		.byte	-128
 2113 0824 A7       		.byte	-89
 2114 0825 02       		.byte	2
 2115 0826 C4       		.byte	-60
 2116 0827 08       		.byte	8
 2117 0828 DC       		.byte	-36
 2118 0829 01       		.byte	1
 2119 082a E2       		.byte	-30
 2120 082b 02       		.byte	2
 2121 082c E4       		.byte	-28
 2122 082d 01       		.byte	1
 2123 082e 00       		.byte	0
 2124 082f 4E       		.byte	78
 2125 0830 0A       		.byte	10
 2126 0831 06       		.byte	6
 2127 0832 0C       		.byte	12
 2128 0833 4A       		.byte	74
 2129 0834 10       		.byte	16
 2130 0835 2E       		.byte	46
 2131 0836 1A       		.byte	26
 2132 0837 2C       		.byte	44
 2133 0838 1C       		.byte	28
 2134 0839 2A       		.byte	42
 2135 083a 00       		.byte	0
 2136 083b FF       		.byte	-1
 2137 083c 01       		.byte	1
 2138 083d 0F       		.byte	15
 2139 083e 00       		.byte	0
 2140 083f 00       		.byte	0
 2141 0840 08       		.byte	8
 2142 0841 8C       		.byte	-116
 2143 0842 00       		.byte	0
 2144 0843 00       		.byte	0
 2145 0844 40       		.byte	64
 2146 0845 00       		.byte	0
 2147 0846 00       		.byte	0
 2148 0847 00       		.byte	0
 2149 0848 24       		.byte	36
 2150 0849 00       		.byte	0
 2151 084a 00       		.byte	0
 2152 084b 00       		.byte	0
 2153 084c 00       		.byte	0
 2154 084d 00       		.byte	0
 2155 084e 00       		.byte	0
 2156 084f 00       		.byte	0
 2157 0850 24       		.byte	36
 2158 0851 00       		.byte	0
 2159 0852 00       		.byte	0
 2160 0853 00       		.byte	0
 2161 0854 00       		.byte	0
 2162 0855 00       		.byte	0
 2163 0856 00       		.byte	0
 2164 0857 00       		.byte	0
 2165 0858 04       		.byte	4
 2166 0859 0B       		.byte	11
ARM GAS  C:\Users\gaeta\AppData\Local\Temp\ccfO19fW.s 			page 39


 2167 085a 20       		.byte	32
 2168 085b 10       		.byte	16
 2169 085c 20       		.byte	32
 2170 085d 19       		.byte	25
 2171 085e 04       		.byte	4
 2172 085f 06       		.byte	6
 2173 0860 04       		.byte	4
 2174 0861 00       		.byte	0
 2175 0862 00       		.byte	0
 2176 0863 0C       		.byte	12
 2177 0864 00       		.byte	0
 2178 0865 00       		.byte	0
 2179 0866 00       		.byte	0
 2180 0867 00       		.byte	0
 2181 0868 02       		.byte	2
 2182 0869 00       		.byte	0
 2183 086a 29       		.byte	41
 2184 086b 00       		.byte	0
 2185 086c 07       		.byte	7
 2186 086d 00       		.byte	0
 2187 086e 30       		.byte	48
 2188 086f 00       		.byte	0
 2189 0870 07       		.byte	7
 2190 0871 15       		.byte	21
 2191 0872 18       		.byte	24
 2192 0873 0A       		.byte	10
 2193 0874 24       		.byte	36
 2194 0875 00       		.byte	0
 2195 0876 00       		.byte	0
 2196 0877 10       		.byte	16
 2197 0878 3E       		.byte	62
 2198 0879 00       		.byte	0
 2199 087a 00       		.byte	0
 2200 087b 02       		.byte	2
 2201 087c 01       		.byte	1
 2202 087d 1C       		.byte	28
 2203 087e 00       		.byte	0
 2204 087f 01       		.byte	1
 2205 0880 22       		.byte	34
 2206 0881 00       		.byte	0
 2207 0882 00       		.byte	0
 2208 0883 00       		.byte	0
 2209 0884 00       		.byte	0
 2210 0885 00       		.byte	0
 2211 0886 00       		.byte	0
 2212 0887 44       		.byte	68
 2213 0888 46       		.byte	70
 2214 0889 05       		.byte	5
 2215 088a 30       		.byte	48
 2216 088b 00       		.byte	0
 2217 088c 02       		.byte	2
 2218 088d DE       		.byte	-34
 2219 088e C0       		.byte	-64
 2220 088f BF       		.byte	-65
 2221 0890 3B       		.byte	59
 2222 0891 FF       		.byte	-1
 2223 0892 FF       		.byte	-1
ARM GAS  C:\Users\gaeta\AppData\Local\Temp\ccfO19fW.s 			page 40


 2224 0893 FF       		.byte	-1
 2225 0894 22       		.byte	34
 2226 0895 00       		.byte	0
 2227 0896 F0       		.byte	-16
 2228 0897 0C       		.byte	12
 2229 0898 04       		.byte	4
 2230 0899 00       		.byte	0
 2231 089a 00       		.byte	0
 2232 089b 00       		.byte	0
 2233 089c 09       		.byte	9
 2234 089d 00       		.byte	0
 2235 089e 04       		.byte	4
 2236 089f 00       		.byte	0
 2237 08a0 04       		.byte	4
 2238 08a1 04       		.byte	4
 2239 08a2 04       		.byte	4
 2240 08a3 04       		.byte	4
 2241 08a4 22       		.byte	34
 2242 08a5 22       		.byte	34
 2243 08a6 00       		.byte	0
 2244 08a7 01       		.byte	1
 2245 08a8 00       		.byte	0
 2246 08a9 00       		.byte	0
 2247 08aa C0       		.byte	-64
 2248 08ab 00       		.byte	0
 2249 08ac 40       		.byte	64
 2250 08ad 01       		.byte	1
 2251 08ae 10       		.byte	16
 2252 08af 11       		.byte	17
 2253 08b0 C0       		.byte	-64
 2254 08b1 01       		.byte	1
 2255 08b2 00       		.byte	0
 2256 08b3 11       		.byte	17
 2257 08b4 40       		.byte	64
 2258 08b5 01       		.byte	1
 2259 08b6 40       		.byte	64
 2260 08b7 01       		.byte	1
 2261 08b8 00       		.byte	0
 2262 08b9 00       		.byte	0
 2263 08ba 00       		.byte	0
 2264 08bb 00       		.byte	0
 2265 08bc 00       		.byte	0
 2266 08bd 00       		.byte	0
 2267 08be 00       		.byte	0
 2268 08bf 00       		.byte	0
 2269 08c0 00       		.byte	0
 2270 08c1 00       		.byte	0
 2271 08c2 00       		.byte	0
 2272 08c3 00       		.byte	0
 2273 08c4 00       		.byte	0
 2274 08c5 00       		.byte	0
 2275 08c6 00       		.byte	0
 2276 08c7 00       		.byte	0
 2277 08c8 84       		.byte	-124
 2278 08c9 65       		.byte	101
 2279 08ca 00       		.byte	0
 2280 08cb 1A       		.byte	26
ARM GAS  C:\Users\gaeta\AppData\Local\Temp\ccfO19fW.s 			page 41


 2281 08cc 80       		.byte	-128
 2282 08cd 00       		.byte	0
 2283 08ce 04       		.byte	4
 2284 08cf 00       		.byte	0
 2285 08d0 56       		.byte	86
 2286 08d1 40       		.byte	64
 2287 08d2 09       		.byte	9
 2288 08d3 00       		.byte	0
 2289 08d4 84       		.byte	-124
 2290 08d5 00       		.byte	0
 2291 08d6 00       		.byte	0
 2292 08d7 00       		.byte	0
 2293 08d8 04       		.byte	4
 2294 08d9 00       		.byte	0
 2295 08da 00       		.byte	0
 2296 08db 00       		.byte	0
 2297 08dc 01       		.byte	1
 2298 08dd 49       		.byte	73
 2299 08de 00       		.byte	0
 2300 08df 06       		.byte	6
 2301 08e0 60       		.byte	96
 2302 08e1 02       		.byte	2
 2303 08e2 00       		.byte	0
 2304 08e3 0D       		.byte	13
 2305 08e4 0A       		.byte	10
 2306 08e5 00       		.byte	0
 2307 08e6 10       		.byte	16
 2308 08e7 00       		.byte	0
 2309 08e8 04       		.byte	4
 2310 08e9 00       		.byte	0
 2311 08ea 80       		.byte	-128
 2312 08eb 00       		.byte	0
 2313 08ec 07       		.byte	7
 2314 08ed 13       		.byte	19
 2315 08ee 38       		.byte	56
 2316 08ef 2C       		.byte	44
 2317 08f0 84       		.byte	-124
 2318 08f1 00       		.byte	0
 2319 08f2 00       		.byte	0
 2320 08f3 00       		.byte	0
 2321 08f4 00       		.byte	0
 2322 08f5 00       		.byte	0
 2323 08f6 00       		.byte	0
 2324 08f7 00       		.byte	0
 2325 08f8 02       		.byte	2
 2326 08f9 00       		.byte	0
 2327 08fa 7F       		.byte	127
 2328 08fb 70       		.byte	112
 2329 08fc 00       		.byte	0
 2330 08fd 0F       		.byte	15
 2331 08fe 80       		.byte	-128
 2332 08ff 00       		.byte	0
 2333 0900 08       		.byte	8
 2334 0901 00       		.byte	0
 2335 0902 00       		.byte	0
 2336 0903 28       		.byte	40
 2337 0904 00       		.byte	0
ARM GAS  C:\Users\gaeta\AppData\Local\Temp\ccfO19fW.s 			page 42


 2338 0905 00       		.byte	0
 2339 0906 41       		.byte	65
 2340 0907 00       		.byte	0
 2341 0908 46       		.byte	70
 2342 0909 03       		.byte	3
 2343 090a 50       		.byte	80
 2344 090b 00       		.byte	0
 2345 090c 02       		.byte	2
 2346 090d FE       		.byte	-2
 2347 090e C0       		.byte	-64
 2348 090f DB       		.byte	-37
 2349 0910 3B       		.byte	59
 2350 0911 FF       		.byte	-1
 2351 0912 FF       		.byte	-1
 2352 0913 FF       		.byte	-1
 2353 0914 22       		.byte	34
 2354 0915 00       		.byte	0
 2355 0916 F0       		.byte	-16
 2356 0917 08       		.byte	8
 2357 0918 04       		.byte	4
 2358 0919 00       		.byte	0
 2359 091a 00       		.byte	0
 2360 091b 00       		.byte	0
 2361 091c 00       		.byte	0
 2362 091d 00       		.byte	0
 2363 091e 02       		.byte	2
 2364 091f 24       		.byte	36
 2365 0920 04       		.byte	4
 2366 0921 04       		.byte	4
 2367 0922 04       		.byte	4
 2368 0923 04       		.byte	4
 2369 0924 11       		.byte	17
 2370 0925 11       		.byte	17
 2371 0926 00       		.byte	0
 2372 0927 01       		.byte	1
 2373 0928 00       		.byte	0
 2374 0929 00       		.byte	0
 2375 092a C0       		.byte	-64
 2376 092b 00       		.byte	0
 2377 092c 40       		.byte	64
 2378 092d 01       		.byte	1
 2379 092e 10       		.byte	16
 2380 092f 11       		.byte	17
 2381 0930 C0       		.byte	-64
 2382 0931 01       		.byte	1
 2383 0932 00       		.byte	0
 2384 0933 11       		.byte	17
 2385 0934 40       		.byte	64
 2386 0935 01       		.byte	1
 2387 0936 40       		.byte	64
 2388 0937 01       		.byte	1
 2389 0938 00       		.byte	0
 2390 0939 00       		.byte	0
 2391 093a 00       		.byte	0
 2392 093b 00       		.byte	0
 2393 093c 00       		.byte	0
 2394 093d 00       		.byte	0
ARM GAS  C:\Users\gaeta\AppData\Local\Temp\ccfO19fW.s 			page 43


 2395 093e 00       		.byte	0
 2396 093f 00       		.byte	0
 2397 0940 00       		.byte	0
 2398 0941 00       		.byte	0
 2399 0942 00       		.byte	0
 2400 0943 00       		.byte	0
 2401 0944 00       		.byte	0
 2402 0945 00       		.byte	0
 2403 0946 00       		.byte	0
 2404 0947 00       		.byte	0
 2405 0948 00       		.byte	0
 2406 0949 61       		.byte	97
 2407 094a 61       		.byte	97
 2408 094b 00       		.byte	0
 2409 094c 60       		.byte	96
 2410 094d 00       		.byte	0
 2411 094e 00       		.byte	0
 2412 094f 00       		.byte	0
 2413 0950 84       		.byte	-124
 2414 0951 00       		.byte	0
 2415 0952 40       		.byte	64
 2416 0953 8C       		.byte	-116
 2417 0954 8C       		.byte	-116
 2418 0955 00       		.byte	0
 2419 0956 8C       		.byte	-116
 2420 0957 00       		.byte	0
 2421 0958 00       		.byte	0
 2422 0959 00       		.byte	0
 2423 095a 00       		.byte	0
 2424 095b 00       		.byte	0
 2425 095c 80       		.byte	-128
 2426 095d 00       		.byte	0
 2427 095e 40       		.byte	64
 2428 095f 8B       		.byte	-117
 2429 0960 8B       		.byte	-117
 2430 0961 00       		.byte	0
 2431 0962 00       		.byte	0
 2432 0963 00       		.byte	0
 2433 0964 00       		.byte	0
 2434 0965 00       		.byte	0
 2435 0966 00       		.byte	0
 2436 0967 00       		.byte	0
 2437 0968 14       		.byte	20
 2438 0969 00       		.byte	0
 2439 096a 01       		.byte	1
 2440 096b 16       		.byte	22
 2441 096c 12       		.byte	18
 2442 096d 00       		.byte	0
 2443 096e 02       		.byte	2
 2444 096f 00       		.byte	0
 2445 0970 00       		.byte	0
 2446 0971 00       		.byte	0
 2447 0972 00       		.byte	0
 2448 0973 00       		.byte	0
 2449 0974 00       		.byte	0
 2450 0975 00       		.byte	0
 2451 0976 00       		.byte	0
ARM GAS  C:\Users\gaeta\AppData\Local\Temp\ccfO19fW.s 			page 44


 2452 0977 00       		.byte	0
 2453 0978 00       		.byte	0
 2454 0979 00       		.byte	0
 2455 097a 10       		.byte	16
 2456 097b 00       		.byte	0
 2457 097c 25       		.byte	37
 2458 097d 00       		.byte	0
 2459 097e 18       		.byte	24
 2460 097f 01       		.byte	1
 2461              		.section	.cywolatch,"a",%progbits
 2462              		.align	2
 2463              		.type	cy_meta_wonvl, %object
 2464              		.size	cy_meta_wonvl, 4
 2465              	cy_meta_wonvl:
 2466 0000 BC       		.byte	-68
 2467 0001 90       		.byte	-112
 2468 0002 AC       		.byte	-84
 2469 0003 AF       		.byte	-81
 2470              		.section	.cycustnvl,"a",%progbits
 2471              		.align	2
 2472              		.type	cy_meta_custnvl, %object
 2473              		.size	cy_meta_custnvl, 4
 2474              	cy_meta_custnvl:
 2475 0000 00       		.byte	0
 2476 0001 00       		.byte	0
 2477 0002 40       		.byte	64
 2478 0003 05       		.byte	5
 2479              		.section	.cymeta,"a",%progbits
 2480              		.align	2
 2481              		.type	cy_metadata, %object
 2482              		.size	cy_metadata, 12
 2483              	cy_metadata:
 2484 0000 00       		.byte	0
 2485 0001 01       		.byte	1
 2486 0002 2E       		.byte	46
 2487 0003 16       		.byte	22
 2488 0004 10       		.byte	16
 2489 0005 69       		.byte	105
 2490 0006 00       		.byte	0
 2491 0007 01       		.byte	1
 2492 0008 00       		.byte	0
 2493 0009 00       		.byte	0
 2494 000a 00       		.byte	0
 2495 000b 00       		.byte	0
 2496              		.section	.cyflashprotect,"a",%progbits
 2497              		.align	2
 2498              		.type	cy_meta_flashprotect, %object
 2499              		.size	cy_meta_flashprotect, 256
 2500              	cy_meta_flashprotect:
 2501 0000 00000000 		.space	256
 2501      00000000 
 2501      00000000 
 2501      00000000 
 2501      00000000 
 2502              		.text
 2503              	.Letext0:
 2504              		.file 1 "c:\\program files (x86)\\cypress\\psoc creator\\4.3\\psoc creator\\import\\gnu\\arm\\5.4.
ARM GAS  C:\Users\gaeta\AppData\Local\Temp\ccfO19fW.s 			page 45


 2505              		.file 2 "c:\\program files (x86)\\cypress\\psoc creator\\4.3\\psoc creator\\import\\gnu\\arm\\5.4.
 2506              		.file 3 "Generated_Source\\PSoC5\\cymetadata.c"
 2507              		.section	.debug_info,"",%progbits
 2508              	.Ldebug_info0:
 2509 0000 35010000 		.4byte	0x135
 2510 0004 0400     		.2byte	0x4
 2511 0006 00000000 		.4byte	.Ldebug_abbrev0
 2512 000a 04       		.byte	0x4
 2513 000b 01       		.uleb128 0x1
 2514 000c 24000000 		.4byte	.LASF17
 2515 0010 0C       		.byte	0xc
 2516 0011 E4010000 		.4byte	.LASF18
 2517 0015 25010000 		.4byte	.LASF19
 2518 0019 00000000 		.4byte	.Ldebug_line0
 2519 001d 02       		.uleb128 0x2
 2520 001e 01       		.byte	0x1
 2521 001f 06       		.byte	0x6
 2522 0020 D8010000 		.4byte	.LASF0
 2523 0024 03       		.uleb128 0x3
 2524 0025 00000000 		.4byte	.LASF9
 2525 0029 01       		.byte	0x1
 2526 002a 1D       		.byte	0x1d
 2527 002b 2F000000 		.4byte	0x2f
 2528 002f 02       		.uleb128 0x2
 2529 0030 01       		.byte	0x1
 2530 0031 08       		.byte	0x8
 2531 0032 16000000 		.4byte	.LASF1
 2532 0036 02       		.uleb128 0x2
 2533 0037 02       		.byte	0x2
 2534 0038 05       		.byte	0x5
 2535 0039 C5010000 		.4byte	.LASF2
 2536 003d 02       		.uleb128 0x2
 2537 003e 02       		.byte	0x2
 2538 003f 07       		.byte	0x7
 2539 0040 C4000000 		.4byte	.LASF3
 2540 0044 02       		.uleb128 0x2
 2541 0045 04       		.byte	0x4
 2542 0046 05       		.byte	0x5
 2543 0047 CF010000 		.4byte	.LASF4
 2544 004b 02       		.uleb128 0x2
 2545 004c 04       		.byte	0x4
 2546 004d 07       		.byte	0x7
 2547 004e B2000000 		.4byte	.LASF5
 2548 0052 02       		.uleb128 0x2
 2549 0053 08       		.byte	0x8
 2550 0054 05       		.byte	0x5
 2551 0055 B7010000 		.4byte	.LASF6
 2552 0059 02       		.uleb128 0x2
 2553 005a 08       		.byte	0x8
 2554 005b 07       		.byte	0x7
 2555 005c 06010000 		.4byte	.LASF7
 2556 0060 04       		.uleb128 0x4
 2557 0061 04       		.byte	0x4
 2558 0062 05       		.byte	0x5
 2559 0063 696E7400 		.ascii	"int\000"
 2560 0067 02       		.uleb128 0x2
 2561 0068 04       		.byte	0x4
ARM GAS  C:\Users\gaeta\AppData\Local\Temp\ccfO19fW.s 			page 46


 2562 0069 07       		.byte	0x7
 2563 006a F9000000 		.4byte	.LASF8
 2564 006e 03       		.uleb128 0x3
 2565 006f 1D010000 		.4byte	.LASF10
 2566 0073 02       		.byte	0x2
 2567 0074 18       		.byte	0x18
 2568 0075 24000000 		.4byte	0x24
 2569 0079 05       		.uleb128 0x5
 2570 007a 91000000 		.4byte	0x91
 2571 007e 8A000000 		.4byte	0x8a
 2572 0082 06       		.uleb128 0x6
 2573 0083 8A000000 		.4byte	0x8a
 2574 0087 7F09     		.2byte	0x97f
 2575 0089 00       		.byte	0
 2576 008a 02       		.uleb128 0x2
 2577 008b 04       		.byte	0x4
 2578 008c 07       		.byte	0x7
 2579 008d AE010000 		.4byte	.LASF11
 2580 0091 07       		.uleb128 0x7
 2581 0092 6E000000 		.4byte	0x6e
 2582 0096 08       		.uleb128 0x8
 2583 0097 E7000000 		.4byte	.LASF12
 2584 009b 03       		.byte	0x3
 2585 009c 1F       		.byte	0x1f
 2586 009d A7000000 		.4byte	0xa7
 2587 00a1 05       		.uleb128 0x5
 2588 00a2 03       		.byte	0x3
 2589 00a3 00000000 		.4byte	cy_meta_configecc
 2590 00a7 07       		.uleb128 0x7
 2591 00a8 79000000 		.4byte	0x79
 2592 00ac 05       		.uleb128 0x5
 2593 00ad 91000000 		.4byte	0x91
 2594 00b1 BC000000 		.4byte	0xbc
 2595 00b5 09       		.uleb128 0x9
 2596 00b6 8A000000 		.4byte	0x8a
 2597 00ba 03       		.byte	0x3
 2598 00bb 00       		.byte	0
 2599 00bc 0A       		.uleb128 0xa
 2600 00bd D7000000 		.4byte	.LASF13
 2601 00c1 03       		.byte	0x3
 2602 00c2 5C01     		.2byte	0x15c
 2603 00c4 CE000000 		.4byte	0xce
 2604 00c8 05       		.uleb128 0x5
 2605 00c9 03       		.byte	0x3
 2606 00ca 00000000 		.4byte	cy_meta_custnvl
 2607 00ce 07       		.uleb128 0x7
 2608 00cf AC000000 		.4byte	0xac
 2609 00d3 0A       		.uleb128 0xa
 2610 00d4 A0010000 		.4byte	.LASF14
 2611 00d8 03       		.byte	0x3
 2612 00d9 6A01     		.2byte	0x16a
 2613 00db E5000000 		.4byte	0xe5
 2614 00df 05       		.uleb128 0x5
 2615 00e0 03       		.byte	0x3
 2616 00e1 00000000 		.4byte	cy_meta_wonvl
 2617 00e5 07       		.uleb128 0x7
 2618 00e6 AC000000 		.4byte	0xac
ARM GAS  C:\Users\gaeta\AppData\Local\Temp\ccfO19fW.s 			page 47


 2619 00ea 05       		.uleb128 0x5
 2620 00eb 91000000 		.4byte	0x91
 2621 00ef FA000000 		.4byte	0xfa
 2622 00f3 09       		.uleb128 0x9
 2623 00f4 8A000000 		.4byte	0x8a
 2624 00f8 FF       		.byte	0xff
 2625 00f9 00       		.byte	0
 2626 00fa 0A       		.uleb128 0xa
 2627 00fb 8B010000 		.4byte	.LASF15
 2628 00ff 03       		.byte	0x3
 2629 0100 7801     		.2byte	0x178
 2630 0102 0C010000 		.4byte	0x10c
 2631 0106 05       		.uleb128 0x5
 2632 0107 03       		.byte	0x3
 2633 0108 00000000 		.4byte	cy_meta_flashprotect
 2634 010c 07       		.uleb128 0x7
 2635 010d EA000000 		.4byte	0xea
 2636 0111 05       		.uleb128 0x5
 2637 0112 91000000 		.4byte	0x91
 2638 0116 21010000 		.4byte	0x121
 2639 011a 09       		.uleb128 0x9
 2640 011b 8A000000 		.4byte	0x8a
 2641 011f 0B       		.byte	0xb
 2642 0120 00       		.byte	0
 2643 0121 0A       		.uleb128 0xa
 2644 0122 0A000000 		.4byte	.LASF16
 2645 0126 03       		.byte	0x3
 2646 0127 A501     		.2byte	0x1a5
 2647 0129 33010000 		.4byte	0x133
 2648 012d 05       		.uleb128 0x5
 2649 012e 03       		.byte	0x3
 2650 012f 00000000 		.4byte	cy_metadata
 2651 0133 07       		.uleb128 0x7
 2652 0134 11010000 		.4byte	0x111
 2653 0138 00       		.byte	0
 2654              		.section	.debug_abbrev,"",%progbits
 2655              	.Ldebug_abbrev0:
 2656 0000 01       		.uleb128 0x1
 2657 0001 11       		.uleb128 0x11
 2658 0002 01       		.byte	0x1
 2659 0003 25       		.uleb128 0x25
 2660 0004 0E       		.uleb128 0xe
 2661 0005 13       		.uleb128 0x13
 2662 0006 0B       		.uleb128 0xb
 2663 0007 03       		.uleb128 0x3
 2664 0008 0E       		.uleb128 0xe
 2665 0009 1B       		.uleb128 0x1b
 2666 000a 0E       		.uleb128 0xe
 2667 000b 10       		.uleb128 0x10
 2668 000c 17       		.uleb128 0x17
 2669 000d 00       		.byte	0
 2670 000e 00       		.byte	0
 2671 000f 02       		.uleb128 0x2
 2672 0010 24       		.uleb128 0x24
 2673 0011 00       		.byte	0
 2674 0012 0B       		.uleb128 0xb
 2675 0013 0B       		.uleb128 0xb
ARM GAS  C:\Users\gaeta\AppData\Local\Temp\ccfO19fW.s 			page 48


 2676 0014 3E       		.uleb128 0x3e
 2677 0015 0B       		.uleb128 0xb
 2678 0016 03       		.uleb128 0x3
 2679 0017 0E       		.uleb128 0xe
 2680 0018 00       		.byte	0
 2681 0019 00       		.byte	0
 2682 001a 03       		.uleb128 0x3
 2683 001b 16       		.uleb128 0x16
 2684 001c 00       		.byte	0
 2685 001d 03       		.uleb128 0x3
 2686 001e 0E       		.uleb128 0xe
 2687 001f 3A       		.uleb128 0x3a
 2688 0020 0B       		.uleb128 0xb
 2689 0021 3B       		.uleb128 0x3b
 2690 0022 0B       		.uleb128 0xb
 2691 0023 49       		.uleb128 0x49
 2692 0024 13       		.uleb128 0x13
 2693 0025 00       		.byte	0
 2694 0026 00       		.byte	0
 2695 0027 04       		.uleb128 0x4
 2696 0028 24       		.uleb128 0x24
 2697 0029 00       		.byte	0
 2698 002a 0B       		.uleb128 0xb
 2699 002b 0B       		.uleb128 0xb
 2700 002c 3E       		.uleb128 0x3e
 2701 002d 0B       		.uleb128 0xb
 2702 002e 03       		.uleb128 0x3
 2703 002f 08       		.uleb128 0x8
 2704 0030 00       		.byte	0
 2705 0031 00       		.byte	0
 2706 0032 05       		.uleb128 0x5
 2707 0033 01       		.uleb128 0x1
 2708 0034 01       		.byte	0x1
 2709 0035 49       		.uleb128 0x49
 2710 0036 13       		.uleb128 0x13
 2711 0037 01       		.uleb128 0x1
 2712 0038 13       		.uleb128 0x13
 2713 0039 00       		.byte	0
 2714 003a 00       		.byte	0
 2715 003b 06       		.uleb128 0x6
 2716 003c 21       		.uleb128 0x21
 2717 003d 00       		.byte	0
 2718 003e 49       		.uleb128 0x49
 2719 003f 13       		.uleb128 0x13
 2720 0040 2F       		.uleb128 0x2f
 2721 0041 05       		.uleb128 0x5
 2722 0042 00       		.byte	0
 2723 0043 00       		.byte	0
 2724 0044 07       		.uleb128 0x7
 2725 0045 26       		.uleb128 0x26
 2726 0046 00       		.byte	0
 2727 0047 49       		.uleb128 0x49
 2728 0048 13       		.uleb128 0x13
 2729 0049 00       		.byte	0
 2730 004a 00       		.byte	0
 2731 004b 08       		.uleb128 0x8
 2732 004c 34       		.uleb128 0x34
ARM GAS  C:\Users\gaeta\AppData\Local\Temp\ccfO19fW.s 			page 49


 2733 004d 00       		.byte	0
 2734 004e 03       		.uleb128 0x3
 2735 004f 0E       		.uleb128 0xe
 2736 0050 3A       		.uleb128 0x3a
 2737 0051 0B       		.uleb128 0xb
 2738 0052 3B       		.uleb128 0x3b
 2739 0053 0B       		.uleb128 0xb
 2740 0054 49       		.uleb128 0x49
 2741 0055 13       		.uleb128 0x13
 2742 0056 3F       		.uleb128 0x3f
 2743 0057 19       		.uleb128 0x19
 2744 0058 02       		.uleb128 0x2
 2745 0059 18       		.uleb128 0x18
 2746 005a 00       		.byte	0
 2747 005b 00       		.byte	0
 2748 005c 09       		.uleb128 0x9
 2749 005d 21       		.uleb128 0x21
 2750 005e 00       		.byte	0
 2751 005f 49       		.uleb128 0x49
 2752 0060 13       		.uleb128 0x13
 2753 0061 2F       		.uleb128 0x2f
 2754 0062 0B       		.uleb128 0xb
 2755 0063 00       		.byte	0
 2756 0064 00       		.byte	0
 2757 0065 0A       		.uleb128 0xa
 2758 0066 34       		.uleb128 0x34
 2759 0067 00       		.byte	0
 2760 0068 03       		.uleb128 0x3
 2761 0069 0E       		.uleb128 0xe
 2762 006a 3A       		.uleb128 0x3a
 2763 006b 0B       		.uleb128 0xb
 2764 006c 3B       		.uleb128 0x3b
 2765 006d 05       		.uleb128 0x5
 2766 006e 49       		.uleb128 0x49
 2767 006f 13       		.uleb128 0x13
 2768 0070 3F       		.uleb128 0x3f
 2769 0071 19       		.uleb128 0x19
 2770 0072 02       		.uleb128 0x2
 2771 0073 18       		.uleb128 0x18
 2772 0074 00       		.byte	0
 2773 0075 00       		.byte	0
 2774 0076 00       		.byte	0
 2775              		.section	.debug_aranges,"",%progbits
 2776 0000 14000000 		.4byte	0x14
 2777 0004 0200     		.2byte	0x2
 2778 0006 00000000 		.4byte	.Ldebug_info0
 2779 000a 04       		.byte	0x4
 2780 000b 00       		.byte	0
 2781 000c 0000     		.2byte	0
 2782 000e 0000     		.2byte	0
 2783 0010 00000000 		.4byte	0
 2784 0014 00000000 		.4byte	0
 2785              		.section	.debug_line,"",%progbits
 2786              	.Ldebug_line0:
 2787 0000 3D010000 		.section	.debug_str,"MS",%progbits,1
 2787      02003701 
 2787      00000201 
ARM GAS  C:\Users\gaeta\AppData\Local\Temp\ccfO19fW.s 			page 50


 2787      FB0E0D00 
 2787      01010101 
 2788              	.LASF9:
 2789 0000 5F5F7569 		.ascii	"__uint8_t\000"
 2789      6E74385F 
 2789      7400
 2790              	.LASF16:
 2791 000a 63795F6D 		.ascii	"cy_metadata\000"
 2791      65746164 
 2791      61746100 
 2792              	.LASF1:
 2793 0016 756E7369 		.ascii	"unsigned char\000"
 2793      676E6564 
 2793      20636861 
 2793      7200
 2794              	.LASF17:
 2795 0024 474E5520 		.ascii	"GNU C11 5.4.1 20160609 (release) [ARM/embedded-5-br"
 2795      43313120 
 2795      352E342E 
 2795      31203230 
 2795      31363036 
 2796 0057 616E6368 		.ascii	"anch revision 237715] -mcpu=cortex-m3 -mthumb -g -O"
 2796      20726576 
 2796      6973696F 
 2796      6E203233 
 2796      37373135 
 2797 008a 67202D66 		.ascii	"g -ffunction-sections -ffat-lto-objects\000"
 2797      66756E63 
 2797      74696F6E 
 2797      2D736563 
 2797      74696F6E 
 2798              	.LASF5:
 2799 00b2 6C6F6E67 		.ascii	"long unsigned int\000"
 2799      20756E73 
 2799      69676E65 
 2799      6420696E 
 2799      7400
 2800              	.LASF3:
 2801 00c4 73686F72 		.ascii	"short unsigned int\000"
 2801      7420756E 
 2801      7369676E 
 2801      65642069 
 2801      6E7400
 2802              	.LASF13:
 2803 00d7 63795F6D 		.ascii	"cy_meta_custnvl\000"
 2803      6574615F 
 2803      63757374 
 2803      6E766C00 
 2804              	.LASF12:
 2805 00e7 63795F6D 		.ascii	"cy_meta_configecc\000"
 2805      6574615F 
 2805      636F6E66 
 2805      69676563 
 2805      6300
 2806              	.LASF8:
 2807 00f9 756E7369 		.ascii	"unsigned int\000"
 2807      676E6564 
ARM GAS  C:\Users\gaeta\AppData\Local\Temp\ccfO19fW.s 			page 51


 2807      20696E74 
 2807      00
 2808              	.LASF7:
 2809 0106 6C6F6E67 		.ascii	"long long unsigned int\000"
 2809      206C6F6E 
 2809      6720756E 
 2809      7369676E 
 2809      65642069 
 2810              	.LASF10:
 2811 011d 75696E74 		.ascii	"uint8_t\000"
 2811      385F7400 
 2812              	.LASF19:
 2813 0125 433A5C55 		.ascii	"C:\\Users\\gaeta\\Documents\\PSoC Creator\\PsoC_Fin"
 2813      73657273 
 2813      5C676165 
 2813      74615C44 
 2813      6F63756D 
 2814 0153 616C5F50 		.ascii	"al_Project_1_03\\FIORANI_GARGIULO_IANNUZZI_Project."
 2814      726F6A65 
 2814      63745F31 
 2814      5F30335C 
 2814      46494F52 
 2815 0185 63796473 		.ascii	"cydsn\000"
 2815      6E00
 2816              	.LASF15:
 2817 018b 63795F6D 		.ascii	"cy_meta_flashprotect\000"
 2817      6574615F 
 2817      666C6173 
 2817      6870726F 
 2817      74656374 
 2818              	.LASF14:
 2819 01a0 63795F6D 		.ascii	"cy_meta_wonvl\000"
 2819      6574615F 
 2819      776F6E76 
 2819      6C00
 2820              	.LASF11:
 2821 01ae 73697A65 		.ascii	"sizetype\000"
 2821      74797065 
 2821      00
 2822              	.LASF6:
 2823 01b7 6C6F6E67 		.ascii	"long long int\000"
 2823      206C6F6E 
 2823      6720696E 
 2823      7400
 2824              	.LASF2:
 2825 01c5 73686F72 		.ascii	"short int\000"
 2825      7420696E 
 2825      7400
 2826              	.LASF4:
 2827 01cf 6C6F6E67 		.ascii	"long int\000"
 2827      20696E74 
 2827      00
 2828              	.LASF0:
 2829 01d8 7369676E 		.ascii	"signed char\000"
 2829      65642063 
 2829      68617200 
 2830              	.LASF18:
ARM GAS  C:\Users\gaeta\AppData\Local\Temp\ccfO19fW.s 			page 52


 2831 01e4 47656E65 		.ascii	"Generated_Source\\PSoC5\\cymetadata.c\000"
 2831      72617465 
 2831      645F536F 
 2831      75726365 
 2831      5C50536F 
 2832              		.ident	"GCC: (GNU Tools for ARM Embedded Processors) 5.4.1 20160609 (release) [ARM/embedded-5-bran
