ARM GAS  C:\Users\aless\AppData\Local\Temp\cc3YcqmY.s 			page 1


   1              		.syntax unified
   2              		.cpu cortex-m3
   3              		.fpu softvfp
   4              		.eabi_attribute 20, 1
   5              		.eabi_attribute 21, 1
   6              		.eabi_attribute 23, 3
   7              		.eabi_attribute 24, 1
   8              		.eabi_attribute 25, 1
   9              		.eabi_attribute 26, 1
  10              		.eabi_attribute 30, 1
  11              		.eabi_attribute 34, 1
  12              		.eabi_attribute 18, 4
  13              		.thumb
  14              		.syntax unified
  15              		.file	"LIS3DH_Registers.c"
  16              		.text
  17              	.Ltext0:
  18              		.cfi_sections	.debug_frame
  19              		.section	.text.ACC_readByte,"ax",%progbits
  20              		.align	2
  21              		.global	ACC_readByte
  22              		.thumb
  23              		.thumb_func
  24              		.type	ACC_readByte, %function
  25              	ACC_readByte:
  26              	.LFB0:
  27              		.file 1 "LIS3DH_Registers.c"
   1:LIS3DH_Registers.c **** #include    "LIS3DH_Registers.h"
   2:LIS3DH_Registers.c **** 
   3:LIS3DH_Registers.c **** uint8_t ACC_readByte(uint8_t addr) {
  28              		.loc 1 3 0
  29              		.cfi_startproc
  30              		@ args = 0, pretend = 0, frame = 8
  31              		@ frame_needed = 0, uses_anonymous_args = 0
  32              	.LVL0:
  33 0000 00B5     		push	{lr}
  34              		.cfi_def_cfa_offset 4
  35              		.cfi_offset 14, -4
  36 0002 83B0     		sub	sp, sp, #12
  37              		.cfi_def_cfa_offset 16
   4:LIS3DH_Registers.c **** 
   5:LIS3DH_Registers.c **** 	/* Prepare the TX data packet: instruction + address */
   6:LIS3DH_Registers.c **** 	uint8_t dataTX[1] = { (ACC_SINGLE_READ  | addr) };
  38              		.loc 1 6 0
  39 0004 60F07F00 		orn	r0, r0, #127
  40              	.LVL1:
  41 0008 8DF80400 		strb	r0, [sp, #4]
   7:LIS3DH_Registers.c **** 	
   8:LIS3DH_Registers.c **** 	/* Prepare the RX byte */
   9:LIS3DH_Registers.c **** 	uint8_t dataRX = 0;
  42              		.loc 1 9 0
  43 000c 02AA     		add	r2, sp, #8
  44 000e 0023     		movs	r3, #0
  45 0010 02F8053D 		strb	r3, [r2, #-5]!
  10:LIS3DH_Registers.c **** 	
  11:LIS3DH_Registers.c **** 	/* Read 1 byte from addr */
  12:LIS3DH_Registers.c **** 	ACC_SPI_Interface_Multi_RW(dataTX, 1, &dataRX, 1);
ARM GAS  C:\Users\aless\AppData\Local\Temp\cc3YcqmY.s 			page 2


  46              		.loc 1 12 0
  47 0014 0123     		movs	r3, #1
  48 0016 1946     		mov	r1, r3
  49 0018 01A8     		add	r0, sp, #4
  50 001a FFF7FEFF 		bl	ACC_SPI_Interface_Multi_RW
  51              	.LVL2:
  13:LIS3DH_Registers.c **** 	
  14:LIS3DH_Registers.c **** 	return dataRX;
  15:LIS3DH_Registers.c ****     
  16:LIS3DH_Registers.c **** }
  52              		.loc 1 16 0
  53 001e 9DF80300 		ldrb	r0, [sp, #3]	@ zero_extendqisi2
  54 0022 03B0     		add	sp, sp, #12
  55              		.cfi_def_cfa_offset 4
  56              		@ sp needed
  57 0024 5DF804FB 		ldr	pc, [sp], #4
  58              		.cfi_endproc
  59              	.LFE0:
  60              		.size	ACC_readByte, .-ACC_readByte
  61              		.section	.text.ACC_writeByte,"ax",%progbits
  62              		.align	2
  63              		.global	ACC_writeByte
  64              		.thumb
  65              		.thumb_func
  66              		.type	ACC_writeByte, %function
  67              	ACC_writeByte:
  68              	.LFB1:
  17:LIS3DH_Registers.c **** 
  18:LIS3DH_Registers.c **** void ACC_writeByte(uint8_t addr, uint8_t dataByte) {
  69              		.loc 1 18 0
  70              		.cfi_startproc
  71              		@ args = 0, pretend = 0, frame = 8
  72              		@ frame_needed = 0, uses_anonymous_args = 0
  73              	.LVL3:
  74 0000 00B5     		push	{lr}
  75              		.cfi_def_cfa_offset 4
  76              		.cfi_offset 14, -4
  77 0002 83B0     		sub	sp, sp, #12
  78              		.cfi_def_cfa_offset 16
  19:LIS3DH_Registers.c ****     
  20:LIS3DH_Registers.c **** 	/* Prepare the TX packet */
  21:LIS3DH_Registers.c ****     uint8_t dataTX[2] = { (ACC_SINGLE_WRITE | addr) , dataByte};
  79              		.loc 1 21 0
  80 0004 8DF80400 		strb	r0, [sp, #4]
  81 0008 8DF80510 		strb	r1, [sp, #5]
  22:LIS3DH_Registers.c **** 	/* Nothing to RX... */
  23:LIS3DH_Registers.c **** 	uint8_t temp = 0;
  82              		.loc 1 23 0
  83 000c 0023     		movs	r3, #0
  84 000e 02AA     		add	r2, sp, #8
  85 0010 02F8053D 		strb	r3, [r2, #-5]!
  24:LIS3DH_Registers.c **** 	
  25:LIS3DH_Registers.c **** 	/* Write 1 byte to addr */
  26:LIS3DH_Registers.c **** 	ACC_SPI_Interface_Multi_RW(dataTX, 2, &temp, 0);
  86              		.loc 1 26 0
  87 0014 0221     		movs	r1, #2
  88              	.LVL4:
ARM GAS  C:\Users\aless\AppData\Local\Temp\cc3YcqmY.s 			page 3


  89 0016 01A8     		add	r0, sp, #4
  90              	.LVL5:
  91 0018 FFF7FEFF 		bl	ACC_SPI_Interface_Multi_RW
  92              	.LVL6:
  27:LIS3DH_Registers.c ****     
  28:LIS3DH_Registers.c **** 	    
  29:LIS3DH_Registers.c **** }
  93              		.loc 1 29 0
  94 001c 03B0     		add	sp, sp, #12
  95              		.cfi_def_cfa_offset 4
  96              		@ sp needed
  97 001e 5DF804FB 		ldr	pc, [sp], #4
  98              		.cfi_endproc
  99              	.LFE1:
 100              		.size	ACC_writeByte, .-ACC_writeByte
 101 0022 00BF     		.text
 102              	.Letext0:
 103              		.file 2 "c:\\program files (x86)\\cypress\\psoc creator\\4.3\\psoc creator\\import\\gnu\\arm\\5.4.
 104              		.file 3 "c:\\program files (x86)\\cypress\\psoc creator\\4.3\\psoc creator\\import\\gnu\\arm\\5.4.
 105              		.file 4 "SPI_Interface.h"
 106              		.section	.debug_info,"",%progbits
 107              	.Ldebug_info0:
 108 0000 A1010000 		.4byte	0x1a1
 109 0004 0400     		.2byte	0x4
 110 0006 00000000 		.4byte	.Ldebug_abbrev0
 111 000a 04       		.byte	0x4
 112 000b 01       		.uleb128 0x1
 113 000c 94000000 		.4byte	.LASF21
 114 0010 0C       		.byte	0xc
 115 0011 F0010000 		.4byte	.LASF22
 116 0015 2E000000 		.4byte	.LASF23
 117 0019 00000000 		.4byte	.Ldebug_ranges0+0
 118 001d 00000000 		.4byte	0
 119 0021 00000000 		.4byte	.Ldebug_line0
 120 0025 02       		.uleb128 0x2
 121 0026 01       		.byte	0x1
 122 0027 06       		.byte	0x6
 123 0028 CB010000 		.4byte	.LASF0
 124 002c 03       		.uleb128 0x3
 125 002d 52010000 		.4byte	.LASF9
 126 0031 02       		.byte	0x2
 127 0032 1D       		.byte	0x1d
 128 0033 37000000 		.4byte	0x37
 129 0037 02       		.uleb128 0x2
 130 0038 01       		.byte	0x1
 131 0039 08       		.byte	0x8
 132 003a 69010000 		.4byte	.LASF1
 133 003e 02       		.uleb128 0x2
 134 003f 02       		.byte	0x2
 135 0040 05       		.byte	0x5
 136 0041 A7010000 		.4byte	.LASF2
 137 0045 02       		.uleb128 0x2
 138 0046 02       		.byte	0x2
 139 0047 07       		.byte	0x7
 140 0048 B8010000 		.4byte	.LASF3
 141 004c 02       		.uleb128 0x2
 142 004d 04       		.byte	0x4
ARM GAS  C:\Users\aless\AppData\Local\Temp\cc3YcqmY.s 			page 4


 143 004e 05       		.byte	0x5
 144 004f 83010000 		.4byte	.LASF4
 145 0053 02       		.uleb128 0x2
 146 0054 04       		.byte	0x4
 147 0055 07       		.byte	0x7
 148 0056 22010000 		.4byte	.LASF5
 149 005a 02       		.uleb128 0x2
 150 005b 08       		.byte	0x8
 151 005c 05       		.byte	0x5
 152 005d 00000000 		.4byte	.LASF6
 153 0061 02       		.uleb128 0x2
 154 0062 08       		.byte	0x8
 155 0063 07       		.byte	0x7
 156 0064 3B010000 		.4byte	.LASF7
 157 0068 04       		.uleb128 0x4
 158 0069 04       		.byte	0x4
 159 006a 05       		.byte	0x5
 160 006b 696E7400 		.ascii	"int\000"
 161 006f 02       		.uleb128 0x2
 162 0070 04       		.byte	0x4
 163 0071 07       		.byte	0x7
 164 0072 0E000000 		.4byte	.LASF8
 165 0076 03       		.uleb128 0x3
 166 0077 61010000 		.4byte	.LASF10
 167 007b 03       		.byte	0x3
 168 007c 18       		.byte	0x18
 169 007d 2C000000 		.4byte	0x2c
 170 0081 02       		.uleb128 0x2
 171 0082 04       		.byte	0x4
 172 0083 04       		.byte	0x4
 173 0084 03020000 		.4byte	.LASF11
 174 0088 02       		.uleb128 0x2
 175 0089 08       		.byte	0x8
 176 008a 04       		.byte	0x4
 177 008b B1010000 		.4byte	.LASF12
 178 008f 02       		.uleb128 0x2
 179 0090 01       		.byte	0x1
 180 0091 08       		.byte	0x8
 181 0092 7E010000 		.4byte	.LASF13
 182 0096 02       		.uleb128 0x2
 183 0097 08       		.byte	0x8
 184 0098 04       		.byte	0x4
 185 0099 E4010000 		.4byte	.LASF14
 186 009d 02       		.uleb128 0x2
 187 009e 04       		.byte	0x4
 188 009f 07       		.byte	0x7
 189 00a0 12020000 		.4byte	.LASF15
 190 00a4 05       		.uleb128 0x5
 191 00a5 D7010000 		.4byte	.LASF24
 192 00a9 01       		.byte	0x1
 193 00aa 03       		.byte	0x3
 194 00ab 76000000 		.4byte	0x76
 195 00af 00000000 		.4byte	.LFB0
 196 00b3 28000000 		.4byte	.LFE0-.LFB0
 197 00b7 01       		.uleb128 0x1
 198 00b8 9C       		.byte	0x9c
 199 00b9 09010000 		.4byte	0x109
ARM GAS  C:\Users\aless\AppData\Local\Temp\cc3YcqmY.s 			page 5


 200 00bd 06       		.uleb128 0x6
 201 00be 5C010000 		.4byte	.LASF18
 202 00c2 01       		.byte	0x1
 203 00c3 03       		.byte	0x3
 204 00c4 76000000 		.4byte	0x76
 205 00c8 00000000 		.4byte	.LLST0
 206 00cc 07       		.uleb128 0x7
 207 00cd 77010000 		.4byte	.LASF16
 208 00d1 01       		.byte	0x1
 209 00d2 06       		.byte	0x6
 210 00d3 09010000 		.4byte	0x109
 211 00d7 02       		.uleb128 0x2
 212 00d8 91       		.byte	0x91
 213 00d9 74       		.sleb128 -12
 214 00da 07       		.uleb128 0x7
 215 00db 34010000 		.4byte	.LASF17
 216 00df 01       		.byte	0x1
 217 00e0 09       		.byte	0x9
 218 00e1 76000000 		.4byte	0x76
 219 00e5 02       		.uleb128 0x2
 220 00e6 91       		.byte	0x91
 221 00e7 73       		.sleb128 -13
 222 00e8 08       		.uleb128 0x8
 223 00e9 1E000000 		.4byte	.LVL2
 224 00ed 99010000 		.4byte	0x199
 225 00f1 09       		.uleb128 0x9
 226 00f2 01       		.uleb128 0x1
 227 00f3 50       		.byte	0x50
 228 00f4 02       		.uleb128 0x2
 229 00f5 91       		.byte	0x91
 230 00f6 74       		.sleb128 -12
 231 00f7 09       		.uleb128 0x9
 232 00f8 01       		.uleb128 0x1
 233 00f9 51       		.byte	0x51
 234 00fa 01       		.uleb128 0x1
 235 00fb 31       		.byte	0x31
 236 00fc 09       		.uleb128 0x9
 237 00fd 01       		.uleb128 0x1
 238 00fe 52       		.byte	0x52
 239 00ff 02       		.uleb128 0x2
 240 0100 91       		.byte	0x91
 241 0101 73       		.sleb128 -13
 242 0102 09       		.uleb128 0x9
 243 0103 01       		.uleb128 0x1
 244 0104 53       		.byte	0x53
 245 0105 01       		.uleb128 0x1
 246 0106 31       		.byte	0x31
 247 0107 00       		.byte	0
 248 0108 00       		.byte	0
 249 0109 0A       		.uleb128 0xa
 250 010a 76000000 		.4byte	0x76
 251 010e 19010000 		.4byte	0x119
 252 0112 0B       		.uleb128 0xb
 253 0113 9D000000 		.4byte	0x9d
 254 0117 00       		.byte	0
 255 0118 00       		.byte	0
 256 0119 0C       		.uleb128 0xc
ARM GAS  C:\Users\aless\AppData\Local\Temp\cc3YcqmY.s 			page 6


 257 011a 20000000 		.4byte	.LASF25
 258 011e 01       		.byte	0x1
 259 011f 12       		.byte	0x12
 260 0120 00000000 		.4byte	.LFB1
 261 0124 22000000 		.4byte	.LFE1-.LFB1
 262 0128 01       		.uleb128 0x1
 263 0129 9C       		.byte	0x9c
 264 012a 89010000 		.4byte	0x189
 265 012e 06       		.uleb128 0x6
 266 012f 5C010000 		.4byte	.LASF18
 267 0133 01       		.byte	0x1
 268 0134 12       		.byte	0x12
 269 0135 76000000 		.4byte	0x76
 270 0139 21000000 		.4byte	.LLST1
 271 013d 06       		.uleb128 0x6
 272 013e 09020000 		.4byte	.LASF19
 273 0142 01       		.byte	0x1
 274 0143 12       		.byte	0x12
 275 0144 76000000 		.4byte	0x76
 276 0148 4E000000 		.4byte	.LLST2
 277 014c 07       		.uleb128 0x7
 278 014d 77010000 		.4byte	.LASF16
 279 0151 01       		.byte	0x1
 280 0152 15       		.byte	0x15
 281 0153 89010000 		.4byte	0x189
 282 0157 02       		.uleb128 0x2
 283 0158 91       		.byte	0x91
 284 0159 74       		.sleb128 -12
 285 015a 07       		.uleb128 0x7
 286 015b 1B000000 		.4byte	.LASF20
 287 015f 01       		.byte	0x1
 288 0160 17       		.byte	0x17
 289 0161 76000000 		.4byte	0x76
 290 0165 02       		.uleb128 0x2
 291 0166 91       		.byte	0x91
 292 0167 73       		.sleb128 -13
 293 0168 08       		.uleb128 0x8
 294 0169 1C000000 		.4byte	.LVL6
 295 016d 99010000 		.4byte	0x199
 296 0171 09       		.uleb128 0x9
 297 0172 01       		.uleb128 0x1
 298 0173 50       		.byte	0x50
 299 0174 02       		.uleb128 0x2
 300 0175 91       		.byte	0x91
 301 0176 74       		.sleb128 -12
 302 0177 09       		.uleb128 0x9
 303 0178 01       		.uleb128 0x1
 304 0179 51       		.byte	0x51
 305 017a 01       		.uleb128 0x1
 306 017b 32       		.byte	0x32
 307 017c 09       		.uleb128 0x9
 308 017d 01       		.uleb128 0x1
 309 017e 52       		.byte	0x52
 310 017f 02       		.uleb128 0x2
 311 0180 91       		.byte	0x91
 312 0181 73       		.sleb128 -13
 313 0182 09       		.uleb128 0x9
ARM GAS  C:\Users\aless\AppData\Local\Temp\cc3YcqmY.s 			page 7


 314 0183 01       		.uleb128 0x1
 315 0184 53       		.byte	0x53
 316 0185 01       		.uleb128 0x1
 317 0186 30       		.byte	0x30
 318 0187 00       		.byte	0
 319 0188 00       		.byte	0
 320 0189 0A       		.uleb128 0xa
 321 018a 76000000 		.4byte	0x76
 322 018e 99010000 		.4byte	0x199
 323 0192 0B       		.uleb128 0xb
 324 0193 9D000000 		.4byte	0x9d
 325 0197 01       		.byte	0x1
 326 0198 00       		.byte	0
 327 0199 0D       		.uleb128 0xd
 328 019a 8C010000 		.4byte	.LASF26
 329 019e 8C010000 		.4byte	.LASF26
 330 01a2 04       		.byte	0x4
 331 01a3 5D       		.byte	0x5d
 332 01a4 00       		.byte	0
 333              		.section	.debug_abbrev,"",%progbits
 334              	.Ldebug_abbrev0:
 335 0000 01       		.uleb128 0x1
 336 0001 11       		.uleb128 0x11
 337 0002 01       		.byte	0x1
 338 0003 25       		.uleb128 0x25
 339 0004 0E       		.uleb128 0xe
 340 0005 13       		.uleb128 0x13
 341 0006 0B       		.uleb128 0xb
 342 0007 03       		.uleb128 0x3
 343 0008 0E       		.uleb128 0xe
 344 0009 1B       		.uleb128 0x1b
 345 000a 0E       		.uleb128 0xe
 346 000b 55       		.uleb128 0x55
 347 000c 17       		.uleb128 0x17
 348 000d 11       		.uleb128 0x11
 349 000e 01       		.uleb128 0x1
 350 000f 10       		.uleb128 0x10
 351 0010 17       		.uleb128 0x17
 352 0011 00       		.byte	0
 353 0012 00       		.byte	0
 354 0013 02       		.uleb128 0x2
 355 0014 24       		.uleb128 0x24
 356 0015 00       		.byte	0
 357 0016 0B       		.uleb128 0xb
 358 0017 0B       		.uleb128 0xb
 359 0018 3E       		.uleb128 0x3e
 360 0019 0B       		.uleb128 0xb
 361 001a 03       		.uleb128 0x3
 362 001b 0E       		.uleb128 0xe
 363 001c 00       		.byte	0
 364 001d 00       		.byte	0
 365 001e 03       		.uleb128 0x3
 366 001f 16       		.uleb128 0x16
 367 0020 00       		.byte	0
 368 0021 03       		.uleb128 0x3
 369 0022 0E       		.uleb128 0xe
 370 0023 3A       		.uleb128 0x3a
ARM GAS  C:\Users\aless\AppData\Local\Temp\cc3YcqmY.s 			page 8


 371 0024 0B       		.uleb128 0xb
 372 0025 3B       		.uleb128 0x3b
 373 0026 0B       		.uleb128 0xb
 374 0027 49       		.uleb128 0x49
 375 0028 13       		.uleb128 0x13
 376 0029 00       		.byte	0
 377 002a 00       		.byte	0
 378 002b 04       		.uleb128 0x4
 379 002c 24       		.uleb128 0x24
 380 002d 00       		.byte	0
 381 002e 0B       		.uleb128 0xb
 382 002f 0B       		.uleb128 0xb
 383 0030 3E       		.uleb128 0x3e
 384 0031 0B       		.uleb128 0xb
 385 0032 03       		.uleb128 0x3
 386 0033 08       		.uleb128 0x8
 387 0034 00       		.byte	0
 388 0035 00       		.byte	0
 389 0036 05       		.uleb128 0x5
 390 0037 2E       		.uleb128 0x2e
 391 0038 01       		.byte	0x1
 392 0039 3F       		.uleb128 0x3f
 393 003a 19       		.uleb128 0x19
 394 003b 03       		.uleb128 0x3
 395 003c 0E       		.uleb128 0xe
 396 003d 3A       		.uleb128 0x3a
 397 003e 0B       		.uleb128 0xb
 398 003f 3B       		.uleb128 0x3b
 399 0040 0B       		.uleb128 0xb
 400 0041 27       		.uleb128 0x27
 401 0042 19       		.uleb128 0x19
 402 0043 49       		.uleb128 0x49
 403 0044 13       		.uleb128 0x13
 404 0045 11       		.uleb128 0x11
 405 0046 01       		.uleb128 0x1
 406 0047 12       		.uleb128 0x12
 407 0048 06       		.uleb128 0x6
 408 0049 40       		.uleb128 0x40
 409 004a 18       		.uleb128 0x18
 410 004b 9742     		.uleb128 0x2117
 411 004d 19       		.uleb128 0x19
 412 004e 01       		.uleb128 0x1
 413 004f 13       		.uleb128 0x13
 414 0050 00       		.byte	0
 415 0051 00       		.byte	0
 416 0052 06       		.uleb128 0x6
 417 0053 05       		.uleb128 0x5
 418 0054 00       		.byte	0
 419 0055 03       		.uleb128 0x3
 420 0056 0E       		.uleb128 0xe
 421 0057 3A       		.uleb128 0x3a
 422 0058 0B       		.uleb128 0xb
 423 0059 3B       		.uleb128 0x3b
 424 005a 0B       		.uleb128 0xb
 425 005b 49       		.uleb128 0x49
 426 005c 13       		.uleb128 0x13
 427 005d 02       		.uleb128 0x2
ARM GAS  C:\Users\aless\AppData\Local\Temp\cc3YcqmY.s 			page 9


 428 005e 17       		.uleb128 0x17
 429 005f 00       		.byte	0
 430 0060 00       		.byte	0
 431 0061 07       		.uleb128 0x7
 432 0062 34       		.uleb128 0x34
 433 0063 00       		.byte	0
 434 0064 03       		.uleb128 0x3
 435 0065 0E       		.uleb128 0xe
 436 0066 3A       		.uleb128 0x3a
 437 0067 0B       		.uleb128 0xb
 438 0068 3B       		.uleb128 0x3b
 439 0069 0B       		.uleb128 0xb
 440 006a 49       		.uleb128 0x49
 441 006b 13       		.uleb128 0x13
 442 006c 02       		.uleb128 0x2
 443 006d 18       		.uleb128 0x18
 444 006e 00       		.byte	0
 445 006f 00       		.byte	0
 446 0070 08       		.uleb128 0x8
 447 0071 898201   		.uleb128 0x4109
 448 0074 01       		.byte	0x1
 449 0075 11       		.uleb128 0x11
 450 0076 01       		.uleb128 0x1
 451 0077 31       		.uleb128 0x31
 452 0078 13       		.uleb128 0x13
 453 0079 00       		.byte	0
 454 007a 00       		.byte	0
 455 007b 09       		.uleb128 0x9
 456 007c 8A8201   		.uleb128 0x410a
 457 007f 00       		.byte	0
 458 0080 02       		.uleb128 0x2
 459 0081 18       		.uleb128 0x18
 460 0082 9142     		.uleb128 0x2111
 461 0084 18       		.uleb128 0x18
 462 0085 00       		.byte	0
 463 0086 00       		.byte	0
 464 0087 0A       		.uleb128 0xa
 465 0088 01       		.uleb128 0x1
 466 0089 01       		.byte	0x1
 467 008a 49       		.uleb128 0x49
 468 008b 13       		.uleb128 0x13
 469 008c 01       		.uleb128 0x1
 470 008d 13       		.uleb128 0x13
 471 008e 00       		.byte	0
 472 008f 00       		.byte	0
 473 0090 0B       		.uleb128 0xb
 474 0091 21       		.uleb128 0x21
 475 0092 00       		.byte	0
 476 0093 49       		.uleb128 0x49
 477 0094 13       		.uleb128 0x13
 478 0095 2F       		.uleb128 0x2f
 479 0096 0B       		.uleb128 0xb
 480 0097 00       		.byte	0
 481 0098 00       		.byte	0
 482 0099 0C       		.uleb128 0xc
 483 009a 2E       		.uleb128 0x2e
 484 009b 01       		.byte	0x1
ARM GAS  C:\Users\aless\AppData\Local\Temp\cc3YcqmY.s 			page 10


 485 009c 3F       		.uleb128 0x3f
 486 009d 19       		.uleb128 0x19
 487 009e 03       		.uleb128 0x3
 488 009f 0E       		.uleb128 0xe
 489 00a0 3A       		.uleb128 0x3a
 490 00a1 0B       		.uleb128 0xb
 491 00a2 3B       		.uleb128 0x3b
 492 00a3 0B       		.uleb128 0xb
 493 00a4 27       		.uleb128 0x27
 494 00a5 19       		.uleb128 0x19
 495 00a6 11       		.uleb128 0x11
 496 00a7 01       		.uleb128 0x1
 497 00a8 12       		.uleb128 0x12
 498 00a9 06       		.uleb128 0x6
 499 00aa 40       		.uleb128 0x40
 500 00ab 18       		.uleb128 0x18
 501 00ac 9742     		.uleb128 0x2117
 502 00ae 19       		.uleb128 0x19
 503 00af 01       		.uleb128 0x1
 504 00b0 13       		.uleb128 0x13
 505 00b1 00       		.byte	0
 506 00b2 00       		.byte	0
 507 00b3 0D       		.uleb128 0xd
 508 00b4 2E       		.uleb128 0x2e
 509 00b5 00       		.byte	0
 510 00b6 3F       		.uleb128 0x3f
 511 00b7 19       		.uleb128 0x19
 512 00b8 3C       		.uleb128 0x3c
 513 00b9 19       		.uleb128 0x19
 514 00ba 6E       		.uleb128 0x6e
 515 00bb 0E       		.uleb128 0xe
 516 00bc 03       		.uleb128 0x3
 517 00bd 0E       		.uleb128 0xe
 518 00be 3A       		.uleb128 0x3a
 519 00bf 0B       		.uleb128 0xb
 520 00c0 3B       		.uleb128 0x3b
 521 00c1 0B       		.uleb128 0xb
 522 00c2 00       		.byte	0
 523 00c3 00       		.byte	0
 524 00c4 00       		.byte	0
 525              		.section	.debug_loc,"",%progbits
 526              	.Ldebug_loc0:
 527              	.LLST0:
 528 0000 00000000 		.4byte	.LVL0
 529 0004 08000000 		.4byte	.LVL1
 530 0008 0100     		.2byte	0x1
 531 000a 50       		.byte	0x50
 532 000b 08000000 		.4byte	.LVL1
 533 000f 28000000 		.4byte	.LFE0
 534 0013 0400     		.2byte	0x4
 535 0015 F3       		.byte	0xf3
 536 0016 01       		.uleb128 0x1
 537 0017 50       		.byte	0x50
 538 0018 9F       		.byte	0x9f
 539 0019 00000000 		.4byte	0
 540 001d 00000000 		.4byte	0
 541              	.LLST1:
ARM GAS  C:\Users\aless\AppData\Local\Temp\cc3YcqmY.s 			page 11


 542 0021 00000000 		.4byte	.LVL3
 543 0025 18000000 		.4byte	.LVL5
 544 0029 0100     		.2byte	0x1
 545 002b 50       		.byte	0x50
 546 002c 18000000 		.4byte	.LVL5
 547 0030 1B000000 		.4byte	.LVL6-1
 548 0034 0200     		.2byte	0x2
 549 0036 70       		.byte	0x70
 550 0037 00       		.sleb128 0
 551 0038 1B000000 		.4byte	.LVL6-1
 552 003c 22000000 		.4byte	.LFE1
 553 0040 0400     		.2byte	0x4
 554 0042 F3       		.byte	0xf3
 555 0043 01       		.uleb128 0x1
 556 0044 50       		.byte	0x50
 557 0045 9F       		.byte	0x9f
 558 0046 00000000 		.4byte	0
 559 004a 00000000 		.4byte	0
 560              	.LLST2:
 561 004e 00000000 		.4byte	.LVL3
 562 0052 16000000 		.4byte	.LVL4
 563 0056 0100     		.2byte	0x1
 564 0058 51       		.byte	0x51
 565 0059 16000000 		.4byte	.LVL4
 566 005d 1B000000 		.4byte	.LVL6-1
 567 0061 0200     		.2byte	0x2
 568 0063 91       		.byte	0x91
 569 0064 75       		.sleb128 -11
 570 0065 1B000000 		.4byte	.LVL6-1
 571 0069 22000000 		.4byte	.LFE1
 572 006d 0400     		.2byte	0x4
 573 006f F3       		.byte	0xf3
 574 0070 01       		.uleb128 0x1
 575 0071 51       		.byte	0x51
 576 0072 9F       		.byte	0x9f
 577 0073 00000000 		.4byte	0
 578 0077 00000000 		.4byte	0
 579              		.section	.debug_aranges,"",%progbits
 580 0000 24000000 		.4byte	0x24
 581 0004 0200     		.2byte	0x2
 582 0006 00000000 		.4byte	.Ldebug_info0
 583 000a 04       		.byte	0x4
 584 000b 00       		.byte	0
 585 000c 0000     		.2byte	0
 586 000e 0000     		.2byte	0
 587 0010 00000000 		.4byte	.LFB0
 588 0014 28000000 		.4byte	.LFE0-.LFB0
 589 0018 00000000 		.4byte	.LFB1
 590 001c 22000000 		.4byte	.LFE1-.LFB1
 591 0020 00000000 		.4byte	0
 592 0024 00000000 		.4byte	0
 593              		.section	.debug_ranges,"",%progbits
 594              	.Ldebug_ranges0:
 595 0000 00000000 		.4byte	.LFB0
 596 0004 28000000 		.4byte	.LFE0
 597 0008 00000000 		.4byte	.LFB1
 598 000c 22000000 		.4byte	.LFE1
ARM GAS  C:\Users\aless\AppData\Local\Temp\cc3YcqmY.s 			page 12


 599 0010 00000000 		.4byte	0
 600 0014 00000000 		.4byte	0
 601              		.section	.debug_line,"",%progbits
 602              	.Ldebug_line0:
 603 0000 63010000 		.section	.debug_str,"MS",%progbits,1
 603      02003901 
 603      00000201 
 603      FB0E0D00 
 603      01010101 
 604              	.LASF6:
 605 0000 6C6F6E67 		.ascii	"long long int\000"
 605      206C6F6E 
 605      6720696E 
 605      7400
 606              	.LASF8:
 607 000e 756E7369 		.ascii	"unsigned int\000"
 607      676E6564 
 607      20696E74 
 607      00
 608              	.LASF20:
 609 001b 74656D70 		.ascii	"temp\000"
 609      00
 610              	.LASF25:
 611 0020 4143435F 		.ascii	"ACC_writeByte\000"
 611      77726974 
 611      65427974 
 611      6500
 612              	.LASF23:
 613 002e 433A5C55 		.ascii	"C:\\Users\\aless\\Documents\\PSoC Creator\\PsoC_Fin"
 613      73657273 
 613      5C616C65 
 613      73735C44 
 613      6F63756D 
 614 005c 616C5F50 		.ascii	"al_Project_1_03\\FIORANI_GARGIULO_IANNUZZI_Project."
 614      726F6A65 
 614      63745F31 
 614      5F30335C 
 614      46494F52 
 615 008e 63796473 		.ascii	"cydsn\000"
 615      6E00
 616              	.LASF21:
 617 0094 474E5520 		.ascii	"GNU C11 5.4.1 20160609 (release) [ARM/embedded-5-br"
 617      43313120 
 617      352E342E 
 617      31203230 
 617      31363036 
 618 00c7 616E6368 		.ascii	"anch revision 237715] -mcpu=cortex-m3 -mthumb -g -O"
 618      20726576 
 618      6973696F 
 618      6E203233 
 618      37373135 
 619 00fa 67202D66 		.ascii	"g -ffunction-sections -ffat-lto-objects\000"
 619      66756E63 
 619      74696F6E 
 619      2D736563 
 619      74696F6E 
 620              	.LASF5:
ARM GAS  C:\Users\aless\AppData\Local\Temp\cc3YcqmY.s 			page 13


 621 0122 6C6F6E67 		.ascii	"long unsigned int\000"
 621      20756E73 
 621      69676E65 
 621      6420696E 
 621      7400
 622              	.LASF17:
 623 0134 64617461 		.ascii	"dataRX\000"
 623      525800
 624              	.LASF7:
 625 013b 6C6F6E67 		.ascii	"long long unsigned int\000"
 625      206C6F6E 
 625      6720756E 
 625      7369676E 
 625      65642069 
 626              	.LASF9:
 627 0152 5F5F7569 		.ascii	"__uint8_t\000"
 627      6E74385F 
 627      7400
 628              	.LASF18:
 629 015c 61646472 		.ascii	"addr\000"
 629      00
 630              	.LASF10:
 631 0161 75696E74 		.ascii	"uint8_t\000"
 631      385F7400 
 632              	.LASF1:
 633 0169 756E7369 		.ascii	"unsigned char\000"
 633      676E6564 
 633      20636861 
 633      7200
 634              	.LASF16:
 635 0177 64617461 		.ascii	"dataTX\000"
 635      545800
 636              	.LASF13:
 637 017e 63686172 		.ascii	"char\000"
 637      00
 638              	.LASF4:
 639 0183 6C6F6E67 		.ascii	"long int\000"
 639      20696E74 
 639      00
 640              	.LASF26:
 641 018c 4143435F 		.ascii	"ACC_SPI_Interface_Multi_RW\000"
 641      5350495F 
 641      496E7465 
 641      72666163 
 641      655F4D75 
 642              	.LASF2:
 643 01a7 73686F72 		.ascii	"short int\000"
 643      7420696E 
 643      7400
 644              	.LASF12:
 645 01b1 646F7562 		.ascii	"double\000"
 645      6C6500
 646              	.LASF3:
 647 01b8 73686F72 		.ascii	"short unsigned int\000"
 647      7420756E 
 647      7369676E 
 647      65642069 
ARM GAS  C:\Users\aless\AppData\Local\Temp\cc3YcqmY.s 			page 14


 647      6E7400
 648              	.LASF0:
 649 01cb 7369676E 		.ascii	"signed char\000"
 649      65642063 
 649      68617200 
 650              	.LASF24:
 651 01d7 4143435F 		.ascii	"ACC_readByte\000"
 651      72656164 
 651      42797465 
 651      00
 652              	.LASF14:
 653 01e4 6C6F6E67 		.ascii	"long double\000"
 653      20646F75 
 653      626C6500 
 654              	.LASF22:
 655 01f0 4C495333 		.ascii	"LIS3DH_Registers.c\000"
 655      44485F52 
 655      65676973 
 655      74657273 
 655      2E6300
 656              	.LASF11:
 657 0203 666C6F61 		.ascii	"float\000"
 657      7400
 658              	.LASF19:
 659 0209 64617461 		.ascii	"dataByte\000"
 659      42797465 
 659      00
 660              	.LASF15:
 661 0212 73697A65 		.ascii	"sizetype\000"
 661      74797065 
 661      00
 662              		.ident	"GCC: (GNU Tools for ARM Embedded Processors) 5.4.1 20160609 (release) [ARM/embedded-5-bran
