ARM GAS  C:\Users\gaeta\AppData\Local\Temp\ccxvoG2u.s 			page 1


   1              		.syntax unified
   2              		.cpu cortex-m3
   3              		.fpu softvfp
   4              		.eabi_attribute 20, 1
   5              		.eabi_attribute 21, 1
   6              		.eabi_attribute 23, 3
   7              		.eabi_attribute 24, 1
   8              		.eabi_attribute 25, 1
   9              		.eabi_attribute 26, 1
  10              		.eabi_attribute 30, 1
  11              		.eabi_attribute 34, 1
  12              		.eabi_attribute 18, 4
  13              		.thumb
  14              		.syntax unified
  15              		.file	"LIS3DH.c"
  16              		.text
  17              	.Ltext0:
  18              		.cfi_sections	.debug_frame
  19              		.section	.text.ACC_readByte,"ax",%progbits
  20              		.align	2
  21              		.global	ACC_readByte
  22              		.thumb
  23              		.thumb_func
  24              		.type	ACC_readByte, %function
  25              	ACC_readByte:
  26              	.LFB0:
  27              		.file 1 "LIS3DH.c"
   1:LIS3DH.c      **** /* ========================================
   2:LIS3DH.c      ****  *
   3:LIS3DH.c      ****  * Copyright YOUR COMPANY, THE YEAR
   4:LIS3DH.c      ****  * All Rights Reserved
   5:LIS3DH.c      ****  * UNPUBLISHED, LICENSED SOFTWARE.
   6:LIS3DH.c      ****  *
   7:LIS3DH.c      ****  * CONFIDENTIAL AND PROPRIETARY INFORMATION
   8:LIS3DH.c      ****  * WHICH IS THE PROPERTY OF your company.
   9:LIS3DH.c      ****  *
  10:LIS3DH.c      ****  * ========================================
  11:LIS3DH.c      ****  *@authors Simone Fiorani, Alessandra Gargiulo, Gaetano Iannuzzi
  12:LIS3DH.c      ****  *@date 2020
  13:LIS3DH.c      **** */
  14:LIS3DH.c      **** 
  15:LIS3DH.c      **** #include    "LIS3DH.h"
  16:LIS3DH.c      **** 
  17:LIS3DH.c      **** uint8_t ACC_readByte(uint8_t addr) {
  28              		.loc 1 17 0
  29              		.cfi_startproc
  30              		@ args = 0, pretend = 0, frame = 8
  31              		@ frame_needed = 0, uses_anonymous_args = 0
  32              	.LVL0:
  33 0000 00B5     		push	{lr}
  34              		.cfi_def_cfa_offset 4
  35              		.cfi_offset 14, -4
  36 0002 83B0     		sub	sp, sp, #12
  37              		.cfi_def_cfa_offset 16
  18:LIS3DH.c      **** 
  19:LIS3DH.c      **** 	/* Prepare the TX data packet: instruction + address */
  20:LIS3DH.c      **** 	uint8_t dataTX[1] = { (ACC_SINGLE_READ  | addr) };
ARM GAS  C:\Users\gaeta\AppData\Local\Temp\ccxvoG2u.s 			page 2


  38              		.loc 1 20 0
  39 0004 60F07F00 		orn	r0, r0, #127
  40              	.LVL1:
  41 0008 8DF80400 		strb	r0, [sp, #4]
  21:LIS3DH.c      **** 	
  22:LIS3DH.c      **** 	/* Prepare the RX byte */
  23:LIS3DH.c      **** 	uint8_t dataRX = 0;
  42              		.loc 1 23 0
  43 000c 02AA     		add	r2, sp, #8
  44 000e 0023     		movs	r3, #0
  45 0010 02F8053D 		strb	r3, [r2, #-5]!
  24:LIS3DH.c      **** 	
  25:LIS3DH.c      **** 	/* Read 1 byte from addr */
  26:LIS3DH.c      **** 	ACC_SPI_Interface_Multi_RW(dataTX, 1, &dataRX, 1);
  46              		.loc 1 26 0
  47 0014 0123     		movs	r3, #1
  48 0016 1946     		mov	r1, r3
  49 0018 01A8     		add	r0, sp, #4
  50 001a FFF7FEFF 		bl	ACC_SPI_Interface_Multi_RW
  51              	.LVL2:
  27:LIS3DH.c      **** 	
  28:LIS3DH.c      **** 	return dataRX;
  29:LIS3DH.c      ****     
  30:LIS3DH.c      **** }
  52              		.loc 1 30 0
  53 001e 9DF80300 		ldrb	r0, [sp, #3]	@ zero_extendqisi2
  54 0022 03B0     		add	sp, sp, #12
  55              		.cfi_def_cfa_offset 4
  56              		@ sp needed
  57 0024 5DF804FB 		ldr	pc, [sp], #4
  58              		.cfi_endproc
  59              	.LFE0:
  60              		.size	ACC_readByte, .-ACC_readByte
  61              		.section	.text.ACC_writeByte,"ax",%progbits
  62              		.align	2
  63              		.global	ACC_writeByte
  64              		.thumb
  65              		.thumb_func
  66              		.type	ACC_writeByte, %function
  67              	ACC_writeByte:
  68              	.LFB1:
  31:LIS3DH.c      **** 
  32:LIS3DH.c      **** void ACC_writeByte(uint8_t addr, uint8_t dataByte) {
  69              		.loc 1 32 0
  70              		.cfi_startproc
  71              		@ args = 0, pretend = 0, frame = 8
  72              		@ frame_needed = 0, uses_anonymous_args = 0
  73              	.LVL3:
  74 0000 00B5     		push	{lr}
  75              		.cfi_def_cfa_offset 4
  76              		.cfi_offset 14, -4
  77 0002 83B0     		sub	sp, sp, #12
  78              		.cfi_def_cfa_offset 16
  33:LIS3DH.c      ****     
  34:LIS3DH.c      **** 	/* Prepare the TX packet */
  35:LIS3DH.c      ****     uint8_t dataTX[2] = { (ACC_SINGLE_WRITE | addr) , dataByte};
  79              		.loc 1 35 0
ARM GAS  C:\Users\gaeta\AppData\Local\Temp\ccxvoG2u.s 			page 3


  80 0004 8DF80400 		strb	r0, [sp, #4]
  81 0008 8DF80510 		strb	r1, [sp, #5]
  36:LIS3DH.c      **** 	/* Nothing to RX... */
  37:LIS3DH.c      **** 	uint8_t temp = 0;
  82              		.loc 1 37 0
  83 000c 0023     		movs	r3, #0
  84 000e 02AA     		add	r2, sp, #8
  85 0010 02F8053D 		strb	r3, [r2, #-5]!
  38:LIS3DH.c      **** 	
  39:LIS3DH.c      **** 	/* Write 1 byte to addr */
  40:LIS3DH.c      **** 	ACC_SPI_Interface_Multi_RW(dataTX, 2, &temp, 0);
  86              		.loc 1 40 0
  87 0014 0221     		movs	r1, #2
  88              	.LVL4:
  89 0016 01A8     		add	r0, sp, #4
  90              	.LVL5:
  91 0018 FFF7FEFF 		bl	ACC_SPI_Interface_Multi_RW
  92              	.LVL6:
  41:LIS3DH.c      ****     
  42:LIS3DH.c      **** 	    }
  93              		.loc 1 42 0
  94 001c 03B0     		add	sp, sp, #12
  95              		.cfi_def_cfa_offset 4
  96              		@ sp needed
  97 001e 5DF804FB 		ldr	pc, [sp], #4
  98              		.cfi_endproc
  99              	.LFE1:
 100              		.size	ACC_writeByte, .-ACC_writeByte
 101 0022 00BF     		.section	.text.ACC_readMultibytes,"ax",%progbits
 102              		.align	2
 103              		.global	ACC_readMultibytes
 104              		.thumb
 105              		.thumb_func
 106              		.type	ACC_readMultibytes, %function
 107              	ACC_readMultibytes:
 108              	.LFB2:
  43:LIS3DH.c      **** 
  44:LIS3DH.c      **** void  ACC_readMultibytes(uint8_t addr, uint8_t* dataRX, uint8_t nBytes) {
 109              		.loc 1 44 0
 110              		.cfi_startproc
 111              		@ args = 0, pretend = 0, frame = 8
 112              		@ frame_needed = 0, uses_anonymous_args = 0
 113              	.LVL7:
 114 0000 00B5     		push	{lr}
 115              		.cfi_def_cfa_offset 4
 116              		.cfi_offset 14, -4
 117 0002 83B0     		sub	sp, sp, #12
 118              		.cfi_def_cfa_offset 16
  45:LIS3DH.c      **** 
  46:LIS3DH.c      ****     /* Prepare the TX data packet: instruction + address */
  47:LIS3DH.c      **** 	uint8_t dataTX[1] =  {(ACC_MULTI_READ  | addr)};
 119              		.loc 1 47 0
 120 0004 60F03F03 		orn	r3, r0, #63
 121 0008 02A8     		add	r0, sp, #8
 122              	.LVL8:
 123 000a 00F8043D 		strb	r3, [r0, #-4]!
  48:LIS3DH.c      **** 	/* Prepare the RX byte */
ARM GAS  C:\Users\gaeta\AppData\Local\Temp\ccxvoG2u.s 			page 4


  49:LIS3DH.c      **** 	/* Read the nBytes */
  50:LIS3DH.c      **** 	ACC_SPI_Interface_Multi_RW(dataTX,1 , dataRX, nBytes);
 124              		.loc 1 50 0
 125 000e 1346     		mov	r3, r2
 126 0010 0A46     		mov	r2, r1
 127              	.LVL9:
 128 0012 0121     		movs	r1, #1
 129              	.LVL10:
 130 0014 FFF7FEFF 		bl	ACC_SPI_Interface_Multi_RW
 131              	.LVL11:
  51:LIS3DH.c      **** 
  52:LIS3DH.c      **** }
 132              		.loc 1 52 0
 133 0018 03B0     		add	sp, sp, #12
 134              		.cfi_def_cfa_offset 4
 135              		@ sp needed
 136 001a 5DF804FB 		ldr	pc, [sp], #4
 137              		.cfi_endproc
 138              	.LFE2:
 139              		.size	ACC_readMultibytes, .-ACC_readMultibytes
 140 001e 00BF     		.section	.text.ACC_writeMultibytes,"ax",%progbits
 141              		.align	2
 142              		.global	ACC_writeMultibytes
 143              		.thumb
 144              		.thumb_func
 145              		.type	ACC_writeMultibytes, %function
 146              	ACC_writeMultibytes:
 147              	.LFB3:
  53:LIS3DH.c      **** void ACC_writeMultibytes(uint8_t addr, uint8_t* data, uint8_t nBytes) {
 148              		.loc 1 53 0
 149              		.cfi_startproc
 150              		@ args = 0, pretend = 0, frame = 8
 151              		@ frame_needed = 1, uses_anonymous_args = 0
 152              	.LVL12:
 153 0000 F0B5     		push	{r4, r5, r6, r7, lr}
 154              		.cfi_def_cfa_offset 20
 155              		.cfi_offset 4, -20
 156              		.cfi_offset 5, -16
 157              		.cfi_offset 6, -12
 158              		.cfi_offset 7, -8
 159              		.cfi_offset 14, -4
 160 0002 83B0     		sub	sp, sp, #12
 161              		.cfi_def_cfa_offset 32
 162 0004 00AF     		add	r7, sp, #0
 163              		.cfi_def_cfa_register 7
 164 0006 0546     		mov	r5, r0
 165 0008 0E46     		mov	r6, r1
 166 000a 1446     		mov	r4, r2
  54:LIS3DH.c      **** 	    
  55:LIS3DH.c      **** 	
  56:LIS3DH.c      ****     CyDelayUs(1);
 167              		.loc 1 56 0
 168 000c 0120     		movs	r0, #1
 169              	.LVL13:
 170 000e FFF7FEFF 		bl	CyDelayUs
 171              	.LVL14:
  57:LIS3DH.c      ****     
ARM GAS  C:\Users\gaeta\AppData\Local\Temp\ccxvoG2u.s 			page 5


  58:LIS3DH.c      **** 	/* Prepare the TX packet of size nBytes+1 
  59:LIS3DH.c      ****        [ Instruction - Address - +++data+++ ]
  60:LIS3DH.c      ****     */
  61:LIS3DH.c      **** 	uint8_t dataTX[1+nBytes];
 172              		.loc 1 61 0
 173 0012 04F10803 		add	r3, r4, #8
 174 0016 23F00703 		bic	r3, r3, #7
 175 001a ADEB030D 		sub	sp, sp, r3
 176              	.LVL15:
  62:LIS3DH.c      ****     dataTX[0] = (ACC_MULTI_WRITE | addr);
 177              		.loc 1 62 0
 178 001e 45F04005 		orr	r5, r5, #64
 179 0022 8DF80050 		strb	r5, [sp]
  63:LIS3DH.c      ****     /* Copy the input data in the memory */
  64:LIS3DH.c      **** 	memcpy(&dataTX[0], data, nBytes);
 180              		.loc 1 64 0
 181 0026 2246     		mov	r2, r4
 182 0028 3146     		mov	r1, r6
 183 002a 6846     		mov	r0, sp
 184 002c FFF7FEFF 		bl	memcpy
 185              	.LVL16:
  65:LIS3DH.c      **** 	
  66:LIS3DH.c      **** 	/* Nothing to RX: point to a dummy variable */
  67:LIS3DH.c      **** 	uint8_t temp = 0;
 186              		.loc 1 67 0
 187 0030 0023     		movs	r3, #0
 188 0032 07F10802 		add	r2, r7, #8
 189 0036 02F8013D 		strb	r3, [r2, #-1]!
  68:LIS3DH.c      **** 	
  69:LIS3DH.c      **** 	SPI_Interface_Multi_RW(dataTX, 3+nBytes, &temp, 0);
 190              		.loc 1 69 0
 191 003a E11C     		adds	r1, r4, #3
 192 003c C9B2     		uxtb	r1, r1
 193 003e 6846     		mov	r0, sp
 194 0040 FFF7FEFF 		bl	SPI_Interface_Multi_RW
 195              	.LVL17:
  70:LIS3DH.c      **** 	
  71:LIS3DH.c      **** }
 196              		.loc 1 71 0
 197 0044 0C37     		adds	r7, r7, #12
 198              		.cfi_def_cfa_offset 20
 199 0046 BD46     		mov	sp, r7
 200              		.cfi_def_cfa_register 13
 201              	.LVL18:
 202              		@ sp needed
 203 0048 F0BD     		pop	{r4, r5, r6, r7, pc}
 204              		.cfi_endproc
 205              	.LFE3:
 206              		.size	ACC_writeMultibytes, .-ACC_writeMultibytes
 207 004a 00BF     		.text
 208              	.Letext0:
 209              		.file 2 "c:\\program files (x86)\\cypress\\psoc creator\\4.3\\psoc creator\\import\\gnu\\arm\\5.4.
 210              		.file 3 "c:\\program files (x86)\\cypress\\psoc creator\\4.3\\psoc creator\\import\\gnu\\arm\\5.4.
 211              		.file 4 "SPI_Interface.h"
 212              		.file 5 "Generated_Source\\PSoC5/CyLib.h"
 213              		.section	.debug_info,"",%progbits
 214              	.Ldebug_info0:
ARM GAS  C:\Users\gaeta\AppData\Local\Temp\ccxvoG2u.s 			page 6


 215 0000 FC020000 		.4byte	0x2fc
 216 0004 0400     		.2byte	0x4
 217 0006 00000000 		.4byte	.Ldebug_abbrev0
 218 000a 04       		.byte	0x4
 219 000b 01       		.uleb128 0x1
 220 000c 61000000 		.4byte	.LASF29
 221 0010 0C       		.byte	0xc
 222 0011 EA010000 		.4byte	.LASF30
 223 0015 5F010000 		.4byte	.LASF31
 224 0019 00000000 		.4byte	.Ldebug_ranges0+0
 225 001d 00000000 		.4byte	0
 226 0021 00000000 		.4byte	.Ldebug_line0
 227 0025 02       		.uleb128 0x2
 228 0026 01       		.byte	0x1
 229 0027 06       		.byte	0x6
 230 0028 3E020000 		.4byte	.LASF0
 231 002c 03       		.uleb128 0x3
 232 002d 00000000 		.4byte	.LASF9
 233 0031 02       		.byte	0x2
 234 0032 1D       		.byte	0x1d
 235 0033 37000000 		.4byte	0x37
 236 0037 02       		.uleb128 0x2
 237 0038 01       		.byte	0x1
 238 0039 08       		.byte	0x8
 239 003a 53000000 		.4byte	.LASF1
 240 003e 02       		.uleb128 0x2
 241 003f 02       		.byte	0x2
 242 0040 05       		.byte	0x5
 243 0041 F3010000 		.4byte	.LASF2
 244 0045 02       		.uleb128 0x2
 245 0046 02       		.byte	0x2
 246 0047 07       		.byte	0x7
 247 0048 11000000 		.4byte	.LASF3
 248 004c 02       		.uleb128 0x2
 249 004d 04       		.byte	0x4
 250 004e 05       		.byte	0x5
 251 004f 24020000 		.4byte	.LASF4
 252 0053 02       		.uleb128 0x2
 253 0054 04       		.byte	0x4
 254 0055 07       		.byte	0x7
 255 0056 FD000000 		.4byte	.LASF5
 256 005a 02       		.uleb128 0x2
 257 005b 08       		.byte	0x8
 258 005c 05       		.byte	0x5
 259 005d D5010000 		.4byte	.LASF6
 260 0061 02       		.uleb128 0x2
 261 0062 08       		.byte	0x8
 262 0063 07       		.byte	0x7
 263 0064 40010000 		.4byte	.LASF7
 264 0068 04       		.uleb128 0x4
 265 0069 04       		.byte	0x4
 266 006a 05       		.byte	0x5
 267 006b 696E7400 		.ascii	"int\000"
 268 006f 02       		.uleb128 0x2
 269 0070 04       		.byte	0x4
 270 0071 07       		.byte	0x7
 271 0072 33010000 		.4byte	.LASF8
ARM GAS  C:\Users\gaeta\AppData\Local\Temp\ccxvoG2u.s 			page 7


 272 0076 03       		.uleb128 0x3
 273 0077 57010000 		.4byte	.LASF10
 274 007b 03       		.byte	0x3
 275 007c 18       		.byte	0x18
 276 007d 2C000000 		.4byte	0x2c
 277 0081 02       		.uleb128 0x2
 278 0082 04       		.byte	0x4
 279 0083 04       		.byte	0x4
 280 0084 48000000 		.4byte	.LASF11
 281 0088 02       		.uleb128 0x2
 282 0089 08       		.byte	0x8
 283 008a 04       		.byte	0x4
 284 008b 22010000 		.4byte	.LASF12
 285 008f 02       		.uleb128 0x2
 286 0090 01       		.byte	0x1
 287 0091 08       		.byte	0x8
 288 0092 2D020000 		.4byte	.LASF13
 289 0096 02       		.uleb128 0x2
 290 0097 08       		.byte	0x8
 291 0098 04       		.byte	0x4
 292 0099 32020000 		.4byte	.LASF14
 293 009d 02       		.uleb128 0x2
 294 009e 04       		.byte	0x4
 295 009f 07       		.byte	0x7
 296 00a0 CC010000 		.4byte	.LASF15
 297 00a4 05       		.uleb128 0x5
 298 00a5 3B000000 		.4byte	.LASF32
 299 00a9 01       		.byte	0x1
 300 00aa 11       		.byte	0x11
 301 00ab 76000000 		.4byte	0x76
 302 00af 00000000 		.4byte	.LFB0
 303 00b3 28000000 		.4byte	.LFE0-.LFB0
 304 00b7 01       		.uleb128 0x1
 305 00b8 9C       		.byte	0x9c
 306 00b9 09010000 		.4byte	0x109
 307 00bd 06       		.uleb128 0x6
 308 00be 14010000 		.4byte	.LASF18
 309 00c2 01       		.byte	0x1
 310 00c3 11       		.byte	0x11
 311 00c4 76000000 		.4byte	0x76
 312 00c8 00000000 		.4byte	.LLST0
 313 00cc 07       		.uleb128 0x7
 314 00cd 4A020000 		.4byte	.LASF16
 315 00d1 01       		.byte	0x1
 316 00d2 14       		.byte	0x14
 317 00d3 09010000 		.4byte	0x109
 318 00d7 02       		.uleb128 0x2
 319 00d8 91       		.byte	0x91
 320 00d9 74       		.sleb128 -12
 321 00da 07       		.uleb128 0x7
 322 00db C5010000 		.4byte	.LASF17
 323 00df 01       		.byte	0x1
 324 00e0 17       		.byte	0x17
 325 00e1 76000000 		.4byte	0x76
 326 00e5 02       		.uleb128 0x2
 327 00e6 91       		.byte	0x91
 328 00e7 73       		.sleb128 -13
ARM GAS  C:\Users\gaeta\AppData\Local\Temp\ccxvoG2u.s 			page 8


 329 00e8 08       		.uleb128 0x8
 330 00e9 1E000000 		.4byte	.LVL2
 331 00ed D5020000 		.4byte	0x2d5
 332 00f1 09       		.uleb128 0x9
 333 00f2 01       		.uleb128 0x1
 334 00f3 50       		.byte	0x50
 335 00f4 02       		.uleb128 0x2
 336 00f5 91       		.byte	0x91
 337 00f6 74       		.sleb128 -12
 338 00f7 09       		.uleb128 0x9
 339 00f8 01       		.uleb128 0x1
 340 00f9 51       		.byte	0x51
 341 00fa 01       		.uleb128 0x1
 342 00fb 31       		.byte	0x31
 343 00fc 09       		.uleb128 0x9
 344 00fd 01       		.uleb128 0x1
 345 00fe 52       		.byte	0x52
 346 00ff 02       		.uleb128 0x2
 347 0100 91       		.byte	0x91
 348 0101 73       		.sleb128 -13
 349 0102 09       		.uleb128 0x9
 350 0103 01       		.uleb128 0x1
 351 0104 53       		.byte	0x53
 352 0105 01       		.uleb128 0x1
 353 0106 31       		.byte	0x31
 354 0107 00       		.byte	0
 355 0108 00       		.byte	0
 356 0109 0A       		.uleb128 0xa
 357 010a 76000000 		.4byte	0x76
 358 010e 19010000 		.4byte	0x119
 359 0112 0B       		.uleb128 0xb
 360 0113 9D000000 		.4byte	0x9d
 361 0117 00       		.byte	0
 362 0118 00       		.byte	0
 363 0119 0C       		.uleb128 0xc
 364 011a EF000000 		.4byte	.LASF21
 365 011e 01       		.byte	0x1
 366 011f 20       		.byte	0x20
 367 0120 00000000 		.4byte	.LFB1
 368 0124 22000000 		.4byte	.LFE1-.LFB1
 369 0128 01       		.uleb128 0x1
 370 0129 9C       		.byte	0x9c
 371 012a 89010000 		.4byte	0x189
 372 012e 06       		.uleb128 0x6
 373 012f 14010000 		.4byte	.LASF18
 374 0133 01       		.byte	0x1
 375 0134 20       		.byte	0x20
 376 0135 76000000 		.4byte	0x76
 377 0139 21000000 		.4byte	.LLST1
 378 013d 06       		.uleb128 0x6
 379 013e 19010000 		.4byte	.LASF19
 380 0142 01       		.byte	0x1
 381 0143 20       		.byte	0x20
 382 0144 76000000 		.4byte	0x76
 383 0148 4E000000 		.4byte	.LLST2
 384 014c 07       		.uleb128 0x7
 385 014d 4A020000 		.4byte	.LASF16
ARM GAS  C:\Users\gaeta\AppData\Local\Temp\ccxvoG2u.s 			page 9


 386 0151 01       		.byte	0x1
 387 0152 23       		.byte	0x23
 388 0153 89010000 		.4byte	0x189
 389 0157 02       		.uleb128 0x2
 390 0158 91       		.byte	0x91
 391 0159 74       		.sleb128 -12
 392 015a 07       		.uleb128 0x7
 393 015b 0F010000 		.4byte	.LASF20
 394 015f 01       		.byte	0x1
 395 0160 25       		.byte	0x25
 396 0161 76000000 		.4byte	0x76
 397 0165 02       		.uleb128 0x2
 398 0166 91       		.byte	0x91
 399 0167 73       		.sleb128 -13
 400 0168 08       		.uleb128 0x8
 401 0169 1C000000 		.4byte	.LVL6
 402 016d D5020000 		.4byte	0x2d5
 403 0171 09       		.uleb128 0x9
 404 0172 01       		.uleb128 0x1
 405 0173 50       		.byte	0x50
 406 0174 02       		.uleb128 0x2
 407 0175 91       		.byte	0x91
 408 0176 74       		.sleb128 -12
 409 0177 09       		.uleb128 0x9
 410 0178 01       		.uleb128 0x1
 411 0179 51       		.byte	0x51
 412 017a 01       		.uleb128 0x1
 413 017b 32       		.byte	0x32
 414 017c 09       		.uleb128 0x9
 415 017d 01       		.uleb128 0x1
 416 017e 52       		.byte	0x52
 417 017f 02       		.uleb128 0x2
 418 0180 91       		.byte	0x91
 419 0181 73       		.sleb128 -13
 420 0182 09       		.uleb128 0x9
 421 0183 01       		.uleb128 0x1
 422 0184 53       		.byte	0x53
 423 0185 01       		.uleb128 0x1
 424 0186 30       		.byte	0x30
 425 0187 00       		.byte	0
 426 0188 00       		.byte	0
 427 0189 0A       		.uleb128 0xa
 428 018a 76000000 		.4byte	0x76
 429 018e 99010000 		.4byte	0x199
 430 0192 0B       		.uleb128 0xb
 431 0193 9D000000 		.4byte	0x9d
 432 0197 01       		.byte	0x1
 433 0198 00       		.byte	0
 434 0199 0C       		.uleb128 0xc
 435 019a 11020000 		.4byte	.LASF22
 436 019e 01       		.byte	0x1
 437 019f 2C       		.byte	0x2c
 438 01a0 00000000 		.4byte	.LFB2
 439 01a4 1E000000 		.4byte	.LFE2-.LFB2
 440 01a8 01       		.uleb128 0x1
 441 01a9 9C       		.byte	0x9c
 442 01aa 06020000 		.4byte	0x206
ARM GAS  C:\Users\gaeta\AppData\Local\Temp\ccxvoG2u.s 			page 10


 443 01ae 06       		.uleb128 0x6
 444 01af 14010000 		.4byte	.LASF18
 445 01b3 01       		.byte	0x1
 446 01b4 2C       		.byte	0x2c
 447 01b5 76000000 		.4byte	0x76
 448 01b9 7B000000 		.4byte	.LLST3
 449 01bd 06       		.uleb128 0x6
 450 01be C5010000 		.4byte	.LASF17
 451 01c2 01       		.byte	0x1
 452 01c3 2C       		.byte	0x2c
 453 01c4 06020000 		.4byte	0x206
 454 01c8 9C000000 		.4byte	.LLST4
 455 01cc 06       		.uleb128 0x6
 456 01cd 0A000000 		.4byte	.LASF23
 457 01d1 01       		.byte	0x1
 458 01d2 2C       		.byte	0x2c
 459 01d3 76000000 		.4byte	0x76
 460 01d7 C8000000 		.4byte	.LLST5
 461 01db 07       		.uleb128 0x7
 462 01dc 4A020000 		.4byte	.LASF16
 463 01e0 01       		.byte	0x1
 464 01e1 2F       		.byte	0x2f
 465 01e2 09010000 		.4byte	0x109
 466 01e6 02       		.uleb128 0x2
 467 01e7 91       		.byte	0x91
 468 01e8 74       		.sleb128 -12
 469 01e9 08       		.uleb128 0x8
 470 01ea 18000000 		.4byte	.LVL11
 471 01ee D5020000 		.4byte	0x2d5
 472 01f2 09       		.uleb128 0x9
 473 01f3 01       		.uleb128 0x1
 474 01f4 50       		.byte	0x50
 475 01f5 02       		.uleb128 0x2
 476 01f6 91       		.byte	0x91
 477 01f7 74       		.sleb128 -12
 478 01f8 09       		.uleb128 0x9
 479 01f9 01       		.uleb128 0x1
 480 01fa 51       		.byte	0x51
 481 01fb 01       		.uleb128 0x1
 482 01fc 31       		.byte	0x31
 483 01fd 09       		.uleb128 0x9
 484 01fe 01       		.uleb128 0x1
 485 01ff 52       		.byte	0x52
 486 0200 03       		.uleb128 0x3
 487 0201 F3       		.byte	0xf3
 488 0202 01       		.uleb128 0x1
 489 0203 51       		.byte	0x51
 490 0204 00       		.byte	0
 491 0205 00       		.byte	0
 492 0206 0D       		.uleb128 0xd
 493 0207 04       		.byte	0x4
 494 0208 76000000 		.4byte	0x76
 495 020c 0C       		.uleb128 0xc
 496 020d FD010000 		.4byte	.LASF24
 497 0211 01       		.byte	0x1
 498 0212 35       		.byte	0x35
 499 0213 00000000 		.4byte	.LFB3
ARM GAS  C:\Users\gaeta\AppData\Local\Temp\ccxvoG2u.s 			page 11


 500 0217 4A000000 		.4byte	.LFE3-.LFB3
 501 021b 01       		.uleb128 0x1
 502 021c 9C       		.byte	0x9c
 503 021d C0020000 		.4byte	0x2c0
 504 0221 06       		.uleb128 0x6
 505 0222 14010000 		.4byte	.LASF18
 506 0226 01       		.byte	0x1
 507 0227 35       		.byte	0x35
 508 0228 76000000 		.4byte	0x76
 509 022c E9000000 		.4byte	.LLST6
 510 0230 06       		.uleb128 0x6
 511 0231 4E000000 		.4byte	.LASF25
 512 0235 01       		.byte	0x1
 513 0236 35       		.byte	0x35
 514 0237 06020000 		.4byte	0x206
 515 023b 0A010000 		.4byte	.LLST7
 516 023f 06       		.uleb128 0x6
 517 0240 0A000000 		.4byte	.LASF23
 518 0244 01       		.byte	0x1
 519 0245 35       		.byte	0x35
 520 0246 76000000 		.4byte	0x76
 521 024a 28010000 		.4byte	.LLST8
 522 024e 0E       		.uleb128 0xe
 523 024f 4A020000 		.4byte	.LASF16
 524 0253 01       		.byte	0x1
 525 0254 3D       		.byte	0x3d
 526 0255 C0020000 		.4byte	0x2c0
 527 0259 49010000 		.4byte	.LLST9
 528 025d 07       		.uleb128 0x7
 529 025e 0F010000 		.4byte	.LASF20
 530 0262 01       		.byte	0x1
 531 0263 43       		.byte	0x43
 532 0264 76000000 		.4byte	0x76
 533 0268 02       		.uleb128 0x2
 534 0269 91       		.byte	0x91
 535 026a 67       		.sleb128 -25
 536 026b 0F       		.uleb128 0xf
 537 026c 12000000 		.4byte	.LVL14
 538 0270 E0020000 		.4byte	0x2e0
 539 0274 7E020000 		.4byte	0x27e
 540 0278 09       		.uleb128 0x9
 541 0279 01       		.uleb128 0x1
 542 027a 50       		.byte	0x50
 543 027b 01       		.uleb128 0x1
 544 027c 31       		.byte	0x31
 545 027d 00       		.byte	0
 546 027e 0F       		.uleb128 0xf
 547 027f 30000000 		.4byte	.LVL16
 548 0283 EB020000 		.4byte	0x2eb
 549 0287 9E020000 		.4byte	0x29e
 550 028b 09       		.uleb128 0x9
 551 028c 01       		.uleb128 0x1
 552 028d 50       		.byte	0x50
 553 028e 02       		.uleb128 0x2
 554 028f 7D       		.byte	0x7d
 555 0290 00       		.sleb128 0
 556 0291 09       		.uleb128 0x9
ARM GAS  C:\Users\gaeta\AppData\Local\Temp\ccxvoG2u.s 			page 12


 557 0292 01       		.uleb128 0x1
 558 0293 51       		.byte	0x51
 559 0294 02       		.uleb128 0x2
 560 0295 76       		.byte	0x76
 561 0296 00       		.sleb128 0
 562 0297 09       		.uleb128 0x9
 563 0298 01       		.uleb128 0x1
 564 0299 52       		.byte	0x52
 565 029a 02       		.uleb128 0x2
 566 029b 74       		.byte	0x74
 567 029c 00       		.sleb128 0
 568 029d 00       		.byte	0
 569 029e 08       		.uleb128 0x8
 570 029f 44000000 		.4byte	.LVL17
 571 02a3 F4020000 		.4byte	0x2f4
 572 02a7 09       		.uleb128 0x9
 573 02a8 01       		.uleb128 0x1
 574 02a9 50       		.byte	0x50
 575 02aa 02       		.uleb128 0x2
 576 02ab 7D       		.byte	0x7d
 577 02ac 00       		.sleb128 0
 578 02ad 09       		.uleb128 0x9
 579 02ae 01       		.uleb128 0x1
 580 02af 51       		.byte	0x51
 581 02b0 02       		.uleb128 0x2
 582 02b1 74       		.byte	0x74
 583 02b2 03       		.sleb128 3
 584 02b3 09       		.uleb128 0x9
 585 02b4 01       		.uleb128 0x1
 586 02b5 52       		.byte	0x52
 587 02b6 02       		.uleb128 0x2
 588 02b7 77       		.byte	0x77
 589 02b8 17       		.sleb128 23
 590 02b9 09       		.uleb128 0x9
 591 02ba 01       		.uleb128 0x1
 592 02bb 53       		.byte	0x53
 593 02bc 01       		.uleb128 0x1
 594 02bd 30       		.byte	0x30
 595 02be 00       		.byte	0
 596 02bf 00       		.byte	0
 597 02c0 0A       		.uleb128 0xa
 598 02c1 76000000 		.4byte	0x76
 599 02c5 D5020000 		.4byte	0x2d5
 600 02c9 10       		.uleb128 0x10
 601 02ca 9D000000 		.4byte	0x9d
 602 02ce 05       		.uleb128 0x5
 603 02cf 74       		.byte	0x74
 604 02d0 00       		.sleb128 0
 605 02d1 08       		.byte	0x8
 606 02d2 FF       		.byte	0xff
 607 02d3 1A       		.byte	0x1a
 608 02d4 00       		.byte	0
 609 02d5 11       		.uleb128 0x11
 610 02d6 51020000 		.4byte	.LASF26
 611 02da 51020000 		.4byte	.LASF26
 612 02de 04       		.byte	0x4
 613 02df 56       		.byte	0x56
ARM GAS  C:\Users\gaeta\AppData\Local\Temp\ccxvoG2u.s 			page 13


 614 02e0 11       		.uleb128 0x11
 615 02e1 29010000 		.4byte	.LASF27
 616 02e5 29010000 		.4byte	.LASF27
 617 02e9 05       		.byte	0x5
 618 02ea 77       		.byte	0x77
 619 02eb 12       		.uleb128 0x12
 620 02ec E3010000 		.4byte	.LASF33
 621 02f0 E3010000 		.4byte	.LASF33
 622 02f4 11       		.uleb128 0x11
 623 02f5 24000000 		.4byte	.LASF28
 624 02f9 24000000 		.4byte	.LASF28
 625 02fd 04       		.byte	0x4
 626 02fe 55       		.byte	0x55
 627 02ff 00       		.byte	0
 628              		.section	.debug_abbrev,"",%progbits
 629              	.Ldebug_abbrev0:
 630 0000 01       		.uleb128 0x1
 631 0001 11       		.uleb128 0x11
 632 0002 01       		.byte	0x1
 633 0003 25       		.uleb128 0x25
 634 0004 0E       		.uleb128 0xe
 635 0005 13       		.uleb128 0x13
 636 0006 0B       		.uleb128 0xb
 637 0007 03       		.uleb128 0x3
 638 0008 0E       		.uleb128 0xe
 639 0009 1B       		.uleb128 0x1b
 640 000a 0E       		.uleb128 0xe
 641 000b 55       		.uleb128 0x55
 642 000c 17       		.uleb128 0x17
 643 000d 11       		.uleb128 0x11
 644 000e 01       		.uleb128 0x1
 645 000f 10       		.uleb128 0x10
 646 0010 17       		.uleb128 0x17
 647 0011 00       		.byte	0
 648 0012 00       		.byte	0
 649 0013 02       		.uleb128 0x2
 650 0014 24       		.uleb128 0x24
 651 0015 00       		.byte	0
 652 0016 0B       		.uleb128 0xb
 653 0017 0B       		.uleb128 0xb
 654 0018 3E       		.uleb128 0x3e
 655 0019 0B       		.uleb128 0xb
 656 001a 03       		.uleb128 0x3
 657 001b 0E       		.uleb128 0xe
 658 001c 00       		.byte	0
 659 001d 00       		.byte	0
 660 001e 03       		.uleb128 0x3
 661 001f 16       		.uleb128 0x16
 662 0020 00       		.byte	0
 663 0021 03       		.uleb128 0x3
 664 0022 0E       		.uleb128 0xe
 665 0023 3A       		.uleb128 0x3a
 666 0024 0B       		.uleb128 0xb
 667 0025 3B       		.uleb128 0x3b
 668 0026 0B       		.uleb128 0xb
 669 0027 49       		.uleb128 0x49
 670 0028 13       		.uleb128 0x13
ARM GAS  C:\Users\gaeta\AppData\Local\Temp\ccxvoG2u.s 			page 14


 671 0029 00       		.byte	0
 672 002a 00       		.byte	0
 673 002b 04       		.uleb128 0x4
 674 002c 24       		.uleb128 0x24
 675 002d 00       		.byte	0
 676 002e 0B       		.uleb128 0xb
 677 002f 0B       		.uleb128 0xb
 678 0030 3E       		.uleb128 0x3e
 679 0031 0B       		.uleb128 0xb
 680 0032 03       		.uleb128 0x3
 681 0033 08       		.uleb128 0x8
 682 0034 00       		.byte	0
 683 0035 00       		.byte	0
 684 0036 05       		.uleb128 0x5
 685 0037 2E       		.uleb128 0x2e
 686 0038 01       		.byte	0x1
 687 0039 3F       		.uleb128 0x3f
 688 003a 19       		.uleb128 0x19
 689 003b 03       		.uleb128 0x3
 690 003c 0E       		.uleb128 0xe
 691 003d 3A       		.uleb128 0x3a
 692 003e 0B       		.uleb128 0xb
 693 003f 3B       		.uleb128 0x3b
 694 0040 0B       		.uleb128 0xb
 695 0041 27       		.uleb128 0x27
 696 0042 19       		.uleb128 0x19
 697 0043 49       		.uleb128 0x49
 698 0044 13       		.uleb128 0x13
 699 0045 11       		.uleb128 0x11
 700 0046 01       		.uleb128 0x1
 701 0047 12       		.uleb128 0x12
 702 0048 06       		.uleb128 0x6
 703 0049 40       		.uleb128 0x40
 704 004a 18       		.uleb128 0x18
 705 004b 9742     		.uleb128 0x2117
 706 004d 19       		.uleb128 0x19
 707 004e 01       		.uleb128 0x1
 708 004f 13       		.uleb128 0x13
 709 0050 00       		.byte	0
 710 0051 00       		.byte	0
 711 0052 06       		.uleb128 0x6
 712 0053 05       		.uleb128 0x5
 713 0054 00       		.byte	0
 714 0055 03       		.uleb128 0x3
 715 0056 0E       		.uleb128 0xe
 716 0057 3A       		.uleb128 0x3a
 717 0058 0B       		.uleb128 0xb
 718 0059 3B       		.uleb128 0x3b
 719 005a 0B       		.uleb128 0xb
 720 005b 49       		.uleb128 0x49
 721 005c 13       		.uleb128 0x13
 722 005d 02       		.uleb128 0x2
 723 005e 17       		.uleb128 0x17
 724 005f 00       		.byte	0
 725 0060 00       		.byte	0
 726 0061 07       		.uleb128 0x7
 727 0062 34       		.uleb128 0x34
ARM GAS  C:\Users\gaeta\AppData\Local\Temp\ccxvoG2u.s 			page 15


 728 0063 00       		.byte	0
 729 0064 03       		.uleb128 0x3
 730 0065 0E       		.uleb128 0xe
 731 0066 3A       		.uleb128 0x3a
 732 0067 0B       		.uleb128 0xb
 733 0068 3B       		.uleb128 0x3b
 734 0069 0B       		.uleb128 0xb
 735 006a 49       		.uleb128 0x49
 736 006b 13       		.uleb128 0x13
 737 006c 02       		.uleb128 0x2
 738 006d 18       		.uleb128 0x18
 739 006e 00       		.byte	0
 740 006f 00       		.byte	0
 741 0070 08       		.uleb128 0x8
 742 0071 898201   		.uleb128 0x4109
 743 0074 01       		.byte	0x1
 744 0075 11       		.uleb128 0x11
 745 0076 01       		.uleb128 0x1
 746 0077 31       		.uleb128 0x31
 747 0078 13       		.uleb128 0x13
 748 0079 00       		.byte	0
 749 007a 00       		.byte	0
 750 007b 09       		.uleb128 0x9
 751 007c 8A8201   		.uleb128 0x410a
 752 007f 00       		.byte	0
 753 0080 02       		.uleb128 0x2
 754 0081 18       		.uleb128 0x18
 755 0082 9142     		.uleb128 0x2111
 756 0084 18       		.uleb128 0x18
 757 0085 00       		.byte	0
 758 0086 00       		.byte	0
 759 0087 0A       		.uleb128 0xa
 760 0088 01       		.uleb128 0x1
 761 0089 01       		.byte	0x1
 762 008a 49       		.uleb128 0x49
 763 008b 13       		.uleb128 0x13
 764 008c 01       		.uleb128 0x1
 765 008d 13       		.uleb128 0x13
 766 008e 00       		.byte	0
 767 008f 00       		.byte	0
 768 0090 0B       		.uleb128 0xb
 769 0091 21       		.uleb128 0x21
 770 0092 00       		.byte	0
 771 0093 49       		.uleb128 0x49
 772 0094 13       		.uleb128 0x13
 773 0095 2F       		.uleb128 0x2f
 774 0096 0B       		.uleb128 0xb
 775 0097 00       		.byte	0
 776 0098 00       		.byte	0
 777 0099 0C       		.uleb128 0xc
 778 009a 2E       		.uleb128 0x2e
 779 009b 01       		.byte	0x1
 780 009c 3F       		.uleb128 0x3f
 781 009d 19       		.uleb128 0x19
 782 009e 03       		.uleb128 0x3
 783 009f 0E       		.uleb128 0xe
 784 00a0 3A       		.uleb128 0x3a
ARM GAS  C:\Users\gaeta\AppData\Local\Temp\ccxvoG2u.s 			page 16


 785 00a1 0B       		.uleb128 0xb
 786 00a2 3B       		.uleb128 0x3b
 787 00a3 0B       		.uleb128 0xb
 788 00a4 27       		.uleb128 0x27
 789 00a5 19       		.uleb128 0x19
 790 00a6 11       		.uleb128 0x11
 791 00a7 01       		.uleb128 0x1
 792 00a8 12       		.uleb128 0x12
 793 00a9 06       		.uleb128 0x6
 794 00aa 40       		.uleb128 0x40
 795 00ab 18       		.uleb128 0x18
 796 00ac 9742     		.uleb128 0x2117
 797 00ae 19       		.uleb128 0x19
 798 00af 01       		.uleb128 0x1
 799 00b0 13       		.uleb128 0x13
 800 00b1 00       		.byte	0
 801 00b2 00       		.byte	0
 802 00b3 0D       		.uleb128 0xd
 803 00b4 0F       		.uleb128 0xf
 804 00b5 00       		.byte	0
 805 00b6 0B       		.uleb128 0xb
 806 00b7 0B       		.uleb128 0xb
 807 00b8 49       		.uleb128 0x49
 808 00b9 13       		.uleb128 0x13
 809 00ba 00       		.byte	0
 810 00bb 00       		.byte	0
 811 00bc 0E       		.uleb128 0xe
 812 00bd 34       		.uleb128 0x34
 813 00be 00       		.byte	0
 814 00bf 03       		.uleb128 0x3
 815 00c0 0E       		.uleb128 0xe
 816 00c1 3A       		.uleb128 0x3a
 817 00c2 0B       		.uleb128 0xb
 818 00c3 3B       		.uleb128 0x3b
 819 00c4 0B       		.uleb128 0xb
 820 00c5 49       		.uleb128 0x49
 821 00c6 13       		.uleb128 0x13
 822 00c7 02       		.uleb128 0x2
 823 00c8 17       		.uleb128 0x17
 824 00c9 00       		.byte	0
 825 00ca 00       		.byte	0
 826 00cb 0F       		.uleb128 0xf
 827 00cc 898201   		.uleb128 0x4109
 828 00cf 01       		.byte	0x1
 829 00d0 11       		.uleb128 0x11
 830 00d1 01       		.uleb128 0x1
 831 00d2 31       		.uleb128 0x31
 832 00d3 13       		.uleb128 0x13
 833 00d4 01       		.uleb128 0x1
 834 00d5 13       		.uleb128 0x13
 835 00d6 00       		.byte	0
 836 00d7 00       		.byte	0
 837 00d8 10       		.uleb128 0x10
 838 00d9 21       		.uleb128 0x21
 839 00da 00       		.byte	0
 840 00db 49       		.uleb128 0x49
 841 00dc 13       		.uleb128 0x13
ARM GAS  C:\Users\gaeta\AppData\Local\Temp\ccxvoG2u.s 			page 17


 842 00dd 2F       		.uleb128 0x2f
 843 00de 18       		.uleb128 0x18
 844 00df 00       		.byte	0
 845 00e0 00       		.byte	0
 846 00e1 11       		.uleb128 0x11
 847 00e2 2E       		.uleb128 0x2e
 848 00e3 00       		.byte	0
 849 00e4 3F       		.uleb128 0x3f
 850 00e5 19       		.uleb128 0x19
 851 00e6 3C       		.uleb128 0x3c
 852 00e7 19       		.uleb128 0x19
 853 00e8 6E       		.uleb128 0x6e
 854 00e9 0E       		.uleb128 0xe
 855 00ea 03       		.uleb128 0x3
 856 00eb 0E       		.uleb128 0xe
 857 00ec 3A       		.uleb128 0x3a
 858 00ed 0B       		.uleb128 0xb
 859 00ee 3B       		.uleb128 0x3b
 860 00ef 0B       		.uleb128 0xb
 861 00f0 00       		.byte	0
 862 00f1 00       		.byte	0
 863 00f2 12       		.uleb128 0x12
 864 00f3 2E       		.uleb128 0x2e
 865 00f4 00       		.byte	0
 866 00f5 3F       		.uleb128 0x3f
 867 00f6 19       		.uleb128 0x19
 868 00f7 3C       		.uleb128 0x3c
 869 00f8 19       		.uleb128 0x19
 870 00f9 6E       		.uleb128 0x6e
 871 00fa 0E       		.uleb128 0xe
 872 00fb 03       		.uleb128 0x3
 873 00fc 0E       		.uleb128 0xe
 874 00fd 00       		.byte	0
 875 00fe 00       		.byte	0
 876 00ff 00       		.byte	0
 877              		.section	.debug_loc,"",%progbits
 878              	.Ldebug_loc0:
 879              	.LLST0:
 880 0000 00000000 		.4byte	.LVL0
 881 0004 08000000 		.4byte	.LVL1
 882 0008 0100     		.2byte	0x1
 883 000a 50       		.byte	0x50
 884 000b 08000000 		.4byte	.LVL1
 885 000f 28000000 		.4byte	.LFE0
 886 0013 0400     		.2byte	0x4
 887 0015 F3       		.byte	0xf3
 888 0016 01       		.uleb128 0x1
 889 0017 50       		.byte	0x50
 890 0018 9F       		.byte	0x9f
 891 0019 00000000 		.4byte	0
 892 001d 00000000 		.4byte	0
 893              	.LLST1:
 894 0021 00000000 		.4byte	.LVL3
 895 0025 18000000 		.4byte	.LVL5
 896 0029 0100     		.2byte	0x1
 897 002b 50       		.byte	0x50
 898 002c 18000000 		.4byte	.LVL5
ARM GAS  C:\Users\gaeta\AppData\Local\Temp\ccxvoG2u.s 			page 18


 899 0030 1B000000 		.4byte	.LVL6-1
 900 0034 0200     		.2byte	0x2
 901 0036 70       		.byte	0x70
 902 0037 00       		.sleb128 0
 903 0038 1B000000 		.4byte	.LVL6-1
 904 003c 22000000 		.4byte	.LFE1
 905 0040 0400     		.2byte	0x4
 906 0042 F3       		.byte	0xf3
 907 0043 01       		.uleb128 0x1
 908 0044 50       		.byte	0x50
 909 0045 9F       		.byte	0x9f
 910 0046 00000000 		.4byte	0
 911 004a 00000000 		.4byte	0
 912              	.LLST2:
 913 004e 00000000 		.4byte	.LVL3
 914 0052 16000000 		.4byte	.LVL4
 915 0056 0100     		.2byte	0x1
 916 0058 51       		.byte	0x51
 917 0059 16000000 		.4byte	.LVL4
 918 005d 1B000000 		.4byte	.LVL6-1
 919 0061 0200     		.2byte	0x2
 920 0063 91       		.byte	0x91
 921 0064 75       		.sleb128 -11
 922 0065 1B000000 		.4byte	.LVL6-1
 923 0069 22000000 		.4byte	.LFE1
 924 006d 0400     		.2byte	0x4
 925 006f F3       		.byte	0xf3
 926 0070 01       		.uleb128 0x1
 927 0071 51       		.byte	0x51
 928 0072 9F       		.byte	0x9f
 929 0073 00000000 		.4byte	0
 930 0077 00000000 		.4byte	0
 931              	.LLST3:
 932 007b 00000000 		.4byte	.LVL7
 933 007f 0A000000 		.4byte	.LVL8
 934 0083 0100     		.2byte	0x1
 935 0085 50       		.byte	0x50
 936 0086 0A000000 		.4byte	.LVL8
 937 008a 1E000000 		.4byte	.LFE2
 938 008e 0400     		.2byte	0x4
 939 0090 F3       		.byte	0xf3
 940 0091 01       		.uleb128 0x1
 941 0092 50       		.byte	0x50
 942 0093 9F       		.byte	0x9f
 943 0094 00000000 		.4byte	0
 944 0098 00000000 		.4byte	0
 945              	.LLST4:
 946 009c 00000000 		.4byte	.LVL7
 947 00a0 14000000 		.4byte	.LVL10
 948 00a4 0100     		.2byte	0x1
 949 00a6 51       		.byte	0x51
 950 00a7 14000000 		.4byte	.LVL10
 951 00ab 17000000 		.4byte	.LVL11-1
 952 00af 0100     		.2byte	0x1
 953 00b1 52       		.byte	0x52
 954 00b2 17000000 		.4byte	.LVL11-1
 955 00b6 1E000000 		.4byte	.LFE2
ARM GAS  C:\Users\gaeta\AppData\Local\Temp\ccxvoG2u.s 			page 19


 956 00ba 0400     		.2byte	0x4
 957 00bc F3       		.byte	0xf3
 958 00bd 01       		.uleb128 0x1
 959 00be 51       		.byte	0x51
 960 00bf 9F       		.byte	0x9f
 961 00c0 00000000 		.4byte	0
 962 00c4 00000000 		.4byte	0
 963              	.LLST5:
 964 00c8 00000000 		.4byte	.LVL7
 965 00cc 12000000 		.4byte	.LVL9
 966 00d0 0100     		.2byte	0x1
 967 00d2 52       		.byte	0x52
 968 00d3 12000000 		.4byte	.LVL9
 969 00d7 1E000000 		.4byte	.LFE2
 970 00db 0400     		.2byte	0x4
 971 00dd F3       		.byte	0xf3
 972 00de 01       		.uleb128 0x1
 973 00df 52       		.byte	0x52
 974 00e0 9F       		.byte	0x9f
 975 00e1 00000000 		.4byte	0
 976 00e5 00000000 		.4byte	0
 977              	.LLST6:
 978 00e9 00000000 		.4byte	.LVL12
 979 00ed 0E000000 		.4byte	.LVL13
 980 00f1 0100     		.2byte	0x1
 981 00f3 50       		.byte	0x50
 982 00f4 0E000000 		.4byte	.LVL13
 983 00f8 4A000000 		.4byte	.LFE3
 984 00fc 0400     		.2byte	0x4
 985 00fe F3       		.byte	0xf3
 986 00ff 01       		.uleb128 0x1
 987 0100 50       		.byte	0x50
 988 0101 9F       		.byte	0x9f
 989 0102 00000000 		.4byte	0
 990 0106 00000000 		.4byte	0
 991              	.LLST7:
 992 010a 00000000 		.4byte	.LVL12
 993 010e 11000000 		.4byte	.LVL14-1
 994 0112 0100     		.2byte	0x1
 995 0114 51       		.byte	0x51
 996 0115 11000000 		.4byte	.LVL14-1
 997 0119 4A000000 		.4byte	.LFE3
 998 011d 0100     		.2byte	0x1
 999 011f 56       		.byte	0x56
 1000 0120 00000000 		.4byte	0
 1001 0124 00000000 		.4byte	0
 1002              	.LLST8:
 1003 0128 00000000 		.4byte	.LVL12
 1004 012c 11000000 		.4byte	.LVL14-1
 1005 0130 0100     		.2byte	0x1
 1006 0132 52       		.byte	0x52
 1007 0133 11000000 		.4byte	.LVL14-1
 1008 0137 4A000000 		.4byte	.LFE3
 1009 013b 0400     		.2byte	0x4
 1010 013d F3       		.byte	0xf3
 1011 013e 01       		.uleb128 0x1
 1012 013f 52       		.byte	0x52
ARM GAS  C:\Users\gaeta\AppData\Local\Temp\ccxvoG2u.s 			page 20


 1013 0140 9F       		.byte	0x9f
 1014 0141 00000000 		.4byte	0
 1015 0145 00000000 		.4byte	0
 1016              	.LLST9:
 1017 0149 1E000000 		.4byte	.LVL15
 1018 014d 48000000 		.4byte	.LVL18
 1019 0151 0200     		.2byte	0x2
 1020 0153 7D       		.byte	0x7d
 1021 0154 00       		.sleb128 0
 1022 0155 48000000 		.4byte	.LVL18
 1023 0159 4A000000 		.4byte	.LFE3
 1024 015d 0B00     		.2byte	0xb
 1025 015f 91       		.byte	0x91
 1026 0160 00       		.sleb128 0
 1027 0161 74       		.byte	0x74
 1028 0162 08       		.sleb128 8
 1029 0163 09       		.byte	0x9
 1030 0164 F8       		.byte	0xf8
 1031 0165 1A       		.byte	0x1a
 1032 0166 1C       		.byte	0x1c
 1033 0167 08       		.byte	0x8
 1034 0168 20       		.byte	0x20
 1035 0169 1C       		.byte	0x1c
 1036 016a 00000000 		.4byte	0
 1037 016e 00000000 		.4byte	0
 1038              		.section	.debug_aranges,"",%progbits
 1039 0000 34000000 		.4byte	0x34
 1040 0004 0200     		.2byte	0x2
 1041 0006 00000000 		.4byte	.Ldebug_info0
 1042 000a 04       		.byte	0x4
 1043 000b 00       		.byte	0
 1044 000c 0000     		.2byte	0
 1045 000e 0000     		.2byte	0
 1046 0010 00000000 		.4byte	.LFB0
 1047 0014 28000000 		.4byte	.LFE0-.LFB0
 1048 0018 00000000 		.4byte	.LFB1
 1049 001c 22000000 		.4byte	.LFE1-.LFB1
 1050 0020 00000000 		.4byte	.LFB2
 1051 0024 1E000000 		.4byte	.LFE2-.LFB2
 1052 0028 00000000 		.4byte	.LFB3
 1053 002c 4A000000 		.4byte	.LFE3-.LFB3
 1054 0030 00000000 		.4byte	0
 1055 0034 00000000 		.4byte	0
 1056              		.section	.debug_ranges,"",%progbits
 1057              	.Ldebug_ranges0:
 1058 0000 00000000 		.4byte	.LFB0
 1059 0004 28000000 		.4byte	.LFE0
 1060 0008 00000000 		.4byte	.LFB1
 1061 000c 22000000 		.4byte	.LFE1
 1062 0010 00000000 		.4byte	.LFB2
 1063 0014 1E000000 		.4byte	.LFE2
 1064 0018 00000000 		.4byte	.LFB3
 1065 001c 4A000000 		.4byte	.LFE3
 1066 0020 00000000 		.4byte	0
 1067 0024 00000000 		.4byte	0
 1068              		.section	.debug_line,"",%progbits
 1069              	.Ldebug_line0:
ARM GAS  C:\Users\gaeta\AppData\Local\Temp\ccxvoG2u.s 			page 21


 1070 0000 A5010000 		.section	.debug_str,"MS",%progbits,1
 1070      02005101 
 1070      00000201 
 1070      FB0E0D00 
 1070      01010101 
 1071              	.LASF9:
 1072 0000 5F5F7569 		.ascii	"__uint8_t\000"
 1072      6E74385F 
 1072      7400
 1073              	.LASF23:
 1074 000a 6E427974 		.ascii	"nBytes\000"
 1074      657300
 1075              	.LASF3:
 1076 0011 73686F72 		.ascii	"short unsigned int\000"
 1076      7420756E 
 1076      7369676E 
 1076      65642069 
 1076      6E7400
 1077              	.LASF28:
 1078 0024 5350495F 		.ascii	"SPI_Interface_Multi_RW\000"
 1078      496E7465 
 1078      72666163 
 1078      655F4D75 
 1078      6C74695F 
 1079              	.LASF32:
 1080 003b 4143435F 		.ascii	"ACC_readByte\000"
 1080      72656164 
 1080      42797465 
 1080      00
 1081              	.LASF11:
 1082 0048 666C6F61 		.ascii	"float\000"
 1082      7400
 1083              	.LASF25:
 1084 004e 64617461 		.ascii	"data\000"
 1084      00
 1085              	.LASF1:
 1086 0053 756E7369 		.ascii	"unsigned char\000"
 1086      676E6564 
 1086      20636861 
 1086      7200
 1087              	.LASF29:
 1088 0061 474E5520 		.ascii	"GNU C11 5.4.1 20160609 (release) [ARM/embedded-5-br"
 1088      43313120 
 1088      352E342E 
 1088      31203230 
 1088      31363036 
 1089 0094 616E6368 		.ascii	"anch revision 237715] -mcpu=cortex-m3 -mthumb -g -O"
 1089      20726576 
 1089      6973696F 
 1089      6E203233 
 1089      37373135 
 1090 00c7 67202D66 		.ascii	"g -ffunction-sections -ffat-lto-objects\000"
 1090      66756E63 
 1090      74696F6E 
 1090      2D736563 
 1090      74696F6E 
 1091              	.LASF21:
ARM GAS  C:\Users\gaeta\AppData\Local\Temp\ccxvoG2u.s 			page 22


 1092 00ef 4143435F 		.ascii	"ACC_writeByte\000"
 1092      77726974 
 1092      65427974 
 1092      6500
 1093              	.LASF5:
 1094 00fd 6C6F6E67 		.ascii	"long unsigned int\000"
 1094      20756E73 
 1094      69676E65 
 1094      6420696E 
 1094      7400
 1095              	.LASF20:
 1096 010f 74656D70 		.ascii	"temp\000"
 1096      00
 1097              	.LASF18:
 1098 0114 61646472 		.ascii	"addr\000"
 1098      00
 1099              	.LASF19:
 1100 0119 64617461 		.ascii	"dataByte\000"
 1100      42797465 
 1100      00
 1101              	.LASF12:
 1102 0122 646F7562 		.ascii	"double\000"
 1102      6C6500
 1103              	.LASF27:
 1104 0129 43794465 		.ascii	"CyDelayUs\000"
 1104      6C617955 
 1104      7300
 1105              	.LASF8:
 1106 0133 756E7369 		.ascii	"unsigned int\000"
 1106      676E6564 
 1106      20696E74 
 1106      00
 1107              	.LASF7:
 1108 0140 6C6F6E67 		.ascii	"long long unsigned int\000"
 1108      206C6F6E 
 1108      6720756E 
 1108      7369676E 
 1108      65642069 
 1109              	.LASF10:
 1110 0157 75696E74 		.ascii	"uint8_t\000"
 1110      385F7400 
 1111              	.LASF31:
 1112 015f 433A5C55 		.ascii	"C:\\Users\\gaeta\\Documents\\PSoC Creator\\PsoC_Fin"
 1112      73657273 
 1112      5C676165 
 1112      74615C44 
 1112      6F63756D 
 1113 018d 616C5F50 		.ascii	"al_Project_1_03\\FIORANI_GARGIULO_IANNUZZI_Project."
 1113      726F6A65 
 1113      63745F31 
 1113      5F30335C 
 1113      46494F52 
 1114 01bf 63796473 		.ascii	"cydsn\000"
 1114      6E00
 1115              	.LASF17:
 1116 01c5 64617461 		.ascii	"dataRX\000"
 1116      525800
ARM GAS  C:\Users\gaeta\AppData\Local\Temp\ccxvoG2u.s 			page 23


 1117              	.LASF15:
 1118 01cc 73697A65 		.ascii	"sizetype\000"
 1118      74797065 
 1118      00
 1119              	.LASF6:
 1120 01d5 6C6F6E67 		.ascii	"long long int\000"
 1120      206C6F6E 
 1120      6720696E 
 1120      7400
 1121              	.LASF33:
 1122 01e3 6D656D63 		.ascii	"memcpy\000"
 1122      707900
 1123              	.LASF30:
 1124 01ea 4C495333 		.ascii	"LIS3DH.c\000"
 1124      44482E63 
 1124      00
 1125              	.LASF2:
 1126 01f3 73686F72 		.ascii	"short int\000"
 1126      7420696E 
 1126      7400
 1127              	.LASF24:
 1128 01fd 4143435F 		.ascii	"ACC_writeMultibytes\000"
 1128      77726974 
 1128      654D756C 
 1128      74696279 
 1128      74657300 
 1129              	.LASF22:
 1130 0211 4143435F 		.ascii	"ACC_readMultibytes\000"
 1130      72656164 
 1130      4D756C74 
 1130      69627974 
 1130      657300
 1131              	.LASF4:
 1132 0224 6C6F6E67 		.ascii	"long int\000"
 1132      20696E74 
 1132      00
 1133              	.LASF13:
 1134 022d 63686172 		.ascii	"char\000"
 1134      00
 1135              	.LASF14:
 1136 0232 6C6F6E67 		.ascii	"long double\000"
 1136      20646F75 
 1136      626C6500 
 1137              	.LASF0:
 1138 023e 7369676E 		.ascii	"signed char\000"
 1138      65642063 
 1138      68617200 
 1139              	.LASF16:
 1140 024a 64617461 		.ascii	"dataTX\000"
 1140      545800
 1141              	.LASF26:
 1142 0251 4143435F 		.ascii	"ACC_SPI_Interface_Multi_RW\000"
 1142      5350495F 
 1142      496E7465 
 1142      72666163 
 1142      655F4D75 
 1143              		.ident	"GCC: (GNU Tools for ARM Embedded Processors) 5.4.1 20160609 (release) [ARM/embedded-5-bran
ARM GAS  C:\Users\gaeta\AppData\Local\Temp\ccxvoG2u.s 			page 24


