ARM GAS  C:\Users\gaeta\AppData\Local\Temp\cc8deiKm.s 			page 1


   1              		.syntax unified
   2              		.cpu cortex-m3
   3              		.fpu softvfp
   4              		.eabi_attribute 20, 1
   5              		.eabi_attribute 21, 1
   6              		.eabi_attribute 23, 3
   7              		.eabi_attribute 24, 1
   8              		.eabi_attribute 25, 1
   9              		.eabi_attribute 26, 1
  10              		.eabi_attribute 30, 1
  11              		.eabi_attribute 34, 1
  12              		.eabi_attribute 18, 4
  13              		.thumb
  14              		.syntax unified
  15              		.file	"main.c"
  16              		.text
  17              	.Ltext0:
  18              		.cfi_sections	.debug_frame
  19              		.section	.text.main,"ax",%progbits
  20              		.align	2
  21              		.global	main
  22              		.thumb
  23              		.thumb_func
  24              		.type	main, %function
  25              	main:
  26              	.LFB64:
  27              		.file 1 "main.c"
   1:main.c        **** /**
   2:main.c        ****  * @file main.c
   3:main.c        ****  *
   4:main.c        ****  * 
   5:main.c        ****  *
   6:main.c        ****  *@authors Simone Fiorani, Alessandra Gargiulo, Gaetano Iannuzzi
   7:main.c        ****  *@date 2020
   8:main.c        **** */
   9:main.c        **** 
  10:main.c        **** #include "project.h"
  11:main.c        **** #include <stdio.h>
  12:main.c        **** #include <string.h>
  13:main.c        **** #include "SPI_Interface.h"
  14:main.c        **** #include "LIS3DH.h"
  15:main.c        **** 
  16:main.c        **** /* EEPROM 25LC256 Library */
  17:main.c        **** #include "25LC256.h"
  18:main.c        **** #include "ErrorCodes.h"
  19:main.c        **** 
  20:main.c        **** #define UART_PutBuffer UART_PutString(bufferUART)
  21:main.c        **** char bufferUART[100];
  22:main.c        **** 
  23:main.c        **** 
  24:main.c        **** 
  25:main.c        **** int main(void) {
  28              		.loc 1 25 0
  29              		.cfi_startproc
  30              		@ args = 0, pretend = 0, frame = 64
  31              		@ frame_needed = 0, uses_anonymous_args = 0
  32 0000 00B5     		push	{lr}
ARM GAS  C:\Users\gaeta\AppData\Local\Temp\cc8deiKm.s 			page 2


  33              		.cfi_def_cfa_offset 4
  34              		.cfi_offset 14, -4
  35 0002 91B0     		sub	sp, sp, #68
  36              		.cfi_def_cfa_offset 72
  26:main.c        ****     
  27:main.c        ****     /* Enable global interrupts. */
  28:main.c        ****     CyGlobalIntEnable; 
  37              		.loc 1 28 0
  38              		.syntax unified
  39              	@ 28 "main.c" 1
  40 0004 62B6     		CPSIE   i
  41              	@ 0 "" 2
  29:main.c        ****     
  30:main.c        ****     /* Start UART */
  31:main.c        ****     UART_Start();
  42              		.loc 1 31 0
  43              		.thumb
  44              		.syntax unified
  45 0006 FFF7FEFF 		bl	UART_Start
  46              	.LVL0:
  32:main.c        ****     
  33:main.c        ****     /* Start SPI Master */
  34:main.c        ****     SPIM_1_Start();
  47              		.loc 1 34 0
  48 000a FFF7FEFF 		bl	SPIM_1_Start
  49              	.LVL1:
  35:main.c        ****     SPIM_2_Start();
  50              		.loc 1 35 0
  51 000e FFF7FEFF 		bl	SPIM_2_Start
  52              	.LVL2:
  36:main.c        ****     
  37:main.c        ****     CyDelay(10);
  53              		.loc 1 37 0
  54 0012 0A20     		movs	r0, #10
  55 0014 FFF7FEFF 		bl	CyDelay
  56              	.LVL3:
  38:main.c        ****     
  39:main.c        ****     /*Selection of the sampling frequency in Normal Mode*/
  40:main.c        ****     uint8_t ctrl_reg1 =0;
  41:main.c        ****     /* 1Hz */
  42:main.c        ****     
  43:main.c        ****     ctrl_reg1 = ACC_readByte(LIS3DH_CTRL_REG1);
  57              		.loc 1 43 0
  58 0018 2020     		movs	r0, #32
  59 001a FFF7FEFF 		bl	ACC_readByte
  60              	.LVL4:
  44:main.c        ****     if (ctrl_reg1 != LIS3DH_1HZ_CTRL_REG1) 
  61              		.loc 1 44 0
  62 001e 1728     		cmp	r0, #23
  63 0020 03D0     		beq	.L2
  64              	.LVL5:
  45:main.c        ****     {
  46:main.c        ****         ctrl_reg1 = LIS3DH_1HZ_CTRL_REG1;
  47:main.c        ****         ACC_writeByte(LIS3DH_CTRL_REG1,ctrl_reg1);
  65              		.loc 1 47 0
  66 0022 1721     		movs	r1, #23
  67 0024 2020     		movs	r0, #32
ARM GAS  C:\Users\gaeta\AppData\Local\Temp\cc8deiKm.s 			page 3


  68 0026 FFF7FEFF 		bl	ACC_writeByte
  69              	.LVL6:
  70              	.L2:
  48:main.c        ****     }
  49:main.c        ****     
  50:main.c        ****     /* 10Hz */
  51:main.c        ****     ctrl_reg1 = ACC_readByte(LIS3DH_CTRL_REG1);
  71              		.loc 1 51 0
  72 002a 2020     		movs	r0, #32
  73 002c FFF7FEFF 		bl	ACC_readByte
  74              	.LVL7:
  52:main.c        ****     if (ctrl_reg1 != LIS3DH_10HZ_CTRL_REG1) 
  75              		.loc 1 52 0
  76 0030 2728     		cmp	r0, #39
  77 0032 03D0     		beq	.L3
  78              	.LVL8:
  53:main.c        ****     {
  54:main.c        ****         ctrl_reg1 = LIS3DH_10HZ_CTRL_REG1;
  55:main.c        ****         ACC_writeByte(LIS3DH_CTRL_REG1,ctrl_reg1);
  79              		.loc 1 55 0
  80 0034 2721     		movs	r1, #39
  81 0036 2020     		movs	r0, #32
  82 0038 FFF7FEFF 		bl	ACC_writeByte
  83              	.LVL9:
  84              	.L3:
  56:main.c        ****     }
  57:main.c        ****     
  58:main.c        ****     /* 25Hz */
  59:main.c        ****     ctrl_reg1 = ACC_readByte(LIS3DH_CTRL_REG1);
  85              		.loc 1 59 0
  86 003c 2020     		movs	r0, #32
  87 003e FFF7FEFF 		bl	ACC_readByte
  88              	.LVL10:
  60:main.c        ****     if (ctrl_reg1 != LIS3DH_25HZ_CTRL_REG1) 
  89              		.loc 1 60 0
  90 0042 3728     		cmp	r0, #55
  91 0044 03D0     		beq	.L4
  92              	.LVL11:
  61:main.c        ****     {
  62:main.c        ****         ctrl_reg1 = LIS3DH_25HZ_CTRL_REG1;
  63:main.c        ****         ACC_writeByte(LIS3DH_CTRL_REG1,ctrl_reg1);
  93              		.loc 1 63 0
  94 0046 3721     		movs	r1, #55
  95 0048 2020     		movs	r0, #32
  96 004a FFF7FEFF 		bl	ACC_writeByte
  97              	.LVL12:
  98              	.L4:
  64:main.c        ****     }
  65:main.c        ****     
  66:main.c        ****     /* 50Hz */
  67:main.c        ****     ctrl_reg1 = ACC_readByte(LIS3DH_CTRL_REG1);
  99              		.loc 1 67 0
 100 004e 2020     		movs	r0, #32
 101 0050 FFF7FEFF 		bl	ACC_readByte
 102              	.LVL13:
  68:main.c        ****     if (ctrl_reg1 != LIS3DH_50HZ_CTRL_REG1) 
 103              		.loc 1 68 0
ARM GAS  C:\Users\gaeta\AppData\Local\Temp\cc8deiKm.s 			page 4


 104 0054 4728     		cmp	r0, #71
 105 0056 03D0     		beq	.L5
 106              	.LVL14:
  69:main.c        ****     {
  70:main.c        ****         ctrl_reg1 = LIS3DH_50HZ_CTRL_REG1;
  71:main.c        ****         ACC_writeByte(LIS3DH_CTRL_REG1,ctrl_reg1);
 107              		.loc 1 71 0
 108 0058 4721     		movs	r1, #71
 109 005a 2020     		movs	r0, #32
 110 005c FFF7FEFF 		bl	ACC_writeByte
 111              	.LVL15:
 112              	.L5:
  72:main.c        ****     }
  73:main.c        ****     
  74:main.c        ****      /* FIFO overrun interrupt on INT1 */
  75:main.c        ****     uint8_t ctrl_reg3 = 0;
  76:main.c        ****     ctrl_reg3 = ACC_readByte(LIS3DH_CTRL_REG3);
 113              		.loc 1 76 0
 114 0060 2220     		movs	r0, #34
 115 0062 FFF7FEFF 		bl	ACC_readByte
 116              	.LVL16:
  77:main.c        ****     if (ctrl_reg3 != LIS3DH_I1_WTM_OVR_CTRL_REG3)
 117              		.loc 1 77 0
 118 0066 0628     		cmp	r0, #6
 119 0068 03D0     		beq	.L6
 120              	.LVL17:
  78:main.c        ****     {
  79:main.c        ****         ctrl_reg3 = LIS3DH_I1_WTM_OVR_CTRL_REG3;
  80:main.c        ****         ACC_writeByte(LIS3DH_CTRL_REG3,ctrl_reg3);
 121              		.loc 1 80 0
 122 006a 0621     		movs	r1, #6
 123 006c 2220     		movs	r0, #34
 124 006e FFF7FEFF 		bl	ACC_writeByte
 125              	.LVL18:
 126              	.L6:
  81:main.c        ****     }
  82:main.c        ****     
  83:main.c        ****     /*Setting Control Register 4, Full Scale Range*/
  84:main.c        ****     uint8_t ctrl_reg4 = ACC_readByte(LIS3DH_CTRL_REG4);
 127              		.loc 1 84 0
 128 0072 2320     		movs	r0, #35
 129 0074 FFF7FEFF 		bl	ACC_readByte
 130              	.LVL19:
  85:main.c        ****     
  86:main.c        ****     /*Defining sensitivity*/
  87:main.c        ****     int s =0; 
  88:main.c        ****     
  89:main.c        ****     if(ctrl_reg4 != LIS3DH_2G_CTRL_REG4)
 131              		.loc 1 89 0
 132 0078 8028     		cmp	r0, #128
 133 007a 04D0     		beq	.L7
 134              	.LVL20:
  90:main.c        ****     {
  91:main.c        ****         ctrl_reg4 = LIS3DH_2G_CTRL_REG4;
  92:main.c        ****         ACC_writeByte(LIS3DH_CTRL_REG4,ctrl_reg4);
 135              		.loc 1 92 0
 136 007c 8021     		movs	r1, #128
ARM GAS  C:\Users\gaeta\AppData\Local\Temp\cc8deiKm.s 			page 5


 137 007e 2320     		movs	r0, #35
 138 0080 FFF7FEFF 		bl	ACC_writeByte
 139              	.LVL21:
  91:main.c        ****         ACC_writeByte(LIS3DH_CTRL_REG4,ctrl_reg4);
 140              		.loc 1 91 0
 141 0084 8020     		movs	r0, #128
 142              	.LVL22:
 143              	.L7:
  93:main.c        ****         s=4;
  94:main.c        ****     }
  95:main.c        ****     
  96:main.c        ****     if(ctrl_reg4 != LIS3DH_4G_CTRL_REG4)
 144              		.loc 1 96 0
 145 0086 9028     		cmp	r0, #144
 146 0088 04D0     		beq	.L8
 147              	.LVL23:
  97:main.c        ****     {
  98:main.c        ****         ctrl_reg4 = LIS3DH_4G_CTRL_REG4;
  99:main.c        ****         ACC_writeByte(LIS3DH_CTRL_REG4,ctrl_reg4);
 148              		.loc 1 99 0
 149 008a 9021     		movs	r1, #144
 150 008c 2320     		movs	r0, #35
 151 008e FFF7FEFF 		bl	ACC_writeByte
 152              	.LVL24:
  98:main.c        ****         ACC_writeByte(LIS3DH_CTRL_REG4,ctrl_reg4);
 153              		.loc 1 98 0
 154 0092 9020     		movs	r0, #144
 155              	.LVL25:
 156              	.L8:
 100:main.c        ****         s=8;
 101:main.c        ****     }
 102:main.c        ****     
 103:main.c        ****      if(ctrl_reg4 != LIS3DH_8G_CTRL_REG4)
 157              		.loc 1 103 0
 158 0094 A028     		cmp	r0, #160
 159 0096 04D0     		beq	.L9
 160              	.LVL26:
 104:main.c        ****     {
 105:main.c        ****         ctrl_reg4 = LIS3DH_8G_CTRL_REG4;
 106:main.c        ****         ACC_writeByte(LIS3DH_CTRL_REG4,ctrl_reg4);
 161              		.loc 1 106 0
 162 0098 A021     		movs	r1, #160
 163 009a 2320     		movs	r0, #35
 164 009c FFF7FEFF 		bl	ACC_writeByte
 165              	.LVL27:
 105:main.c        ****         ACC_writeByte(LIS3DH_CTRL_REG4,ctrl_reg4);
 166              		.loc 1 105 0
 167 00a0 A020     		movs	r0, #160
 168              	.LVL28:
 169              	.L9:
 107:main.c        ****         s=16;
 108:main.c        ****     }
 109:main.c        ****     
 110:main.c        ****      if(ctrl_reg4 != LIS3DH_16G_CTRL_REG4)
 170              		.loc 1 110 0
 171 00a2 B028     		cmp	r0, #176
 172 00a4 03D0     		beq	.L10
ARM GAS  C:\Users\gaeta\AppData\Local\Temp\cc8deiKm.s 			page 6


 173              	.LVL29:
 111:main.c        ****     {
 112:main.c        ****         ctrl_reg4 = LIS3DH_16G_CTRL_REG4;
 113:main.c        ****         ACC_writeByte(LIS3DH_CTRL_REG4,ctrl_reg4);
 174              		.loc 1 113 0
 175 00a6 B021     		movs	r1, #176
 176 00a8 2320     		movs	r0, #35
 177 00aa FFF7FEFF 		bl	ACC_writeByte
 178              	.LVL30:
 179              	.L10:
 114:main.c        ****         s=48;
 115:main.c        ****     }
 116:main.c        ****     
 117:main.c        ****     
 118:main.c        ****     /*Enable FIFO Mode */
 119:main.c        ****     uint8_t ctrl_reg5 = ACC_readByte(LIS3DH_CTRL_REG5);
 180              		.loc 1 119 0
 181 00ae 2420     		movs	r0, #36
 182 00b0 FFF7FEFF 		bl	ACC_readByte
 183              	.LVL31:
 120:main.c        ****     if (ctrl_reg5 != LIS3DH_FIFO_ENABLE_CTRL_REG5)
 184              		.loc 1 120 0
 185 00b4 4028     		cmp	r0, #64
 186 00b6 03D0     		beq	.L11
 187              	.LVL32:
 121:main.c        ****     {
 122:main.c        ****         ctrl_reg5 = LIS3DH_FIFO_ENABLE_CTRL_REG5;
 123:main.c        ****         ACC_writeByte(LIS3DH_CTRL_REG5,ctrl_reg5);
 188              		.loc 1 123 0
 189 00b8 4021     		movs	r1, #64
 190 00ba 2420     		movs	r0, #36
 191 00bc FFF7FEFF 		bl	ACC_writeByte
 192              	.LVL33:
 193              	.L11:
 124:main.c        ****     }
 125:main.c        ****     
 126:main.c        ****     /* FIFO Mode Selection */
 127:main.c        ****     uint8_t fifo_reg = 0;
 128:main.c        ****     /*FIFO */
 129:main.c        ****     fifo_reg = ACC_readByte(LIS3DH_FIFO_CTRL_REG);
 194              		.loc 1 129 0
 195 00c0 2E20     		movs	r0, #46
 196 00c2 FFF7FEFF 		bl	ACC_readByte
 197              	.LVL34:
 130:main.c        ****     if( fifo_reg != LIS3DH_FIFO_MODE_CTRL_REG) 
 198              		.loc 1 130 0
 199 00c6 4028     		cmp	r0, #64
 200 00c8 03D0     		beq	.L12
 201              	.LVL35:
 131:main.c        ****     {
 132:main.c        ****         fifo_reg = LIS3DH_FIFO_MODE_CTRL_REG;
 133:main.c        ****         ACC_writeByte(LIS3DH_FIFO_CTRL_REG,fifo_reg);
 202              		.loc 1 133 0
 203 00ca 4021     		movs	r1, #64
 204 00cc 2E20     		movs	r0, #46
 205 00ce FFF7FEFF 		bl	ACC_writeByte
 206              	.LVL36:
ARM GAS  C:\Users\gaeta\AppData\Local\Temp\cc8deiKm.s 			page 7


 207              	.L12:
 134:main.c        ****     }
 135:main.c        ****     
 136:main.c        ****     
 137:main.c        ****      /*WTM 10 */
 138:main.c        ****     fifo_reg = ACC_readByte(LIS3DH_FIFO_CTRL_REG);
 208              		.loc 1 138 0
 209 00d2 2E20     		movs	r0, #46
 210 00d4 FFF7FEFF 		bl	ACC_readByte
 211              	.LVL37:
 139:main.c        ****     if( fifo_reg != LIS3DH_WTM10_MODE_CTRL_REG5) 
 212              		.loc 1 139 0
 213 00d8 4A28     		cmp	r0, #74
 214 00da 03D0     		beq	.L14
 215              	.LVL38:
 140:main.c        ****     {
 141:main.c        ****         fifo_reg = LIS3DH_WTM10_MODE_CTRL_REG5;
 142:main.c        ****         ACC_writeByte(LIS3DH_FIFO_CTRL_REG,fifo_reg);
 216              		.loc 1 142 0
 217 00dc 4A21     		movs	r1, #74
 218 00de 2E20     		movs	r0, #46
 219 00e0 FFF7FEFF 		bl	ACC_writeByte
 220              	.LVL39:
 221              	.L14:
 143:main.c        ****     }
 144:main.c        ****     
 145:main.c        ****     uint8_t ReadData[60];
 146:main.c        ****     uint8_t TransferData[3];
 147:main.c        ****     int i=0;
 148:main.c        ****     int16_t OutX,OutY,OutZ;
 149:main.c        **** 
 150:main.c        ****     for(;;)
 151:main.c        ****     {
 152:main.c        ****         if( INT_1_Read() == 1)
 222              		.loc 1 152 0
 223 00e4 FFF7FEFF 		bl	INT_1_Read
 224              	.LVL40:
 225 00e8 0128     		cmp	r0, #1
 226 00ea FBD1     		bne	.L14
 153:main.c        ****         {
 154:main.c        ****             ACC_readMultibytes(LIS3DH_OUT_X_L, &ReadData[0],60);
 227              		.loc 1 154 0
 228 00ec 3C22     		movs	r2, #60
 229 00ee 01A9     		add	r1, sp, #4
 230 00f0 2820     		movs	r0, #40
 231 00f2 FFF7FEFF 		bl	ACC_readMultibytes
 232              	.LVL41:
 155:main.c        ****             
 156:main.c        **** //            for ( i=0; i<60; i++){
 157:main.c        **** //                OutX = (int16)((ReadData[i] | (ReadData[i+1]<<8)))>>6;
 158:main.c        **** //                OutY = (int16)((ReadData[i+2] | (ReadData[i+3]<<8)))>>6;
 159:main.c        **** //                OutZ = (int16)((ReadData[i+4] | (ReadData[i+5]<<8)))>>6;
 160:main.c        ****                 
 161:main.c        ****             
 162:main.c        ****             
 163:main.c        ****             /*Bypass Mode */
 164:main.c        ****             fifo_reg = ACC_readByte(LIS3DH_FIFO_CTRL_REG);
ARM GAS  C:\Users\gaeta\AppData\Local\Temp\cc8deiKm.s 			page 8


 233              		.loc 1 164 0
 234 00f6 2E20     		movs	r0, #46
 235 00f8 FFF7FEFF 		bl	ACC_readByte
 236              	.LVL42:
 165:main.c        ****             if( fifo_reg != LIS3DH_BYPASS_MODE_CTRL_REG) 
 237              		.loc 1 165 0
 238 00fc 18B1     		cbz	r0, .L15
 239              	.LVL43:
 166:main.c        ****             {
 167:main.c        ****                 fifo_reg = LIS3DH_BYPASS_MODE_CTRL_REG;
 168:main.c        ****                 ACC_writeByte(LIS3DH_FIFO_CTRL_REG,fifo_reg);
 240              		.loc 1 168 0
 241 00fe 0021     		movs	r1, #0
 242 0100 2E20     		movs	r0, #46
 243 0102 FFF7FEFF 		bl	ACC_writeByte
 244              	.LVL44:
 245              	.L15:
 169:main.c        ****             }
 170:main.c        ****             /*FIFO */
 171:main.c        ****             fifo_reg = ACC_readByte(LIS3DH_FIFO_CTRL_REG);
 246              		.loc 1 171 0
 247 0106 2E20     		movs	r0, #46
 248 0108 FFF7FEFF 		bl	ACC_readByte
 249              	.LVL45:
 172:main.c        ****             if( fifo_reg != LIS3DH_FIFO_MODE_CTRL_REG) 
 250              		.loc 1 172 0
 251 010c 4028     		cmp	r0, #64
 252 010e E9D0     		beq	.L14
 253              	.LVL46:
 173:main.c        ****             {
 174:main.c        ****                 fifo_reg = LIS3DH_FIFO_MODE_CTRL_REG;
 175:main.c        ****                 ACC_writeByte(LIS3DH_FIFO_CTRL_REG,fifo_reg);
 254              		.loc 1 175 0
 255 0110 4021     		movs	r1, #64
 256 0112 2E20     		movs	r0, #46
 257 0114 FFF7FEFF 		bl	ACC_writeByte
 258              	.LVL47:
 259 0118 E4E7     		b	.L14
 260              		.cfi_endproc
 261              	.LFE64:
 262              		.size	main, .-main
 263              		.comm	bufferUART,100,4
 264 011a 00BF     		.text
 265              	.Letext0:
 266              		.file 2 "c:\\program files (x86)\\cypress\\psoc creator\\4.3\\psoc creator\\import\\gnu\\arm\\5.4.
 267              		.file 3 "c:\\program files (x86)\\cypress\\psoc creator\\4.3\\psoc creator\\import\\gnu\\arm\\5.4.
 268              		.file 4 "Generated_Source\\PSoC5/core_cm3.h"
 269              		.file 5 "Generated_Source\\PSoC5/UART.h"
 270              		.file 6 "Generated_Source\\PSoC5/SPIM_1.h"
 271              		.file 7 "Generated_Source\\PSoC5/SPIM_2.h"
 272              		.file 8 "Generated_Source\\PSoC5/CyLib.h"
 273              		.file 9 "LIS3DH.h"
 274              		.file 10 "Generated_Source\\PSoC5/INT_1.h"
 275              		.section	.debug_info,"",%progbits
 276              	.Ldebug_info0:
 277 0000 C6040000 		.4byte	0x4c6
 278 0004 0400     		.2byte	0x4
ARM GAS  C:\Users\gaeta\AppData\Local\Temp\cc8deiKm.s 			page 9


 279 0006 00000000 		.4byte	.Ldebug_abbrev0
 280 000a 04       		.byte	0x4
 281 000b 01       		.uleb128 0x1
 282 000c 78000000 		.4byte	.LASF40
 283 0010 0C       		.byte	0xc
 284 0011 58020000 		.4byte	.LASF41
 285 0015 BB010000 		.4byte	.LASF42
 286 0019 00000000 		.4byte	.Ldebug_ranges0+0
 287 001d 00000000 		.4byte	0
 288 0021 00000000 		.4byte	.Ldebug_line0
 289 0025 02       		.uleb128 0x2
 290 0026 01       		.byte	0x1
 291 0027 06       		.byte	0x6
 292 0028 96020000 		.4byte	.LASF0
 293 002c 03       		.uleb128 0x3
 294 002d 09000000 		.4byte	.LASF2
 295 0031 02       		.byte	0x2
 296 0032 1D       		.byte	0x1d
 297 0033 37000000 		.4byte	0x37
 298 0037 02       		.uleb128 0x2
 299 0038 01       		.byte	0x1
 300 0039 08       		.byte	0x8
 301 003a 6A000000 		.4byte	.LASF1
 302 003e 03       		.uleb128 0x3
 303 003f 6A010000 		.4byte	.LASF3
 304 0043 02       		.byte	0x2
 305 0044 29       		.byte	0x29
 306 0045 49000000 		.4byte	0x49
 307 0049 02       		.uleb128 0x2
 308 004a 02       		.byte	0x2
 309 004b 05       		.byte	0x5
 310 004c 64020000 		.4byte	.LASF4
 311 0050 02       		.uleb128 0x2
 312 0051 02       		.byte	0x2
 313 0052 07       		.byte	0x7
 314 0053 26010000 		.4byte	.LASF5
 315 0057 03       		.uleb128 0x3
 316 0058 20000000 		.4byte	.LASF6
 317 005c 02       		.byte	0x2
 318 005d 3F       		.byte	0x3f
 319 005e 62000000 		.4byte	0x62
 320 0062 02       		.uleb128 0x2
 321 0063 04       		.byte	0x4
 322 0064 05       		.byte	0x5
 323 0065 81020000 		.4byte	.LASF7
 324 0069 02       		.uleb128 0x2
 325 006a 04       		.byte	0x4
 326 006b 07       		.byte	0x7
 327 006c 14010000 		.4byte	.LASF8
 328 0070 02       		.uleb128 0x2
 329 0071 08       		.byte	0x8
 330 0072 05       		.byte	0x5
 331 0073 4A020000 		.4byte	.LASF9
 332 0077 02       		.uleb128 0x2
 333 0078 08       		.byte	0x8
 334 0079 07       		.byte	0x7
 335 007a 9C010000 		.4byte	.LASF10
ARM GAS  C:\Users\gaeta\AppData\Local\Temp\cc8deiKm.s 			page 10


 336 007e 04       		.uleb128 0x4
 337 007f 04       		.byte	0x4
 338 0080 05       		.byte	0x5
 339 0081 696E7400 		.ascii	"int\000"
 340 0085 02       		.uleb128 0x2
 341 0086 04       		.byte	0x4
 342 0087 07       		.byte	0x7
 343 0088 37000000 		.4byte	.LASF11
 344 008c 03       		.uleb128 0x3
 345 008d B3010000 		.4byte	.LASF12
 346 0091 03       		.byte	0x3
 347 0092 18       		.byte	0x18
 348 0093 2C000000 		.4byte	0x2c
 349 0097 03       		.uleb128 0x3
 350 0098 2A020000 		.4byte	.LASF13
 351 009c 03       		.byte	0x3
 352 009d 20       		.byte	0x20
 353 009e 3E000000 		.4byte	0x3e
 354 00a2 03       		.uleb128 0x3
 355 00a3 5C000000 		.4byte	.LASF14
 356 00a7 03       		.byte	0x3
 357 00a8 2C       		.byte	0x2c
 358 00a9 57000000 		.4byte	0x57
 359 00ad 02       		.uleb128 0x2
 360 00ae 04       		.byte	0x4
 361 00af 04       		.byte	0x4
 362 00b0 64000000 		.4byte	.LASF15
 363 00b4 02       		.uleb128 0x2
 364 00b5 08       		.byte	0x8
 365 00b6 04       		.byte	0x4
 366 00b7 5E010000 		.4byte	.LASF16
 367 00bb 02       		.uleb128 0x2
 368 00bc 01       		.byte	0x1
 369 00bd 08       		.byte	0x8
 370 00be 5F020000 		.4byte	.LASF17
 371 00c2 02       		.uleb128 0x2
 372 00c3 08       		.byte	0x8
 373 00c4 04       		.byte	0x4
 374 00c5 8A020000 		.4byte	.LASF18
 375 00c9 02       		.uleb128 0x2
 376 00ca 04       		.byte	0x4
 377 00cb 07       		.byte	0x7
 378 00cc 41020000 		.4byte	.LASF19
 379 00d0 05       		.uleb128 0x5
 380 00d1 65010000 		.4byte	.LASF43
 381 00d5 01       		.byte	0x1
 382 00d6 19       		.byte	0x19
 383 00d7 7E000000 		.4byte	0x7e
 384 00db 00000000 		.4byte	.LFB64
 385 00df 1A010000 		.4byte	.LFE64-.LFB64
 386 00e3 01       		.uleb128 0x1
 387 00e4 9C       		.byte	0x9c
 388 00e5 1F040000 		.4byte	0x41f
 389 00e9 06       		.uleb128 0x6
 390 00ea 74010000 		.4byte	.LASF20
 391 00ee 01       		.byte	0x1
 392 00ef 28       		.byte	0x28
ARM GAS  C:\Users\gaeta\AppData\Local\Temp\cc8deiKm.s 			page 11


 393 00f0 8C000000 		.4byte	0x8c
 394 00f4 00000000 		.4byte	.LLST0
 395 00f8 06       		.uleb128 0x6
 396 00f9 7E010000 		.4byte	.LASF21
 397 00fd 01       		.byte	0x1
 398 00fe 4B       		.byte	0x4b
 399 00ff 8C000000 		.4byte	0x8c
 400 0103 73000000 		.4byte	.LLST1
 401 0107 06       		.uleb128 0x6
 402 0108 88010000 		.4byte	.LASF22
 403 010c 01       		.byte	0x1
 404 010d 54       		.byte	0x54
 405 010e 8C000000 		.4byte	0x8c
 406 0112 9E000000 		.4byte	.LLST2
 407 0116 07       		.uleb128 0x7
 408 0117 7300     		.ascii	"s\000"
 409 0119 01       		.byte	0x1
 410 011a 57       		.byte	0x57
 411 011b 7E000000 		.4byte	0x7e
 412 011f 06010000 		.4byte	.LLST3
 413 0123 06       		.uleb128 0x6
 414 0124 92010000 		.4byte	.LASF23
 415 0128 01       		.byte	0x1
 416 0129 77       		.byte	0x77
 417 012a 8C000000 		.4byte	0x8c
 418 012e 3E010000 		.4byte	.LLST4
 419 0132 06       		.uleb128 0x6
 420 0133 21020000 		.4byte	.LASF24
 421 0137 01       		.byte	0x1
 422 0138 7F       		.byte	0x7f
 423 0139 8C000000 		.4byte	0x8c
 424 013d 5E010000 		.4byte	.LLST5
 425 0141 08       		.uleb128 0x8
 426 0142 00000000 		.4byte	.LASF25
 427 0146 01       		.byte	0x1
 428 0147 91       		.byte	0x91
 429 0148 1F040000 		.4byte	0x41f
 430 014c 03       		.uleb128 0x3
 431 014d 91       		.byte	0x91
 432 014e BC7F     		.sleb128 -68
 433 0150 09       		.uleb128 0x9
 434 0151 51010000 		.4byte	.LASF26
 435 0155 01       		.byte	0x1
 436 0156 92       		.byte	0x92
 437 0157 2F040000 		.4byte	0x42f
 438 015b 0A       		.uleb128 0xa
 439 015c 6900     		.ascii	"i\000"
 440 015e 01       		.byte	0x1
 441 015f 93       		.byte	0x93
 442 0160 7E000000 		.4byte	0x7e
 443 0164 09       		.uleb128 0x9
 444 0165 32020000 		.4byte	.LASF27
 445 0169 01       		.byte	0x1
 446 016a 94       		.byte	0x94
 447 016b 97000000 		.4byte	0x97
 448 016f 09       		.uleb128 0x9
 449 0170 37020000 		.4byte	.LASF28
ARM GAS  C:\Users\gaeta\AppData\Local\Temp\cc8deiKm.s 			page 12


 450 0174 01       		.byte	0x1
 451 0175 94       		.byte	0x94
 452 0176 97000000 		.4byte	0x97
 453 017a 09       		.uleb128 0x9
 454 017b 3C020000 		.4byte	.LASF29
 455 017f 01       		.byte	0x1
 456 0180 94       		.byte	0x94
 457 0181 97000000 		.4byte	0x97
 458 0185 0B       		.uleb128 0xb
 459 0186 0A000000 		.4byte	.LVL0
 460 018a 71040000 		.4byte	0x471
 461 018e 0B       		.uleb128 0xb
 462 018f 0E000000 		.4byte	.LVL1
 463 0193 7C040000 		.4byte	0x47c
 464 0197 0B       		.uleb128 0xb
 465 0198 12000000 		.4byte	.LVL2
 466 019c 87040000 		.4byte	0x487
 467 01a0 0C       		.uleb128 0xc
 468 01a1 18000000 		.4byte	.LVL3
 469 01a5 92040000 		.4byte	0x492
 470 01a9 B3010000 		.4byte	0x1b3
 471 01ad 0D       		.uleb128 0xd
 472 01ae 01       		.uleb128 0x1
 473 01af 50       		.byte	0x50
 474 01b0 01       		.uleb128 0x1
 475 01b1 3A       		.byte	0x3a
 476 01b2 00       		.byte	0
 477 01b3 0C       		.uleb128 0xc
 478 01b4 1E000000 		.4byte	.LVL4
 479 01b8 9D040000 		.4byte	0x49d
 480 01bc C7010000 		.4byte	0x1c7
 481 01c0 0D       		.uleb128 0xd
 482 01c1 01       		.uleb128 0x1
 483 01c2 50       		.byte	0x50
 484 01c3 02       		.uleb128 0x2
 485 01c4 08       		.byte	0x8
 486 01c5 20       		.byte	0x20
 487 01c6 00       		.byte	0
 488 01c7 0C       		.uleb128 0xc
 489 01c8 2A000000 		.4byte	.LVL6
 490 01cc A8040000 		.4byte	0x4a8
 491 01d0 E0010000 		.4byte	0x1e0
 492 01d4 0D       		.uleb128 0xd
 493 01d5 01       		.uleb128 0x1
 494 01d6 50       		.byte	0x50
 495 01d7 02       		.uleb128 0x2
 496 01d8 08       		.byte	0x8
 497 01d9 20       		.byte	0x20
 498 01da 0D       		.uleb128 0xd
 499 01db 01       		.uleb128 0x1
 500 01dc 51       		.byte	0x51
 501 01dd 01       		.uleb128 0x1
 502 01de 47       		.byte	0x47
 503 01df 00       		.byte	0
 504 01e0 0C       		.uleb128 0xc
 505 01e1 30000000 		.4byte	.LVL7
 506 01e5 9D040000 		.4byte	0x49d
ARM GAS  C:\Users\gaeta\AppData\Local\Temp\cc8deiKm.s 			page 13


 507 01e9 F4010000 		.4byte	0x1f4
 508 01ed 0D       		.uleb128 0xd
 509 01ee 01       		.uleb128 0x1
 510 01ef 50       		.byte	0x50
 511 01f0 02       		.uleb128 0x2
 512 01f1 08       		.byte	0x8
 513 01f2 20       		.byte	0x20
 514 01f3 00       		.byte	0
 515 01f4 0C       		.uleb128 0xc
 516 01f5 3C000000 		.4byte	.LVL9
 517 01f9 A8040000 		.4byte	0x4a8
 518 01fd 0E020000 		.4byte	0x20e
 519 0201 0D       		.uleb128 0xd
 520 0202 01       		.uleb128 0x1
 521 0203 50       		.byte	0x50
 522 0204 02       		.uleb128 0x2
 523 0205 08       		.byte	0x8
 524 0206 20       		.byte	0x20
 525 0207 0D       		.uleb128 0xd
 526 0208 01       		.uleb128 0x1
 527 0209 51       		.byte	0x51
 528 020a 02       		.uleb128 0x2
 529 020b 08       		.byte	0x8
 530 020c 27       		.byte	0x27
 531 020d 00       		.byte	0
 532 020e 0C       		.uleb128 0xc
 533 020f 42000000 		.4byte	.LVL10
 534 0213 9D040000 		.4byte	0x49d
 535 0217 22020000 		.4byte	0x222
 536 021b 0D       		.uleb128 0xd
 537 021c 01       		.uleb128 0x1
 538 021d 50       		.byte	0x50
 539 021e 02       		.uleb128 0x2
 540 021f 08       		.byte	0x8
 541 0220 20       		.byte	0x20
 542 0221 00       		.byte	0
 543 0222 0C       		.uleb128 0xc
 544 0223 4E000000 		.4byte	.LVL12
 545 0227 A8040000 		.4byte	0x4a8
 546 022b 3C020000 		.4byte	0x23c
 547 022f 0D       		.uleb128 0xd
 548 0230 01       		.uleb128 0x1
 549 0231 50       		.byte	0x50
 550 0232 02       		.uleb128 0x2
 551 0233 08       		.byte	0x8
 552 0234 20       		.byte	0x20
 553 0235 0D       		.uleb128 0xd
 554 0236 01       		.uleb128 0x1
 555 0237 51       		.byte	0x51
 556 0238 02       		.uleb128 0x2
 557 0239 08       		.byte	0x8
 558 023a 37       		.byte	0x37
 559 023b 00       		.byte	0
 560 023c 0C       		.uleb128 0xc
 561 023d 54000000 		.4byte	.LVL13
 562 0241 9D040000 		.4byte	0x49d
 563 0245 50020000 		.4byte	0x250
ARM GAS  C:\Users\gaeta\AppData\Local\Temp\cc8deiKm.s 			page 14


 564 0249 0D       		.uleb128 0xd
 565 024a 01       		.uleb128 0x1
 566 024b 50       		.byte	0x50
 567 024c 02       		.uleb128 0x2
 568 024d 08       		.byte	0x8
 569 024e 20       		.byte	0x20
 570 024f 00       		.byte	0
 571 0250 0C       		.uleb128 0xc
 572 0251 60000000 		.4byte	.LVL15
 573 0255 A8040000 		.4byte	0x4a8
 574 0259 6A020000 		.4byte	0x26a
 575 025d 0D       		.uleb128 0xd
 576 025e 01       		.uleb128 0x1
 577 025f 50       		.byte	0x50
 578 0260 02       		.uleb128 0x2
 579 0261 08       		.byte	0x8
 580 0262 20       		.byte	0x20
 581 0263 0D       		.uleb128 0xd
 582 0264 01       		.uleb128 0x1
 583 0265 51       		.byte	0x51
 584 0266 02       		.uleb128 0x2
 585 0267 08       		.byte	0x8
 586 0268 47       		.byte	0x47
 587 0269 00       		.byte	0
 588 026a 0C       		.uleb128 0xc
 589 026b 66000000 		.4byte	.LVL16
 590 026f 9D040000 		.4byte	0x49d
 591 0273 7E020000 		.4byte	0x27e
 592 0277 0D       		.uleb128 0xd
 593 0278 01       		.uleb128 0x1
 594 0279 50       		.byte	0x50
 595 027a 02       		.uleb128 0x2
 596 027b 08       		.byte	0x8
 597 027c 22       		.byte	0x22
 598 027d 00       		.byte	0
 599 027e 0C       		.uleb128 0xc
 600 027f 72000000 		.4byte	.LVL18
 601 0283 A8040000 		.4byte	0x4a8
 602 0287 97020000 		.4byte	0x297
 603 028b 0D       		.uleb128 0xd
 604 028c 01       		.uleb128 0x1
 605 028d 50       		.byte	0x50
 606 028e 02       		.uleb128 0x2
 607 028f 08       		.byte	0x8
 608 0290 22       		.byte	0x22
 609 0291 0D       		.uleb128 0xd
 610 0292 01       		.uleb128 0x1
 611 0293 51       		.byte	0x51
 612 0294 01       		.uleb128 0x1
 613 0295 36       		.byte	0x36
 614 0296 00       		.byte	0
 615 0297 0C       		.uleb128 0xc
 616 0298 78000000 		.4byte	.LVL19
 617 029c 9D040000 		.4byte	0x49d
 618 02a0 AB020000 		.4byte	0x2ab
 619 02a4 0D       		.uleb128 0xd
 620 02a5 01       		.uleb128 0x1
ARM GAS  C:\Users\gaeta\AppData\Local\Temp\cc8deiKm.s 			page 15


 621 02a6 50       		.byte	0x50
 622 02a7 02       		.uleb128 0x2
 623 02a8 08       		.byte	0x8
 624 02a9 23       		.byte	0x23
 625 02aa 00       		.byte	0
 626 02ab 0C       		.uleb128 0xc
 627 02ac 84000000 		.4byte	.LVL21
 628 02b0 A8040000 		.4byte	0x4a8
 629 02b4 C5020000 		.4byte	0x2c5
 630 02b8 0D       		.uleb128 0xd
 631 02b9 01       		.uleb128 0x1
 632 02ba 50       		.byte	0x50
 633 02bb 02       		.uleb128 0x2
 634 02bc 08       		.byte	0x8
 635 02bd 23       		.byte	0x23
 636 02be 0D       		.uleb128 0xd
 637 02bf 01       		.uleb128 0x1
 638 02c0 51       		.byte	0x51
 639 02c1 02       		.uleb128 0x2
 640 02c2 09       		.byte	0x9
 641 02c3 80       		.byte	0x80
 642 02c4 00       		.byte	0
 643 02c5 0C       		.uleb128 0xc
 644 02c6 92000000 		.4byte	.LVL24
 645 02ca A8040000 		.4byte	0x4a8
 646 02ce DF020000 		.4byte	0x2df
 647 02d2 0D       		.uleb128 0xd
 648 02d3 01       		.uleb128 0x1
 649 02d4 50       		.byte	0x50
 650 02d5 02       		.uleb128 0x2
 651 02d6 08       		.byte	0x8
 652 02d7 23       		.byte	0x23
 653 02d8 0D       		.uleb128 0xd
 654 02d9 01       		.uleb128 0x1
 655 02da 51       		.byte	0x51
 656 02db 02       		.uleb128 0x2
 657 02dc 09       		.byte	0x9
 658 02dd 90       		.byte	0x90
 659 02de 00       		.byte	0
 660 02df 0C       		.uleb128 0xc
 661 02e0 A0000000 		.4byte	.LVL27
 662 02e4 A8040000 		.4byte	0x4a8
 663 02e8 F9020000 		.4byte	0x2f9
 664 02ec 0D       		.uleb128 0xd
 665 02ed 01       		.uleb128 0x1
 666 02ee 50       		.byte	0x50
 667 02ef 02       		.uleb128 0x2
 668 02f0 08       		.byte	0x8
 669 02f1 23       		.byte	0x23
 670 02f2 0D       		.uleb128 0xd
 671 02f3 01       		.uleb128 0x1
 672 02f4 51       		.byte	0x51
 673 02f5 02       		.uleb128 0x2
 674 02f6 09       		.byte	0x9
 675 02f7 A0       		.byte	0xa0
 676 02f8 00       		.byte	0
 677 02f9 0C       		.uleb128 0xc
ARM GAS  C:\Users\gaeta\AppData\Local\Temp\cc8deiKm.s 			page 16


 678 02fa AE000000 		.4byte	.LVL30
 679 02fe A8040000 		.4byte	0x4a8
 680 0302 13030000 		.4byte	0x313
 681 0306 0D       		.uleb128 0xd
 682 0307 01       		.uleb128 0x1
 683 0308 50       		.byte	0x50
 684 0309 02       		.uleb128 0x2
 685 030a 08       		.byte	0x8
 686 030b 23       		.byte	0x23
 687 030c 0D       		.uleb128 0xd
 688 030d 01       		.uleb128 0x1
 689 030e 51       		.byte	0x51
 690 030f 02       		.uleb128 0x2
 691 0310 09       		.byte	0x9
 692 0311 B0       		.byte	0xb0
 693 0312 00       		.byte	0
 694 0313 0C       		.uleb128 0xc
 695 0314 B4000000 		.4byte	.LVL31
 696 0318 9D040000 		.4byte	0x49d
 697 031c 27030000 		.4byte	0x327
 698 0320 0D       		.uleb128 0xd
 699 0321 01       		.uleb128 0x1
 700 0322 50       		.byte	0x50
 701 0323 02       		.uleb128 0x2
 702 0324 08       		.byte	0x8
 703 0325 24       		.byte	0x24
 704 0326 00       		.byte	0
 705 0327 0C       		.uleb128 0xc
 706 0328 C0000000 		.4byte	.LVL33
 707 032c A8040000 		.4byte	0x4a8
 708 0330 41030000 		.4byte	0x341
 709 0334 0D       		.uleb128 0xd
 710 0335 01       		.uleb128 0x1
 711 0336 50       		.byte	0x50
 712 0337 02       		.uleb128 0x2
 713 0338 08       		.byte	0x8
 714 0339 24       		.byte	0x24
 715 033a 0D       		.uleb128 0xd
 716 033b 01       		.uleb128 0x1
 717 033c 51       		.byte	0x51
 718 033d 02       		.uleb128 0x2
 719 033e 08       		.byte	0x8
 720 033f 40       		.byte	0x40
 721 0340 00       		.byte	0
 722 0341 0C       		.uleb128 0xc
 723 0342 C6000000 		.4byte	.LVL34
 724 0346 9D040000 		.4byte	0x49d
 725 034a 55030000 		.4byte	0x355
 726 034e 0D       		.uleb128 0xd
 727 034f 01       		.uleb128 0x1
 728 0350 50       		.byte	0x50
 729 0351 02       		.uleb128 0x2
 730 0352 08       		.byte	0x8
 731 0353 2E       		.byte	0x2e
 732 0354 00       		.byte	0
 733 0355 0C       		.uleb128 0xc
 734 0356 D2000000 		.4byte	.LVL36
ARM GAS  C:\Users\gaeta\AppData\Local\Temp\cc8deiKm.s 			page 17


 735 035a A8040000 		.4byte	0x4a8
 736 035e 6F030000 		.4byte	0x36f
 737 0362 0D       		.uleb128 0xd
 738 0363 01       		.uleb128 0x1
 739 0364 50       		.byte	0x50
 740 0365 02       		.uleb128 0x2
 741 0366 08       		.byte	0x8
 742 0367 2E       		.byte	0x2e
 743 0368 0D       		.uleb128 0xd
 744 0369 01       		.uleb128 0x1
 745 036a 51       		.byte	0x51
 746 036b 02       		.uleb128 0x2
 747 036c 08       		.byte	0x8
 748 036d 40       		.byte	0x40
 749 036e 00       		.byte	0
 750 036f 0C       		.uleb128 0xc
 751 0370 D8000000 		.4byte	.LVL37
 752 0374 9D040000 		.4byte	0x49d
 753 0378 83030000 		.4byte	0x383
 754 037c 0D       		.uleb128 0xd
 755 037d 01       		.uleb128 0x1
 756 037e 50       		.byte	0x50
 757 037f 02       		.uleb128 0x2
 758 0380 08       		.byte	0x8
 759 0381 2E       		.byte	0x2e
 760 0382 00       		.byte	0
 761 0383 0C       		.uleb128 0xc
 762 0384 E4000000 		.4byte	.LVL39
 763 0388 A8040000 		.4byte	0x4a8
 764 038c 9D030000 		.4byte	0x39d
 765 0390 0D       		.uleb128 0xd
 766 0391 01       		.uleb128 0x1
 767 0392 50       		.byte	0x50
 768 0393 02       		.uleb128 0x2
 769 0394 08       		.byte	0x8
 770 0395 2E       		.byte	0x2e
 771 0396 0D       		.uleb128 0xd
 772 0397 01       		.uleb128 0x1
 773 0398 51       		.byte	0x51
 774 0399 02       		.uleb128 0x2
 775 039a 08       		.byte	0x8
 776 039b 4A       		.byte	0x4a
 777 039c 00       		.byte	0
 778 039d 0B       		.uleb128 0xb
 779 039e E8000000 		.4byte	.LVL40
 780 03a2 B3040000 		.4byte	0x4b3
 781 03a6 0C       		.uleb128 0xc
 782 03a7 F6000000 		.4byte	.LVL41
 783 03ab BE040000 		.4byte	0x4be
 784 03af C7030000 		.4byte	0x3c7
 785 03b3 0D       		.uleb128 0xd
 786 03b4 01       		.uleb128 0x1
 787 03b5 50       		.byte	0x50
 788 03b6 02       		.uleb128 0x2
 789 03b7 08       		.byte	0x8
 790 03b8 28       		.byte	0x28
 791 03b9 0D       		.uleb128 0xd
ARM GAS  C:\Users\gaeta\AppData\Local\Temp\cc8deiKm.s 			page 18


 792 03ba 01       		.uleb128 0x1
 793 03bb 51       		.byte	0x51
 794 03bc 03       		.uleb128 0x3
 795 03bd 91       		.byte	0x91
 796 03be BC7F     		.sleb128 -68
 797 03c0 0D       		.uleb128 0xd
 798 03c1 01       		.uleb128 0x1
 799 03c2 52       		.byte	0x52
 800 03c3 02       		.uleb128 0x2
 801 03c4 08       		.byte	0x8
 802 03c5 3C       		.byte	0x3c
 803 03c6 00       		.byte	0
 804 03c7 0C       		.uleb128 0xc
 805 03c8 FC000000 		.4byte	.LVL42
 806 03cc 9D040000 		.4byte	0x49d
 807 03d0 DB030000 		.4byte	0x3db
 808 03d4 0D       		.uleb128 0xd
 809 03d5 01       		.uleb128 0x1
 810 03d6 50       		.byte	0x50
 811 03d7 02       		.uleb128 0x2
 812 03d8 08       		.byte	0x8
 813 03d9 2E       		.byte	0x2e
 814 03da 00       		.byte	0
 815 03db 0C       		.uleb128 0xc
 816 03dc 06010000 		.4byte	.LVL44
 817 03e0 A8040000 		.4byte	0x4a8
 818 03e4 F4030000 		.4byte	0x3f4
 819 03e8 0D       		.uleb128 0xd
 820 03e9 01       		.uleb128 0x1
 821 03ea 50       		.byte	0x50
 822 03eb 02       		.uleb128 0x2
 823 03ec 08       		.byte	0x8
 824 03ed 2E       		.byte	0x2e
 825 03ee 0D       		.uleb128 0xd
 826 03ef 01       		.uleb128 0x1
 827 03f0 51       		.byte	0x51
 828 03f1 01       		.uleb128 0x1
 829 03f2 30       		.byte	0x30
 830 03f3 00       		.byte	0
 831 03f4 0C       		.uleb128 0xc
 832 03f5 0C010000 		.4byte	.LVL45
 833 03f9 9D040000 		.4byte	0x49d
 834 03fd 08040000 		.4byte	0x408
 835 0401 0D       		.uleb128 0xd
 836 0402 01       		.uleb128 0x1
 837 0403 50       		.byte	0x50
 838 0404 02       		.uleb128 0x2
 839 0405 08       		.byte	0x8
 840 0406 2E       		.byte	0x2e
 841 0407 00       		.byte	0
 842 0408 0E       		.uleb128 0xe
 843 0409 18010000 		.4byte	.LVL47
 844 040d A8040000 		.4byte	0x4a8
 845 0411 0D       		.uleb128 0xd
 846 0412 01       		.uleb128 0x1
 847 0413 50       		.byte	0x50
 848 0414 02       		.uleb128 0x2
ARM GAS  C:\Users\gaeta\AppData\Local\Temp\cc8deiKm.s 			page 19


 849 0415 08       		.byte	0x8
 850 0416 2E       		.byte	0x2e
 851 0417 0D       		.uleb128 0xd
 852 0418 01       		.uleb128 0x1
 853 0419 51       		.byte	0x51
 854 041a 02       		.uleb128 0x2
 855 041b 08       		.byte	0x8
 856 041c 40       		.byte	0x40
 857 041d 00       		.byte	0
 858 041e 00       		.byte	0
 859 041f 0F       		.uleb128 0xf
 860 0420 8C000000 		.4byte	0x8c
 861 0424 2F040000 		.4byte	0x42f
 862 0428 10       		.uleb128 0x10
 863 0429 C9000000 		.4byte	0xc9
 864 042d 3B       		.byte	0x3b
 865 042e 00       		.byte	0
 866 042f 0F       		.uleb128 0xf
 867 0430 8C000000 		.4byte	0x8c
 868 0434 3F040000 		.4byte	0x43f
 869 0438 10       		.uleb128 0x10
 870 0439 C9000000 		.4byte	0xc9
 871 043d 02       		.byte	0x2
 872 043e 00       		.byte	0
 873 043f 11       		.uleb128 0x11
 874 0440 44010000 		.4byte	.LASF30
 875 0444 04       		.byte	0x4
 876 0445 1207     		.2byte	0x712
 877 0447 4B040000 		.4byte	0x44b
 878 044b 12       		.uleb128 0x12
 879 044c A2000000 		.4byte	0xa2
 880 0450 0F       		.uleb128 0xf
 881 0451 BB000000 		.4byte	0xbb
 882 0455 60040000 		.4byte	0x460
 883 0459 10       		.uleb128 0x10
 884 045a C9000000 		.4byte	0xc9
 885 045e 63       		.byte	0x63
 886 045f 00       		.byte	0
 887 0460 13       		.uleb128 0x13
 888 0461 AA020000 		.4byte	.LASF31
 889 0465 01       		.byte	0x1
 890 0466 15       		.byte	0x15
 891 0467 50040000 		.4byte	0x450
 892 046b 05       		.uleb128 0x5
 893 046c 03       		.byte	0x3
 894 046d 00000000 		.4byte	bufferUART
 895 0471 14       		.uleb128 0x14
 896 0472 39010000 		.4byte	.LASF32
 897 0476 39010000 		.4byte	.LASF32
 898 047a 05       		.byte	0x5
 899 047b 54       		.byte	0x54
 900 047c 14       		.uleb128 0x14
 901 047d 13000000 		.4byte	.LASF33
 902 0481 13000000 		.4byte	.LASF33
 903 0485 06       		.byte	0x6
 904 0486 4D       		.byte	0x4d
 905 0487 14       		.uleb128 0x14
ARM GAS  C:\Users\gaeta\AppData\Local\Temp\cc8deiKm.s 			page 20


 906 0488 2A000000 		.4byte	.LASF34
 907 048c 2A000000 		.4byte	.LASF34
 908 0490 07       		.byte	0x7
 909 0491 4D       		.byte	0x4d
 910 0492 14       		.uleb128 0x14
 911 0493 A2020000 		.4byte	.LASF35
 912 0497 A2020000 		.4byte	.LASF35
 913 049b 08       		.byte	0x8
 914 049c 76       		.byte	0x76
 915 049d 14       		.uleb128 0x14
 916 049e 4F000000 		.4byte	.LASF36
 917 04a2 4F000000 		.4byte	.LASF36
 918 04a6 09       		.byte	0x9
 919 04a7 60       		.byte	0x60
 920 04a8 14       		.uleb128 0x14
 921 04a9 06010000 		.4byte	.LASF37
 922 04ad 06010000 		.4byte	.LASF37
 923 04b1 09       		.byte	0x9
 924 04b2 61       		.byte	0x61
 925 04b3 14       		.uleb128 0x14
 926 04b4 44000000 		.4byte	.LASF38
 927 04b8 44000000 		.4byte	.LASF38
 928 04bc 0A       		.byte	0xa
 929 04bd 29       		.byte	0x29
 930 04be 14       		.uleb128 0x14
 931 04bf 6E020000 		.4byte	.LASF39
 932 04c3 6E020000 		.4byte	.LASF39
 933 04c7 09       		.byte	0x9
 934 04c8 62       		.byte	0x62
 935 04c9 00       		.byte	0
 936              		.section	.debug_abbrev,"",%progbits
 937              	.Ldebug_abbrev0:
 938 0000 01       		.uleb128 0x1
 939 0001 11       		.uleb128 0x11
 940 0002 01       		.byte	0x1
 941 0003 25       		.uleb128 0x25
 942 0004 0E       		.uleb128 0xe
 943 0005 13       		.uleb128 0x13
 944 0006 0B       		.uleb128 0xb
 945 0007 03       		.uleb128 0x3
 946 0008 0E       		.uleb128 0xe
 947 0009 1B       		.uleb128 0x1b
 948 000a 0E       		.uleb128 0xe
 949 000b 55       		.uleb128 0x55
 950 000c 17       		.uleb128 0x17
 951 000d 11       		.uleb128 0x11
 952 000e 01       		.uleb128 0x1
 953 000f 10       		.uleb128 0x10
 954 0010 17       		.uleb128 0x17
 955 0011 00       		.byte	0
 956 0012 00       		.byte	0
 957 0013 02       		.uleb128 0x2
 958 0014 24       		.uleb128 0x24
 959 0015 00       		.byte	0
 960 0016 0B       		.uleb128 0xb
 961 0017 0B       		.uleb128 0xb
 962 0018 3E       		.uleb128 0x3e
ARM GAS  C:\Users\gaeta\AppData\Local\Temp\cc8deiKm.s 			page 21


 963 0019 0B       		.uleb128 0xb
 964 001a 03       		.uleb128 0x3
 965 001b 0E       		.uleb128 0xe
 966 001c 00       		.byte	0
 967 001d 00       		.byte	0
 968 001e 03       		.uleb128 0x3
 969 001f 16       		.uleb128 0x16
 970 0020 00       		.byte	0
 971 0021 03       		.uleb128 0x3
 972 0022 0E       		.uleb128 0xe
 973 0023 3A       		.uleb128 0x3a
 974 0024 0B       		.uleb128 0xb
 975 0025 3B       		.uleb128 0x3b
 976 0026 0B       		.uleb128 0xb
 977 0027 49       		.uleb128 0x49
 978 0028 13       		.uleb128 0x13
 979 0029 00       		.byte	0
 980 002a 00       		.byte	0
 981 002b 04       		.uleb128 0x4
 982 002c 24       		.uleb128 0x24
 983 002d 00       		.byte	0
 984 002e 0B       		.uleb128 0xb
 985 002f 0B       		.uleb128 0xb
 986 0030 3E       		.uleb128 0x3e
 987 0031 0B       		.uleb128 0xb
 988 0032 03       		.uleb128 0x3
 989 0033 08       		.uleb128 0x8
 990 0034 00       		.byte	0
 991 0035 00       		.byte	0
 992 0036 05       		.uleb128 0x5
 993 0037 2E       		.uleb128 0x2e
 994 0038 01       		.byte	0x1
 995 0039 3F       		.uleb128 0x3f
 996 003a 19       		.uleb128 0x19
 997 003b 03       		.uleb128 0x3
 998 003c 0E       		.uleb128 0xe
 999 003d 3A       		.uleb128 0x3a
 1000 003e 0B       		.uleb128 0xb
 1001 003f 3B       		.uleb128 0x3b
 1002 0040 0B       		.uleb128 0xb
 1003 0041 27       		.uleb128 0x27
 1004 0042 19       		.uleb128 0x19
 1005 0043 49       		.uleb128 0x49
 1006 0044 13       		.uleb128 0x13
 1007 0045 8701     		.uleb128 0x87
 1008 0047 19       		.uleb128 0x19
 1009 0048 11       		.uleb128 0x11
 1010 0049 01       		.uleb128 0x1
 1011 004a 12       		.uleb128 0x12
 1012 004b 06       		.uleb128 0x6
 1013 004c 40       		.uleb128 0x40
 1014 004d 18       		.uleb128 0x18
 1015 004e 9742     		.uleb128 0x2117
 1016 0050 19       		.uleb128 0x19
 1017 0051 01       		.uleb128 0x1
 1018 0052 13       		.uleb128 0x13
 1019 0053 00       		.byte	0
ARM GAS  C:\Users\gaeta\AppData\Local\Temp\cc8deiKm.s 			page 22


 1020 0054 00       		.byte	0
 1021 0055 06       		.uleb128 0x6
 1022 0056 34       		.uleb128 0x34
 1023 0057 00       		.byte	0
 1024 0058 03       		.uleb128 0x3
 1025 0059 0E       		.uleb128 0xe
 1026 005a 3A       		.uleb128 0x3a
 1027 005b 0B       		.uleb128 0xb
 1028 005c 3B       		.uleb128 0x3b
 1029 005d 0B       		.uleb128 0xb
 1030 005e 49       		.uleb128 0x49
 1031 005f 13       		.uleb128 0x13
 1032 0060 02       		.uleb128 0x2
 1033 0061 17       		.uleb128 0x17
 1034 0062 00       		.byte	0
 1035 0063 00       		.byte	0
 1036 0064 07       		.uleb128 0x7
 1037 0065 34       		.uleb128 0x34
 1038 0066 00       		.byte	0
 1039 0067 03       		.uleb128 0x3
 1040 0068 08       		.uleb128 0x8
 1041 0069 3A       		.uleb128 0x3a
 1042 006a 0B       		.uleb128 0xb
 1043 006b 3B       		.uleb128 0x3b
 1044 006c 0B       		.uleb128 0xb
 1045 006d 49       		.uleb128 0x49
 1046 006e 13       		.uleb128 0x13
 1047 006f 02       		.uleb128 0x2
 1048 0070 17       		.uleb128 0x17
 1049 0071 00       		.byte	0
 1050 0072 00       		.byte	0
 1051 0073 08       		.uleb128 0x8
 1052 0074 34       		.uleb128 0x34
 1053 0075 00       		.byte	0
 1054 0076 03       		.uleb128 0x3
 1055 0077 0E       		.uleb128 0xe
 1056 0078 3A       		.uleb128 0x3a
 1057 0079 0B       		.uleb128 0xb
 1058 007a 3B       		.uleb128 0x3b
 1059 007b 0B       		.uleb128 0xb
 1060 007c 49       		.uleb128 0x49
 1061 007d 13       		.uleb128 0x13
 1062 007e 02       		.uleb128 0x2
 1063 007f 18       		.uleb128 0x18
 1064 0080 00       		.byte	0
 1065 0081 00       		.byte	0
 1066 0082 09       		.uleb128 0x9
 1067 0083 34       		.uleb128 0x34
 1068 0084 00       		.byte	0
 1069 0085 03       		.uleb128 0x3
 1070 0086 0E       		.uleb128 0xe
 1071 0087 3A       		.uleb128 0x3a
 1072 0088 0B       		.uleb128 0xb
 1073 0089 3B       		.uleb128 0x3b
 1074 008a 0B       		.uleb128 0xb
 1075 008b 49       		.uleb128 0x49
 1076 008c 13       		.uleb128 0x13
ARM GAS  C:\Users\gaeta\AppData\Local\Temp\cc8deiKm.s 			page 23


 1077 008d 00       		.byte	0
 1078 008e 00       		.byte	0
 1079 008f 0A       		.uleb128 0xa
 1080 0090 34       		.uleb128 0x34
 1081 0091 00       		.byte	0
 1082 0092 03       		.uleb128 0x3
 1083 0093 08       		.uleb128 0x8
 1084 0094 3A       		.uleb128 0x3a
 1085 0095 0B       		.uleb128 0xb
 1086 0096 3B       		.uleb128 0x3b
 1087 0097 0B       		.uleb128 0xb
 1088 0098 49       		.uleb128 0x49
 1089 0099 13       		.uleb128 0x13
 1090 009a 00       		.byte	0
 1091 009b 00       		.byte	0
 1092 009c 0B       		.uleb128 0xb
 1093 009d 898201   		.uleb128 0x4109
 1094 00a0 00       		.byte	0
 1095 00a1 11       		.uleb128 0x11
 1096 00a2 01       		.uleb128 0x1
 1097 00a3 31       		.uleb128 0x31
 1098 00a4 13       		.uleb128 0x13
 1099 00a5 00       		.byte	0
 1100 00a6 00       		.byte	0
 1101 00a7 0C       		.uleb128 0xc
 1102 00a8 898201   		.uleb128 0x4109
 1103 00ab 01       		.byte	0x1
 1104 00ac 11       		.uleb128 0x11
 1105 00ad 01       		.uleb128 0x1
 1106 00ae 31       		.uleb128 0x31
 1107 00af 13       		.uleb128 0x13
 1108 00b0 01       		.uleb128 0x1
 1109 00b1 13       		.uleb128 0x13
 1110 00b2 00       		.byte	0
 1111 00b3 00       		.byte	0
 1112 00b4 0D       		.uleb128 0xd
 1113 00b5 8A8201   		.uleb128 0x410a
 1114 00b8 00       		.byte	0
 1115 00b9 02       		.uleb128 0x2
 1116 00ba 18       		.uleb128 0x18
 1117 00bb 9142     		.uleb128 0x2111
 1118 00bd 18       		.uleb128 0x18
 1119 00be 00       		.byte	0
 1120 00bf 00       		.byte	0
 1121 00c0 0E       		.uleb128 0xe
 1122 00c1 898201   		.uleb128 0x4109
 1123 00c4 01       		.byte	0x1
 1124 00c5 11       		.uleb128 0x11
 1125 00c6 01       		.uleb128 0x1
 1126 00c7 31       		.uleb128 0x31
 1127 00c8 13       		.uleb128 0x13
 1128 00c9 00       		.byte	0
 1129 00ca 00       		.byte	0
 1130 00cb 0F       		.uleb128 0xf
 1131 00cc 01       		.uleb128 0x1
 1132 00cd 01       		.byte	0x1
 1133 00ce 49       		.uleb128 0x49
ARM GAS  C:\Users\gaeta\AppData\Local\Temp\cc8deiKm.s 			page 24


 1134 00cf 13       		.uleb128 0x13
 1135 00d0 01       		.uleb128 0x1
 1136 00d1 13       		.uleb128 0x13
 1137 00d2 00       		.byte	0
 1138 00d3 00       		.byte	0
 1139 00d4 10       		.uleb128 0x10
 1140 00d5 21       		.uleb128 0x21
 1141 00d6 00       		.byte	0
 1142 00d7 49       		.uleb128 0x49
 1143 00d8 13       		.uleb128 0x13
 1144 00d9 2F       		.uleb128 0x2f
 1145 00da 0B       		.uleb128 0xb
 1146 00db 00       		.byte	0
 1147 00dc 00       		.byte	0
 1148 00dd 11       		.uleb128 0x11
 1149 00de 34       		.uleb128 0x34
 1150 00df 00       		.byte	0
 1151 00e0 03       		.uleb128 0x3
 1152 00e1 0E       		.uleb128 0xe
 1153 00e2 3A       		.uleb128 0x3a
 1154 00e3 0B       		.uleb128 0xb
 1155 00e4 3B       		.uleb128 0x3b
 1156 00e5 05       		.uleb128 0x5
 1157 00e6 49       		.uleb128 0x49
 1158 00e7 13       		.uleb128 0x13
 1159 00e8 3F       		.uleb128 0x3f
 1160 00e9 19       		.uleb128 0x19
 1161 00ea 3C       		.uleb128 0x3c
 1162 00eb 19       		.uleb128 0x19
 1163 00ec 00       		.byte	0
 1164 00ed 00       		.byte	0
 1165 00ee 12       		.uleb128 0x12
 1166 00ef 35       		.uleb128 0x35
 1167 00f0 00       		.byte	0
 1168 00f1 49       		.uleb128 0x49
 1169 00f2 13       		.uleb128 0x13
 1170 00f3 00       		.byte	0
 1171 00f4 00       		.byte	0
 1172 00f5 13       		.uleb128 0x13
 1173 00f6 34       		.uleb128 0x34
 1174 00f7 00       		.byte	0
 1175 00f8 03       		.uleb128 0x3
 1176 00f9 0E       		.uleb128 0xe
 1177 00fa 3A       		.uleb128 0x3a
 1178 00fb 0B       		.uleb128 0xb
 1179 00fc 3B       		.uleb128 0x3b
 1180 00fd 0B       		.uleb128 0xb
 1181 00fe 49       		.uleb128 0x49
 1182 00ff 13       		.uleb128 0x13
 1183 0100 3F       		.uleb128 0x3f
 1184 0101 19       		.uleb128 0x19
 1185 0102 02       		.uleb128 0x2
 1186 0103 18       		.uleb128 0x18
 1187 0104 00       		.byte	0
 1188 0105 00       		.byte	0
 1189 0106 14       		.uleb128 0x14
 1190 0107 2E       		.uleb128 0x2e
ARM GAS  C:\Users\gaeta\AppData\Local\Temp\cc8deiKm.s 			page 25


 1191 0108 00       		.byte	0
 1192 0109 3F       		.uleb128 0x3f
 1193 010a 19       		.uleb128 0x19
 1194 010b 3C       		.uleb128 0x3c
 1195 010c 19       		.uleb128 0x19
 1196 010d 6E       		.uleb128 0x6e
 1197 010e 0E       		.uleb128 0xe
 1198 010f 03       		.uleb128 0x3
 1199 0110 0E       		.uleb128 0xe
 1200 0111 3A       		.uleb128 0x3a
 1201 0112 0B       		.uleb128 0xb
 1202 0113 3B       		.uleb128 0x3b
 1203 0114 0B       		.uleb128 0xb
 1204 0115 00       		.byte	0
 1205 0116 00       		.byte	0
 1206 0117 00       		.byte	0
 1207              		.section	.debug_loc,"",%progbits
 1208              	.Ldebug_loc0:
 1209              	.LLST0:
 1210 0000 18000000 		.4byte	.LVL3
 1211 0004 1E000000 		.4byte	.LVL4
 1212 0008 0200     		.2byte	0x2
 1213 000a 30       		.byte	0x30
 1214 000b 9F       		.byte	0x9f
 1215 000c 1E000000 		.4byte	.LVL4
 1216 0010 22000000 		.4byte	.LVL5
 1217 0014 0100     		.2byte	0x1
 1218 0016 50       		.byte	0x50
 1219 0017 22000000 		.4byte	.LVL5
 1220 001b 2A000000 		.4byte	.LVL6
 1221 001f 0200     		.2byte	0x2
 1222 0021 47       		.byte	0x47
 1223 0022 9F       		.byte	0x9f
 1224 0023 30000000 		.4byte	.LVL7
 1225 0027 34000000 		.4byte	.LVL8
 1226 002b 0100     		.2byte	0x1
 1227 002d 50       		.byte	0x50
 1228 002e 34000000 		.4byte	.LVL8
 1229 0032 3C000000 		.4byte	.LVL9
 1230 0036 0300     		.2byte	0x3
 1231 0038 08       		.byte	0x8
 1232 0039 27       		.byte	0x27
 1233 003a 9F       		.byte	0x9f
 1234 003b 42000000 		.4byte	.LVL10
 1235 003f 46000000 		.4byte	.LVL11
 1236 0043 0100     		.2byte	0x1
 1237 0045 50       		.byte	0x50
 1238 0046 46000000 		.4byte	.LVL11
 1239 004a 4E000000 		.4byte	.LVL12
 1240 004e 0300     		.2byte	0x3
 1241 0050 08       		.byte	0x8
 1242 0051 37       		.byte	0x37
 1243 0052 9F       		.byte	0x9f
 1244 0053 54000000 		.4byte	.LVL13
 1245 0057 58000000 		.4byte	.LVL14
 1246 005b 0100     		.2byte	0x1
 1247 005d 50       		.byte	0x50
ARM GAS  C:\Users\gaeta\AppData\Local\Temp\cc8deiKm.s 			page 26


 1248 005e 58000000 		.4byte	.LVL14
 1249 0062 60000000 		.4byte	.LVL15
 1250 0066 0300     		.2byte	0x3
 1251 0068 08       		.byte	0x8
 1252 0069 47       		.byte	0x47
 1253 006a 9F       		.byte	0x9f
 1254 006b 00000000 		.4byte	0
 1255 006f 00000000 		.4byte	0
 1256              	.LLST1:
 1257 0073 60000000 		.4byte	.LVL15
 1258 0077 66000000 		.4byte	.LVL16
 1259 007b 0200     		.2byte	0x2
 1260 007d 30       		.byte	0x30
 1261 007e 9F       		.byte	0x9f
 1262 007f 66000000 		.4byte	.LVL16
 1263 0083 6A000000 		.4byte	.LVL17
 1264 0087 0100     		.2byte	0x1
 1265 0089 50       		.byte	0x50
 1266 008a 6A000000 		.4byte	.LVL17
 1267 008e 72000000 		.4byte	.LVL18
 1268 0092 0200     		.2byte	0x2
 1269 0094 36       		.byte	0x36
 1270 0095 9F       		.byte	0x9f
 1271 0096 00000000 		.4byte	0
 1272 009a 00000000 		.4byte	0
 1273              	.LLST2:
 1274 009e 78000000 		.4byte	.LVL19
 1275 00a2 7C000000 		.4byte	.LVL20
 1276 00a6 0100     		.2byte	0x1
 1277 00a8 50       		.byte	0x50
 1278 00a9 7C000000 		.4byte	.LVL20
 1279 00ad 86000000 		.4byte	.LVL22
 1280 00b1 0300     		.2byte	0x3
 1281 00b3 09       		.byte	0x9
 1282 00b4 80       		.byte	0x80
 1283 00b5 9F       		.byte	0x9f
 1284 00b6 86000000 		.4byte	.LVL22
 1285 00ba 8A000000 		.4byte	.LVL23
 1286 00be 0100     		.2byte	0x1
 1287 00c0 50       		.byte	0x50
 1288 00c1 8A000000 		.4byte	.LVL23
 1289 00c5 94000000 		.4byte	.LVL25
 1290 00c9 0300     		.2byte	0x3
 1291 00cb 09       		.byte	0x9
 1292 00cc 90       		.byte	0x90
 1293 00cd 9F       		.byte	0x9f
 1294 00ce 94000000 		.4byte	.LVL25
 1295 00d2 98000000 		.4byte	.LVL26
 1296 00d6 0100     		.2byte	0x1
 1297 00d8 50       		.byte	0x50
 1298 00d9 98000000 		.4byte	.LVL26
 1299 00dd A2000000 		.4byte	.LVL28
 1300 00e1 0300     		.2byte	0x3
 1301 00e3 09       		.byte	0x9
 1302 00e4 A0       		.byte	0xa0
 1303 00e5 9F       		.byte	0x9f
 1304 00e6 A2000000 		.4byte	.LVL28
ARM GAS  C:\Users\gaeta\AppData\Local\Temp\cc8deiKm.s 			page 27


 1305 00ea A6000000 		.4byte	.LVL29
 1306 00ee 0100     		.2byte	0x1
 1307 00f0 50       		.byte	0x50
 1308 00f1 A6000000 		.4byte	.LVL29
 1309 00f5 AE000000 		.4byte	.LVL30
 1310 00f9 0300     		.2byte	0x3
 1311 00fb 09       		.byte	0x9
 1312 00fc B0       		.byte	0xb0
 1313 00fd 9F       		.byte	0x9f
 1314 00fe 00000000 		.4byte	0
 1315 0102 00000000 		.4byte	0
 1316              	.LLST3:
 1317 0106 78000000 		.4byte	.LVL19
 1318 010a 84000000 		.4byte	.LVL21
 1319 010e 0200     		.2byte	0x2
 1320 0110 30       		.byte	0x30
 1321 0111 9F       		.byte	0x9f
 1322 0112 84000000 		.4byte	.LVL21
 1323 0116 86000000 		.4byte	.LVL22
 1324 011a 0200     		.2byte	0x2
 1325 011c 34       		.byte	0x34
 1326 011d 9F       		.byte	0x9f
 1327 011e 92000000 		.4byte	.LVL24
 1328 0122 94000000 		.4byte	.LVL25
 1329 0126 0200     		.2byte	0x2
 1330 0128 38       		.byte	0x38
 1331 0129 9F       		.byte	0x9f
 1332 012a A0000000 		.4byte	.LVL27
 1333 012e A2000000 		.4byte	.LVL28
 1334 0132 0200     		.2byte	0x2
 1335 0134 40       		.byte	0x40
 1336 0135 9F       		.byte	0x9f
 1337 0136 00000000 		.4byte	0
 1338 013a 00000000 		.4byte	0
 1339              	.LLST4:
 1340 013e B4000000 		.4byte	.LVL31
 1341 0142 B8000000 		.4byte	.LVL32
 1342 0146 0100     		.2byte	0x1
 1343 0148 50       		.byte	0x50
 1344 0149 B8000000 		.4byte	.LVL32
 1345 014d C0000000 		.4byte	.LVL33
 1346 0151 0300     		.2byte	0x3
 1347 0153 08       		.byte	0x8
 1348 0154 40       		.byte	0x40
 1349 0155 9F       		.byte	0x9f
 1350 0156 00000000 		.4byte	0
 1351 015a 00000000 		.4byte	0
 1352              	.LLST5:
 1353 015e C0000000 		.4byte	.LVL33
 1354 0162 C6000000 		.4byte	.LVL34
 1355 0166 0200     		.2byte	0x2
 1356 0168 30       		.byte	0x30
 1357 0169 9F       		.byte	0x9f
 1358 016a C6000000 		.4byte	.LVL34
 1359 016e CA000000 		.4byte	.LVL35
 1360 0172 0100     		.2byte	0x1
 1361 0174 50       		.byte	0x50
ARM GAS  C:\Users\gaeta\AppData\Local\Temp\cc8deiKm.s 			page 28


 1362 0175 CA000000 		.4byte	.LVL35
 1363 0179 D2000000 		.4byte	.LVL36
 1364 017d 0300     		.2byte	0x3
 1365 017f 08       		.byte	0x8
 1366 0180 40       		.byte	0x40
 1367 0181 9F       		.byte	0x9f
 1368 0182 D8000000 		.4byte	.LVL37
 1369 0186 DC000000 		.4byte	.LVL38
 1370 018a 0100     		.2byte	0x1
 1371 018c 50       		.byte	0x50
 1372 018d DC000000 		.4byte	.LVL38
 1373 0191 E4000000 		.4byte	.LVL39
 1374 0195 0300     		.2byte	0x3
 1375 0197 08       		.byte	0x8
 1376 0198 4A       		.byte	0x4a
 1377 0199 9F       		.byte	0x9f
 1378 019a FC000000 		.4byte	.LVL42
 1379 019e FE000000 		.4byte	.LVL43
 1380 01a2 0100     		.2byte	0x1
 1381 01a4 50       		.byte	0x50
 1382 01a5 FE000000 		.4byte	.LVL43
 1383 01a9 06010000 		.4byte	.LVL44
 1384 01ad 0200     		.2byte	0x2
 1385 01af 30       		.byte	0x30
 1386 01b0 9F       		.byte	0x9f
 1387 01b1 0C010000 		.4byte	.LVL45
 1388 01b5 10010000 		.4byte	.LVL46
 1389 01b9 0100     		.2byte	0x1
 1390 01bb 50       		.byte	0x50
 1391 01bc 10010000 		.4byte	.LVL46
 1392 01c0 1A010000 		.4byte	.LFE64
 1393 01c4 0300     		.2byte	0x3
 1394 01c6 08       		.byte	0x8
 1395 01c7 40       		.byte	0x40
 1396 01c8 9F       		.byte	0x9f
 1397 01c9 00000000 		.4byte	0
 1398 01cd 00000000 		.4byte	0
 1399              		.section	.debug_aranges,"",%progbits
 1400 0000 1C000000 		.4byte	0x1c
 1401 0004 0200     		.2byte	0x2
 1402 0006 00000000 		.4byte	.Ldebug_info0
 1403 000a 04       		.byte	0x4
 1404 000b 00       		.byte	0
 1405 000c 0000     		.2byte	0
 1406 000e 0000     		.2byte	0
 1407 0010 00000000 		.4byte	.LFB64
 1408 0014 1A010000 		.4byte	.LFE64-.LFB64
 1409 0018 00000000 		.4byte	0
 1410 001c 00000000 		.4byte	0
 1411              		.section	.debug_ranges,"",%progbits
 1412              	.Ldebug_ranges0:
 1413 0000 00000000 		.4byte	.LFB64
 1414 0004 1A010000 		.4byte	.LFE64
 1415 0008 00000000 		.4byte	0
 1416 000c 00000000 		.4byte	0
 1417              		.section	.debug_line,"",%progbits
 1418              	.Ldebug_line0:
ARM GAS  C:\Users\gaeta\AppData\Local\Temp\cc8deiKm.s 			page 29


 1419 0000 CD010000 		.section	.debug_str,"MS",%progbits,1
 1419      02008301 
 1419      00000201 
 1419      FB0E0D00 
 1419      01010101 
 1420              	.LASF25:
 1421 0000 52656164 		.ascii	"ReadData\000"
 1421      44617461 
 1421      00
 1422              	.LASF2:
 1423 0009 5F5F7569 		.ascii	"__uint8_t\000"
 1423      6E74385F 
 1423      7400
 1424              	.LASF33:
 1425 0013 5350494D 		.ascii	"SPIM_1_Start\000"
 1425      5F315F53 
 1425      74617274 
 1425      00
 1426              	.LASF6:
 1427 0020 5F5F696E 		.ascii	"__int32_t\000"
 1427      7433325F 
 1427      7400
 1428              	.LASF34:
 1429 002a 5350494D 		.ascii	"SPIM_2_Start\000"
 1429      5F325F53 
 1429      74617274 
 1429      00
 1430              	.LASF11:
 1431 0037 756E7369 		.ascii	"unsigned int\000"
 1431      676E6564 
 1431      20696E74 
 1431      00
 1432              	.LASF38:
 1433 0044 494E545F 		.ascii	"INT_1_Read\000"
 1433      315F5265 
 1433      616400
 1434              	.LASF36:
 1435 004f 4143435F 		.ascii	"ACC_readByte\000"
 1435      72656164 
 1435      42797465 
 1435      00
 1436              	.LASF14:
 1437 005c 696E7433 		.ascii	"int32_t\000"
 1437      325F7400 
 1438              	.LASF15:
 1439 0064 666C6F61 		.ascii	"float\000"
 1439      7400
 1440              	.LASF1:
 1441 006a 756E7369 		.ascii	"unsigned char\000"
 1441      676E6564 
 1441      20636861 
 1441      7200
 1442              	.LASF40:
 1443 0078 474E5520 		.ascii	"GNU C11 5.4.1 20160609 (release) [ARM/embedded-5-br"
 1443      43313120 
 1443      352E342E 
 1443      31203230 
ARM GAS  C:\Users\gaeta\AppData\Local\Temp\cc8deiKm.s 			page 30


 1443      31363036 
 1444 00ab 616E6368 		.ascii	"anch revision 237715] -mcpu=cortex-m3 -mthumb -g -O"
 1444      20726576 
 1444      6973696F 
 1444      6E203233 
 1444      37373135 
 1445 00de 67202D66 		.ascii	"g -ffunction-sections -ffat-lto-objects\000"
 1445      66756E63 
 1445      74696F6E 
 1445      2D736563 
 1445      74696F6E 
 1446              	.LASF37:
 1447 0106 4143435F 		.ascii	"ACC_writeByte\000"
 1447      77726974 
 1447      65427974 
 1447      6500
 1448              	.LASF8:
 1449 0114 6C6F6E67 		.ascii	"long unsigned int\000"
 1449      20756E73 
 1449      69676E65 
 1449      6420696E 
 1449      7400
 1450              	.LASF5:
 1451 0126 73686F72 		.ascii	"short unsigned int\000"
 1451      7420756E 
 1451      7369676E 
 1451      65642069 
 1451      6E7400
 1452              	.LASF32:
 1453 0139 55415254 		.ascii	"UART_Start\000"
 1453      5F537461 
 1453      727400
 1454              	.LASF30:
 1455 0144 49544D5F 		.ascii	"ITM_RxBuffer\000"
 1455      52784275 
 1455      66666572 
 1455      00
 1456              	.LASF26:
 1457 0151 5472616E 		.ascii	"TransferData\000"
 1457      73666572 
 1457      44617461 
 1457      00
 1458              	.LASF16:
 1459 015e 646F7562 		.ascii	"double\000"
 1459      6C6500
 1460              	.LASF43:
 1461 0165 6D61696E 		.ascii	"main\000"
 1461      00
 1462              	.LASF3:
 1463 016a 5F5F696E 		.ascii	"__int16_t\000"
 1463      7431365F 
 1463      7400
 1464              	.LASF20:
 1465 0174 6374726C 		.ascii	"ctrl_reg1\000"
 1465      5F726567 
 1465      3100
 1466              	.LASF21:
ARM GAS  C:\Users\gaeta\AppData\Local\Temp\cc8deiKm.s 			page 31


 1467 017e 6374726C 		.ascii	"ctrl_reg3\000"
 1467      5F726567 
 1467      3300
 1468              	.LASF22:
 1469 0188 6374726C 		.ascii	"ctrl_reg4\000"
 1469      5F726567 
 1469      3400
 1470              	.LASF23:
 1471 0192 6374726C 		.ascii	"ctrl_reg5\000"
 1471      5F726567 
 1471      3500
 1472              	.LASF10:
 1473 019c 6C6F6E67 		.ascii	"long long unsigned int\000"
 1473      206C6F6E 
 1473      6720756E 
 1473      7369676E 
 1473      65642069 
 1474              	.LASF12:
 1475 01b3 75696E74 		.ascii	"uint8_t\000"
 1475      385F7400 
 1476              	.LASF42:
 1477 01bb 433A5C55 		.ascii	"C:\\Users\\gaeta\\Documents\\PSoC Creator\\PsoC_Fin"
 1477      73657273 
 1477      5C676165 
 1477      74615C44 
 1477      6F63756D 
 1478 01e9 616C5F50 		.ascii	"al_Project_1_03\\FIORANI_GARGIULO_IANNUZZI_Project."
 1478      726F6A65 
 1478      63745F31 
 1478      5F30335C 
 1478      46494F52 
 1479 021b 63796473 		.ascii	"cydsn\000"
 1479      6E00
 1480              	.LASF24:
 1481 0221 6669666F 		.ascii	"fifo_reg\000"
 1481      5F726567 
 1481      00
 1482              	.LASF13:
 1483 022a 696E7431 		.ascii	"int16_t\000"
 1483      365F7400 
 1484              	.LASF27:
 1485 0232 4F757458 		.ascii	"OutX\000"
 1485      00
 1486              	.LASF28:
 1487 0237 4F757459 		.ascii	"OutY\000"
 1487      00
 1488              	.LASF29:
 1489 023c 4F75745A 		.ascii	"OutZ\000"
 1489      00
 1490              	.LASF19:
 1491 0241 73697A65 		.ascii	"sizetype\000"
 1491      74797065 
 1491      00
 1492              	.LASF9:
 1493 024a 6C6F6E67 		.ascii	"long long int\000"
 1493      206C6F6E 
 1493      6720696E 
ARM GAS  C:\Users\gaeta\AppData\Local\Temp\cc8deiKm.s 			page 32


 1493      7400
 1494              	.LASF41:
 1495 0258 6D61696E 		.ascii	"main.c\000"
 1495      2E6300
 1496              	.LASF17:
 1497 025f 63686172 		.ascii	"char\000"
 1497      00
 1498              	.LASF4:
 1499 0264 73686F72 		.ascii	"short int\000"
 1499      7420696E 
 1499      7400
 1500              	.LASF39:
 1501 026e 4143435F 		.ascii	"ACC_readMultibytes\000"
 1501      72656164 
 1501      4D756C74 
 1501      69627974 
 1501      657300
 1502              	.LASF7:
 1503 0281 6C6F6E67 		.ascii	"long int\000"
 1503      20696E74 
 1503      00
 1504              	.LASF18:
 1505 028a 6C6F6E67 		.ascii	"long double\000"
 1505      20646F75 
 1505      626C6500 
 1506              	.LASF0:
 1507 0296 7369676E 		.ascii	"signed char\000"
 1507      65642063 
 1507      68617200 
 1508              	.LASF35:
 1509 02a2 43794465 		.ascii	"CyDelay\000"
 1509      6C617900 
 1510              	.LASF31:
 1511 02aa 62756666 		.ascii	"bufferUART\000"
 1511      65725541 
 1511      525400
 1512              		.ident	"GCC: (GNU Tools for ARM Embedded Processors) 5.4.1 20160609 (release) [ARM/embedded-5-bran
