ARM GAS  C:\Users\gaeta\AppData\Local\Temp\ccveQHwj.s 			page 1


   1              		.syntax unified
   2              		.cpu cortex-m3
   3              		.fpu softvfp
   4              		.eabi_attribute 20, 1
   5              		.eabi_attribute 21, 1
   6              		.eabi_attribute 23, 3
   7              		.eabi_attribute 24, 1
   8              		.eabi_attribute 25, 1
   9              		.eabi_attribute 26, 1
  10              		.eabi_attribute 30, 1
  11              		.eabi_attribute 34, 1
  12              		.eabi_attribute 18, 4
  13              		.thumb
  14              		.syntax unified
  15              		.file	"SPI_Interface.c"
  16              		.text
  17              	.Ltext0:
  18              		.cfi_sections	.debug_frame
  19              		.section	.text.SPI_Interface_tradeByte,"ax",%progbits
  20              		.align	2
  21              		.global	SPI_Interface_tradeByte
  22              		.thumb
  23              		.thumb_func
  24              		.type	SPI_Interface_tradeByte, %function
  25              	SPI_Interface_tradeByte:
  26              	.LFB0:
  27              		.file 1 "SPI_Interface.c"
   1:SPI_Interface.c **** /**
   2:SPI_Interface.c ****  * @file SPI_Interface.c
   3:SPI_Interface.c ****  * @brief Functions required to interface with the SPI MASTER (SPIM).
   4:SPI_Interface.c ****  * 
   5:SPI_Interface.c ****  * This source code file contains macros and functions to interface
   6:SPI_Interface.c ****  * with the SPI Master (SPIM) of the PSoC.
   7:SPI_Interface.c ****  *
   8:SPI_Interface.c ****  * @author Mattia Pesenti
   9:SPI_Interface.c ****  * @date April 9, 2020
  10:SPI_Interface.c **** */
  11:SPI_Interface.c **** 
  12:SPI_Interface.c **** /*											 
  13:SPI_Interface.c ****  * NOTE: in the .h Lib of the SPI Slave     		   *
  14:SPI_Interface.c ****  *       you need to define SLAVE_CS_Write  		   *
  15:SPI_Interface.c ****  *       with the name of the Chip Select    		   * 
  16:SPI_Interface.c ****  *       pin (as defined in the Top Design)  		   *
  17:SPI_Interface.c ****  * E.g.: #define SLAVE_CS_Write CS_1_Write (default)   *
  18:SPI_Interface.c **** */
  19:SPI_Interface.c **** 
  20:SPI_Interface.c **** #include "SPI_Interface.h"
  21:SPI_Interface.c **** 
  22:SPI_Interface.c **** #ifndef SLAVE_CS_Write
  23:SPI_Interface.c ****     #define SLAVE_CS_Write      CS_1_Write
  24:SPI_Interface.c ****     #define SLAVE_CS_Write_2    CS_2_Write
  25:SPI_Interface.c **** #endif
  26:SPI_Interface.c **** 
  27:SPI_Interface.c **** /*
  28:SPI_Interface.c **** * @brief Full-Duplex, Single-Operation 1-Byte Trade
  29:SPI_Interface.c **** */
  30:SPI_Interface.c **** uint8_t SPI_Interface_tradeByte(uint8_t byte) {
ARM GAS  C:\Users\gaeta\AppData\Local\Temp\ccveQHwj.s 			page 2


  28              		.loc 1 30 0
  29              		.cfi_startproc
  30              		@ args = 0, pretend = 0, frame = 0
  31              		@ frame_needed = 0, uses_anonymous_args = 0
  32              	.LVL0:
  33 0000 10B5     		push	{r4, lr}
  34              		.cfi_def_cfa_offset 8
  35              		.cfi_offset 4, -8
  36              		.cfi_offset 14, -4
  37 0002 0446     		mov	r4, r0
  31:SPI_Interface.c **** 	
  32:SPI_Interface.c **** 	/* Enable the Slave */
  33:SPI_Interface.c **** 	SLAVE_CS_Write(0);
  38              		.loc 1 33 0
  39 0004 0020     		movs	r0, #0
  40              	.LVL1:
  41 0006 FFF7FEFF 		bl	CS_1_Write
  42              	.LVL2:
  34:SPI_Interface.c **** 	
  35:SPI_Interface.c **** 	/* Load the TX Buffer */
  36:SPI_Interface.c **** 	SPIM_1_WriteTxData(byte);
  43              		.loc 1 36 0
  44 000a 2046     		mov	r0, r4
  45 000c FFF7FEFF 		bl	SPIM_1_WriteTxData
  46              	.LVL3:
  47              	.L2:
  37:SPI_Interface.c **** 	
  38:SPI_Interface.c **** 	/* Wait for TX */
  39:SPI_Interface.c ****     while( !(SPIM_1_ReadTxStatus() & SPIM_1_STS_BYTE_COMPLETE) );
  48              		.loc 1 39 0 discriminator 1
  49 0010 FFF7FEFF 		bl	SPIM_1_ReadTxStatus
  50              	.LVL4:
  51 0014 10F0080F 		tst	r0, #8
  52 0018 FAD0     		beq	.L2
  40:SPI_Interface.c **** 	
  41:SPI_Interface.c **** 	/* Read the RX Buffer */
  42:SPI_Interface.c **** 	uint8_t data = SPIM_1_ReadRxData();
  53              		.loc 1 42 0
  54 001a FFF7FEFF 		bl	SPIM_1_ReadRxData
  55              	.LVL5:
  56 001e 0446     		mov	r4, r0
  57              	.LVL6:
  43:SPI_Interface.c **** 	
  44:SPI_Interface.c **** 	/* Disable the Slave */
  45:SPI_Interface.c **** 	SLAVE_CS_Write(1);
  58              		.loc 1 45 0
  59 0020 0120     		movs	r0, #1
  60 0022 FFF7FEFF 		bl	CS_1_Write
  61              	.LVL7:
  46:SPI_Interface.c **** 	
  47:SPI_Interface.c **** 	return data;
  48:SPI_Interface.c ****     
  49:SPI_Interface.c **** }
  62              		.loc 1 49 0
  63 0026 2046     		mov	r0, r4
  64 0028 10BD     		pop	{r4, pc}
  65              		.cfi_endproc
ARM GAS  C:\Users\gaeta\AppData\Local\Temp\ccveQHwj.s 			page 3


  66              	.LFE0:
  67              		.size	SPI_Interface_tradeByte, .-SPI_Interface_tradeByte
  68              		.section	.text.SPI_Interface_ReadByte,"ax",%progbits
  69              		.align	2
  70              		.global	SPI_Interface_ReadByte
  71              		.thumb
  72              		.thumb_func
  73              		.type	SPI_Interface_ReadByte, %function
  74              	SPI_Interface_ReadByte:
  75              	.LFB1:
  50:SPI_Interface.c **** 
  51:SPI_Interface.c **** 
  52:SPI_Interface.c **** /*
  53:SPI_Interface.c **** * @brief RX-only, Dual-Operation 1-Byte READ
  54:SPI_Interface.c **** */
  55:SPI_Interface.c **** uint8_t SPI_Interface_ReadByte(uint8_t byteTX) {
  76              		.loc 1 55 0
  77              		.cfi_startproc
  78              		@ args = 0, pretend = 0, frame = 0
  79              		@ frame_needed = 0, uses_anonymous_args = 0
  80              	.LVL8:
  81 0000 10B5     		push	{r4, lr}
  82              		.cfi_def_cfa_offset 8
  83              		.cfi_offset 4, -8
  84              		.cfi_offset 14, -4
  85 0002 0446     		mov	r4, r0
  56:SPI_Interface.c **** 	
  57:SPI_Interface.c **** 	/* Enable the Slave */
  58:SPI_Interface.c **** 	SLAVE_CS_Write(0);
  86              		.loc 1 58 0
  87 0004 0020     		movs	r0, #0
  88              	.LVL9:
  89 0006 FFF7FEFF 		bl	CS_1_Write
  90              	.LVL10:
  59:SPI_Interface.c **** 	
  60:SPI_Interface.c **** 	/* Load the TX Buffer */
  61:SPI_Interface.c **** 	SPIM_1_WriteTxData(byteTX);
  91              		.loc 1 61 0
  92 000a 2046     		mov	r0, r4
  93 000c FFF7FEFF 		bl	SPIM_1_WriteTxData
  94              	.LVL11:
  62:SPI_Interface.c **** 	
  63:SPI_Interface.c **** 	/* SPI Dummy Byte */
  64:SPI_Interface.c **** 	SPIM_1_WriteTxData(SPI_DUMMY_BYTE);
  95              		.loc 1 64 0
  96 0010 0020     		movs	r0, #0
  97 0012 FFF7FEFF 		bl	SPIM_1_WriteTxData
  98              	.LVL12:
  99              	.L5:
  65:SPI_Interface.c **** 	
  66:SPI_Interface.c **** 	/* Wait for TX/RX */
  67:SPI_Interface.c ****     while(!(SPIM_1_ReadTxStatus() & SPIM_1_STS_SPI_DONE));
 100              		.loc 1 67 0 discriminator 1
 101 0016 FFF7FEFF 		bl	SPIM_1_ReadTxStatus
 102              	.LVL13:
 103 001a 10F0010F 		tst	r0, #1
 104 001e FAD0     		beq	.L5
ARM GAS  C:\Users\gaeta\AppData\Local\Temp\ccveQHwj.s 			page 4


  68:SPI_Interface.c **** 	
  69:SPI_Interface.c **** 	/* Read the RX Buffer */
  70:SPI_Interface.c **** 	SPIM_1_ReadRxData();
 105              		.loc 1 70 0
 106 0020 FFF7FEFF 		bl	SPIM_1_ReadRxData
 107              	.LVL14:
  71:SPI_Interface.c **** 	uint8_t byteRX = SPIM_1_ReadRxData();
 108              		.loc 1 71 0
 109 0024 FFF7FEFF 		bl	SPIM_1_ReadRxData
 110              	.LVL15:
 111 0028 0446     		mov	r4, r0
 112              	.LVL16:
  72:SPI_Interface.c **** 	
  73:SPI_Interface.c **** 	/* Disable the Slave */
  74:SPI_Interface.c **** 	SLAVE_CS_Write(1);
 113              		.loc 1 74 0
 114 002a 0120     		movs	r0, #1
 115 002c FFF7FEFF 		bl	CS_1_Write
 116              	.LVL17:
  75:SPI_Interface.c **** 	
  76:SPI_Interface.c **** 	return byteRX;	
  77:SPI_Interface.c **** 	
  78:SPI_Interface.c **** }
 117              		.loc 1 78 0
 118 0030 2046     		mov	r0, r4
 119 0032 10BD     		pop	{r4, pc}
 120              		.cfi_endproc
 121              	.LFE1:
 122              		.size	SPI_Interface_ReadByte, .-SPI_Interface_ReadByte
 123              		.section	.text.SPI_Interface_Multi_Trade,"ax",%progbits
 124              		.align	2
 125              		.global	SPI_Interface_Multi_Trade
 126              		.thumb
 127              		.thumb_func
 128              		.type	SPI_Interface_Multi_Trade, %function
 129              	SPI_Interface_Multi_Trade:
 130              	.LFB2:
  79:SPI_Interface.c **** 
  80:SPI_Interface.c **** 
  81:SPI_Interface.c **** /*
  82:SPI_Interface.c **** * @brief Full-Duplex, Multi-Byte Trade (RX/TX)
  83:SPI_Interface.c **** */
  84:SPI_Interface.c **** void SPI_Interface_Multi_Trade(uint8_t* dataTX, uint8_t* dataRX, uint8_t nBytes) {
 131              		.loc 1 84 0
 132              		.cfi_startproc
 133              		@ args = 0, pretend = 0, frame = 0
 134              		@ frame_needed = 0, uses_anonymous_args = 0
 135              		@ link register save eliminated.
 136              	.LVL18:
 137 0000 7047     		bx	lr
 138              		.cfi_endproc
 139              	.LFE2:
 140              		.size	SPI_Interface_Multi_Trade, .-SPI_Interface_Multi_Trade
 141 0002 00BF     		.section	.text.SPI_Interface_Multi_RW,"ax",%progbits
 142              		.align	2
 143              		.global	SPI_Interface_Multi_RW
 144              		.thumb
ARM GAS  C:\Users\gaeta\AppData\Local\Temp\ccveQHwj.s 			page 5


 145              		.thumb_func
 146              		.type	SPI_Interface_Multi_RW, %function
 147              	SPI_Interface_Multi_RW:
 148              	.LFB3:
  85:SPI_Interface.c **** 	
  86:SPI_Interface.c ****     
  87:SPI_Interface.c **** 	
  88:SPI_Interface.c **** }
  89:SPI_Interface.c **** 
  90:SPI_Interface.c **** /*
  91:SPI_Interface.c **** * @brief RX-only, Dual-Operation Multi-Byte READ/WRITE
  92:SPI_Interface.c **** */
  93:SPI_Interface.c **** void SPI_Interface_Multi_RW(uint8_t* dataTX, uint8_t bytesTX, uint8_t* dataRX, uint8_t bytesRX) {
 149              		.loc 1 93 0
 150              		.cfi_startproc
 151              		@ args = 0, pretend = 0, frame = 8
 152              		@ frame_needed = 0, uses_anonymous_args = 0
 153              	.LVL19:
 154              		.loc 1 93 0
 155 0000 2DE9F043 		push	{r4, r5, r6, r7, r8, r9, lr}
 156              		.cfi_def_cfa_offset 28
 157              		.cfi_offset 4, -28
 158              		.cfi_offset 5, -24
 159              		.cfi_offset 6, -20
 160              		.cfi_offset 7, -16
 161              		.cfi_offset 8, -12
 162              		.cfi_offset 9, -8
 163              		.cfi_offset 14, -4
 164 0004 83B0     		sub	sp, sp, #12
 165              		.cfi_def_cfa_offset 40
 166 0006 0646     		mov	r6, r0
 167 0008 0C46     		mov	r4, r1
 168 000a 1746     		mov	r7, r2
 169 000c 9846     		mov	r8, r3
  94:SPI_Interface.c **** 	
  95:SPI_Interface.c **** 	/* Enable the Slave */
  96:SPI_Interface.c ****     SLAVE_CS_Write(0);
 170              		.loc 1 96 0
 171 000e 0020     		movs	r0, #0
 172              	.LVL20:
 173 0010 FFF7FEFF 		bl	CS_1_Write
 174              	.LVL21:
  97:SPI_Interface.c ****         
  98:SPI_Interface.c ****     int8_t count = bytesTX, index = 0;
 175              		.loc 1 98 0
 176 0014 64B2     		sxtb	r4, r4
 177              	.LVL22:
 178 0016 0025     		movs	r5, #0
  99:SPI_Interface.c ****     	
 100:SPI_Interface.c ****     /* Transmit Data */
 101:SPI_Interface.c ****     while ( count > 0 ) {
 179              		.loc 1 101 0
 180 0018 11E0     		b	.L9
 181              	.LVL23:
 182              	.L11:
 102:SPI_Interface.c ****             
 103:SPI_Interface.c ****     	/* Load the TX buffer with Data*/
ARM GAS  C:\Users\gaeta\AppData\Local\Temp\ccveQHwj.s 			page 6


 104:SPI_Interface.c ****         SPIM_1_PutArray(&dataTX[index*SPI_TxBufferSize], (count > SPI_TxBufferSize ? SPI_TxBufferSi
 183              		.loc 1 104 0
 184 001a 2146     		mov	r1, r4
 185 001c 082C     		cmp	r4, #8
 186 001e A8BF     		it	ge
 187 0020 0821     		movge	r1, #8
 188 0022 C9B2     		uxtb	r1, r1
 189 0024 06EBC500 		add	r0, r6, r5, lsl #3
 190 0028 FFF7FEFF 		bl	SPIM_1_PutArray
 191              	.LVL24:
 192              	.L10:
 105:SPI_Interface.c ****         /* Wait for TX */
 106:SPI_Interface.c ****         while( !(SPIM_1_ReadTxStatus() & SPIM_1_STS_SPI_DONE) );
 193              		.loc 1 106 0 discriminator 1
 194 002c FFF7FEFF 		bl	SPIM_1_ReadTxStatus
 195              	.LVL25:
 196 0030 10F0010F 		tst	r0, #1
 197 0034 FAD0     		beq	.L10
 107:SPI_Interface.c ****         
 108:SPI_Interface.c ****         /* Update count */
 109:SPI_Interface.c ****         count -= SPI_TxBufferSize;
 198              		.loc 1 109 0
 199 0036 083C     		subs	r4, r4, #8
 200              	.LVL26:
 201 0038 64B2     		sxtb	r4, r4
 202              	.LVL27:
 110:SPI_Interface.c ****         index++;
 203              		.loc 1 110 0
 204 003a 0135     		adds	r5, r5, #1
 205              	.LVL28:
 206 003c 6DB2     		sxtb	r5, r5
 207              	.LVL29:
 208              	.L9:
 101:SPI_Interface.c ****             
 209              		.loc 1 101 0
 210 003e 002C     		cmp	r4, #0
 211 0040 EBDC     		bgt	.L11
 111:SPI_Interface.c ****            
 112:SPI_Interface.c ****     }
 113:SPI_Interface.c ****         
 114:SPI_Interface.c ****     /* Clear the RX Buffer */
 115:SPI_Interface.c ****     SPIM_1_ClearFIFO();
 212              		.loc 1 115 0
 213 0042 FFF7FEFF 		bl	SPIM_1_ClearFIFO
 214              	.LVL30:
 116:SPI_Interface.c ****     SPIM_1_ClearRxBuffer();
 215              		.loc 1 116 0
 216 0046 FFF7FEFF 		bl	SPIM_1_ClearRxBuffer
 217              	.LVL31:
 117:SPI_Interface.c ****         
 118:SPI_Interface.c ****     /* Init the Dummy TX Buffer */
 119:SPI_Interface.c ****     uint8_t dummyTX[SPI_RxBufferSize];
 120:SPI_Interface.c ****     memset(dummyTX, SPI_DUMMY_BYTE, SPI_RxBufferSize);
 218              		.loc 1 120 0
 219 004a 0026     		movs	r6, #0
 220              	.LVL32:
 221 004c 0096     		str	r6, [sp]
ARM GAS  C:\Users\gaeta\AppData\Local\Temp\ccveQHwj.s 			page 7


 222 004e 0196     		str	r6, [sp, #4]
 121:SPI_Interface.c ****         
 122:SPI_Interface.c ****     /* Update count for RX */
 123:SPI_Interface.c ****     count = bytesRX;
 223              		.loc 1 123 0
 224 0050 4FFA88F8 		sxtb	r8, r8
 225              	.LVL33:
 124:SPI_Interface.c ****     index = 0;
 125:SPI_Interface.c ****         
 126:SPI_Interface.c ****     /* Get the RX Data */
 127:SPI_Interface.c ****     while ( count > 0 ) {
 226              		.loc 1 127 0
 227 0054 20E0     		b	.L12
 228              	.LVL34:
 229              	.L16:
 128:SPI_Interface.c ****          
 129:SPI_Interface.c ****         /* Load the TX buffer with Dummy Bytes*/
 130:SPI_Interface.c ****         SPIM_1_PutArray(dummyTX, (count > SPI_TxBufferSize ? SPI_TxBufferSize : count));
 230              		.loc 1 130 0
 231 0056 C146     		mov	r9, r8
 232 0058 B8F1080F 		cmp	r8, #8
 233 005c A8BF     		it	ge
 234 005e 4FF00809 		movge	r9, #8
 235 0062 5FFA89F1 		uxtb	r1, r9
 236 0066 6846     		mov	r0, sp
 237 0068 FFF7FEFF 		bl	SPIM_1_PutArray
 238              	.LVL35:
 239              	.L13:
 131:SPI_Interface.c ****         /* Wait for TX */
 132:SPI_Interface.c ****         while( !(SPIM_1_ReadTxStatus() & SPIM_1_STS_SPI_DONE) );
 240              		.loc 1 132 0 discriminator 1
 241 006c FFF7FEFF 		bl	SPIM_1_ReadTxStatus
 242              	.LVL36:
 243 0070 10F0010F 		tst	r0, #1
 244 0074 FAD0     		beq	.L13
 245 0076 0024     		movs	r4, #0
 246 0078 06E0     		b	.L14
 247              	.LVL37:
 248              	.L15:
 249              	.LBB2:
 133:SPI_Interface.c ****         /* Read the RX Buffer */
 134:SPI_Interface.c ****         for( uint8_t j = 0; j < (count > SPI_TxBufferSize ? SPI_TxBufferSize : count); j++ ) {
 135:SPI_Interface.c ****             dataRX[j + index*SPI_RxBufferSize] = SPIM_1_ReadRxData();   
 250              		.loc 1 135 0 discriminator 3
 251 007a 04EBC605 		add	r5, r4, r6, lsl #3
 252 007e FFF7FEFF 		bl	SPIM_1_ReadRxData
 253              	.LVL38:
 254 0082 7855     		strb	r0, [r7, r5]
 134:SPI_Interface.c ****             dataRX[j + index*SPI_RxBufferSize] = SPIM_1_ReadRxData();   
 255              		.loc 1 134 0 discriminator 3
 256 0084 0134     		adds	r4, r4, #1
 257              	.LVL39:
 258 0086 E4B2     		uxtb	r4, r4
 259              	.LVL40:
 260              	.L14:
 134:SPI_Interface.c ****             dataRX[j + index*SPI_RxBufferSize] = SPIM_1_ReadRxData();   
 261              		.loc 1 134 0 is_stmt 0 discriminator 1
ARM GAS  C:\Users\gaeta\AppData\Local\Temp\ccveQHwj.s 			page 8


 262 0088 4C45     		cmp	r4, r9
 263 008a F6DB     		blt	.L15
 264              	.LBE2:
 136:SPI_Interface.c ****         }
 137:SPI_Interface.c ****         
 138:SPI_Interface.c ****         count -= SPI_RxBufferSize;
 265              		.loc 1 138 0 is_stmt 1
 266 008c A8F10808 		sub	r8, r8, #8
 267              	.LVL41:
 268 0090 4FFA88F8 		sxtb	r8, r8
 269              	.LVL42:
 139:SPI_Interface.c ****         index++;
 270              		.loc 1 139 0
 271 0094 0136     		adds	r6, r6, #1
 272              	.LVL43:
 273 0096 76B2     		sxtb	r6, r6
 274              	.LVL44:
 275              	.L12:
 127:SPI_Interface.c ****          
 276              		.loc 1 127 0
 277 0098 B8F1000F 		cmp	r8, #0
 278 009c DBDC     		bgt	.L16
 140:SPI_Interface.c ****         
 141:SPI_Interface.c ****     }
 142:SPI_Interface.c ****         
 143:SPI_Interface.c ****     /* Disable the Slave */
 144:SPI_Interface.c ****     SLAVE_CS_Write(1);
 279              		.loc 1 144 0
 280 009e 0120     		movs	r0, #1
 281 00a0 FFF7FEFF 		bl	CS_1_Write
 282              	.LVL45:
 145:SPI_Interface.c ****     	
 146:SPI_Interface.c ****     /* Clear */
 147:SPI_Interface.c ****     SPIM_1_ClearFIFO();
 283              		.loc 1 147 0
 284 00a4 FFF7FEFF 		bl	SPIM_1_ClearFIFO
 285              	.LVL46:
 148:SPI_Interface.c ****     SPIM_1_ClearRxBuffer();
 286              		.loc 1 148 0
 287 00a8 FFF7FEFF 		bl	SPIM_1_ClearRxBuffer
 288              	.LVL47:
 149:SPI_Interface.c ****     SPIM_1_ClearTxBuffer();
 289              		.loc 1 149 0
 290 00ac FFF7FEFF 		bl	SPIM_1_ClearTxBuffer
 291              	.LVL48:
 150:SPI_Interface.c **** 
 151:SPI_Interface.c **** }
 292              		.loc 1 151 0
 293 00b0 03B0     		add	sp, sp, #12
 294              		.cfi_def_cfa_offset 28
 295              		@ sp needed
 296 00b2 BDE8F083 		pop	{r4, r5, r6, r7, r8, r9, pc}
 297              		.cfi_endproc
 298              	.LFE3:
 299              		.size	SPI_Interface_Multi_RW, .-SPI_Interface_Multi_RW
 300 00b6 00BF     		.section	.text.ACC_SPI_Interface_tradeByte,"ax",%progbits
 301              		.align	2
ARM GAS  C:\Users\gaeta\AppData\Local\Temp\ccveQHwj.s 			page 9


 302              		.global	ACC_SPI_Interface_tradeByte
 303              		.thumb
 304              		.thumb_func
 305              		.type	ACC_SPI_Interface_tradeByte, %function
 306              	ACC_SPI_Interface_tradeByte:
 307              	.LFB4:
 152:SPI_Interface.c **** 
 153:SPI_Interface.c **** //////////////////////////////////////////////////////////
 154:SPI_Interface.c **** 
 155:SPI_Interface.c **** uint8_t ACC_SPI_Interface_tradeByte(uint8_t byte) {
 308              		.loc 1 155 0
 309              		.cfi_startproc
 310              		@ args = 0, pretend = 0, frame = 0
 311              		@ frame_needed = 0, uses_anonymous_args = 0
 312              	.LVL49:
 313 0000 10B5     		push	{r4, lr}
 314              		.cfi_def_cfa_offset 8
 315              		.cfi_offset 4, -8
 316              		.cfi_offset 14, -4
 317 0002 0446     		mov	r4, r0
 156:SPI_Interface.c **** 	
 157:SPI_Interface.c **** 	/* Enable the Slave */
 158:SPI_Interface.c **** 	SLAVE_CS_Write_2(0);
 318              		.loc 1 158 0
 319 0004 0020     		movs	r0, #0
 320              	.LVL50:
 321 0006 FFF7FEFF 		bl	CS_2_Write
 322              	.LVL51:
 159:SPI_Interface.c **** 	
 160:SPI_Interface.c **** 	/* Load the TX Buffer */
 161:SPI_Interface.c **** 	SPIM_2_WriteTxData(byte);
 323              		.loc 1 161 0
 324 000a 2046     		mov	r0, r4
 325 000c FFF7FEFF 		bl	SPIM_2_WriteTxData
 326              	.LVL52:
 327              	.L19:
 162:SPI_Interface.c **** 	
 163:SPI_Interface.c **** 	/* Wait for TX */
 164:SPI_Interface.c ****     while( !(SPIM_2_ReadTxStatus() & SPIM_1_STS_BYTE_COMPLETE) );
 328              		.loc 1 164 0 discriminator 1
 329 0010 FFF7FEFF 		bl	SPIM_2_ReadTxStatus
 330              	.LVL53:
 331 0014 10F0080F 		tst	r0, #8
 332 0018 FAD0     		beq	.L19
 165:SPI_Interface.c **** 	
 166:SPI_Interface.c **** 	/* Read the RX Buffer */
 167:SPI_Interface.c **** 	uint8_t data = SPIM_2_ReadRxData();
 333              		.loc 1 167 0
 334 001a FFF7FEFF 		bl	SPIM_2_ReadRxData
 335              	.LVL54:
 336 001e 0446     		mov	r4, r0
 337              	.LVL55:
 168:SPI_Interface.c **** 	
 169:SPI_Interface.c **** 	/* Disable the Slave */
 170:SPI_Interface.c **** 	SLAVE_CS_Write_2(1);
 338              		.loc 1 170 0
 339 0020 0120     		movs	r0, #1
ARM GAS  C:\Users\gaeta\AppData\Local\Temp\ccveQHwj.s 			page 10


 340 0022 FFF7FEFF 		bl	CS_2_Write
 341              	.LVL56:
 171:SPI_Interface.c **** 	
 172:SPI_Interface.c **** 	return data;
 173:SPI_Interface.c ****     
 174:SPI_Interface.c **** }
 342              		.loc 1 174 0
 343 0026 2046     		mov	r0, r4
 344 0028 10BD     		pop	{r4, pc}
 345              		.cfi_endproc
 346              	.LFE4:
 347              		.size	ACC_SPI_Interface_tradeByte, .-ACC_SPI_Interface_tradeByte
 348 002a 00BF     		.section	.text.ACC_SPI_Interface_ReadByte,"ax",%progbits
 349              		.align	2
 350              		.global	ACC_SPI_Interface_ReadByte
 351              		.thumb
 352              		.thumb_func
 353              		.type	ACC_SPI_Interface_ReadByte, %function
 354              	ACC_SPI_Interface_ReadByte:
 355              	.LFB5:
 175:SPI_Interface.c **** 
 176:SPI_Interface.c **** uint8_t ACC_SPI_Interface_ReadByte(uint8_t byteTX) {
 356              		.loc 1 176 0
 357              		.cfi_startproc
 358              		@ args = 0, pretend = 0, frame = 0
 359              		@ frame_needed = 0, uses_anonymous_args = 0
 360              	.LVL57:
 361 0000 10B5     		push	{r4, lr}
 362              		.cfi_def_cfa_offset 8
 363              		.cfi_offset 4, -8
 364              		.cfi_offset 14, -4
 365 0002 0446     		mov	r4, r0
 177:SPI_Interface.c **** 	
 178:SPI_Interface.c **** 	/* Enable the Slave */
 179:SPI_Interface.c **** 	SLAVE_CS_Write_2(0);
 366              		.loc 1 179 0
 367 0004 0020     		movs	r0, #0
 368              	.LVL58:
 369 0006 FFF7FEFF 		bl	CS_2_Write
 370              	.LVL59:
 180:SPI_Interface.c **** 	
 181:SPI_Interface.c **** 	/* Load the TX Buffer */
 182:SPI_Interface.c **** 	SPIM_2_WriteTxData(byteTX);
 371              		.loc 1 182 0
 372 000a 2046     		mov	r0, r4
 373 000c FFF7FEFF 		bl	SPIM_2_WriteTxData
 374              	.LVL60:
 183:SPI_Interface.c **** 	
 184:SPI_Interface.c **** 	/* SPI Dummy Byte */
 185:SPI_Interface.c **** 	SPIM_2_WriteTxData(SPI_DUMMY_BYTE);
 375              		.loc 1 185 0
 376 0010 0020     		movs	r0, #0
 377 0012 FFF7FEFF 		bl	SPIM_2_WriteTxData
 378              	.LVL61:
 379              	.L22:
 186:SPI_Interface.c **** 	
 187:SPI_Interface.c **** 	/* Wait for TX/RX */
ARM GAS  C:\Users\gaeta\AppData\Local\Temp\ccveQHwj.s 			page 11


 188:SPI_Interface.c ****     while(!(SPIM_2_ReadTxStatus() & SPIM_2_STS_SPI_DONE));
 380              		.loc 1 188 0 discriminator 1
 381 0016 FFF7FEFF 		bl	SPIM_2_ReadTxStatus
 382              	.LVL62:
 383 001a 10F0010F 		tst	r0, #1
 384 001e FAD0     		beq	.L22
 189:SPI_Interface.c **** 	
 190:SPI_Interface.c **** 	/* Read the RX Buffer */
 191:SPI_Interface.c **** 	SPIM_2_ReadRxData();
 385              		.loc 1 191 0
 386 0020 FFF7FEFF 		bl	SPIM_2_ReadRxData
 387              	.LVL63:
 192:SPI_Interface.c **** 	uint8_t byteRX = SPIM_2_ReadRxData();
 388              		.loc 1 192 0
 389 0024 FFF7FEFF 		bl	SPIM_2_ReadRxData
 390              	.LVL64:
 391 0028 0446     		mov	r4, r0
 392              	.LVL65:
 193:SPI_Interface.c **** 	
 194:SPI_Interface.c **** 	/* Disable the Slave */
 195:SPI_Interface.c **** 	SLAVE_CS_Write_2(1);
 393              		.loc 1 195 0
 394 002a 0120     		movs	r0, #1
 395 002c FFF7FEFF 		bl	CS_2_Write
 396              	.LVL66:
 196:SPI_Interface.c **** 	
 197:SPI_Interface.c **** 	return byteRX;	
 198:SPI_Interface.c **** 	
 199:SPI_Interface.c **** }
 397              		.loc 1 199 0
 398 0030 2046     		mov	r0, r4
 399 0032 10BD     		pop	{r4, pc}
 400              		.cfi_endproc
 401              	.LFE5:
 402              		.size	ACC_SPI_Interface_ReadByte, .-ACC_SPI_Interface_ReadByte
 403              		.section	.text.ACC_SPI_Interface_Multi_RW,"ax",%progbits
 404              		.align	2
 405              		.global	ACC_SPI_Interface_Multi_RW
 406              		.thumb
 407              		.thumb_func
 408              		.type	ACC_SPI_Interface_Multi_RW, %function
 409              	ACC_SPI_Interface_Multi_RW:
 410              	.LFB6:
 200:SPI_Interface.c **** 
 201:SPI_Interface.c **** void ACC_SPI_Interface_Multi_RW(uint8_t* dataTX, uint8_t bytesTX, uint8_t* dataRX, uint8_t bytesRX)
 411              		.loc 1 201 0
 412              		.cfi_startproc
 413              		@ args = 0, pretend = 0, frame = 8
 414              		@ frame_needed = 0, uses_anonymous_args = 0
 415              	.LVL67:
 416 0000 2DE9F043 		push	{r4, r5, r6, r7, r8, r9, lr}
 417              		.cfi_def_cfa_offset 28
 418              		.cfi_offset 4, -28
 419              		.cfi_offset 5, -24
 420              		.cfi_offset 6, -20
 421              		.cfi_offset 7, -16
 422              		.cfi_offset 8, -12
ARM GAS  C:\Users\gaeta\AppData\Local\Temp\ccveQHwj.s 			page 12


 423              		.cfi_offset 9, -8
 424              		.cfi_offset 14, -4
 425 0004 83B0     		sub	sp, sp, #12
 426              		.cfi_def_cfa_offset 40
 427 0006 0646     		mov	r6, r0
 428 0008 0C46     		mov	r4, r1
 429 000a 1746     		mov	r7, r2
 430 000c 9846     		mov	r8, r3
 202:SPI_Interface.c **** 	
 203:SPI_Interface.c **** 	/* Enable the Slave */
 204:SPI_Interface.c ****     SLAVE_CS_Write_2(0);
 431              		.loc 1 204 0
 432 000e 0020     		movs	r0, #0
 433              	.LVL68:
 434 0010 FFF7FEFF 		bl	CS_2_Write
 435              	.LVL69:
 205:SPI_Interface.c ****         
 206:SPI_Interface.c ****     int8_t count = bytesTX, index = 0;
 436              		.loc 1 206 0
 437 0014 64B2     		sxtb	r4, r4
 438              	.LVL70:
 439 0016 0025     		movs	r5, #0
 207:SPI_Interface.c ****     	
 208:SPI_Interface.c ****     /* Transmit Data */
 209:SPI_Interface.c ****     while ( count > 0 ) {
 440              		.loc 1 209 0
 441 0018 11E0     		b	.L25
 442              	.LVL71:
 443              	.L27:
 210:SPI_Interface.c ****             
 211:SPI_Interface.c ****     	/* Load the TX buffer with Data*/
 212:SPI_Interface.c ****         SPIM_2_PutArray(&dataTX[index*SPI_TxBufferSize], (count > SPI_TxBufferSize ? SPI_TxBufferSi
 444              		.loc 1 212 0
 445 001a 2146     		mov	r1, r4
 446 001c 082C     		cmp	r4, #8
 447 001e A8BF     		it	ge
 448 0020 0821     		movge	r1, #8
 449 0022 C9B2     		uxtb	r1, r1
 450 0024 06EBC500 		add	r0, r6, r5, lsl #3
 451 0028 FFF7FEFF 		bl	SPIM_2_PutArray
 452              	.LVL72:
 453              	.L26:
 213:SPI_Interface.c ****         /* Wait for TX */
 214:SPI_Interface.c ****         while( !(SPIM_2_ReadTxStatus() & SPIM_2_STS_SPI_DONE) );
 454              		.loc 1 214 0 discriminator 1
 455 002c FFF7FEFF 		bl	SPIM_2_ReadTxStatus
 456              	.LVL73:
 457 0030 10F0010F 		tst	r0, #1
 458 0034 FAD0     		beq	.L26
 215:SPI_Interface.c ****         
 216:SPI_Interface.c ****         /* Update count */
 217:SPI_Interface.c ****         count -= SPI_TxBufferSize;
 459              		.loc 1 217 0
 460 0036 083C     		subs	r4, r4, #8
 461              	.LVL74:
 462 0038 64B2     		sxtb	r4, r4
 463              	.LVL75:
ARM GAS  C:\Users\gaeta\AppData\Local\Temp\ccveQHwj.s 			page 13


 218:SPI_Interface.c ****         index++;
 464              		.loc 1 218 0
 465 003a 0135     		adds	r5, r5, #1
 466              	.LVL76:
 467 003c 6DB2     		sxtb	r5, r5
 468              	.LVL77:
 469              	.L25:
 209:SPI_Interface.c ****             
 470              		.loc 1 209 0
 471 003e 002C     		cmp	r4, #0
 472 0040 EBDC     		bgt	.L27
 219:SPI_Interface.c ****            
 220:SPI_Interface.c ****     }
 221:SPI_Interface.c ****         
 222:SPI_Interface.c ****     /* Clear the RX Buffer */
 223:SPI_Interface.c ****     SPIM_2_ClearFIFO();
 473              		.loc 1 223 0
 474 0042 FFF7FEFF 		bl	SPIM_2_ClearFIFO
 475              	.LVL78:
 224:SPI_Interface.c ****     SPIM_2_ClearRxBuffer();
 476              		.loc 1 224 0
 477 0046 FFF7FEFF 		bl	SPIM_2_ClearRxBuffer
 478              	.LVL79:
 225:SPI_Interface.c ****         
 226:SPI_Interface.c ****     /* Init the Dummy TX Buffer */
 227:SPI_Interface.c ****     uint8_t dummyTX[SPI_RxBufferSize];
 228:SPI_Interface.c ****     memset(dummyTX, SPI_DUMMY_BYTE, SPI_RxBufferSize);
 479              		.loc 1 228 0
 480 004a 0026     		movs	r6, #0
 481              	.LVL80:
 482 004c 0096     		str	r6, [sp]
 483 004e 0196     		str	r6, [sp, #4]
 229:SPI_Interface.c ****         
 230:SPI_Interface.c ****     /* Update count for RX */
 231:SPI_Interface.c ****     count = bytesRX;
 484              		.loc 1 231 0
 485 0050 4FFA88F8 		sxtb	r8, r8
 486              	.LVL81:
 232:SPI_Interface.c ****     index = 0;
 233:SPI_Interface.c ****         
 234:SPI_Interface.c ****     /* Get the RX Data */
 235:SPI_Interface.c ****     while ( count > 0 ) {
 487              		.loc 1 235 0
 488 0054 20E0     		b	.L28
 489              	.LVL82:
 490              	.L32:
 236:SPI_Interface.c ****          
 237:SPI_Interface.c ****         /* Load the TX buffer with Dummy Bytes*/
 238:SPI_Interface.c ****         SPIM_2_PutArray(dummyTX, (count > SPI_TxBufferSize ? SPI_TxBufferSize : count));
 491              		.loc 1 238 0
 492 0056 C146     		mov	r9, r8
 493 0058 B8F1080F 		cmp	r8, #8
 494 005c A8BF     		it	ge
 495 005e 4FF00809 		movge	r9, #8
 496 0062 5FFA89F1 		uxtb	r1, r9
 497 0066 6846     		mov	r0, sp
 498 0068 FFF7FEFF 		bl	SPIM_2_PutArray
ARM GAS  C:\Users\gaeta\AppData\Local\Temp\ccveQHwj.s 			page 14


 499              	.LVL83:
 500              	.L29:
 239:SPI_Interface.c ****         /* Wait for TX */
 240:SPI_Interface.c ****         while( !(SPIM_2_ReadTxStatus() & SPIM_2_STS_SPI_DONE) );
 501              		.loc 1 240 0 discriminator 1
 502 006c FFF7FEFF 		bl	SPIM_2_ReadTxStatus
 503              	.LVL84:
 504 0070 10F0010F 		tst	r0, #1
 505 0074 FAD0     		beq	.L29
 506 0076 0024     		movs	r4, #0
 507 0078 06E0     		b	.L30
 508              	.LVL85:
 509              	.L31:
 510              	.LBB3:
 241:SPI_Interface.c ****         /* Read the RX Buffer */
 242:SPI_Interface.c ****         for( uint8_t j = 0; j < (count > SPI_TxBufferSize ? SPI_TxBufferSize : count); j++ ) {
 243:SPI_Interface.c ****             dataRX[j + index*SPI_RxBufferSize] = SPIM_2_ReadRxData();   
 511              		.loc 1 243 0 discriminator 3
 512 007a 04EBC605 		add	r5, r4, r6, lsl #3
 513 007e FFF7FEFF 		bl	SPIM_2_ReadRxData
 514              	.LVL86:
 515 0082 7855     		strb	r0, [r7, r5]
 242:SPI_Interface.c ****             dataRX[j + index*SPI_RxBufferSize] = SPIM_2_ReadRxData();   
 516              		.loc 1 242 0 discriminator 3
 517 0084 0134     		adds	r4, r4, #1
 518              	.LVL87:
 519 0086 E4B2     		uxtb	r4, r4
 520              	.LVL88:
 521              	.L30:
 242:SPI_Interface.c ****             dataRX[j + index*SPI_RxBufferSize] = SPIM_2_ReadRxData();   
 522              		.loc 1 242 0 is_stmt 0 discriminator 1
 523 0088 4C45     		cmp	r4, r9
 524 008a F6DB     		blt	.L31
 525              	.LBE3:
 244:SPI_Interface.c ****         }
 245:SPI_Interface.c ****         
 246:SPI_Interface.c ****         count -= SPI_RxBufferSize;
 526              		.loc 1 246 0 is_stmt 1
 527 008c A8F10808 		sub	r8, r8, #8
 528              	.LVL89:
 529 0090 4FFA88F8 		sxtb	r8, r8
 530              	.LVL90:
 247:SPI_Interface.c ****         index++;
 531              		.loc 1 247 0
 532 0094 0136     		adds	r6, r6, #1
 533              	.LVL91:
 534 0096 76B2     		sxtb	r6, r6
 535              	.LVL92:
 536              	.L28:
 235:SPI_Interface.c ****          
 537              		.loc 1 235 0
 538 0098 B8F1000F 		cmp	r8, #0
 539 009c DBDC     		bgt	.L32
 248:SPI_Interface.c ****         
 249:SPI_Interface.c ****     }
 250:SPI_Interface.c ****         
 251:SPI_Interface.c ****     /* Disable the Slave */
ARM GAS  C:\Users\gaeta\AppData\Local\Temp\ccveQHwj.s 			page 15


 252:SPI_Interface.c ****     SLAVE_CS_Write_2(1);
 540              		.loc 1 252 0
 541 009e 0120     		movs	r0, #1
 542 00a0 FFF7FEFF 		bl	CS_2_Write
 543              	.LVL93:
 253:SPI_Interface.c ****     	
 254:SPI_Interface.c ****     /* Clear */
 255:SPI_Interface.c ****     SPIM_2_ClearFIFO();
 544              		.loc 1 255 0
 545 00a4 FFF7FEFF 		bl	SPIM_2_ClearFIFO
 546              	.LVL94:
 256:SPI_Interface.c ****     SPIM_2_ClearRxBuffer();
 547              		.loc 1 256 0
 548 00a8 FFF7FEFF 		bl	SPIM_2_ClearRxBuffer
 549              	.LVL95:
 257:SPI_Interface.c ****     SPIM_2_ClearTxBuffer();
 550              		.loc 1 257 0
 551 00ac FFF7FEFF 		bl	SPIM_2_ClearTxBuffer
 552              	.LVL96:
 258:SPI_Interface.c **** 
 259:SPI_Interface.c **** }
 553              		.loc 1 259 0
 554 00b0 03B0     		add	sp, sp, #12
 555              		.cfi_def_cfa_offset 28
 556              		@ sp needed
 557 00b2 BDE8F083 		pop	{r4, r5, r6, r7, r8, r9, pc}
 558              		.cfi_endproc
 559              	.LFE6:
 560              		.size	ACC_SPI_Interface_Multi_RW, .-ACC_SPI_Interface_Multi_RW
 561 00b6 00BF     		.text
 562              	.Letext0:
 563              		.file 2 "c:\\program files (x86)\\cypress\\psoc creator\\4.3\\psoc creator\\import\\gnu\\arm\\5.4.
 564              		.file 3 "c:\\program files (x86)\\cypress\\psoc creator\\4.3\\psoc creator\\import\\gnu\\arm\\5.4.
 565              		.file 4 "Generated_Source\\PSoC5/cytypes.h"
 566              		.file 5 "Generated_Source\\PSoC5/CS_1.h"
 567              		.file 6 "Generated_Source\\PSoC5/SPIM_1.h"
 568              		.file 7 "Generated_Source\\PSoC5/CS_2.h"
 569              		.file 8 "Generated_Source\\PSoC5/SPIM_2.h"
 570              		.section	.debug_info,"",%progbits
 571              	.Ldebug_info0:
 572 0000 8A060000 		.4byte	0x68a
 573 0004 0400     		.2byte	0x4
 574 0006 00000000 		.4byte	.Ldebug_abbrev0
 575 000a 04       		.byte	0x4
 576 000b 01       		.uleb128 0x1
 577 000c F4000000 		.4byte	.LASF54
 578 0010 0C       		.byte	0xc
 579 0011 82010000 		.4byte	.LASF55
 580 0015 75020000 		.4byte	.LASF56
 581 0019 00000000 		.4byte	.Ldebug_ranges0+0
 582 001d 00000000 		.4byte	0
 583 0021 00000000 		.4byte	.Ldebug_line0
 584 0025 02       		.uleb128 0x2
 585 0026 1B000000 		.4byte	.LASF0
 586 002a 02       		.byte	0x2
 587 002b 1B       		.byte	0x1b
 588 002c 30000000 		.4byte	0x30
ARM GAS  C:\Users\gaeta\AppData\Local\Temp\ccveQHwj.s 			page 16


 589 0030 03       		.uleb128 0x3
 590 0031 01       		.byte	0x1
 591 0032 06       		.byte	0x6
 592 0033 B3030000 		.4byte	.LASF2
 593 0037 02       		.uleb128 0x2
 594 0038 24000000 		.4byte	.LASF1
 595 003c 02       		.byte	0x2
 596 003d 1D       		.byte	0x1d
 597 003e 42000000 		.4byte	0x42
 598 0042 03       		.uleb128 0x3
 599 0043 01       		.byte	0x1
 600 0044 08       		.byte	0x8
 601 0045 E6000000 		.4byte	.LASF3
 602 0049 03       		.uleb128 0x3
 603 004a 02       		.byte	0x2
 604 004b 05       		.byte	0x5
 605 004c 52030000 		.4byte	.LASF4
 606 0050 03       		.uleb128 0x3
 607 0051 02       		.byte	0x2
 608 0052 07       		.byte	0x7
 609 0053 57000000 		.4byte	.LASF5
 610 0057 03       		.uleb128 0x3
 611 0058 04       		.byte	0x4
 612 0059 05       		.byte	0x5
 613 005a 9E030000 		.4byte	.LASF6
 614 005e 03       		.uleb128 0x3
 615 005f 04       		.byte	0x4
 616 0060 07       		.byte	0x7
 617 0061 92010000 		.4byte	.LASF7
 618 0065 03       		.uleb128 0x3
 619 0066 08       		.byte	0x8
 620 0067 05       		.byte	0x5
 621 0068 19030000 		.4byte	.LASF8
 622 006c 03       		.uleb128 0x3
 623 006d 08       		.byte	0x8
 624 006e 07       		.byte	0x7
 625 006f 56020000 		.4byte	.LASF9
 626 0073 04       		.uleb128 0x4
 627 0074 04       		.byte	0x4
 628 0075 05       		.byte	0x5
 629 0076 696E7400 		.ascii	"int\000"
 630 007a 03       		.uleb128 0x3
 631 007b 04       		.byte	0x4
 632 007c 07       		.byte	0x7
 633 007d 3E020000 		.4byte	.LASF10
 634 0081 02       		.uleb128 0x2
 635 0082 A2000000 		.4byte	.LASF11
 636 0086 03       		.byte	0x3
 637 0087 14       		.byte	0x14
 638 0088 25000000 		.4byte	0x25
 639 008c 02       		.uleb128 0x2
 640 008d 6D020000 		.4byte	.LASF12
 641 0091 03       		.byte	0x3
 642 0092 18       		.byte	0x18
 643 0093 37000000 		.4byte	0x37
 644 0097 05       		.uleb128 0x5
 645 0098 A4010000 		.4byte	.LASF13
ARM GAS  C:\Users\gaeta\AppData\Local\Temp\ccveQHwj.s 			page 17


 646 009c 04       		.byte	0x4
 647 009d E401     		.2byte	0x1e4
 648 009f 42000000 		.4byte	0x42
 649 00a3 03       		.uleb128 0x3
 650 00a4 04       		.byte	0x4
 651 00a5 04       		.byte	0x4
 652 00a6 C4000000 		.4byte	.LASF14
 653 00aa 03       		.uleb128 0x3
 654 00ab 08       		.byte	0x8
 655 00ac 04       		.byte	0x4
 656 00ad E4010000 		.4byte	.LASF15
 657 00b1 03       		.uleb128 0x3
 658 00b2 01       		.byte	0x1
 659 00b3 08       		.byte	0x8
 660 00b4 27030000 		.4byte	.LASF16
 661 00b8 03       		.uleb128 0x3
 662 00b9 08       		.byte	0x8
 663 00ba 04       		.byte	0x4
 664 00bb A7030000 		.4byte	.LASF17
 665 00bf 03       		.uleb128 0x3
 666 00c0 04       		.byte	0x4
 667 00c1 07       		.byte	0x7
 668 00c2 10030000 		.4byte	.LASF18
 669 00c6 06       		.uleb128 0x6
 670 00c7 EB010000 		.4byte	.LASF19
 671 00cb 01       		.byte	0x1
 672 00cc 1E       		.byte	0x1e
 673 00cd 8C000000 		.4byte	0x8c
 674 00d1 00000000 		.4byte	.LFB0
 675 00d5 2A000000 		.4byte	.LFE0-.LFB0
 676 00d9 01       		.uleb128 0x1
 677 00da 9C       		.byte	0x9c
 678 00db 44010000 		.4byte	0x144
 679 00df 07       		.uleb128 0x7
 680 00e0 72000000 		.4byte	.LASF21
 681 00e4 01       		.byte	0x1
 682 00e5 1E       		.byte	0x1e
 683 00e6 8C000000 		.4byte	0x8c
 684 00ea 00000000 		.4byte	.LLST0
 685 00ee 08       		.uleb128 0x8
 686 00ef CA000000 		.4byte	.LASF23
 687 00f3 01       		.byte	0x1
 688 00f4 2A       		.byte	0x2a
 689 00f5 8C000000 		.4byte	0x8c
 690 00f9 01       		.uleb128 0x1
 691 00fa 54       		.byte	0x54
 692 00fb 09       		.uleb128 0x9
 693 00fc 0A000000 		.4byte	.LVL2
 694 0100 DD050000 		.4byte	0x5dd
 695 0104 0E010000 		.4byte	0x10e
 696 0108 0A       		.uleb128 0xa
 697 0109 01       		.uleb128 0x1
 698 010a 50       		.byte	0x50
 699 010b 01       		.uleb128 0x1
 700 010c 30       		.byte	0x30
 701 010d 00       		.byte	0
 702 010e 09       		.uleb128 0x9
ARM GAS  C:\Users\gaeta\AppData\Local\Temp\ccveQHwj.s 			page 18


 703 010f 10000000 		.4byte	.LVL3
 704 0113 E8050000 		.4byte	0x5e8
 705 0117 22010000 		.4byte	0x122
 706 011b 0A       		.uleb128 0xa
 707 011c 01       		.uleb128 0x1
 708 011d 50       		.byte	0x50
 709 011e 02       		.uleb128 0x2
 710 011f 74       		.byte	0x74
 711 0120 00       		.sleb128 0
 712 0121 00       		.byte	0
 713 0122 0B       		.uleb128 0xb
 714 0123 14000000 		.4byte	.LVL4
 715 0127 F3050000 		.4byte	0x5f3
 716 012b 0B       		.uleb128 0xb
 717 012c 1E000000 		.4byte	.LVL5
 718 0130 FE050000 		.4byte	0x5fe
 719 0134 0C       		.uleb128 0xc
 720 0135 26000000 		.4byte	.LVL7
 721 0139 DD050000 		.4byte	0x5dd
 722 013d 0A       		.uleb128 0xa
 723 013e 01       		.uleb128 0x1
 724 013f 50       		.byte	0x50
 725 0140 01       		.uleb128 0x1
 726 0141 31       		.byte	0x31
 727 0142 00       		.byte	0
 728 0143 00       		.byte	0
 729 0144 06       		.uleb128 0x6
 730 0145 CF000000 		.4byte	.LASF20
 731 0149 01       		.byte	0x1
 732 014a 37       		.byte	0x37
 733 014b 8C000000 		.4byte	0x8c
 734 014f 00000000 		.4byte	.LFB1
 735 0153 34000000 		.4byte	.LFE1-.LFB1
 736 0157 01       		.uleb128 0x1
 737 0158 9C       		.byte	0x9c
 738 0159 DE010000 		.4byte	0x1de
 739 015d 07       		.uleb128 0x7
 740 015e BD000000 		.4byte	.LASF22
 741 0162 01       		.byte	0x1
 742 0163 37       		.byte	0x37
 743 0164 8C000000 		.4byte	0x8c
 744 0168 21000000 		.4byte	.LLST1
 745 016c 08       		.uleb128 0x8
 746 016d 14020000 		.4byte	.LASF24
 747 0171 01       		.byte	0x1
 748 0172 47       		.byte	0x47
 749 0173 8C000000 		.4byte	0x8c
 750 0177 01       		.uleb128 0x1
 751 0178 54       		.byte	0x54
 752 0179 09       		.uleb128 0x9
 753 017a 0A000000 		.4byte	.LVL10
 754 017e DD050000 		.4byte	0x5dd
 755 0182 8C010000 		.4byte	0x18c
 756 0186 0A       		.uleb128 0xa
 757 0187 01       		.uleb128 0x1
 758 0188 50       		.byte	0x50
 759 0189 01       		.uleb128 0x1
ARM GAS  C:\Users\gaeta\AppData\Local\Temp\ccveQHwj.s 			page 19


 760 018a 30       		.byte	0x30
 761 018b 00       		.byte	0
 762 018c 09       		.uleb128 0x9
 763 018d 10000000 		.4byte	.LVL11
 764 0191 E8050000 		.4byte	0x5e8
 765 0195 A0010000 		.4byte	0x1a0
 766 0199 0A       		.uleb128 0xa
 767 019a 01       		.uleb128 0x1
 768 019b 50       		.byte	0x50
 769 019c 02       		.uleb128 0x2
 770 019d 74       		.byte	0x74
 771 019e 00       		.sleb128 0
 772 019f 00       		.byte	0
 773 01a0 09       		.uleb128 0x9
 774 01a1 16000000 		.4byte	.LVL12
 775 01a5 E8050000 		.4byte	0x5e8
 776 01a9 B3010000 		.4byte	0x1b3
 777 01ad 0A       		.uleb128 0xa
 778 01ae 01       		.uleb128 0x1
 779 01af 50       		.byte	0x50
 780 01b0 01       		.uleb128 0x1
 781 01b1 30       		.byte	0x30
 782 01b2 00       		.byte	0
 783 01b3 0B       		.uleb128 0xb
 784 01b4 1A000000 		.4byte	.LVL13
 785 01b8 F3050000 		.4byte	0x5f3
 786 01bc 0B       		.uleb128 0xb
 787 01bd 24000000 		.4byte	.LVL14
 788 01c1 FE050000 		.4byte	0x5fe
 789 01c5 0B       		.uleb128 0xb
 790 01c6 28000000 		.4byte	.LVL15
 791 01ca FE050000 		.4byte	0x5fe
 792 01ce 0C       		.uleb128 0xc
 793 01cf 30000000 		.4byte	.LVL17
 794 01d3 DD050000 		.4byte	0x5dd
 795 01d7 0A       		.uleb128 0xa
 796 01d8 01       		.uleb128 0x1
 797 01d9 50       		.byte	0x50
 798 01da 01       		.uleb128 0x1
 799 01db 31       		.byte	0x31
 800 01dc 00       		.byte	0
 801 01dd 00       		.byte	0
 802 01de 0D       		.uleb128 0xd
 803 01df 77000000 		.4byte	.LASF28
 804 01e3 01       		.byte	0x1
 805 01e4 54       		.byte	0x54
 806 01e5 00000000 		.4byte	.LFB2
 807 01e9 02000000 		.4byte	.LFE2-.LFB2
 808 01ed 01       		.uleb128 0x1
 809 01ee 9C       		.byte	0x9c
 810 01ef 1B020000 		.4byte	0x21b
 811 01f3 0E       		.uleb128 0xe
 812 01f4 BF030000 		.4byte	.LASF25
 813 01f8 01       		.byte	0x1
 814 01f9 54       		.byte	0x54
 815 01fa 1B020000 		.4byte	0x21b
 816 01fe 01       		.uleb128 0x1
ARM GAS  C:\Users\gaeta\AppData\Local\Temp\ccveQHwj.s 			page 20


 817 01ff 50       		.byte	0x50
 818 0200 0E       		.uleb128 0xe
 819 0201 F6020000 		.4byte	.LASF26
 820 0205 01       		.byte	0x1
 821 0206 54       		.byte	0x54
 822 0207 1B020000 		.4byte	0x21b
 823 020b 01       		.uleb128 0x1
 824 020c 51       		.byte	0x51
 825 020d 0E       		.uleb128 0xe
 826 020e 50000000 		.4byte	.LASF27
 827 0212 01       		.byte	0x1
 828 0213 54       		.byte	0x54
 829 0214 8C000000 		.4byte	0x8c
 830 0218 01       		.uleb128 0x1
 831 0219 52       		.byte	0x52
 832 021a 00       		.byte	0
 833 021b 0F       		.uleb128 0xf
 834 021c 04       		.byte	0x4
 835 021d 8C000000 		.4byte	0x8c
 836 0221 0D       		.uleb128 0xd
 837 0222 C6030000 		.4byte	.LASF29
 838 0226 01       		.byte	0x1
 839 0227 5D       		.byte	0x5d
 840 0228 00000000 		.4byte	.LFB3
 841 022c B6000000 		.4byte	.LFE3-.LFB3
 842 0230 01       		.uleb128 0x1
 843 0231 9C       		.byte	0x9c
 844 0232 6B030000 		.4byte	0x36b
 845 0236 07       		.uleb128 0x7
 846 0237 BF030000 		.4byte	.LASF25
 847 023b 01       		.byte	0x1
 848 023c 5D       		.byte	0x5d
 849 023d 1B020000 		.4byte	0x21b
 850 0241 42000000 		.4byte	.LLST2
 851 0245 07       		.uleb128 0x7
 852 0246 FD020000 		.4byte	.LASF30
 853 024a 01       		.byte	0x1
 854 024b 5D       		.byte	0x5d
 855 024c 8C000000 		.4byte	0x8c
 856 0250 6E000000 		.4byte	.LLST3
 857 0254 07       		.uleb128 0x7
 858 0255 F6020000 		.4byte	.LASF26
 859 0259 01       		.byte	0x1
 860 025a 5D       		.byte	0x5d
 861 025b 1B020000 		.4byte	0x21b
 862 025f 8F000000 		.4byte	.LLST4
 863 0263 07       		.uleb128 0x7
 864 0264 6A000000 		.4byte	.LASF31
 865 0268 01       		.byte	0x1
 866 0269 5D       		.byte	0x5d
 867 026a 8C000000 		.4byte	0x8c
 868 026e AD000000 		.4byte	.LLST5
 869 0272 10       		.uleb128 0x10
 870 0273 4A000000 		.4byte	.LASF32
 871 0277 01       		.byte	0x1
 872 0278 62       		.byte	0x62
 873 0279 81000000 		.4byte	0x81
ARM GAS  C:\Users\gaeta\AppData\Local\Temp\ccveQHwj.s 			page 21


 874 027d CE000000 		.4byte	.LLST6
 875 0281 10       		.uleb128 0x10
 876 0282 83030000 		.4byte	.LASF33
 877 0286 01       		.byte	0x1
 878 0287 62       		.byte	0x62
 879 0288 81000000 		.4byte	0x81
 880 028c 02010000 		.4byte	.LLST7
 881 0290 08       		.uleb128 0x8
 882 0291 DB020000 		.4byte	.LASF34
 883 0295 01       		.byte	0x1
 884 0296 77       		.byte	0x77
 885 0297 6B030000 		.4byte	0x36b
 886 029b 02       		.uleb128 0x2
 887 029c 91       		.byte	0x91
 888 029d 58       		.sleb128 -40
 889 029e 11       		.uleb128 0x11
 890 029f 7A000000 		.4byte	.LBB2
 891 02a3 12000000 		.4byte	.LBE2-.LBB2
 892 02a7 C2020000 		.4byte	0x2c2
 893 02ab 12       		.uleb128 0x12
 894 02ac 6A00     		.ascii	"j\000"
 895 02ae 01       		.byte	0x1
 896 02af 86       		.byte	0x86
 897 02b0 8C000000 		.4byte	0x8c
 898 02b4 4E010000 		.4byte	.LLST8
 899 02b8 0B       		.uleb128 0xb
 900 02b9 82000000 		.4byte	.LVL38
 901 02bd FE050000 		.4byte	0x5fe
 902 02c1 00       		.byte	0
 903 02c2 09       		.uleb128 0x9
 904 02c3 14000000 		.4byte	.LVL21
 905 02c7 DD050000 		.4byte	0x5dd
 906 02cb D5020000 		.4byte	0x2d5
 907 02cf 0A       		.uleb128 0xa
 908 02d0 01       		.uleb128 0x1
 909 02d1 50       		.byte	0x50
 910 02d2 01       		.uleb128 0x1
 911 02d3 30       		.byte	0x30
 912 02d4 00       		.byte	0
 913 02d5 09       		.uleb128 0x9
 914 02d6 2C000000 		.4byte	.LVL24
 915 02da 09060000 		.4byte	0x609
 916 02de FE020000 		.4byte	0x2fe
 917 02e2 0A       		.uleb128 0xa
 918 02e3 01       		.uleb128 0x1
 919 02e4 50       		.byte	0x50
 920 02e5 07       		.uleb128 0x7
 921 02e6 75       		.byte	0x75
 922 02e7 00       		.sleb128 0
 923 02e8 33       		.byte	0x33
 924 02e9 24       		.byte	0x24
 925 02ea 76       		.byte	0x76
 926 02eb 00       		.sleb128 0
 927 02ec 22       		.byte	0x22
 928 02ed 0A       		.uleb128 0xa
 929 02ee 01       		.uleb128 0x1
 930 02ef 51       		.byte	0x51
ARM GAS  C:\Users\gaeta\AppData\Local\Temp\ccveQHwj.s 			page 22


 931 02f0 0C       		.uleb128 0xc
 932 02f1 38       		.byte	0x38
 933 02f2 74       		.byte	0x74
 934 02f3 00       		.sleb128 0
 935 02f4 74       		.byte	0x74
 936 02f5 00       		.sleb128 0
 937 02f6 38       		.byte	0x38
 938 02f7 2A       		.byte	0x2a
 939 02f8 28       		.byte	0x28
 940 02f9 0100     		.2byte	0x1
 941 02fb 16       		.byte	0x16
 942 02fc 13       		.byte	0x13
 943 02fd 00       		.byte	0
 944 02fe 0B       		.uleb128 0xb
 945 02ff 30000000 		.4byte	.LVL25
 946 0303 F3050000 		.4byte	0x5f3
 947 0307 0B       		.uleb128 0xb
 948 0308 46000000 		.4byte	.LVL30
 949 030c 14060000 		.4byte	0x614
 950 0310 0B       		.uleb128 0xb
 951 0311 4A000000 		.4byte	.LVL31
 952 0315 1F060000 		.4byte	0x61f
 953 0319 09       		.uleb128 0x9
 954 031a 6C000000 		.4byte	.LVL35
 955 031e 09060000 		.4byte	0x609
 956 0322 33030000 		.4byte	0x333
 957 0326 0A       		.uleb128 0xa
 958 0327 01       		.uleb128 0x1
 959 0328 50       		.byte	0x50
 960 0329 02       		.uleb128 0x2
 961 032a 7D       		.byte	0x7d
 962 032b 00       		.sleb128 0
 963 032c 0A       		.uleb128 0xa
 964 032d 01       		.uleb128 0x1
 965 032e 51       		.byte	0x51
 966 032f 02       		.uleb128 0x2
 967 0330 79       		.byte	0x79
 968 0331 00       		.sleb128 0
 969 0332 00       		.byte	0
 970 0333 0B       		.uleb128 0xb
 971 0334 70000000 		.4byte	.LVL36
 972 0338 F3050000 		.4byte	0x5f3
 973 033c 09       		.uleb128 0x9
 974 033d A4000000 		.4byte	.LVL45
 975 0341 DD050000 		.4byte	0x5dd
 976 0345 4F030000 		.4byte	0x34f
 977 0349 0A       		.uleb128 0xa
 978 034a 01       		.uleb128 0x1
 979 034b 50       		.byte	0x50
 980 034c 01       		.uleb128 0x1
 981 034d 31       		.byte	0x31
 982 034e 00       		.byte	0
 983 034f 0B       		.uleb128 0xb
 984 0350 A8000000 		.4byte	.LVL46
 985 0354 14060000 		.4byte	0x614
 986 0358 0B       		.uleb128 0xb
 987 0359 AC000000 		.4byte	.LVL47
ARM GAS  C:\Users\gaeta\AppData\Local\Temp\ccveQHwj.s 			page 23


 988 035d 1F060000 		.4byte	0x61f
 989 0361 0B       		.uleb128 0xb
 990 0362 B0000000 		.4byte	.LVL48
 991 0366 2A060000 		.4byte	0x62a
 992 036a 00       		.byte	0
 993 036b 13       		.uleb128 0x13
 994 036c 8C000000 		.4byte	0x8c
 995 0370 7B030000 		.4byte	0x37b
 996 0374 14       		.uleb128 0x14
 997 0375 BF000000 		.4byte	0xbf
 998 0379 07       		.byte	0x7
 999 037a 00       		.byte	0
 1000 037b 06       		.uleb128 0x6
 1001 037c 2E000000 		.4byte	.LASF35
 1002 0380 01       		.byte	0x1
 1003 0381 9B       		.byte	0x9b
 1004 0382 8C000000 		.4byte	0x8c
 1005 0386 00000000 		.4byte	.LFB4
 1006 038a 2A000000 		.4byte	.LFE4-.LFB4
 1007 038e 01       		.uleb128 0x1
 1008 038f 9C       		.byte	0x9c
 1009 0390 F9030000 		.4byte	0x3f9
 1010 0394 07       		.uleb128 0x7
 1011 0395 72000000 		.4byte	.LASF21
 1012 0399 01       		.byte	0x1
 1013 039a 9B       		.byte	0x9b
 1014 039b 8C000000 		.4byte	0x8c
 1015 039f 6C010000 		.4byte	.LLST9
 1016 03a3 08       		.uleb128 0x8
 1017 03a4 CA000000 		.4byte	.LASF23
 1018 03a8 01       		.byte	0x1
 1019 03a9 A7       		.byte	0xa7
 1020 03aa 8C000000 		.4byte	0x8c
 1021 03ae 01       		.uleb128 0x1
 1022 03af 54       		.byte	0x54
 1023 03b0 09       		.uleb128 0x9
 1024 03b1 0A000000 		.4byte	.LVL51
 1025 03b5 35060000 		.4byte	0x635
 1026 03b9 C3030000 		.4byte	0x3c3
 1027 03bd 0A       		.uleb128 0xa
 1028 03be 01       		.uleb128 0x1
 1029 03bf 50       		.byte	0x50
 1030 03c0 01       		.uleb128 0x1
 1031 03c1 30       		.byte	0x30
 1032 03c2 00       		.byte	0
 1033 03c3 09       		.uleb128 0x9
 1034 03c4 10000000 		.4byte	.LVL52
 1035 03c8 40060000 		.4byte	0x640
 1036 03cc D7030000 		.4byte	0x3d7
 1037 03d0 0A       		.uleb128 0xa
 1038 03d1 01       		.uleb128 0x1
 1039 03d2 50       		.byte	0x50
 1040 03d3 02       		.uleb128 0x2
 1041 03d4 74       		.byte	0x74
 1042 03d5 00       		.sleb128 0
 1043 03d6 00       		.byte	0
 1044 03d7 0B       		.uleb128 0xb
ARM GAS  C:\Users\gaeta\AppData\Local\Temp\ccveQHwj.s 			page 24


 1045 03d8 14000000 		.4byte	.LVL53
 1046 03dc 4B060000 		.4byte	0x64b
 1047 03e0 0B       		.uleb128 0xb
 1048 03e1 1E000000 		.4byte	.LVL54
 1049 03e5 56060000 		.4byte	0x656
 1050 03e9 0C       		.uleb128 0xc
 1051 03ea 26000000 		.4byte	.LVL56
 1052 03ee 35060000 		.4byte	0x635
 1053 03f2 0A       		.uleb128 0xa
 1054 03f3 01       		.uleb128 0x1
 1055 03f4 50       		.byte	0x50
 1056 03f5 01       		.uleb128 0x1
 1057 03f6 31       		.byte	0x31
 1058 03f7 00       		.byte	0
 1059 03f8 00       		.byte	0
 1060 03f9 06       		.uleb128 0x6
 1061 03fa 00000000 		.4byte	.LASF36
 1062 03fe 01       		.byte	0x1
 1063 03ff B0       		.byte	0xb0
 1064 0400 8C000000 		.4byte	0x8c
 1065 0404 00000000 		.4byte	.LFB5
 1066 0408 34000000 		.4byte	.LFE5-.LFB5
 1067 040c 01       		.uleb128 0x1
 1068 040d 9C       		.byte	0x9c
 1069 040e 93040000 		.4byte	0x493
 1070 0412 07       		.uleb128 0x7
 1071 0413 BD000000 		.4byte	.LASF22
 1072 0417 01       		.byte	0x1
 1073 0418 B0       		.byte	0xb0
 1074 0419 8C000000 		.4byte	0x8c
 1075 041d 8D010000 		.4byte	.LLST10
 1076 0421 08       		.uleb128 0x8
 1077 0422 14020000 		.4byte	.LASF24
 1078 0426 01       		.byte	0x1
 1079 0427 C0       		.byte	0xc0
 1080 0428 8C000000 		.4byte	0x8c
 1081 042c 01       		.uleb128 0x1
 1082 042d 54       		.byte	0x54
 1083 042e 09       		.uleb128 0x9
 1084 042f 0A000000 		.4byte	.LVL59
 1085 0433 35060000 		.4byte	0x635
 1086 0437 41040000 		.4byte	0x441
 1087 043b 0A       		.uleb128 0xa
 1088 043c 01       		.uleb128 0x1
 1089 043d 50       		.byte	0x50
 1090 043e 01       		.uleb128 0x1
 1091 043f 30       		.byte	0x30
 1092 0440 00       		.byte	0
 1093 0441 09       		.uleb128 0x9
 1094 0442 10000000 		.4byte	.LVL60
 1095 0446 40060000 		.4byte	0x640
 1096 044a 55040000 		.4byte	0x455
 1097 044e 0A       		.uleb128 0xa
 1098 044f 01       		.uleb128 0x1
 1099 0450 50       		.byte	0x50
 1100 0451 02       		.uleb128 0x2
 1101 0452 74       		.byte	0x74
ARM GAS  C:\Users\gaeta\AppData\Local\Temp\ccveQHwj.s 			page 25


 1102 0453 00       		.sleb128 0
 1103 0454 00       		.byte	0
 1104 0455 09       		.uleb128 0x9
 1105 0456 16000000 		.4byte	.LVL61
 1106 045a 40060000 		.4byte	0x640
 1107 045e 68040000 		.4byte	0x468
 1108 0462 0A       		.uleb128 0xa
 1109 0463 01       		.uleb128 0x1
 1110 0464 50       		.byte	0x50
 1111 0465 01       		.uleb128 0x1
 1112 0466 30       		.byte	0x30
 1113 0467 00       		.byte	0
 1114 0468 0B       		.uleb128 0xb
 1115 0469 1A000000 		.4byte	.LVL62
 1116 046d 4B060000 		.4byte	0x64b
 1117 0471 0B       		.uleb128 0xb
 1118 0472 24000000 		.4byte	.LVL63
 1119 0476 56060000 		.4byte	0x656
 1120 047a 0B       		.uleb128 0xb
 1121 047b 28000000 		.4byte	.LVL64
 1122 047f 56060000 		.4byte	0x656
 1123 0483 0C       		.uleb128 0xc
 1124 0484 30000000 		.4byte	.LVL66
 1125 0488 35060000 		.4byte	0x635
 1126 048c 0A       		.uleb128 0xa
 1127 048d 01       		.uleb128 0x1
 1128 048e 50       		.byte	0x50
 1129 048f 01       		.uleb128 0x1
 1130 0490 31       		.byte	0x31
 1131 0491 00       		.byte	0
 1132 0492 00       		.byte	0
 1133 0493 0D       		.uleb128 0xd
 1134 0494 DD030000 		.4byte	.LASF37
 1135 0498 01       		.byte	0x1
 1136 0499 C9       		.byte	0xc9
 1137 049a 00000000 		.4byte	.LFB6
 1138 049e B6000000 		.4byte	.LFE6-.LFB6
 1139 04a2 01       		.uleb128 0x1
 1140 04a3 9C       		.byte	0x9c
 1141 04a4 DD050000 		.4byte	0x5dd
 1142 04a8 07       		.uleb128 0x7
 1143 04a9 BF030000 		.4byte	.LASF25
 1144 04ad 01       		.byte	0x1
 1145 04ae C9       		.byte	0xc9
 1146 04af 1B020000 		.4byte	0x21b
 1147 04b3 AE010000 		.4byte	.LLST11
 1148 04b7 07       		.uleb128 0x7
 1149 04b8 FD020000 		.4byte	.LASF30
 1150 04bc 01       		.byte	0x1
 1151 04bd C9       		.byte	0xc9
 1152 04be 8C000000 		.4byte	0x8c
 1153 04c2 DA010000 		.4byte	.LLST12
 1154 04c6 07       		.uleb128 0x7
 1155 04c7 F6020000 		.4byte	.LASF26
 1156 04cb 01       		.byte	0x1
 1157 04cc C9       		.byte	0xc9
 1158 04cd 1B020000 		.4byte	0x21b
ARM GAS  C:\Users\gaeta\AppData\Local\Temp\ccveQHwj.s 			page 26


 1159 04d1 FB010000 		.4byte	.LLST13
 1160 04d5 07       		.uleb128 0x7
 1161 04d6 6A000000 		.4byte	.LASF31
 1162 04da 01       		.byte	0x1
 1163 04db C9       		.byte	0xc9
 1164 04dc 8C000000 		.4byte	0x8c
 1165 04e0 19020000 		.4byte	.LLST14
 1166 04e4 10       		.uleb128 0x10
 1167 04e5 4A000000 		.4byte	.LASF32
 1168 04e9 01       		.byte	0x1
 1169 04ea CE       		.byte	0xce
 1170 04eb 81000000 		.4byte	0x81
 1171 04ef 3A020000 		.4byte	.LLST15
 1172 04f3 10       		.uleb128 0x10
 1173 04f4 83030000 		.4byte	.LASF33
 1174 04f8 01       		.byte	0x1
 1175 04f9 CE       		.byte	0xce
 1176 04fa 81000000 		.4byte	0x81
 1177 04fe 6E020000 		.4byte	.LLST16
 1178 0502 08       		.uleb128 0x8
 1179 0503 DB020000 		.4byte	.LASF34
 1180 0507 01       		.byte	0x1
 1181 0508 E3       		.byte	0xe3
 1182 0509 6B030000 		.4byte	0x36b
 1183 050d 02       		.uleb128 0x2
 1184 050e 91       		.byte	0x91
 1185 050f 58       		.sleb128 -40
 1186 0510 11       		.uleb128 0x11
 1187 0511 7A000000 		.4byte	.LBB3
 1188 0515 12000000 		.4byte	.LBE3-.LBB3
 1189 0519 34050000 		.4byte	0x534
 1190 051d 12       		.uleb128 0x12
 1191 051e 6A00     		.ascii	"j\000"
 1192 0520 01       		.byte	0x1
 1193 0521 F2       		.byte	0xf2
 1194 0522 8C000000 		.4byte	0x8c
 1195 0526 BA020000 		.4byte	.LLST17
 1196 052a 0B       		.uleb128 0xb
 1197 052b 82000000 		.4byte	.LVL86
 1198 052f 56060000 		.4byte	0x656
 1199 0533 00       		.byte	0
 1200 0534 09       		.uleb128 0x9
 1201 0535 14000000 		.4byte	.LVL69
 1202 0539 35060000 		.4byte	0x635
 1203 053d 47050000 		.4byte	0x547
 1204 0541 0A       		.uleb128 0xa
 1205 0542 01       		.uleb128 0x1
 1206 0543 50       		.byte	0x50
 1207 0544 01       		.uleb128 0x1
 1208 0545 30       		.byte	0x30
 1209 0546 00       		.byte	0
 1210 0547 09       		.uleb128 0x9
 1211 0548 2C000000 		.4byte	.LVL72
 1212 054c 61060000 		.4byte	0x661
 1213 0550 70050000 		.4byte	0x570
 1214 0554 0A       		.uleb128 0xa
 1215 0555 01       		.uleb128 0x1
ARM GAS  C:\Users\gaeta\AppData\Local\Temp\ccveQHwj.s 			page 27


 1216 0556 50       		.byte	0x50
 1217 0557 07       		.uleb128 0x7
 1218 0558 75       		.byte	0x75
 1219 0559 00       		.sleb128 0
 1220 055a 33       		.byte	0x33
 1221 055b 24       		.byte	0x24
 1222 055c 76       		.byte	0x76
 1223 055d 00       		.sleb128 0
 1224 055e 22       		.byte	0x22
 1225 055f 0A       		.uleb128 0xa
 1226 0560 01       		.uleb128 0x1
 1227 0561 51       		.byte	0x51
 1228 0562 0C       		.uleb128 0xc
 1229 0563 38       		.byte	0x38
 1230 0564 74       		.byte	0x74
 1231 0565 00       		.sleb128 0
 1232 0566 74       		.byte	0x74
 1233 0567 00       		.sleb128 0
 1234 0568 38       		.byte	0x38
 1235 0569 2A       		.byte	0x2a
 1236 056a 28       		.byte	0x28
 1237 056b 0100     		.2byte	0x1
 1238 056d 16       		.byte	0x16
 1239 056e 13       		.byte	0x13
 1240 056f 00       		.byte	0
 1241 0570 0B       		.uleb128 0xb
 1242 0571 30000000 		.4byte	.LVL73
 1243 0575 4B060000 		.4byte	0x64b
 1244 0579 0B       		.uleb128 0xb
 1245 057a 46000000 		.4byte	.LVL78
 1246 057e 6C060000 		.4byte	0x66c
 1247 0582 0B       		.uleb128 0xb
 1248 0583 4A000000 		.4byte	.LVL79
 1249 0587 77060000 		.4byte	0x677
 1250 058b 09       		.uleb128 0x9
 1251 058c 6C000000 		.4byte	.LVL83
 1252 0590 61060000 		.4byte	0x661
 1253 0594 A5050000 		.4byte	0x5a5
 1254 0598 0A       		.uleb128 0xa
 1255 0599 01       		.uleb128 0x1
 1256 059a 50       		.byte	0x50
 1257 059b 02       		.uleb128 0x2
 1258 059c 7D       		.byte	0x7d
 1259 059d 00       		.sleb128 0
 1260 059e 0A       		.uleb128 0xa
 1261 059f 01       		.uleb128 0x1
 1262 05a0 51       		.byte	0x51
 1263 05a1 02       		.uleb128 0x2
 1264 05a2 79       		.byte	0x79
 1265 05a3 00       		.sleb128 0
 1266 05a4 00       		.byte	0
 1267 05a5 0B       		.uleb128 0xb
 1268 05a6 70000000 		.4byte	.LVL84
 1269 05aa 4B060000 		.4byte	0x64b
 1270 05ae 09       		.uleb128 0x9
 1271 05af A4000000 		.4byte	.LVL93
 1272 05b3 35060000 		.4byte	0x635
ARM GAS  C:\Users\gaeta\AppData\Local\Temp\ccveQHwj.s 			page 28


 1273 05b7 C1050000 		.4byte	0x5c1
 1274 05bb 0A       		.uleb128 0xa
 1275 05bc 01       		.uleb128 0x1
 1276 05bd 50       		.byte	0x50
 1277 05be 01       		.uleb128 0x1
 1278 05bf 31       		.byte	0x31
 1279 05c0 00       		.byte	0
 1280 05c1 0B       		.uleb128 0xb
 1281 05c2 A8000000 		.4byte	.LVL94
 1282 05c6 6C060000 		.4byte	0x66c
 1283 05ca 0B       		.uleb128 0xb
 1284 05cb AC000000 		.4byte	.LVL95
 1285 05cf 77060000 		.4byte	0x677
 1286 05d3 0B       		.uleb128 0xb
 1287 05d4 B0000000 		.4byte	.LVL96
 1288 05d8 82060000 		.4byte	0x682
 1289 05dc 00       		.byte	0
 1290 05dd 15       		.uleb128 0x15
 1291 05de 4B020000 		.4byte	.LASF38
 1292 05e2 4B020000 		.4byte	.LASF38
 1293 05e6 05       		.byte	0x5
 1294 05e7 26       		.byte	0x26
 1295 05e8 15       		.uleb128 0x15
 1296 05e9 E3020000 		.4byte	.LASF39
 1297 05ed E3020000 		.4byte	.LASF39
 1298 05f1 06       		.byte	0x6
 1299 05f2 5E       		.byte	0x5e
 1300 05f3 15       		.uleb128 0x15
 1301 05f4 A9000000 		.4byte	.LASF40
 1302 05f8 A9000000 		.4byte	.LASF40
 1303 05fc 06       		.byte	0x6
 1304 05fd 5C       		.byte	0x5c
 1305 05fe 15       		.uleb128 0x15
 1306 05ff 40030000 		.4byte	.LASF41
 1307 0603 40030000 		.4byte	.LASF41
 1308 0607 06       		.byte	0x6
 1309 0608 60       		.byte	0x60
 1310 0609 15       		.uleb128 0x15
 1311 060a 2E020000 		.4byte	.LASF42
 1312 060e 2E020000 		.4byte	.LASF42
 1313 0612 06       		.byte	0x6
 1314 0613 67       		.byte	0x67
 1315 0614 15       		.uleb128 0x15
 1316 0615 03020000 		.4byte	.LASF43
 1317 0619 03020000 		.4byte	.LASF43
 1318 061d 06       		.byte	0x6
 1319 061e 66       		.byte	0x66
 1320 061f 15       		.uleb128 0x15
 1321 0620 5C030000 		.4byte	.LASF44
 1322 0624 5C030000 		.4byte	.LASF44
 1323 0628 06       		.byte	0x6
 1324 0629 64       		.byte	0x64
 1325 062a 15       		.uleb128 0x15
 1326 062b CF010000 		.4byte	.LASF45
 1327 062f CF010000 		.4byte	.LASF45
 1328 0633 06       		.byte	0x6
 1329 0634 65       		.byte	0x65
ARM GAS  C:\Users\gaeta\AppData\Local\Temp\ccveQHwj.s 			page 29


 1330 0635 15       		.uleb128 0x15
 1331 0636 05030000 		.4byte	.LASF46
 1332 063a 05030000 		.4byte	.LASF46
 1333 063e 07       		.byte	0x7
 1334 063f 26       		.byte	0x26
 1335 0640 15       		.uleb128 0x15
 1336 0641 1B020000 		.4byte	.LASF47
 1337 0645 1B020000 		.4byte	.LASF47
 1338 0649 08       		.byte	0x8
 1339 064a 5E       		.byte	0x5e
 1340 064b 15       		.uleb128 0x15
 1341 064c 2C030000 		.4byte	.LASF48
 1342 0650 2C030000 		.4byte	.LASF48
 1343 0654 08       		.byte	0x8
 1344 0655 5C       		.byte	0x5c
 1345 0656 15       		.uleb128 0x15
 1346 0657 71030000 		.4byte	.LASF49
 1347 065b 71030000 		.4byte	.LASF49
 1348 065f 08       		.byte	0x8
 1349 0660 60       		.byte	0x60
 1350 0661 15       		.uleb128 0x15
 1351 0662 BF010000 		.4byte	.LASF50
 1352 0666 BF010000 		.4byte	.LASF50
 1353 066a 08       		.byte	0x8
 1354 066b 67       		.byte	0x67
 1355 066c 15       		.uleb128 0x15
 1356 066d 91000000 		.4byte	.LASF51
 1357 0671 91000000 		.4byte	.LASF51
 1358 0675 08       		.byte	0x8
 1359 0676 66       		.byte	0x66
 1360 0677 15       		.uleb128 0x15
 1361 0678 89030000 		.4byte	.LASF52
 1362 067c 89030000 		.4byte	.LASF52
 1363 0680 08       		.byte	0x8
 1364 0681 64       		.byte	0x64
 1365 0682 15       		.uleb128 0x15
 1366 0683 AA010000 		.4byte	.LASF53
 1367 0687 AA010000 		.4byte	.LASF53
 1368 068b 08       		.byte	0x8
 1369 068c 65       		.byte	0x65
 1370 068d 00       		.byte	0
 1371              		.section	.debug_abbrev,"",%progbits
 1372              	.Ldebug_abbrev0:
 1373 0000 01       		.uleb128 0x1
 1374 0001 11       		.uleb128 0x11
 1375 0002 01       		.byte	0x1
 1376 0003 25       		.uleb128 0x25
 1377 0004 0E       		.uleb128 0xe
 1378 0005 13       		.uleb128 0x13
 1379 0006 0B       		.uleb128 0xb
 1380 0007 03       		.uleb128 0x3
 1381 0008 0E       		.uleb128 0xe
 1382 0009 1B       		.uleb128 0x1b
 1383 000a 0E       		.uleb128 0xe
 1384 000b 55       		.uleb128 0x55
 1385 000c 17       		.uleb128 0x17
 1386 000d 11       		.uleb128 0x11
ARM GAS  C:\Users\gaeta\AppData\Local\Temp\ccveQHwj.s 			page 30


 1387 000e 01       		.uleb128 0x1
 1388 000f 10       		.uleb128 0x10
 1389 0010 17       		.uleb128 0x17
 1390 0011 00       		.byte	0
 1391 0012 00       		.byte	0
 1392 0013 02       		.uleb128 0x2
 1393 0014 16       		.uleb128 0x16
 1394 0015 00       		.byte	0
 1395 0016 03       		.uleb128 0x3
 1396 0017 0E       		.uleb128 0xe
 1397 0018 3A       		.uleb128 0x3a
 1398 0019 0B       		.uleb128 0xb
 1399 001a 3B       		.uleb128 0x3b
 1400 001b 0B       		.uleb128 0xb
 1401 001c 49       		.uleb128 0x49
 1402 001d 13       		.uleb128 0x13
 1403 001e 00       		.byte	0
 1404 001f 00       		.byte	0
 1405 0020 03       		.uleb128 0x3
 1406 0021 24       		.uleb128 0x24
 1407 0022 00       		.byte	0
 1408 0023 0B       		.uleb128 0xb
 1409 0024 0B       		.uleb128 0xb
 1410 0025 3E       		.uleb128 0x3e
 1411 0026 0B       		.uleb128 0xb
 1412 0027 03       		.uleb128 0x3
 1413 0028 0E       		.uleb128 0xe
 1414 0029 00       		.byte	0
 1415 002a 00       		.byte	0
 1416 002b 04       		.uleb128 0x4
 1417 002c 24       		.uleb128 0x24
 1418 002d 00       		.byte	0
 1419 002e 0B       		.uleb128 0xb
 1420 002f 0B       		.uleb128 0xb
 1421 0030 3E       		.uleb128 0x3e
 1422 0031 0B       		.uleb128 0xb
 1423 0032 03       		.uleb128 0x3
 1424 0033 08       		.uleb128 0x8
 1425 0034 00       		.byte	0
 1426 0035 00       		.byte	0
 1427 0036 05       		.uleb128 0x5
 1428 0037 16       		.uleb128 0x16
 1429 0038 00       		.byte	0
 1430 0039 03       		.uleb128 0x3
 1431 003a 0E       		.uleb128 0xe
 1432 003b 3A       		.uleb128 0x3a
 1433 003c 0B       		.uleb128 0xb
 1434 003d 3B       		.uleb128 0x3b
 1435 003e 05       		.uleb128 0x5
 1436 003f 49       		.uleb128 0x49
 1437 0040 13       		.uleb128 0x13
 1438 0041 00       		.byte	0
 1439 0042 00       		.byte	0
 1440 0043 06       		.uleb128 0x6
 1441 0044 2E       		.uleb128 0x2e
 1442 0045 01       		.byte	0x1
 1443 0046 3F       		.uleb128 0x3f
ARM GAS  C:\Users\gaeta\AppData\Local\Temp\ccveQHwj.s 			page 31


 1444 0047 19       		.uleb128 0x19
 1445 0048 03       		.uleb128 0x3
 1446 0049 0E       		.uleb128 0xe
 1447 004a 3A       		.uleb128 0x3a
 1448 004b 0B       		.uleb128 0xb
 1449 004c 3B       		.uleb128 0x3b
 1450 004d 0B       		.uleb128 0xb
 1451 004e 27       		.uleb128 0x27
 1452 004f 19       		.uleb128 0x19
 1453 0050 49       		.uleb128 0x49
 1454 0051 13       		.uleb128 0x13
 1455 0052 11       		.uleb128 0x11
 1456 0053 01       		.uleb128 0x1
 1457 0054 12       		.uleb128 0x12
 1458 0055 06       		.uleb128 0x6
 1459 0056 40       		.uleb128 0x40
 1460 0057 18       		.uleb128 0x18
 1461 0058 9742     		.uleb128 0x2117
 1462 005a 19       		.uleb128 0x19
 1463 005b 01       		.uleb128 0x1
 1464 005c 13       		.uleb128 0x13
 1465 005d 00       		.byte	0
 1466 005e 00       		.byte	0
 1467 005f 07       		.uleb128 0x7
 1468 0060 05       		.uleb128 0x5
 1469 0061 00       		.byte	0
 1470 0062 03       		.uleb128 0x3
 1471 0063 0E       		.uleb128 0xe
 1472 0064 3A       		.uleb128 0x3a
 1473 0065 0B       		.uleb128 0xb
 1474 0066 3B       		.uleb128 0x3b
 1475 0067 0B       		.uleb128 0xb
 1476 0068 49       		.uleb128 0x49
 1477 0069 13       		.uleb128 0x13
 1478 006a 02       		.uleb128 0x2
 1479 006b 17       		.uleb128 0x17
 1480 006c 00       		.byte	0
 1481 006d 00       		.byte	0
 1482 006e 08       		.uleb128 0x8
 1483 006f 34       		.uleb128 0x34
 1484 0070 00       		.byte	0
 1485 0071 03       		.uleb128 0x3
 1486 0072 0E       		.uleb128 0xe
 1487 0073 3A       		.uleb128 0x3a
 1488 0074 0B       		.uleb128 0xb
 1489 0075 3B       		.uleb128 0x3b
 1490 0076 0B       		.uleb128 0xb
 1491 0077 49       		.uleb128 0x49
 1492 0078 13       		.uleb128 0x13
 1493 0079 02       		.uleb128 0x2
 1494 007a 18       		.uleb128 0x18
 1495 007b 00       		.byte	0
 1496 007c 00       		.byte	0
 1497 007d 09       		.uleb128 0x9
 1498 007e 898201   		.uleb128 0x4109
 1499 0081 01       		.byte	0x1
 1500 0082 11       		.uleb128 0x11
ARM GAS  C:\Users\gaeta\AppData\Local\Temp\ccveQHwj.s 			page 32


 1501 0083 01       		.uleb128 0x1
 1502 0084 31       		.uleb128 0x31
 1503 0085 13       		.uleb128 0x13
 1504 0086 01       		.uleb128 0x1
 1505 0087 13       		.uleb128 0x13
 1506 0088 00       		.byte	0
 1507 0089 00       		.byte	0
 1508 008a 0A       		.uleb128 0xa
 1509 008b 8A8201   		.uleb128 0x410a
 1510 008e 00       		.byte	0
 1511 008f 02       		.uleb128 0x2
 1512 0090 18       		.uleb128 0x18
 1513 0091 9142     		.uleb128 0x2111
 1514 0093 18       		.uleb128 0x18
 1515 0094 00       		.byte	0
 1516 0095 00       		.byte	0
 1517 0096 0B       		.uleb128 0xb
 1518 0097 898201   		.uleb128 0x4109
 1519 009a 00       		.byte	0
 1520 009b 11       		.uleb128 0x11
 1521 009c 01       		.uleb128 0x1
 1522 009d 31       		.uleb128 0x31
 1523 009e 13       		.uleb128 0x13
 1524 009f 00       		.byte	0
 1525 00a0 00       		.byte	0
 1526 00a1 0C       		.uleb128 0xc
 1527 00a2 898201   		.uleb128 0x4109
 1528 00a5 01       		.byte	0x1
 1529 00a6 11       		.uleb128 0x11
 1530 00a7 01       		.uleb128 0x1
 1531 00a8 31       		.uleb128 0x31
 1532 00a9 13       		.uleb128 0x13
 1533 00aa 00       		.byte	0
 1534 00ab 00       		.byte	0
 1535 00ac 0D       		.uleb128 0xd
 1536 00ad 2E       		.uleb128 0x2e
 1537 00ae 01       		.byte	0x1
 1538 00af 3F       		.uleb128 0x3f
 1539 00b0 19       		.uleb128 0x19
 1540 00b1 03       		.uleb128 0x3
 1541 00b2 0E       		.uleb128 0xe
 1542 00b3 3A       		.uleb128 0x3a
 1543 00b4 0B       		.uleb128 0xb
 1544 00b5 3B       		.uleb128 0x3b
 1545 00b6 0B       		.uleb128 0xb
 1546 00b7 27       		.uleb128 0x27
 1547 00b8 19       		.uleb128 0x19
 1548 00b9 11       		.uleb128 0x11
 1549 00ba 01       		.uleb128 0x1
 1550 00bb 12       		.uleb128 0x12
 1551 00bc 06       		.uleb128 0x6
 1552 00bd 40       		.uleb128 0x40
 1553 00be 18       		.uleb128 0x18
 1554 00bf 9742     		.uleb128 0x2117
 1555 00c1 19       		.uleb128 0x19
 1556 00c2 01       		.uleb128 0x1
 1557 00c3 13       		.uleb128 0x13
ARM GAS  C:\Users\gaeta\AppData\Local\Temp\ccveQHwj.s 			page 33


 1558 00c4 00       		.byte	0
 1559 00c5 00       		.byte	0
 1560 00c6 0E       		.uleb128 0xe
 1561 00c7 05       		.uleb128 0x5
 1562 00c8 00       		.byte	0
 1563 00c9 03       		.uleb128 0x3
 1564 00ca 0E       		.uleb128 0xe
 1565 00cb 3A       		.uleb128 0x3a
 1566 00cc 0B       		.uleb128 0xb
 1567 00cd 3B       		.uleb128 0x3b
 1568 00ce 0B       		.uleb128 0xb
 1569 00cf 49       		.uleb128 0x49
 1570 00d0 13       		.uleb128 0x13
 1571 00d1 02       		.uleb128 0x2
 1572 00d2 18       		.uleb128 0x18
 1573 00d3 00       		.byte	0
 1574 00d4 00       		.byte	0
 1575 00d5 0F       		.uleb128 0xf
 1576 00d6 0F       		.uleb128 0xf
 1577 00d7 00       		.byte	0
 1578 00d8 0B       		.uleb128 0xb
 1579 00d9 0B       		.uleb128 0xb
 1580 00da 49       		.uleb128 0x49
 1581 00db 13       		.uleb128 0x13
 1582 00dc 00       		.byte	0
 1583 00dd 00       		.byte	0
 1584 00de 10       		.uleb128 0x10
 1585 00df 34       		.uleb128 0x34
 1586 00e0 00       		.byte	0
 1587 00e1 03       		.uleb128 0x3
 1588 00e2 0E       		.uleb128 0xe
 1589 00e3 3A       		.uleb128 0x3a
 1590 00e4 0B       		.uleb128 0xb
 1591 00e5 3B       		.uleb128 0x3b
 1592 00e6 0B       		.uleb128 0xb
 1593 00e7 49       		.uleb128 0x49
 1594 00e8 13       		.uleb128 0x13
 1595 00e9 02       		.uleb128 0x2
 1596 00ea 17       		.uleb128 0x17
 1597 00eb 00       		.byte	0
 1598 00ec 00       		.byte	0
 1599 00ed 11       		.uleb128 0x11
 1600 00ee 0B       		.uleb128 0xb
 1601 00ef 01       		.byte	0x1
 1602 00f0 11       		.uleb128 0x11
 1603 00f1 01       		.uleb128 0x1
 1604 00f2 12       		.uleb128 0x12
 1605 00f3 06       		.uleb128 0x6
 1606 00f4 01       		.uleb128 0x1
 1607 00f5 13       		.uleb128 0x13
 1608 00f6 00       		.byte	0
 1609 00f7 00       		.byte	0
 1610 00f8 12       		.uleb128 0x12
 1611 00f9 34       		.uleb128 0x34
 1612 00fa 00       		.byte	0
 1613 00fb 03       		.uleb128 0x3
 1614 00fc 08       		.uleb128 0x8
ARM GAS  C:\Users\gaeta\AppData\Local\Temp\ccveQHwj.s 			page 34


 1615 00fd 3A       		.uleb128 0x3a
 1616 00fe 0B       		.uleb128 0xb
 1617 00ff 3B       		.uleb128 0x3b
 1618 0100 0B       		.uleb128 0xb
 1619 0101 49       		.uleb128 0x49
 1620 0102 13       		.uleb128 0x13
 1621 0103 02       		.uleb128 0x2
 1622 0104 17       		.uleb128 0x17
 1623 0105 00       		.byte	0
 1624 0106 00       		.byte	0
 1625 0107 13       		.uleb128 0x13
 1626 0108 01       		.uleb128 0x1
 1627 0109 01       		.byte	0x1
 1628 010a 49       		.uleb128 0x49
 1629 010b 13       		.uleb128 0x13
 1630 010c 01       		.uleb128 0x1
 1631 010d 13       		.uleb128 0x13
 1632 010e 00       		.byte	0
 1633 010f 00       		.byte	0
 1634 0110 14       		.uleb128 0x14
 1635 0111 21       		.uleb128 0x21
 1636 0112 00       		.byte	0
 1637 0113 49       		.uleb128 0x49
 1638 0114 13       		.uleb128 0x13
 1639 0115 2F       		.uleb128 0x2f
 1640 0116 0B       		.uleb128 0xb
 1641 0117 00       		.byte	0
 1642 0118 00       		.byte	0
 1643 0119 15       		.uleb128 0x15
 1644 011a 2E       		.uleb128 0x2e
 1645 011b 00       		.byte	0
 1646 011c 3F       		.uleb128 0x3f
 1647 011d 19       		.uleb128 0x19
 1648 011e 3C       		.uleb128 0x3c
 1649 011f 19       		.uleb128 0x19
 1650 0120 6E       		.uleb128 0x6e
 1651 0121 0E       		.uleb128 0xe
 1652 0122 03       		.uleb128 0x3
 1653 0123 0E       		.uleb128 0xe
 1654 0124 3A       		.uleb128 0x3a
 1655 0125 0B       		.uleb128 0xb
 1656 0126 3B       		.uleb128 0x3b
 1657 0127 0B       		.uleb128 0xb
 1658 0128 00       		.byte	0
 1659 0129 00       		.byte	0
 1660 012a 00       		.byte	0
 1661              		.section	.debug_loc,"",%progbits
 1662              	.Ldebug_loc0:
 1663              	.LLST0:
 1664 0000 00000000 		.4byte	.LVL0
 1665 0004 06000000 		.4byte	.LVL1
 1666 0008 0100     		.2byte	0x1
 1667 000a 50       		.byte	0x50
 1668 000b 06000000 		.4byte	.LVL1
 1669 000f 2A000000 		.4byte	.LFE0
 1670 0013 0400     		.2byte	0x4
 1671 0015 F3       		.byte	0xf3
ARM GAS  C:\Users\gaeta\AppData\Local\Temp\ccveQHwj.s 			page 35


 1672 0016 01       		.uleb128 0x1
 1673 0017 50       		.byte	0x50
 1674 0018 9F       		.byte	0x9f
 1675 0019 00000000 		.4byte	0
 1676 001d 00000000 		.4byte	0
 1677              	.LLST1:
 1678 0021 00000000 		.4byte	.LVL8
 1679 0025 06000000 		.4byte	.LVL9
 1680 0029 0100     		.2byte	0x1
 1681 002b 50       		.byte	0x50
 1682 002c 06000000 		.4byte	.LVL9
 1683 0030 34000000 		.4byte	.LFE1
 1684 0034 0400     		.2byte	0x4
 1685 0036 F3       		.byte	0xf3
 1686 0037 01       		.uleb128 0x1
 1687 0038 50       		.byte	0x50
 1688 0039 9F       		.byte	0x9f
 1689 003a 00000000 		.4byte	0
 1690 003e 00000000 		.4byte	0
 1691              	.LLST2:
 1692 0042 00000000 		.4byte	.LVL19
 1693 0046 10000000 		.4byte	.LVL20
 1694 004a 0100     		.2byte	0x1
 1695 004c 50       		.byte	0x50
 1696 004d 10000000 		.4byte	.LVL20
 1697 0051 4C000000 		.4byte	.LVL32
 1698 0055 0100     		.2byte	0x1
 1699 0057 56       		.byte	0x56
 1700 0058 4C000000 		.4byte	.LVL32
 1701 005c B6000000 		.4byte	.LFE3
 1702 0060 0400     		.2byte	0x4
 1703 0062 F3       		.byte	0xf3
 1704 0063 01       		.uleb128 0x1
 1705 0064 50       		.byte	0x50
 1706 0065 9F       		.byte	0x9f
 1707 0066 00000000 		.4byte	0
 1708 006a 00000000 		.4byte	0
 1709              	.LLST3:
 1710 006e 00000000 		.4byte	.LVL19
 1711 0072 13000000 		.4byte	.LVL21-1
 1712 0076 0100     		.2byte	0x1
 1713 0078 51       		.byte	0x51
 1714 0079 13000000 		.4byte	.LVL21-1
 1715 007d B6000000 		.4byte	.LFE3
 1716 0081 0400     		.2byte	0x4
 1717 0083 F3       		.byte	0xf3
 1718 0084 01       		.uleb128 0x1
 1719 0085 51       		.byte	0x51
 1720 0086 9F       		.byte	0x9f
 1721 0087 00000000 		.4byte	0
 1722 008b 00000000 		.4byte	0
 1723              	.LLST4:
 1724 008f 00000000 		.4byte	.LVL19
 1725 0093 13000000 		.4byte	.LVL21-1
 1726 0097 0100     		.2byte	0x1
 1727 0099 52       		.byte	0x52
 1728 009a 13000000 		.4byte	.LVL21-1
ARM GAS  C:\Users\gaeta\AppData\Local\Temp\ccveQHwj.s 			page 36


 1729 009e B6000000 		.4byte	.LFE3
 1730 00a2 0100     		.2byte	0x1
 1731 00a4 57       		.byte	0x57
 1732 00a5 00000000 		.4byte	0
 1733 00a9 00000000 		.4byte	0
 1734              	.LLST5:
 1735 00ad 00000000 		.4byte	.LVL19
 1736 00b1 13000000 		.4byte	.LVL21-1
 1737 00b5 0100     		.2byte	0x1
 1738 00b7 53       		.byte	0x53
 1739 00b8 13000000 		.4byte	.LVL21-1
 1740 00bc B6000000 		.4byte	.LFE3
 1741 00c0 0400     		.2byte	0x4
 1742 00c2 F3       		.byte	0xf3
 1743 00c3 01       		.uleb128 0x1
 1744 00c4 53       		.byte	0x53
 1745 00c5 9F       		.byte	0x9f
 1746 00c6 00000000 		.4byte	0
 1747 00ca 00000000 		.4byte	0
 1748              	.LLST6:
 1749 00ce 16000000 		.4byte	.LVL22
 1750 00d2 38000000 		.4byte	.LVL26
 1751 00d6 0100     		.2byte	0x1
 1752 00d8 54       		.byte	0x54
 1753 00d9 3A000000 		.4byte	.LVL27
 1754 00dd 54000000 		.4byte	.LVL33
 1755 00e1 0100     		.2byte	0x1
 1756 00e3 54       		.byte	0x54
 1757 00e4 54000000 		.4byte	.LVL33
 1758 00e8 90000000 		.4byte	.LVL41
 1759 00ec 0100     		.2byte	0x1
 1760 00ee 58       		.byte	0x58
 1761 00ef 94000000 		.4byte	.LVL42
 1762 00f3 B6000000 		.4byte	.LFE3
 1763 00f7 0100     		.2byte	0x1
 1764 00f9 58       		.byte	0x58
 1765 00fa 00000000 		.4byte	0
 1766 00fe 00000000 		.4byte	0
 1767              	.LLST7:
 1768 0102 16000000 		.4byte	.LVL22
 1769 0106 1A000000 		.4byte	.LVL23
 1770 010a 0200     		.2byte	0x2
 1771 010c 30       		.byte	0x30
 1772 010d 9F       		.byte	0x9f
 1773 010e 1A000000 		.4byte	.LVL23
 1774 0112 3C000000 		.4byte	.LVL28
 1775 0116 0100     		.2byte	0x1
 1776 0118 55       		.byte	0x55
 1777 0119 3E000000 		.4byte	.LVL29
 1778 011d 54000000 		.4byte	.LVL33
 1779 0121 0100     		.2byte	0x1
 1780 0123 55       		.byte	0x55
 1781 0124 54000000 		.4byte	.LVL33
 1782 0128 56000000 		.4byte	.LVL34
 1783 012c 0200     		.2byte	0x2
 1784 012e 30       		.byte	0x30
 1785 012f 9F       		.byte	0x9f
ARM GAS  C:\Users\gaeta\AppData\Local\Temp\ccveQHwj.s 			page 37


 1786 0130 56000000 		.4byte	.LVL34
 1787 0134 96000000 		.4byte	.LVL43
 1788 0138 0100     		.2byte	0x1
 1789 013a 56       		.byte	0x56
 1790 013b 98000000 		.4byte	.LVL44
 1791 013f B6000000 		.4byte	.LFE3
 1792 0143 0100     		.2byte	0x1
 1793 0145 56       		.byte	0x56
 1794 0146 00000000 		.4byte	0
 1795 014a 00000000 		.4byte	0
 1796              	.LLST8:
 1797 014e 7A000000 		.4byte	.LVL37
 1798 0152 86000000 		.4byte	.LVL39
 1799 0156 0100     		.2byte	0x1
 1800 0158 54       		.byte	0x54
 1801 0159 88000000 		.4byte	.LVL40
 1802 015d 98000000 		.4byte	.LVL44
 1803 0161 0100     		.2byte	0x1
 1804 0163 54       		.byte	0x54
 1805 0164 00000000 		.4byte	0
 1806 0168 00000000 		.4byte	0
 1807              	.LLST9:
 1808 016c 00000000 		.4byte	.LVL49
 1809 0170 06000000 		.4byte	.LVL50
 1810 0174 0100     		.2byte	0x1
 1811 0176 50       		.byte	0x50
 1812 0177 06000000 		.4byte	.LVL50
 1813 017b 2A000000 		.4byte	.LFE4
 1814 017f 0400     		.2byte	0x4
 1815 0181 F3       		.byte	0xf3
 1816 0182 01       		.uleb128 0x1
 1817 0183 50       		.byte	0x50
 1818 0184 9F       		.byte	0x9f
 1819 0185 00000000 		.4byte	0
 1820 0189 00000000 		.4byte	0
 1821              	.LLST10:
 1822 018d 00000000 		.4byte	.LVL57
 1823 0191 06000000 		.4byte	.LVL58
 1824 0195 0100     		.2byte	0x1
 1825 0197 50       		.byte	0x50
 1826 0198 06000000 		.4byte	.LVL58
 1827 019c 34000000 		.4byte	.LFE5
 1828 01a0 0400     		.2byte	0x4
 1829 01a2 F3       		.byte	0xf3
 1830 01a3 01       		.uleb128 0x1
 1831 01a4 50       		.byte	0x50
 1832 01a5 9F       		.byte	0x9f
 1833 01a6 00000000 		.4byte	0
 1834 01aa 00000000 		.4byte	0
 1835              	.LLST11:
 1836 01ae 00000000 		.4byte	.LVL67
 1837 01b2 10000000 		.4byte	.LVL68
 1838 01b6 0100     		.2byte	0x1
 1839 01b8 50       		.byte	0x50
 1840 01b9 10000000 		.4byte	.LVL68
 1841 01bd 4C000000 		.4byte	.LVL80
 1842 01c1 0100     		.2byte	0x1
ARM GAS  C:\Users\gaeta\AppData\Local\Temp\ccveQHwj.s 			page 38


 1843 01c3 56       		.byte	0x56
 1844 01c4 4C000000 		.4byte	.LVL80
 1845 01c8 B6000000 		.4byte	.LFE6
 1846 01cc 0400     		.2byte	0x4
 1847 01ce F3       		.byte	0xf3
 1848 01cf 01       		.uleb128 0x1
 1849 01d0 50       		.byte	0x50
 1850 01d1 9F       		.byte	0x9f
 1851 01d2 00000000 		.4byte	0
 1852 01d6 00000000 		.4byte	0
 1853              	.LLST12:
 1854 01da 00000000 		.4byte	.LVL67
 1855 01de 13000000 		.4byte	.LVL69-1
 1856 01e2 0100     		.2byte	0x1
 1857 01e4 51       		.byte	0x51
 1858 01e5 13000000 		.4byte	.LVL69-1
 1859 01e9 B6000000 		.4byte	.LFE6
 1860 01ed 0400     		.2byte	0x4
 1861 01ef F3       		.byte	0xf3
 1862 01f0 01       		.uleb128 0x1
 1863 01f1 51       		.byte	0x51
 1864 01f2 9F       		.byte	0x9f
 1865 01f3 00000000 		.4byte	0
 1866 01f7 00000000 		.4byte	0
 1867              	.LLST13:
 1868 01fb 00000000 		.4byte	.LVL67
 1869 01ff 13000000 		.4byte	.LVL69-1
 1870 0203 0100     		.2byte	0x1
 1871 0205 52       		.byte	0x52
 1872 0206 13000000 		.4byte	.LVL69-1
 1873 020a B6000000 		.4byte	.LFE6
 1874 020e 0100     		.2byte	0x1
 1875 0210 57       		.byte	0x57
 1876 0211 00000000 		.4byte	0
 1877 0215 00000000 		.4byte	0
 1878              	.LLST14:
 1879 0219 00000000 		.4byte	.LVL67
 1880 021d 13000000 		.4byte	.LVL69-1
 1881 0221 0100     		.2byte	0x1
 1882 0223 53       		.byte	0x53
 1883 0224 13000000 		.4byte	.LVL69-1
 1884 0228 B6000000 		.4byte	.LFE6
 1885 022c 0400     		.2byte	0x4
 1886 022e F3       		.byte	0xf3
 1887 022f 01       		.uleb128 0x1
 1888 0230 53       		.byte	0x53
 1889 0231 9F       		.byte	0x9f
 1890 0232 00000000 		.4byte	0
 1891 0236 00000000 		.4byte	0
 1892              	.LLST15:
 1893 023a 16000000 		.4byte	.LVL70
 1894 023e 38000000 		.4byte	.LVL74
 1895 0242 0100     		.2byte	0x1
 1896 0244 54       		.byte	0x54
 1897 0245 3A000000 		.4byte	.LVL75
 1898 0249 54000000 		.4byte	.LVL81
 1899 024d 0100     		.2byte	0x1
ARM GAS  C:\Users\gaeta\AppData\Local\Temp\ccveQHwj.s 			page 39


 1900 024f 54       		.byte	0x54
 1901 0250 54000000 		.4byte	.LVL81
 1902 0254 90000000 		.4byte	.LVL89
 1903 0258 0100     		.2byte	0x1
 1904 025a 58       		.byte	0x58
 1905 025b 94000000 		.4byte	.LVL90
 1906 025f B6000000 		.4byte	.LFE6
 1907 0263 0100     		.2byte	0x1
 1908 0265 58       		.byte	0x58
 1909 0266 00000000 		.4byte	0
 1910 026a 00000000 		.4byte	0
 1911              	.LLST16:
 1912 026e 16000000 		.4byte	.LVL70
 1913 0272 1A000000 		.4byte	.LVL71
 1914 0276 0200     		.2byte	0x2
 1915 0278 30       		.byte	0x30
 1916 0279 9F       		.byte	0x9f
 1917 027a 1A000000 		.4byte	.LVL71
 1918 027e 3C000000 		.4byte	.LVL76
 1919 0282 0100     		.2byte	0x1
 1920 0284 55       		.byte	0x55
 1921 0285 3E000000 		.4byte	.LVL77
 1922 0289 54000000 		.4byte	.LVL81
 1923 028d 0100     		.2byte	0x1
 1924 028f 55       		.byte	0x55
 1925 0290 54000000 		.4byte	.LVL81
 1926 0294 56000000 		.4byte	.LVL82
 1927 0298 0200     		.2byte	0x2
 1928 029a 30       		.byte	0x30
 1929 029b 9F       		.byte	0x9f
 1930 029c 56000000 		.4byte	.LVL82
 1931 02a0 96000000 		.4byte	.LVL91
 1932 02a4 0100     		.2byte	0x1
 1933 02a6 56       		.byte	0x56
 1934 02a7 98000000 		.4byte	.LVL92
 1935 02ab B6000000 		.4byte	.LFE6
 1936 02af 0100     		.2byte	0x1
 1937 02b1 56       		.byte	0x56
 1938 02b2 00000000 		.4byte	0
 1939 02b6 00000000 		.4byte	0
 1940              	.LLST17:
 1941 02ba 7A000000 		.4byte	.LVL85
 1942 02be 86000000 		.4byte	.LVL87
 1943 02c2 0100     		.2byte	0x1
 1944 02c4 54       		.byte	0x54
 1945 02c5 88000000 		.4byte	.LVL88
 1946 02c9 98000000 		.4byte	.LVL92
 1947 02cd 0100     		.2byte	0x1
 1948 02cf 54       		.byte	0x54
 1949 02d0 00000000 		.4byte	0
 1950 02d4 00000000 		.4byte	0
 1951              		.section	.debug_aranges,"",%progbits
 1952 0000 4C000000 		.4byte	0x4c
 1953 0004 0200     		.2byte	0x2
 1954 0006 00000000 		.4byte	.Ldebug_info0
 1955 000a 04       		.byte	0x4
 1956 000b 00       		.byte	0
ARM GAS  C:\Users\gaeta\AppData\Local\Temp\ccveQHwj.s 			page 40


 1957 000c 0000     		.2byte	0
 1958 000e 0000     		.2byte	0
 1959 0010 00000000 		.4byte	.LFB0
 1960 0014 2A000000 		.4byte	.LFE0-.LFB0
 1961 0018 00000000 		.4byte	.LFB1
 1962 001c 34000000 		.4byte	.LFE1-.LFB1
 1963 0020 00000000 		.4byte	.LFB2
 1964 0024 02000000 		.4byte	.LFE2-.LFB2
 1965 0028 00000000 		.4byte	.LFB3
 1966 002c B6000000 		.4byte	.LFE3-.LFB3
 1967 0030 00000000 		.4byte	.LFB4
 1968 0034 2A000000 		.4byte	.LFE4-.LFB4
 1969 0038 00000000 		.4byte	.LFB5
 1970 003c 34000000 		.4byte	.LFE5-.LFB5
 1971 0040 00000000 		.4byte	.LFB6
 1972 0044 B6000000 		.4byte	.LFE6-.LFB6
 1973 0048 00000000 		.4byte	0
 1974 004c 00000000 		.4byte	0
 1975              		.section	.debug_ranges,"",%progbits
 1976              	.Ldebug_ranges0:
 1977 0000 00000000 		.4byte	.LFB0
 1978 0004 2A000000 		.4byte	.LFE0
 1979 0008 00000000 		.4byte	.LFB1
 1980 000c 34000000 		.4byte	.LFE1
 1981 0010 00000000 		.4byte	.LFB2
 1982 0014 02000000 		.4byte	.LFE2
 1983 0018 00000000 		.4byte	.LFB3
 1984 001c B6000000 		.4byte	.LFE3
 1985 0020 00000000 		.4byte	.LFB4
 1986 0024 2A000000 		.4byte	.LFE4
 1987 0028 00000000 		.4byte	.LFB5
 1988 002c 34000000 		.4byte	.LFE5
 1989 0030 00000000 		.4byte	.LFB6
 1990 0034 B6000000 		.4byte	.LFE6
 1991 0038 00000000 		.4byte	0
 1992 003c 00000000 		.4byte	0
 1993              		.section	.debug_line,"",%progbits
 1994              	.Ldebug_line0:
 1995 0000 84020000 		.section	.debug_str,"MS",%progbits,1
 1995      02007301 
 1995      00000201 
 1995      FB0E0D00 
 1995      01010101 
 1996              	.LASF36:
 1997 0000 4143435F 		.ascii	"ACC_SPI_Interface_ReadByte\000"
 1997      5350495F 
 1997      496E7465 
 1997      72666163 
 1997      655F5265 
 1998              	.LASF0:
 1999 001b 5F5F696E 		.ascii	"__int8_t\000"
 1999      74385F74 
 1999      00
 2000              	.LASF1:
 2001 0024 5F5F7569 		.ascii	"__uint8_t\000"
 2001      6E74385F 
 2001      7400
ARM GAS  C:\Users\gaeta\AppData\Local\Temp\ccveQHwj.s 			page 41


 2002              	.LASF35:
 2003 002e 4143435F 		.ascii	"ACC_SPI_Interface_tradeByte\000"
 2003      5350495F 
 2003      496E7465 
 2003      72666163 
 2003      655F7472 
 2004              	.LASF32:
 2005 004a 636F756E 		.ascii	"count\000"
 2005      7400
 2006              	.LASF27:
 2007 0050 6E427974 		.ascii	"nBytes\000"
 2007      657300
 2008              	.LASF5:
 2009 0057 73686F72 		.ascii	"short unsigned int\000"
 2009      7420756E 
 2009      7369676E 
 2009      65642069 
 2009      6E7400
 2010              	.LASF31:
 2011 006a 62797465 		.ascii	"bytesRX\000"
 2011      73525800 
 2012              	.LASF21:
 2013 0072 62797465 		.ascii	"byte\000"
 2013      00
 2014              	.LASF28:
 2015 0077 5350495F 		.ascii	"SPI_Interface_Multi_Trade\000"
 2015      496E7465 
 2015      72666163 
 2015      655F4D75 
 2015      6C74695F 
 2016              	.LASF51:
 2017 0091 5350494D 		.ascii	"SPIM_2_ClearFIFO\000"
 2017      5F325F43 
 2017      6C656172 
 2017      4649464F 
 2017      00
 2018              	.LASF11:
 2019 00a2 696E7438 		.ascii	"int8_t\000"
 2019      5F7400
 2020              	.LASF40:
 2021 00a9 5350494D 		.ascii	"SPIM_1_ReadTxStatus\000"
 2021      5F315F52 
 2021      65616454 
 2021      78537461 
 2021      74757300 
 2022              	.LASF22:
 2023 00bd 62797465 		.ascii	"byteTX\000"
 2023      545800
 2024              	.LASF14:
 2025 00c4 666C6F61 		.ascii	"float\000"
 2025      7400
 2026              	.LASF23:
 2027 00ca 64617461 		.ascii	"data\000"
 2027      00
 2028              	.LASF20:
 2029 00cf 5350495F 		.ascii	"SPI_Interface_ReadByte\000"
 2029      496E7465 
ARM GAS  C:\Users\gaeta\AppData\Local\Temp\ccveQHwj.s 			page 42


 2029      72666163 
 2029      655F5265 
 2029      61644279 
 2030              	.LASF3:
 2031 00e6 756E7369 		.ascii	"unsigned char\000"
 2031      676E6564 
 2031      20636861 
 2031      7200
 2032              	.LASF54:
 2033 00f4 474E5520 		.ascii	"GNU C11 5.4.1 20160609 (release) [ARM/embedded-5-br"
 2033      43313120 
 2033      352E342E 
 2033      31203230 
 2033      31363036 
 2034 0127 616E6368 		.ascii	"anch revision 237715] -mcpu=cortex-m3 -mthumb -g -O"
 2034      20726576 
 2034      6973696F 
 2034      6E203233 
 2034      37373135 
 2035 015a 67202D66 		.ascii	"g -ffunction-sections -ffat-lto-objects\000"
 2035      66756E63 
 2035      74696F6E 
 2035      2D736563 
 2035      74696F6E 
 2036              	.LASF55:
 2037 0182 5350495F 		.ascii	"SPI_Interface.c\000"
 2037      496E7465 
 2037      72666163 
 2037      652E6300 
 2038              	.LASF7:
 2039 0192 6C6F6E67 		.ascii	"long unsigned int\000"
 2039      20756E73 
 2039      69676E65 
 2039      6420696E 
 2039      7400
 2040              	.LASF13:
 2041 01a4 75696E74 		.ascii	"uint8\000"
 2041      3800
 2042              	.LASF53:
 2043 01aa 5350494D 		.ascii	"SPIM_2_ClearTxBuffer\000"
 2043      5F325F43 
 2043      6C656172 
 2043      54784275 
 2043      66666572 
 2044              	.LASF50:
 2045 01bf 5350494D 		.ascii	"SPIM_2_PutArray\000"
 2045      5F325F50 
 2045      75744172 
 2045      72617900 
 2046              	.LASF45:
 2047 01cf 5350494D 		.ascii	"SPIM_1_ClearTxBuffer\000"
 2047      5F315F43 
 2047      6C656172 
 2047      54784275 
 2047      66666572 
 2048              	.LASF15:
 2049 01e4 646F7562 		.ascii	"double\000"
ARM GAS  C:\Users\gaeta\AppData\Local\Temp\ccveQHwj.s 			page 43


 2049      6C6500
 2050              	.LASF19:
 2051 01eb 5350495F 		.ascii	"SPI_Interface_tradeByte\000"
 2051      496E7465 
 2051      72666163 
 2051      655F7472 
 2051      61646542 
 2052              	.LASF43:
 2053 0203 5350494D 		.ascii	"SPIM_1_ClearFIFO\000"
 2053      5F315F43 
 2053      6C656172 
 2053      4649464F 
 2053      00
 2054              	.LASF24:
 2055 0214 62797465 		.ascii	"byteRX\000"
 2055      525800
 2056              	.LASF47:
 2057 021b 5350494D 		.ascii	"SPIM_2_WriteTxData\000"
 2057      5F325F57 
 2057      72697465 
 2057      54784461 
 2057      746100
 2058              	.LASF42:
 2059 022e 5350494D 		.ascii	"SPIM_1_PutArray\000"
 2059      5F315F50 
 2059      75744172 
 2059      72617900 
 2060              	.LASF10:
 2061 023e 756E7369 		.ascii	"unsigned int\000"
 2061      676E6564 
 2061      20696E74 
 2061      00
 2062              	.LASF38:
 2063 024b 43535F31 		.ascii	"CS_1_Write\000"
 2063      5F577269 
 2063      746500
 2064              	.LASF9:
 2065 0256 6C6F6E67 		.ascii	"long long unsigned int\000"
 2065      206C6F6E 
 2065      6720756E 
 2065      7369676E 
 2065      65642069 
 2066              	.LASF12:
 2067 026d 75696E74 		.ascii	"uint8_t\000"
 2067      385F7400 
 2068              	.LASF56:
 2069 0275 433A5C55 		.ascii	"C:\\Users\\gaeta\\Documents\\PSoC Creator\\PsoC_Fin"
 2069      73657273 
 2069      5C676165 
 2069      74615C44 
 2069      6F63756D 
 2070 02a3 616C5F50 		.ascii	"al_Project_1_03\\FIORANI_GARGIULO_IANNUZZI_Project."
 2070      726F6A65 
 2070      63745F31 
 2070      5F30335C 
 2070      46494F52 
 2071 02d5 63796473 		.ascii	"cydsn\000"
ARM GAS  C:\Users\gaeta\AppData\Local\Temp\ccveQHwj.s 			page 44


 2071      6E00
 2072              	.LASF34:
 2073 02db 64756D6D 		.ascii	"dummyTX\000"
 2073      79545800 
 2074              	.LASF39:
 2075 02e3 5350494D 		.ascii	"SPIM_1_WriteTxData\000"
 2075      5F315F57 
 2075      72697465 
 2075      54784461 
 2075      746100
 2076              	.LASF26:
 2077 02f6 64617461 		.ascii	"dataRX\000"
 2077      525800
 2078              	.LASF30:
 2079 02fd 62797465 		.ascii	"bytesTX\000"
 2079      73545800 
 2080              	.LASF46:
 2081 0305 43535F32 		.ascii	"CS_2_Write\000"
 2081      5F577269 
 2081      746500
 2082              	.LASF18:
 2083 0310 73697A65 		.ascii	"sizetype\000"
 2083      74797065 
 2083      00
 2084              	.LASF8:
 2085 0319 6C6F6E67 		.ascii	"long long int\000"
 2085      206C6F6E 
 2085      6720696E 
 2085      7400
 2086              	.LASF16:
 2087 0327 63686172 		.ascii	"char\000"
 2087      00
 2088              	.LASF48:
 2089 032c 5350494D 		.ascii	"SPIM_2_ReadTxStatus\000"
 2089      5F325F52 
 2089      65616454 
 2089      78537461 
 2089      74757300 
 2090              	.LASF41:
 2091 0340 5350494D 		.ascii	"SPIM_1_ReadRxData\000"
 2091      5F315F52 
 2091      65616452 
 2091      78446174 
 2091      6100
 2092              	.LASF4:
 2093 0352 73686F72 		.ascii	"short int\000"
 2093      7420696E 
 2093      7400
 2094              	.LASF44:
 2095 035c 5350494D 		.ascii	"SPIM_1_ClearRxBuffer\000"
 2095      5F315F43 
 2095      6C656172 
 2095      52784275 
 2095      66666572 
 2096              	.LASF49:
 2097 0371 5350494D 		.ascii	"SPIM_2_ReadRxData\000"
 2097      5F325F52 
ARM GAS  C:\Users\gaeta\AppData\Local\Temp\ccveQHwj.s 			page 45


 2097      65616452 
 2097      78446174 
 2097      6100
 2098              	.LASF33:
 2099 0383 696E6465 		.ascii	"index\000"
 2099      7800
 2100              	.LASF52:
 2101 0389 5350494D 		.ascii	"SPIM_2_ClearRxBuffer\000"
 2101      5F325F43 
 2101      6C656172 
 2101      52784275 
 2101      66666572 
 2102              	.LASF6:
 2103 039e 6C6F6E67 		.ascii	"long int\000"
 2103      20696E74 
 2103      00
 2104              	.LASF17:
 2105 03a7 6C6F6E67 		.ascii	"long double\000"
 2105      20646F75 
 2105      626C6500 
 2106              	.LASF2:
 2107 03b3 7369676E 		.ascii	"signed char\000"
 2107      65642063 
 2107      68617200 
 2108              	.LASF25:
 2109 03bf 64617461 		.ascii	"dataTX\000"
 2109      545800
 2110              	.LASF29:
 2111 03c6 5350495F 		.ascii	"SPI_Interface_Multi_RW\000"
 2111      496E7465 
 2111      72666163 
 2111      655F4D75 
 2111      6C74695F 
 2112              	.LASF37:
 2113 03dd 4143435F 		.ascii	"ACC_SPI_Interface_Multi_RW\000"
 2113      5350495F 
 2113      496E7465 
 2113      72666163 
 2113      655F4D75 
 2114              		.ident	"GCC: (GNU Tools for ARM Embedded Processors) 5.4.1 20160609 (release) [ARM/embedded-5-bran
